2021-02-16 17:01:02 - main - INFO - 
2021-02-16 17:01:02 - main - INFO - 
2021-02-16 17:01:02 - main - INFO - #######  EXECUTING CORONASURVEYS MULTI-PRESCRIPTOR RUNNER  #####################################
2021-02-16 17:01:02 - main - INFO - 
2021-02-16 17:01:02 - main - INFO - Successfully created the directory ./prescriptions
2021-02-16 17:01:02 - main - INFO - 
2021-02-16 17:01:02 - main - INFO - ***************************************************************************************
2021-02-16 17:01:02 - main - INFO - ********* CORONASURVEYS PRESCRIPTIONS *************************************************
2021-02-16 17:01:02 - main - INFO - [
                                "prescribe0/prescribe.py",
                                "prescribe1/prescribe.py",
                                "prescribe2/prescribe.py",
                                "prescribe3/prescribe.py",
                                "prescribe4/prescribe.py",
                                "prescribe5/prescribe.py",
                                "prescribe6/prescribe.py",
                                "prescribe7/prescribe.py",
                                "prescribe8/prescribe.py",
                                "prescribe9/prescribe.py"
]
2021-02-16 17:01:02 - main - INFO - ***************************************************************************************
2021-02-16 17:01:02 - main - INFO - 
2021-02-16 17:01:02 - main - INFO - Launching prescriptor [prescribe0/prescribe.py] from 2021-02-16 to 2021-05-16
2021-02-16 17:01:04 - main - INFO - Command: python prescribe.py --start_date 2021-02-16 --end_date 2021-05-16 --interventions_past /Users/anto/github/coronasurveys/code/xprize/data/IPS-latest-full.csv --intervention_costs /Users/anto/github/coronasurveys/code/xprize/data/fixed_equal_costs.csv --output_file /Users/anto/github/coronasurveys/code/xprize/cs-prescribe-daily/prescribe0/prescribe0_output.csv
2021-02-16 17:01:04 - main - INFO - Main script - Successfully launched subprocesses.
2021-02-16 17:01:04 - main - INFO - Launching prescriptor [prescribe1/prescribe.py] from 2021-02-16 to 2021-05-16
2021-02-16 17:01:05 - main - INFO - Command: python prescribe.py --start_date 2021-02-16 --end_date 2021-05-16 --interventions_past /Users/anto/github/coronasurveys/code/xprize/data/IPS-latest-full.csv --intervention_costs /Users/anto/github/coronasurveys/code/xprize/data/fixed_equal_costs.csv --output_file /Users/anto/github/coronasurveys/code/xprize/cs-prescribe-daily/prescribe1/prescribe1_output.csv
2021-02-16 17:01:05 - main - INFO - Main script - Successfully launched subprocesses.
2021-02-16 17:01:05 - main - INFO - Launching prescriptor [prescribe2/prescribe.py] from 2021-02-16 to 2021-05-16
2021-02-16 17:01:07 - main - INFO - Command: python prescribe.py --start_date 2021-02-16 --end_date 2021-05-16 --interventions_past /Users/anto/github/coronasurveys/code/xprize/data/IPS-latest-full.csv --intervention_costs /Users/anto/github/coronasurveys/code/xprize/data/fixed_equal_costs.csv --output_file /Users/anto/github/coronasurveys/code/xprize/cs-prescribe-daily/prescribe2/prescribe2_output.csv
2021-02-16 17:01:07 - main - INFO - Main script - Successfully launched subprocesses.
2021-02-16 17:01:07 - main - INFO - Launching prescriptor [prescribe3/prescribe.py] from 2021-02-16 to 2021-05-16
2021-02-16 17:01:07 - numexpr.utils - INFO - NumExpr defaulting to 8 threads.
2021-02-16 17:01:08 - main - INFO - Command: python prescribe.py --start_date 2021-02-16 --end_date 2021-05-16 --interventions_past /Users/anto/github/coronasurveys/code/xprize/data/IPS-latest-full.csv --intervention_costs /Users/anto/github/coronasurveys/code/xprize/data/fixed_equal_costs.csv --output_file /Users/anto/github/coronasurveys/code/xprize/cs-prescribe-daily/prescribe3/prescribe3_output.csv
2021-02-16 17:01:08 - main - INFO - Main script - Successfully launched subprocesses.
2021-02-16 17:01:08 - main - INFO - Launching prescriptor [prescribe4/prescribe.py] from 2021-02-16 to 2021-05-16
2021-02-16 17:01:09 - main - INFO - Command: python prescribe.py --start_date 2021-02-16 --end_date 2021-05-16 --interventions_past /Users/anto/github/coronasurveys/code/xprize/data/IPS-latest-full.csv --intervention_costs /Users/anto/github/coronasurveys/code/xprize/data/fixed_equal_costs.csv --output_file /Users/anto/github/coronasurveys/code/xprize/cs-prescribe-daily/prescribe4/prescribe4_output.csv
2021-02-16 17:01:09 - main - INFO - Main script - Successfully launched subprocesses.
2021-02-16 17:01:09 - main - INFO - Launching prescriptor [prescribe5/prescribe.py] from 2021-02-16 to 2021-05-16
2021-02-16 17:01:11 - main - INFO - Command: python prescribe.py --start_date 2021-02-16 --end_date 2021-05-16 --interventions_past /Users/anto/github/coronasurveys/code/xprize/data/IPS-latest-full.csv --intervention_costs /Users/anto/github/coronasurveys/code/xprize/data/fixed_equal_costs.csv --output_file /Users/anto/github/coronasurveys/code/xprize/cs-prescribe-daily/prescribe5/prescribe5_output.csv
2021-02-16 17:01:11 - main - INFO - Main script - Successfully launched subprocesses.
2021-02-16 17:01:11 - main - INFO - Launching prescriptor [prescribe6/prescribe.py] from 2021-02-16 to 2021-05-16
2021-02-16 17:01:13 - main - INFO - Command: python prescribe.py --start_date 2021-02-16 --end_date 2021-05-16 --interventions_past /Users/anto/github/coronasurveys/code/xprize/data/IPS-latest-full.csv --intervention_costs /Users/anto/github/coronasurveys/code/xprize/data/fixed_equal_costs.csv --output_file /Users/anto/github/coronasurveys/code/xprize/cs-prescribe-daily/prescribe6/prescribe6_output.csv
2021-02-16 17:01:13 - main - INFO - Main script - Successfully launched subprocesses.
2021-02-16 17:01:13 - main - INFO - Launching prescriptor [prescribe7/prescribe.py] from 2021-02-16 to 2021-05-16
2021-02-16 17:01:14 - main - INFO - Command: python prescribe.py --start_date 2021-02-16 --end_date 2021-05-16 --interventions_past /Users/anto/github/coronasurveys/code/xprize/data/IPS-latest-full.csv --intervention_costs /Users/anto/github/coronasurveys/code/xprize/data/fixed_equal_costs.csv --output_file /Users/anto/github/coronasurveys/code/xprize/cs-prescribe-daily/prescribe7/prescribe7_output.csv
2021-02-16 17:01:14 - main - INFO - Main script - Successfully launched subprocesses.
2021-02-16 17:01:14 - main - INFO - Launching prescriptor [prescribe8/prescribe.py] from 2021-02-16 to 2021-05-16
2021-02-16 17:01:16 - main - INFO - Command: python prescribe.py --start_date 2021-02-16 --end_date 2021-05-16 --interventions_past /Users/anto/github/coronasurveys/code/xprize/data/IPS-latest-full.csv --intervention_costs /Users/anto/github/coronasurveys/code/xprize/data/fixed_equal_costs.csv --output_file /Users/anto/github/coronasurveys/code/xprize/cs-prescribe-daily/prescribe8/prescribe8_output.csv
2021-02-16 17:01:16 - main - INFO - Main script - Successfully launched subprocesses.
2021-02-16 17:01:16 - main - INFO - Launching prescriptor [prescribe9/prescribe.py] from 2021-02-16 to 2021-05-16
2021-02-16 17:01:18 - main - INFO - Command: python prescribe.py --start_date 2021-02-16 --end_date 2021-05-16 --interventions_past /Users/anto/github/coronasurveys/code/xprize/data/IPS-latest-full.csv --intervention_costs /Users/anto/github/coronasurveys/code/xprize/data/fixed_equal_costs.csv --output_file /Users/anto/github/coronasurveys/code/xprize/cs-prescribe-daily/prescribe9/prescribe9_output.csv
2021-02-16 17:01:18 - main - INFO - Main script - Successfully launched subprocesses.
2021-02-16 17:01:18 - main - INFO - 
2021-02-16 17:01:18 - main - INFO - ####### Launched CORONASURVEYS MULTI-PRESCRIPTOR RUNNER
2021-02-16 17:01:18 - main - INFO - 
2021-02-16 17:01:19 - main - INFO - 
2021-02-16 17:01:19 - main - INFO - ---------------------------------------------------------------------------------------
2021-02-16 17:01:19 - main - INFO - Prescriptor: prescribe0/prescribe.py - exitcode: 0
2021-02-16 17:01:19 - main - INFO - ---------------------------------------------------------------------------------------
2021-02-16 17:01:19 - main - INFO - 
2021-02-16 17:01:19 - main - INFO - ---------------------------------------------------------------------------------------
2021-02-16 17:01:19 - main - INFO - Prescriptor: prescribe3/prescribe.py - exitcode: 0
2021-02-16 17:01:19 - main - INFO - ---------------------------------------------------------------------------------------
2021-02-16 17:01:20 - main - INFO - 
2021-02-16 17:01:20 - main - INFO - ---------------------------------------------------------------------------------------
2021-02-16 17:01:20 - main - INFO - Prescriptor: prescribe1/prescribe.py - exitcode: 0
2021-02-16 17:01:20 - main - INFO - ---------------------------------------------------------------------------------------
2021-02-16 17:01:20 - main - INFO - 
2021-02-16 17:01:20 - main - INFO - ---------------------------------------------------------------------------------------
2021-02-16 17:01:20 - main - INFO - Prescriptor: prescribe4/prescribe.py - exitcode: 0
2021-02-16 17:01:20 - main - INFO - ---------------------------------------------------------------------------------------
2021-02-16 17:01:28 - main - INFO - 
2021-02-16 17:01:28 - main - INFO - ---------------------------------------------------------------------------------------
2021-02-16 17:01:28 - main - INFO - Prescriptor: prescribe8/prescribe.py - exitcode: 0
2021-02-16 17:01:28 - main - INFO - ---------------------------------------------------------------------------------------
2021-02-16 17:01:29 - main - INFO - 
2021-02-16 17:01:29 - main - INFO - ---------------------------------------------------------------------------------------
2021-02-16 17:01:29 - main - INFO - Prescriptor: prescribe9/prescribe.py - exitcode: 0
2021-02-16 17:01:29 - main - INFO - ---------------------------------------------------------------------------------------
2021-02-16 17:05:28 - main - INFO - 
2021-02-16 17:05:28 - main - INFO - ---------------------------------------------------------------------------------------
2021-02-16 17:05:28 - main - INFO - Prescriptor: prescribe5/prescribe.py - exitcode: 0
2021-02-16 17:05:28 - main - INFO - ---------------------------------------------------------------------------------------
2021-02-16 17:05:31 - main - INFO - 
2021-02-16 17:05:31 - main - INFO - ---------------------------------------------------------------------------------------
2021-02-16 17:05:31 - main - INFO - Prescriptor: prescribe6/prescribe.py - exitcode: 0
2021-02-16 17:05:31 - main - INFO - ---------------------------------------------------------------------------------------
2021-02-16 17:07:47 - prescribe2 - INFO - Successfully executed /Users/anto/github/coronasurveys/code/xprize/cs-prescribe-daily/prescribe2/prescribe.py
2021-02-16 17:07:47 - prescribe2 - INFO - Duration: 0:06:39.958049 seconds
2021-02-16 17:07:48 - main - INFO - 
2021-02-16 17:07:48 - main - INFO - ---------------------------------------------------------------------------------------
2021-02-16 17:07:48 - main - INFO - Prescriptor: prescribe2/prescribe.py - exitcode: 0
2021-02-16 17:07:48 - main - INFO - ---------------------------------------------------------------------------------------
2021-02-16 17:07:54 - main - INFO - 
2021-02-16 17:07:54 - main - INFO - ---------------------------------------------------------------------------------------
2021-02-16 17:07:54 - main - INFO - Prescriptor: prescribe7/prescribe.py - exitcode: 0
2021-02-16 17:07:54 - main - INFO - ---------------------------------------------------------------------------------------
2021-02-16 17:07:55 - main - INFO - #######   COMPLETED CORONASURVEYS MULTI-PRESCRIPTOR RUNNER  #####################################
2021-02-16 17:07:55 - main - INFO - 
2021-02-16 17:07:55 - main - INFO - 
2021-02-16 17:07:55 - main - INFO - #######  EXECUTING CORONASURVEYS MULTI-PRESCRIPTOR RUNNER  #####################################
2021-02-16 17:07:55 - main - INFO - 
2021-02-16 17:07:55 - main - INFO - Successfully created the directory ./prescriptions
2021-02-16 17:07:55 - main - INFO - 
2021-02-16 17:07:55 - main - INFO - ***************************************************************************************
2021-02-16 17:07:55 - main - INFO - ********* CORONASURVEYS PRESCRIPTIONS *************************************************
2021-02-16 17:07:55 - main - INFO - [
                                "prescribe0/prescribe.py",
                                "prescribe1/prescribe.py",
                                "prescribe2/prescribe.py",
                                "prescribe3/prescribe.py",
                                "prescribe4/prescribe.py",
                                "prescribe5/prescribe.py",
                                "prescribe6/prescribe.py",
                                "prescribe7/prescribe.py",
                                "prescribe8/prescribe.py",
                                "prescribe9/prescribe.py"
]
2021-02-16 17:07:55 - main - INFO - ***************************************************************************************
2021-02-16 17:07:55 - main - INFO - 
2021-02-16 17:07:55 - main - INFO - Launching prescriptor [prescribe0/prescribe.py] from 2021-02-16 to 2021-05-16
2021-02-16 17:07:56 - main - INFO - Command: python prescribe.py --start_date 2021-02-16 --end_date 2021-05-16 --interventions_past /Users/anto/github/coronasurveys/code/xprize/data/IPS-latest-full.csv --intervention_costs /Users/anto/github/coronasurveys/code/xprize/data/uniform_random_costs.csv --output_file /Users/anto/github/coronasurveys/code/xprize/cs-prescribe-daily/prescribe0/prescribe0_output.csv
2021-02-16 17:07:56 - main - INFO - Main script - Successfully launched subprocesses.
2021-02-16 17:07:56 - main - INFO - Launching prescriptor [prescribe1/prescribe.py] from 2021-02-16 to 2021-05-16
2021-02-16 17:07:57 - main - INFO - Command: python prescribe.py --start_date 2021-02-16 --end_date 2021-05-16 --interventions_past /Users/anto/github/coronasurveys/code/xprize/data/IPS-latest-full.csv --intervention_costs /Users/anto/github/coronasurveys/code/xprize/data/uniform_random_costs.csv --output_file /Users/anto/github/coronasurveys/code/xprize/cs-prescribe-daily/prescribe1/prescribe1_output.csv
2021-02-16 17:07:57 - main - INFO - Main script - Successfully launched subprocesses.
2021-02-16 17:07:57 - main - INFO - Launching prescriptor [prescribe2/prescribe.py] from 2021-02-16 to 2021-05-16
2021-02-16 17:07:58 - main - INFO - Command: python prescribe.py --start_date 2021-02-16 --end_date 2021-05-16 --interventions_past /Users/anto/github/coronasurveys/code/xprize/data/IPS-latest-full.csv --intervention_costs /Users/anto/github/coronasurveys/code/xprize/data/uniform_random_costs.csv --output_file /Users/anto/github/coronasurveys/code/xprize/cs-prescribe-daily/prescribe2/prescribe2_output.csv
2021-02-16 17:07:58 - main - INFO - Main script - Successfully launched subprocesses.
2021-02-16 17:07:58 - main - INFO - Launching prescriptor [prescribe3/prescribe.py] from 2021-02-16 to 2021-05-16
2021-02-16 17:07:58 - numexpr.utils - INFO - NumExpr defaulting to 8 threads.
2021-02-16 17:07:59 - main - INFO - Command: python prescribe.py --start_date 2021-02-16 --end_date 2021-05-16 --interventions_past /Users/anto/github/coronasurveys/code/xprize/data/IPS-latest-full.csv --intervention_costs /Users/anto/github/coronasurveys/code/xprize/data/uniform_random_costs.csv --output_file /Users/anto/github/coronasurveys/code/xprize/cs-prescribe-daily/prescribe3/prescribe3_output.csv
2021-02-16 17:07:59 - main - INFO - Main script - Successfully launched subprocesses.
2021-02-16 17:07:59 - main - INFO - Launching prescriptor [prescribe4/prescribe.py] from 2021-02-16 to 2021-05-16
2021-02-16 17:08:00 - main - INFO - Command: python prescribe.py --start_date 2021-02-16 --end_date 2021-05-16 --interventions_past /Users/anto/github/coronasurveys/code/xprize/data/IPS-latest-full.csv --intervention_costs /Users/anto/github/coronasurveys/code/xprize/data/uniform_random_costs.csv --output_file /Users/anto/github/coronasurveys/code/xprize/cs-prescribe-daily/prescribe4/prescribe4_output.csv
2021-02-16 17:08:00 - main - INFO - Main script - Successfully launched subprocesses.
2021-02-16 17:08:00 - main - INFO - Launching prescriptor [prescribe5/prescribe.py] from 2021-02-16 to 2021-05-16
2021-02-16 17:08:02 - main - INFO - Command: python prescribe.py --start_date 2021-02-16 --end_date 2021-05-16 --interventions_past /Users/anto/github/coronasurveys/code/xprize/data/IPS-latest-full.csv --intervention_costs /Users/anto/github/coronasurveys/code/xprize/data/uniform_random_costs.csv --output_file /Users/anto/github/coronasurveys/code/xprize/cs-prescribe-daily/prescribe5/prescribe5_output.csv
2021-02-16 17:08:02 - main - INFO - Main script - Successfully launched subprocesses.
2021-02-16 17:08:02 - main - INFO - Launching prescriptor [prescribe6/prescribe.py] from 2021-02-16 to 2021-05-16
2021-02-16 17:08:03 - main - INFO - Command: python prescribe.py --start_date 2021-02-16 --end_date 2021-05-16 --interventions_past /Users/anto/github/coronasurveys/code/xprize/data/IPS-latest-full.csv --intervention_costs /Users/anto/github/coronasurveys/code/xprize/data/uniform_random_costs.csv --output_file /Users/anto/github/coronasurveys/code/xprize/cs-prescribe-daily/prescribe6/prescribe6_output.csv
2021-02-16 17:08:03 - main - INFO - Main script - Successfully launched subprocesses.
2021-02-16 17:08:03 - main - INFO - Launching prescriptor [prescribe7/prescribe.py] from 2021-02-16 to 2021-05-16
2021-02-16 17:08:05 - main - INFO - Command: python prescribe.py --start_date 2021-02-16 --end_date 2021-05-16 --interventions_past /Users/anto/github/coronasurveys/code/xprize/data/IPS-latest-full.csv --intervention_costs /Users/anto/github/coronasurveys/code/xprize/data/uniform_random_costs.csv --output_file /Users/anto/github/coronasurveys/code/xprize/cs-prescribe-daily/prescribe7/prescribe7_output.csv
2021-02-16 17:08:05 - main - INFO - Main script - Successfully launched subprocesses.
2021-02-16 17:08:05 - main - INFO - Launching prescriptor [prescribe8/prescribe.py] from 2021-02-16 to 2021-05-16
2021-02-16 17:08:07 - main - INFO - Command: python prescribe.py --start_date 2021-02-16 --end_date 2021-05-16 --interventions_past /Users/anto/github/coronasurveys/code/xprize/data/IPS-latest-full.csv --intervention_costs /Users/anto/github/coronasurveys/code/xprize/data/uniform_random_costs.csv --output_file /Users/anto/github/coronasurveys/code/xprize/cs-prescribe-daily/prescribe8/prescribe8_output.csv
2021-02-16 17:08:07 - main - INFO - Main script - Successfully launched subprocesses.
2021-02-16 17:08:07 - main - INFO - Launching prescriptor [prescribe9/prescribe.py] from 2021-02-16 to 2021-05-16
2021-02-16 17:08:09 - main - INFO - Command: python prescribe.py --start_date 2021-02-16 --end_date 2021-05-16 --interventions_past /Users/anto/github/coronasurveys/code/xprize/data/IPS-latest-full.csv --intervention_costs /Users/anto/github/coronasurveys/code/xprize/data/uniform_random_costs.csv --output_file /Users/anto/github/coronasurveys/code/xprize/cs-prescribe-daily/prescribe9/prescribe9_output.csv
2021-02-16 17:08:09 - main - INFO - Main script - Successfully launched subprocesses.
2021-02-16 17:08:09 - main - INFO - 
2021-02-16 17:08:09 - main - INFO - ####### Launched CORONASURVEYS MULTI-PRESCRIPTOR RUNNER
2021-02-16 17:08:09 - main - INFO - 
2021-02-16 17:08:10 - main - INFO - 
2021-02-16 17:08:10 - main - INFO - ---------------------------------------------------------------------------------------
2021-02-16 17:08:10 - main - INFO - Prescriptor: prescribe0/prescribe.py - exitcode: 0
2021-02-16 17:08:10 - main - INFO - ---------------------------------------------------------------------------------------
2021-02-16 17:08:10 - main - INFO - 
2021-02-16 17:08:10 - main - INFO - ---------------------------------------------------------------------------------------
2021-02-16 17:08:10 - main - INFO - Prescriptor: prescribe3/prescribe.py - exitcode: 0
2021-02-16 17:08:10 - main - INFO - ---------------------------------------------------------------------------------------
2021-02-16 17:08:11 - main - INFO - 
2021-02-16 17:08:11 - main - INFO - ---------------------------------------------------------------------------------------
2021-02-16 17:08:11 - main - INFO - Prescriptor: prescribe1/prescribe.py - exitcode: 0
2021-02-16 17:08:11 - main - INFO - ---------------------------------------------------------------------------------------
2021-02-16 17:08:11 - main - INFO - 
2021-02-16 17:08:11 - main - INFO - ---------------------------------------------------------------------------------------
2021-02-16 17:08:11 - main - INFO - Prescriptor: prescribe4/prescribe.py - exitcode: 0
2021-02-16 17:08:11 - main - INFO - ---------------------------------------------------------------------------------------
2021-02-16 17:08:19 - main - INFO - 
2021-02-16 17:08:19 - main - INFO - ---------------------------------------------------------------------------------------
2021-02-16 17:08:19 - main - INFO - Prescriptor: prescribe8/prescribe.py - exitcode: 0
2021-02-16 17:08:19 - main - INFO - ---------------------------------------------------------------------------------------
2021-02-16 17:08:21 - main - INFO - 
2021-02-16 17:08:21 - main - INFO - ---------------------------------------------------------------------------------------
2021-02-16 17:08:21 - main - INFO - Prescriptor: prescribe9/prescribe.py - exitcode: 0
2021-02-16 17:08:21 - main - INFO - ---------------------------------------------------------------------------------------
2021-02-16 17:12:43 - main - INFO - 
2021-02-16 17:12:43 - main - INFO - ---------------------------------------------------------------------------------------
2021-02-16 17:12:43 - main - INFO - Prescriptor: prescribe5/prescribe.py - exitcode: 0
2021-02-16 17:12:43 - main - INFO - ---------------------------------------------------------------------------------------
2021-02-16 17:12:44 - main - INFO - 
2021-02-16 17:12:44 - main - INFO - ---------------------------------------------------------------------------------------
2021-02-16 17:12:44 - main - INFO - Prescriptor: prescribe6/prescribe.py - exitcode: 0
2021-02-16 17:12:44 - main - INFO - ---------------------------------------------------------------------------------------
2021-02-16 17:14:40 - prescribe2 - INFO - Successfully executed /Users/anto/github/coronasurveys/code/xprize/cs-prescribe-daily/prescribe2/prescribe.py
2021-02-16 17:14:40 - prescribe2 - INFO - Duration: 0:06:42.459053 seconds
2021-02-16 17:14:41 - main - INFO - 
2021-02-16 17:14:41 - main - INFO - ---------------------------------------------------------------------------------------
2021-02-16 17:14:41 - main - INFO - Prescriptor: prescribe2/prescribe.py - exitcode: 0
2021-02-16 17:14:41 - main - INFO - ---------------------------------------------------------------------------------------
2021-02-16 17:14:44 - main - INFO - 
2021-02-16 17:14:44 - main - INFO - ---------------------------------------------------------------------------------------
2021-02-16 17:14:44 - main - INFO - Prescriptor: prescribe7/prescribe.py - exitcode: 0
2021-02-16 17:14:44 - main - INFO - ---------------------------------------------------------------------------------------
2021-02-16 17:14:45 - main - INFO - #######   COMPLETED CORONASURVEYS MULTI-PRESCRIPTOR RUNNER  #####################################
