2021-02-26 11:22:42 - main - INFO - 
2021-02-26 11:22:42 - main - INFO - 
2021-02-26 11:22:42 - main - INFO - #######  EXECUTING CORONASURVEYS MULTI-PRESCRIPTOR RUNNER  #####################################
2021-02-26 11:22:42 - main - INFO - 
2021-02-26 11:22:42 - main - INFO - Successfully created the directory ./prescriptions
2021-02-26 11:22:42 - main - INFO - 
2021-02-26 11:22:42 - main - INFO - ***************************************************************************************
2021-02-26 11:22:42 - main - INFO - ********* CORONASURVEYS PRESCRIPTIONS *************************************************
2021-02-26 11:22:42 - main - INFO - [
                                "prescribe0/prescribe.py",
                                "prescribe1/prescribe.py",
                                "prescribe2/prescribe.py",
                                "prescribe3/prescribe.py",
                                "prescribe4/prescribe.py",
                                "prescribe5/prescribe.py",
                                "prescribe6/prescribe.py",
                                "prescribe7/prescribe.py",
                                "prescribe8/prescribe.py",
                                "prescribe9/prescribe.py"
]
2021-02-26 11:22:42 - main - INFO - ***************************************************************************************
2021-02-26 11:22:42 - main - INFO - 
2021-02-26 11:22:42 - main - INFO - Launching prescriptor [prescribe0/prescribe.py] from 2021-02-26 to 2021-05-26
2021-02-26 11:22:43 - main - INFO - Command: python prescribe.py --start_date 2021-02-26 --end_date 2021-05-26 --interventions_past /Users/anto/github/coronasurveys/code/xprize/data/IPS-latest-full.csv --intervention_costs /Users/anto/github/coronasurveys/code/xprize/data/fixed_equal_costs.csv --output_file /Users/anto/github/coronasurveys/code/xprize/cs-prescribe-daily/prescribe0/prescribe0_output.csv
2021-02-26 11:22:43 - main - INFO - Main script - Successfully launched subprocesses.
2021-02-26 11:22:43 - main - INFO - Launching prescriptor [prescribe1/prescribe.py] from 2021-02-26 to 2021-05-26
2021-02-26 11:22:43 - main - INFO - Command: python prescribe.py --start_date 2021-02-26 --end_date 2021-05-26 --interventions_past /Users/anto/github/coronasurveys/code/xprize/data/IPS-latest-full.csv --intervention_costs /Users/anto/github/coronasurveys/code/xprize/data/fixed_equal_costs.csv --output_file /Users/anto/github/coronasurveys/code/xprize/cs-prescribe-daily/prescribe1/prescribe1_output.csv
2021-02-26 11:22:43 - main - INFO - Main script - Successfully launched subprocesses.
2021-02-26 11:22:43 - main - INFO - Launching prescriptor [prescribe2/prescribe.py] from 2021-02-26 to 2021-05-26
2021-02-26 11:22:44 - main - INFO - Command: python prescribe.py --start_date 2021-02-26 --end_date 2021-05-26 --interventions_past /Users/anto/github/coronasurveys/code/xprize/data/IPS-latest-full.csv --intervention_costs /Users/anto/github/coronasurveys/code/xprize/data/fixed_equal_costs.csv --output_file /Users/anto/github/coronasurveys/code/xprize/cs-prescribe-daily/prescribe2/prescribe2_output.csv
2021-02-26 11:22:44 - main - INFO - Main script - Successfully launched subprocesses.
2021-02-26 11:22:44 - main - INFO - Launching prescriptor [prescribe3/prescribe.py] from 2021-02-26 to 2021-05-26
2021-02-26 11:22:45 - numexpr.utils - INFO - NumExpr defaulting to 8 threads.
2021-02-26 11:22:45 - main - INFO - Command: python prescribe.py --start_date 2021-02-26 --end_date 2021-05-26 --interventions_past /Users/anto/github/coronasurveys/code/xprize/data/IPS-latest-full.csv --intervention_costs /Users/anto/github/coronasurveys/code/xprize/data/fixed_equal_costs.csv --output_file /Users/anto/github/coronasurveys/code/xprize/cs-prescribe-daily/prescribe3/prescribe3_output.csv
2021-02-26 11:22:45 - main - INFO - Main script - Successfully launched subprocesses.
2021-02-26 11:22:45 - main - INFO - Launching prescriptor [prescribe4/prescribe.py] from 2021-02-26 to 2021-05-26
2021-02-26 11:22:46 - main - INFO - Command: python prescribe.py --start_date 2021-02-26 --end_date 2021-05-26 --interventions_past /Users/anto/github/coronasurveys/code/xprize/data/IPS-latest-full.csv --intervention_costs /Users/anto/github/coronasurveys/code/xprize/data/fixed_equal_costs.csv --output_file /Users/anto/github/coronasurveys/code/xprize/cs-prescribe-daily/prescribe4/prescribe4_output.csv
2021-02-26 11:22:46 - main - INFO - Main script - Successfully launched subprocesses.
2021-02-26 11:22:46 - main - INFO - Launching prescriptor [prescribe5/prescribe.py] from 2021-02-26 to 2021-05-26
2021-02-26 11:22:47 - main - INFO - Command: python prescribe.py --start_date 2021-02-26 --end_date 2021-05-26 --interventions_past /Users/anto/github/coronasurveys/code/xprize/data/IPS-latest-full.csv --intervention_costs /Users/anto/github/coronasurveys/code/xprize/data/fixed_equal_costs.csv --output_file /Users/anto/github/coronasurveys/code/xprize/cs-prescribe-daily/prescribe5/prescribe5_output.csv
2021-02-26 11:22:47 - main - INFO - Main script - Successfully launched subprocesses.
2021-02-26 11:22:47 - main - INFO - Launching prescriptor [prescribe6/prescribe.py] from 2021-02-26 to 2021-05-26
2021-02-26 11:22:49 - main - INFO - Command: python prescribe.py --start_date 2021-02-26 --end_date 2021-05-26 --interventions_past /Users/anto/github/coronasurveys/code/xprize/data/IPS-latest-full.csv --intervention_costs /Users/anto/github/coronasurveys/code/xprize/data/fixed_equal_costs.csv --output_file /Users/anto/github/coronasurveys/code/xprize/cs-prescribe-daily/prescribe6/prescribe6_output.csv
2021-02-26 11:22:49 - main - INFO - Main script - Successfully launched subprocesses.
2021-02-26 11:22:49 - main - INFO - Launching prescriptor [prescribe7/prescribe.py] from 2021-02-26 to 2021-05-26
2021-02-26 11:22:51 - main - INFO - Command: python prescribe.py --start_date 2021-02-26 --end_date 2021-05-26 --interventions_past /Users/anto/github/coronasurveys/code/xprize/data/IPS-latest-full.csv --intervention_costs /Users/anto/github/coronasurveys/code/xprize/data/fixed_equal_costs.csv --output_file /Users/anto/github/coronasurveys/code/xprize/cs-prescribe-daily/prescribe7/prescribe7_output.csv
2021-02-26 11:22:51 - main - INFO - Main script - Successfully launched subprocesses.
2021-02-26 11:22:51 - main - INFO - Launching prescriptor [prescribe8/prescribe.py] from 2021-02-26 to 2021-05-26
2021-02-26 11:22:52 - main - INFO - Command: python prescribe.py --start_date 2021-02-26 --end_date 2021-05-26 --interventions_past /Users/anto/github/coronasurveys/code/xprize/data/IPS-latest-full.csv --intervention_costs /Users/anto/github/coronasurveys/code/xprize/data/fixed_equal_costs.csv --output_file /Users/anto/github/coronasurveys/code/xprize/cs-prescribe-daily/prescribe8/prescribe8_output.csv
2021-02-26 11:22:52 - main - INFO - Main script - Successfully launched subprocesses.
2021-02-26 11:22:52 - main - INFO - Launching prescriptor [prescribe9/prescribe.py] from 2021-02-26 to 2021-05-26
2021-02-26 11:22:54 - main - INFO - Command: python prescribe.py --start_date 2021-02-26 --end_date 2021-05-26 --interventions_past /Users/anto/github/coronasurveys/code/xprize/data/IPS-latest-full.csv --intervention_costs /Users/anto/github/coronasurveys/code/xprize/data/fixed_equal_costs.csv --output_file /Users/anto/github/coronasurveys/code/xprize/cs-prescribe-daily/prescribe9/prescribe9_output.csv
2021-02-26 11:22:54 - main - INFO - Main script - Successfully launched subprocesses.
2021-02-26 11:22:54 - main - INFO - 
2021-02-26 11:22:54 - main - INFO - ####### Launched CORONASURVEYS MULTI-PRESCRIPTOR RUNNER
2021-02-26 11:22:54 - main - INFO - 
2021-02-26 11:22:55 - main - INFO - 
2021-02-26 11:22:55 - main - INFO - ---------------------------------------------------------------------------------------
2021-02-26 11:22:55 - main - INFO - Prescriptor: prescribe0/prescribe.py - exitcode: 0
2021-02-26 11:22:55 - main - INFO - ---------------------------------------------------------------------------------------
2021-02-26 11:22:55 - main - INFO - 
2021-02-26 11:22:55 - main - INFO - ---------------------------------------------------------------------------------------
2021-02-26 11:22:55 - main - INFO - Prescriptor: prescribe3/prescribe.py - exitcode: 0
2021-02-26 11:22:55 - main - INFO - ---------------------------------------------------------------------------------------
2021-02-26 11:22:56 - main - INFO - 
2021-02-26 11:22:56 - main - INFO - ---------------------------------------------------------------------------------------
2021-02-26 11:22:56 - main - INFO - Prescriptor: prescribe1/prescribe.py - exitcode: 0
2021-02-26 11:22:56 - main - INFO - ---------------------------------------------------------------------------------------
2021-02-26 11:22:56 - main - INFO - 
2021-02-26 11:22:56 - main - INFO - ---------------------------------------------------------------------------------------
2021-02-26 11:22:56 - main - INFO - Prescriptor: prescribe4/prescribe.py - exitcode: 0
2021-02-26 11:22:56 - main - INFO - ---------------------------------------------------------------------------------------
2021-02-26 11:23:04 - main - INFO - 
2021-02-26 11:23:04 - main - INFO - ---------------------------------------------------------------------------------------
2021-02-26 11:23:04 - main - INFO - Prescriptor: prescribe8/prescribe.py - exitcode: 0
2021-02-26 11:23:04 - main - INFO - ---------------------------------------------------------------------------------------
2021-02-26 11:23:06 - main - INFO - 
2021-02-26 11:23:06 - main - INFO - ---------------------------------------------------------------------------------------
2021-02-26 11:23:06 - main - INFO - Prescriptor: prescribe9/prescribe.py - exitcode: 0
2021-02-26 11:23:06 - main - INFO - ---------------------------------------------------------------------------------------
2021-02-26 11:27:43 - main - INFO - 
2021-02-26 11:27:43 - main - INFO - ---------------------------------------------------------------------------------------
2021-02-26 11:27:43 - main - INFO - Prescriptor: prescribe5/prescribe.py - exitcode: 0
2021-02-26 11:27:43 - main - INFO - ---------------------------------------------------------------------------------------
2021-02-26 11:27:44 - main - INFO - 
2021-02-26 11:27:44 - main - INFO - ---------------------------------------------------------------------------------------
2021-02-26 11:27:44 - main - INFO - Prescriptor: prescribe6/prescribe.py - exitcode: 0
2021-02-26 11:27:44 - main - INFO - ---------------------------------------------------------------------------------------
2021-02-26 11:29:59 - prescribe2 - INFO - Successfully executed /Users/anto/github/coronasurveys/code/xprize/cs-prescribe-daily/prescribe2/prescribe.py
2021-02-26 11:29:59 - prescribe2 - INFO - Duration: 0:07:14.342960 seconds
2021-02-26 11:30:00 - main - INFO - 
2021-02-26 11:30:00 - main - INFO - ---------------------------------------------------------------------------------------
2021-02-26 11:30:00 - main - INFO - Prescriptor: prescribe2/prescribe.py - exitcode: 0
2021-02-26 11:30:00 - main - INFO - ---------------------------------------------------------------------------------------
2021-02-26 11:30:04 - main - INFO - 
2021-02-26 11:30:04 - main - INFO - ---------------------------------------------------------------------------------------
2021-02-26 11:30:04 - main - INFO - Prescriptor: prescribe7/prescribe.py - exitcode: 0
2021-02-26 11:30:04 - main - INFO - ---------------------------------------------------------------------------------------
2021-02-26 11:30:05 - main - INFO - #######   COMPLETED CORONASURVEYS MULTI-PRESCRIPTOR RUNNER  #####################################
2021-02-26 11:30:06 - main - INFO - 
2021-02-26 11:30:06 - main - INFO - 
2021-02-26 11:30:06 - main - INFO - #######  EXECUTING CORONASURVEYS MULTI-PRESCRIPTOR RUNNER  #####################################
2021-02-26 11:30:06 - main - INFO - 
2021-02-26 11:30:06 - main - INFO - Successfully created the directory ./prescriptions
2021-02-26 11:30:06 - main - INFO - 
2021-02-26 11:30:06 - main - INFO - ***************************************************************************************
2021-02-26 11:30:06 - main - INFO - ********* CORONASURVEYS PRESCRIPTIONS *************************************************
2021-02-26 11:30:06 - main - INFO - [
                                "prescribe0/prescribe.py",
                                "prescribe1/prescribe.py",
                                "prescribe2/prescribe.py",
                                "prescribe3/prescribe.py",
                                "prescribe4/prescribe.py",
                                "prescribe5/prescribe.py",
                                "prescribe6/prescribe.py",
                                "prescribe7/prescribe.py",
                                "prescribe8/prescribe.py",
                                "prescribe9/prescribe.py"
]
2021-02-26 11:30:06 - main - INFO - ***************************************************************************************
2021-02-26 11:30:06 - main - INFO - 
2021-02-26 11:30:06 - main - INFO - Launching prescriptor [prescribe0/prescribe.py] from 2021-02-26 to 2021-05-26
2021-02-26 11:30:07 - main - INFO - Command: python prescribe.py --start_date 2021-02-26 --end_date 2021-05-26 --interventions_past /Users/anto/github/coronasurveys/code/xprize/data/IPS-latest-full.csv --intervention_costs /Users/anto/github/coronasurveys/code/xprize/data/uniform_random_costs.csv --output_file /Users/anto/github/coronasurveys/code/xprize/cs-prescribe-daily/prescribe0/prescribe0_output.csv
2021-02-26 11:30:07 - main - INFO - Main script - Successfully launched subprocesses.
2021-02-26 11:30:07 - main - INFO - Launching prescriptor [prescribe1/prescribe.py] from 2021-02-26 to 2021-05-26
2021-02-26 11:30:07 - main - INFO - Command: python prescribe.py --start_date 2021-02-26 --end_date 2021-05-26 --interventions_past /Users/anto/github/coronasurveys/code/xprize/data/IPS-latest-full.csv --intervention_costs /Users/anto/github/coronasurveys/code/xprize/data/uniform_random_costs.csv --output_file /Users/anto/github/coronasurveys/code/xprize/cs-prescribe-daily/prescribe1/prescribe1_output.csv
2021-02-26 11:30:07 - main - INFO - Main script - Successfully launched subprocesses.
2021-02-26 11:30:07 - main - INFO - Launching prescriptor [prescribe2/prescribe.py] from 2021-02-26 to 2021-05-26
2021-02-26 11:30:08 - main - INFO - Command: python prescribe.py --start_date 2021-02-26 --end_date 2021-05-26 --interventions_past /Users/anto/github/coronasurveys/code/xprize/data/IPS-latest-full.csv --intervention_costs /Users/anto/github/coronasurveys/code/xprize/data/uniform_random_costs.csv --output_file /Users/anto/github/coronasurveys/code/xprize/cs-prescribe-daily/prescribe2/prescribe2_output.csv
2021-02-26 11:30:08 - main - INFO - Main script - Successfully launched subprocesses.
2021-02-26 11:30:08 - main - INFO - Launching prescriptor [prescribe3/prescribe.py] from 2021-02-26 to 2021-05-26
2021-02-26 11:30:09 - numexpr.utils - INFO - NumExpr defaulting to 8 threads.
2021-02-26 11:30:09 - main - INFO - Command: python prescribe.py --start_date 2021-02-26 --end_date 2021-05-26 --interventions_past /Users/anto/github/coronasurveys/code/xprize/data/IPS-latest-full.csv --intervention_costs /Users/anto/github/coronasurveys/code/xprize/data/uniform_random_costs.csv --output_file /Users/anto/github/coronasurveys/code/xprize/cs-prescribe-daily/prescribe3/prescribe3_output.csv
2021-02-26 11:30:09 - main - INFO - Main script - Successfully launched subprocesses.
2021-02-26 11:30:09 - main - INFO - Launching prescriptor [prescribe4/prescribe.py] from 2021-02-26 to 2021-05-26
2021-02-26 11:30:11 - main - INFO - Command: python prescribe.py --start_date 2021-02-26 --end_date 2021-05-26 --interventions_past /Users/anto/github/coronasurveys/code/xprize/data/IPS-latest-full.csv --intervention_costs /Users/anto/github/coronasurveys/code/xprize/data/uniform_random_costs.csv --output_file /Users/anto/github/coronasurveys/code/xprize/cs-prescribe-daily/prescribe4/prescribe4_output.csv
2021-02-26 11:30:11 - main - INFO - Main script - Successfully launched subprocesses.
2021-02-26 11:30:11 - main - INFO - Launching prescriptor [prescribe5/prescribe.py] from 2021-02-26 to 2021-05-26
2021-02-26 11:30:12 - main - INFO - Command: python prescribe.py --start_date 2021-02-26 --end_date 2021-05-26 --interventions_past /Users/anto/github/coronasurveys/code/xprize/data/IPS-latest-full.csv --intervention_costs /Users/anto/github/coronasurveys/code/xprize/data/uniform_random_costs.csv --output_file /Users/anto/github/coronasurveys/code/xprize/cs-prescribe-daily/prescribe5/prescribe5_output.csv
2021-02-26 11:30:12 - main - INFO - Main script - Successfully launched subprocesses.
2021-02-26 11:30:12 - main - INFO - Launching prescriptor [prescribe6/prescribe.py] from 2021-02-26 to 2021-05-26
2021-02-26 11:30:14 - main - INFO - Command: python prescribe.py --start_date 2021-02-26 --end_date 2021-05-26 --interventions_past /Users/anto/github/coronasurveys/code/xprize/data/IPS-latest-full.csv --intervention_costs /Users/anto/github/coronasurveys/code/xprize/data/uniform_random_costs.csv --output_file /Users/anto/github/coronasurveys/code/xprize/cs-prescribe-daily/prescribe6/prescribe6_output.csv
2021-02-26 11:30:14 - main - INFO - Main script - Successfully launched subprocesses.
2021-02-26 11:30:14 - main - INFO - Launching prescriptor [prescribe7/prescribe.py] from 2021-02-26 to 2021-05-26
2021-02-26 11:30:16 - main - INFO - Command: python prescribe.py --start_date 2021-02-26 --end_date 2021-05-26 --interventions_past /Users/anto/github/coronasurveys/code/xprize/data/IPS-latest-full.csv --intervention_costs /Users/anto/github/coronasurveys/code/xprize/data/uniform_random_costs.csv --output_file /Users/anto/github/coronasurveys/code/xprize/cs-prescribe-daily/prescribe7/prescribe7_output.csv
2021-02-26 11:30:16 - main - INFO - Main script - Successfully launched subprocesses.
2021-02-26 11:30:16 - main - INFO - Launching prescriptor [prescribe8/prescribe.py] from 2021-02-26 to 2021-05-26
2021-02-26 11:30:18 - main - INFO - Command: python prescribe.py --start_date 2021-02-26 --end_date 2021-05-26 --interventions_past /Users/anto/github/coronasurveys/code/xprize/data/IPS-latest-full.csv --intervention_costs /Users/anto/github/coronasurveys/code/xprize/data/uniform_random_costs.csv --output_file /Users/anto/github/coronasurveys/code/xprize/cs-prescribe-daily/prescribe8/prescribe8_output.csv
2021-02-26 11:30:18 - main - INFO - Main script - Successfully launched subprocesses.
2021-02-26 11:30:18 - main - INFO - Launching prescriptor [prescribe9/prescribe.py] from 2021-02-26 to 2021-05-26
2021-02-26 11:30:20 - main - INFO - Command: python prescribe.py --start_date 2021-02-26 --end_date 2021-05-26 --interventions_past /Users/anto/github/coronasurveys/code/xprize/data/IPS-latest-full.csv --intervention_costs /Users/anto/github/coronasurveys/code/xprize/data/uniform_random_costs.csv --output_file /Users/anto/github/coronasurveys/code/xprize/cs-prescribe-daily/prescribe9/prescribe9_output.csv
2021-02-26 11:30:20 - main - INFO - Main script - Successfully launched subprocesses.
2021-02-26 11:30:20 - main - INFO - 
2021-02-26 11:30:20 - main - INFO - ####### Launched CORONASURVEYS MULTI-PRESCRIPTOR RUNNER
2021-02-26 11:30:20 - main - INFO - 
2021-02-26 11:30:21 - main - INFO - 
2021-02-26 11:30:21 - main - INFO - ---------------------------------------------------------------------------------------
2021-02-26 11:30:21 - main - INFO - Prescriptor: prescribe0/prescribe.py - exitcode: 0
2021-02-26 11:30:21 - main - INFO - ---------------------------------------------------------------------------------------
2021-02-26 11:30:21 - main - INFO - 
2021-02-26 11:30:21 - main - INFO - ---------------------------------------------------------------------------------------
2021-02-26 11:30:21 - main - INFO - Prescriptor: prescribe3/prescribe.py - exitcode: 0
2021-02-26 11:30:21 - main - INFO - ---------------------------------------------------------------------------------------
2021-02-26 11:30:22 - main - INFO - 
2021-02-26 11:30:22 - main - INFO - ---------------------------------------------------------------------------------------
2021-02-26 11:30:22 - main - INFO - Prescriptor: prescribe1/prescribe.py - exitcode: 0
2021-02-26 11:30:22 - main - INFO - ---------------------------------------------------------------------------------------
2021-02-26 11:30:22 - main - INFO - 
2021-02-26 11:30:22 - main - INFO - ---------------------------------------------------------------------------------------
2021-02-26 11:30:22 - main - INFO - Prescriptor: prescribe4/prescribe.py - exitcode: 0
2021-02-26 11:30:22 - main - INFO - ---------------------------------------------------------------------------------------
2021-02-26 11:30:29 - main - INFO - 
2021-02-26 11:30:29 - main - INFO - ---------------------------------------------------------------------------------------
2021-02-26 11:30:29 - main - INFO - Prescriptor: prescribe8/prescribe.py - exitcode: 0
2021-02-26 11:30:29 - main - INFO - ---------------------------------------------------------------------------------------
2021-02-26 11:30:31 - main - INFO - 
2021-02-26 11:30:31 - main - INFO - ---------------------------------------------------------------------------------------
2021-02-26 11:30:31 - main - INFO - Prescriptor: prescribe9/prescribe.py - exitcode: 0
2021-02-26 11:30:31 - main - INFO - ---------------------------------------------------------------------------------------
2021-02-26 11:34:22 - main - INFO - 
2021-02-26 11:34:22 - main - INFO - ---------------------------------------------------------------------------------------
2021-02-26 11:34:22 - main - INFO - Prescriptor: prescribe5/prescribe.py - exitcode: 0
2021-02-26 11:34:22 - main - INFO - ---------------------------------------------------------------------------------------
2021-02-26 11:34:25 - main - INFO - 
2021-02-26 11:34:25 - main - INFO - ---------------------------------------------------------------------------------------
2021-02-26 11:34:25 - main - INFO - Prescriptor: prescribe6/prescribe.py - exitcode: 0
2021-02-26 11:34:25 - main - INFO - ---------------------------------------------------------------------------------------
2021-02-26 11:36:46 - prescribe2 - INFO - Successfully executed /Users/anto/github/coronasurveys/code/xprize/cs-prescribe-daily/prescribe2/prescribe.py
2021-02-26 11:36:46 - prescribe2 - INFO - Duration: 0:06:37.256929 seconds
2021-02-26 11:36:46 - main - INFO - 
2021-02-26 11:36:46 - main - INFO - ---------------------------------------------------------------------------------------
2021-02-26 11:36:46 - main - INFO - Prescriptor: prescribe2/prescribe.py - exitcode: 0
2021-02-26 11:36:46 - main - INFO - ---------------------------------------------------------------------------------------
2021-02-26 11:36:51 - main - INFO - 
2021-02-26 11:36:51 - main - INFO - ---------------------------------------------------------------------------------------
2021-02-26 11:36:51 - main - INFO - Prescriptor: prescribe7/prescribe.py - exitcode: 0
2021-02-26 11:36:51 - main - INFO - ---------------------------------------------------------------------------------------
2021-02-26 11:36:52 - main - INFO - #######   COMPLETED CORONASURVEYS MULTI-PRESCRIPTOR RUNNER  #####################################
