2021-02-15 19:43:09 - prescribe5 - INFO - 
2021-02-15 19:43:09 - prescribe5 - INFO - 
2021-02-15 19:43:09 - prescribe5 - INFO - =========================================================================
2021-02-15 19:43:09 - prescribe5 - INFO - Command: Rscript --vanilla prescribe.R 2021-02-15 2021-05-15 /Users/anto/github/coronasurveys/code/xprize/data/IPS-latest-full.csv /Users/anto/github/coronasurveys/code/xprize/data/fixed_equal_costs.csv /Users/anto/github/coronasurveys/code/xprize/cs-prescribe-daily/prescribe5/prescribe5_output.csv /Users/anto/github/coronasurveys/code/xprize/cs-prescribe-daily/prescribe5
2021-02-15 19:43:09 - prescribe5 - INFO - =========================================================================
2021-02-15 19:43:09 - prescribe5 - INFO - During startup - Warning messages:
2021-02-15 19:43:09 - prescribe5 - INFO - 1: Setting LC_CTYPE failed, using "C"
2021-02-15 19:43:09 - prescribe5 - INFO - 2: Setting LC_COLLATE failed, using "C"
2021-02-15 19:43:09 - prescribe5 - INFO - 3: Setting LC_TIME failed, using "C"
2021-02-15 19:43:09 - prescribe5 - INFO - 4: Setting LC_MESSAGES failed, using "C"
2021-02-15 19:43:09 - prescribe5 - INFO - 5: Setting LC_MONETARY failed, using "C"
2021-02-15 19:43:11 - prescribe5 - INFO - -- Attaching packages --------------------------------------- tidyverse 1.3.0 --
2021-02-15 19:43:11 - prescribe5 - INFO - v ggplot2 3.3.3     v purrr   0.3.4
2021-02-15 19:43:11 - prescribe5 - INFO - v tibble  3.0.4     v dplyr   1.0.4
2021-02-15 19:43:11 - prescribe5 - INFO - v tidyr   1.1.2     v stringr 1.4.0
2021-02-15 19:43:11 - prescribe5 - INFO - v readr   1.3.1     v forcats 0.5.0
2021-02-15 19:43:11 - prescribe5 - INFO - -- Conflicts ------------------------------------------ tidyverse_conflicts() --
2021-02-15 19:43:11 - prescribe5 - INFO - x dplyr::filter() masks stats::filter()
2021-02-15 19:43:11 - prescribe5 - INFO - x dplyr::lag()    masks stats::lag()
2021-02-15 19:46:21 - prescribe5 - INFO - Execution time prescribe5:  3.161745
2021-02-15 19:46:21 - prescribe5 - INFO - Successfully executed /Users/anto/github/coronasurveys/code/xprize/cs-prescribe-daily/prescribe5/prescribe.py
2021-02-15 19:46:21 - prescribe5 - INFO - =========================================================================
2021-02-15 19:46:21 - prescribe5 - INFO - Duration: 0:03:12.179375 seconds
2021-02-15 19:46:21 - prescribe5 - INFO - =========================================================================
2021-02-15 19:48:24 - prescribe5 - INFO - 
2021-02-15 19:48:24 - prescribe5 - INFO - 
2021-02-15 19:48:24 - prescribe5 - INFO - =========================================================================
2021-02-15 19:48:24 - prescribe5 - INFO - Command: Rscript --vanilla prescribe.R 2021-02-15 2021-05-15 /Users/anto/github/coronasurveys/code/xprize/data/IPS-latest-full.csv /Users/anto/github/coronasurveys/code/xprize/data/uniform_random_costs.csv /Users/anto/github/coronasurveys/code/xprize/cs-prescribe-daily/prescribe5/prescribe5_output.csv /Users/anto/github/coronasurveys/code/xprize/cs-prescribe-daily/prescribe5
2021-02-15 19:48:24 - prescribe5 - INFO - =========================================================================
2021-02-15 19:48:25 - prescribe5 - INFO - During startup - Warning messages:
2021-02-15 19:48:25 - prescribe5 - INFO - 1: Setting LC_CTYPE failed, using "C"
2021-02-15 19:48:25 - prescribe5 - INFO - 2: Setting LC_COLLATE failed, using "C"
2021-02-15 19:48:25 - prescribe5 - INFO - 3: Setting LC_TIME failed, using "C"
2021-02-15 19:48:25 - prescribe5 - INFO - 4: Setting LC_MESSAGES failed, using "C"
2021-02-15 19:48:25 - prescribe5 - INFO - 5: Setting LC_MONETARY failed, using "C"
2021-02-15 19:48:27 - prescribe5 - INFO - -- Attaching packages --------------------------------------- tidyverse 1.3.0 --
2021-02-15 19:48:27 - prescribe5 - INFO - v ggplot2 3.3.3     v purrr   0.3.4
2021-02-15 19:48:27 - prescribe5 - INFO - v tibble  3.0.4     v dplyr   1.0.4
2021-02-15 19:48:27 - prescribe5 - INFO - v tidyr   1.1.2     v stringr 1.4.0
2021-02-15 19:48:27 - prescribe5 - INFO - v readr   1.3.1     v forcats 0.5.0
2021-02-15 19:48:27 - prescribe5 - INFO - -- Conflicts ------------------------------------------ tidyverse_conflicts() --
2021-02-15 19:48:27 - prescribe5 - INFO - x dplyr::filter() masks stats::filter()
2021-02-15 19:48:27 - prescribe5 - INFO - x dplyr::lag()    masks stats::lag()
2021-02-15 19:52:13 - prescribe5 - INFO - Execution time prescribe5:  3.768711
2021-02-15 19:52:13 - prescribe5 - INFO - Successfully executed /Users/anto/github/coronasurveys/code/xprize/cs-prescribe-daily/prescribe5/prescribe.py
2021-02-15 19:52:13 - prescribe5 - INFO - =========================================================================
2021-02-15 19:52:13 - prescribe5 - INFO - Duration: 0:03:48.732463 seconds
2021-02-15 19:52:13 - prescribe5 - INFO - =========================================================================
