2021-02-16 17:01:08 - prescribe3 - INFO - 
2021-02-16 17:01:08 - prescribe3 - INFO - 
2021-02-16 17:01:08 - prescribe3 - INFO - =========================================================================
2021-02-16 17:01:08 - prescribe3 - INFO - Command: Rscript --vanilla prescribe.R 2021-02-16 2021-05-16 /Users/anto/github/coronasurveys/code/xprize/data/IPS-latest-full.csv /Users/anto/github/coronasurveys/code/xprize/data/fixed_equal_costs.csv /Users/anto/github/coronasurveys/code/xprize/cs-prescribe-daily/prescribe3/prescribe3_output.csv /Users/anto/github/coronasurveys/code/xprize/cs-prescribe-daily/prescribe3
2021-02-16 17:01:08 - prescribe3 - INFO - =========================================================================
2021-02-16 17:01:08 - prescribe3 - INFO - During startup - Warning messages:
2021-02-16 17:01:08 - prescribe3 - INFO - 1: Setting LC_CTYPE failed, using "C"
2021-02-16 17:01:08 - prescribe3 - INFO - 2: Setting LC_COLLATE failed, using "C"
2021-02-16 17:01:08 - prescribe3 - INFO - 3: Setting LC_TIME failed, using "C"
2021-02-16 17:01:08 - prescribe3 - INFO - 4: Setting LC_MESSAGES failed, using "C"
2021-02-16 17:01:08 - prescribe3 - INFO - 5: Setting LC_MONETARY failed, using "C"
2021-02-16 17:01:10 - prescribe3 - INFO - -- Attaching packages --------------------------------------- tidyverse 1.3.0 --
2021-02-16 17:01:10 - prescribe3 - INFO - v ggplot2 3.3.3     v purrr   0.3.4
2021-02-16 17:01:10 - prescribe3 - INFO - v tibble  3.0.4     v dplyr   1.0.4
2021-02-16 17:01:10 - prescribe3 - INFO - v tidyr   1.1.2     v stringr 1.4.0
2021-02-16 17:01:10 - prescribe3 - INFO - v readr   1.3.1     v forcats 0.5.0
2021-02-16 17:01:10 - prescribe3 - INFO - -- Conflicts ------------------------------------------ tidyverse_conflicts() --
2021-02-16 17:01:10 - prescribe3 - INFO - x dplyr::filter() masks stats::filter()
2021-02-16 17:01:10 - prescribe3 - INFO - x dplyr::lag()    masks stats::lag()
2021-02-16 17:01:17 - prescribe3 - INFO - Execution time prescribe3:  6.669255
2021-02-16 17:01:17 - prescribe3 - INFO - Successfully executed /Users/anto/github/coronasurveys/code/xprize/cs-prescribe-daily/prescribe3/prescribe.py
2021-02-16 17:01:17 - prescribe3 - INFO - =========================================================================
2021-02-16 17:01:17 - prescribe3 - INFO - Duration: 0:00:09.077665 seconds
2021-02-16 17:01:17 - prescribe3 - INFO - =========================================================================
2021-02-16 17:07:59 - prescribe3 - INFO - 
2021-02-16 17:07:59 - prescribe3 - INFO - 
2021-02-16 17:07:59 - prescribe3 - INFO - =========================================================================
2021-02-16 17:07:59 - prescribe3 - INFO - Command: Rscript --vanilla prescribe.R 2021-02-16 2021-05-16 /Users/anto/github/coronasurveys/code/xprize/data/IPS-latest-full.csv /Users/anto/github/coronasurveys/code/xprize/data/uniform_random_costs.csv /Users/anto/github/coronasurveys/code/xprize/cs-prescribe-daily/prescribe3/prescribe3_output.csv /Users/anto/github/coronasurveys/code/xprize/cs-prescribe-daily/prescribe3
2021-02-16 17:07:59 - prescribe3 - INFO - =========================================================================
2021-02-16 17:07:59 - prescribe3 - INFO - During startup - Warning messages:
2021-02-16 17:07:59 - prescribe3 - INFO - 1: Setting LC_CTYPE failed, using "C"
2021-02-16 17:07:59 - prescribe3 - INFO - 2: Setting LC_COLLATE failed, using "C"
2021-02-16 17:07:59 - prescribe3 - INFO - 3: Setting LC_TIME failed, using "C"
2021-02-16 17:07:59 - prescribe3 - INFO - 4: Setting LC_MESSAGES failed, using "C"
2021-02-16 17:07:59 - prescribe3 - INFO - 5: Setting LC_MONETARY failed, using "C"
2021-02-16 17:08:01 - prescribe3 - INFO - -- Attaching packages --------------------------------------- tidyverse 1.3.0 --
2021-02-16 17:08:01 - prescribe3 - INFO - v ggplot2 3.3.3     v purrr   0.3.4
2021-02-16 17:08:01 - prescribe3 - INFO - v tibble  3.0.4     v dplyr   1.0.4
2021-02-16 17:08:01 - prescribe3 - INFO - v tidyr   1.1.2     v stringr 1.4.0
2021-02-16 17:08:01 - prescribe3 - INFO - v readr   1.3.1     v forcats 0.5.0
2021-02-16 17:08:01 - prescribe3 - INFO - -- Conflicts ------------------------------------------ tidyverse_conflicts() --
2021-02-16 17:08:01 - prescribe3 - INFO - x dplyr::filter() masks stats::filter()
2021-02-16 17:08:01 - prescribe3 - INFO - x dplyr::lag()    masks stats::lag()
2021-02-16 17:08:08 - prescribe3 - INFO - Execution time prescribe3:  6.801981
2021-02-16 17:08:08 - prescribe3 - INFO - Successfully executed /Users/anto/github/coronasurveys/code/xprize/cs-prescribe-daily/prescribe3/prescribe.py
2021-02-16 17:08:08 - prescribe3 - INFO - =========================================================================
2021-02-16 17:08:08 - prescribe3 - INFO - Duration: 0:00:09.399905 seconds
2021-02-16 17:08:08 - prescribe3 - INFO - =========================================================================
