2021-02-10 00:20:01 - main - INFO - 
2021-02-10 00:20:01 - main - INFO - 
2021-02-10 00:20:01 - main - INFO - #######  EXECUTING CORONASURVEYS MULTI-PRESCRIPTOR RUNNER  #####################################
2021-02-10 00:20:01 - main - INFO - 
2021-02-10 00:20:01 - main - INFO - Successfully created the directory ./prescriptions
2021-02-10 00:20:01 - main - INFO - 
2021-02-10 00:20:01 - main - INFO - ***************************************************************************************
2021-02-10 00:20:01 - main - INFO - ********* CORONASURVEYS PRESCRIPTIONS *************************************************
2021-02-10 00:20:01 - main - INFO - [
                                "prescribe0/prescribe.py",
                                "prescribe1/prescribe.py",
                                "prescribe2/prescribe.py",
                                "prescribe3/prescribe.py",
                                "prescribe4/prescribe.py",
                                "prescribe5/prescribe.py",
                                "prescribe6/prescribe.py",
                                "prescribe7/prescribe.py",
                                "prescribe8/prescribe.py",
                                "prescribe9/prescribe.py"
]
2021-02-10 00:20:01 - main - INFO - ***************************************************************************************
2021-02-10 00:20:01 - main - INFO - 
2021-02-10 00:20:01 - main - INFO - Launching prescriptor [prescribe0/prescribe.py] from 2021-02-10 to 2021-04-30
2021-02-10 00:20:01 - main - INFO - Command: python prescribe.py --start_date 2021-02-10 --end_date 2021-04-30 --interventions_past /Users/anto/github/coronasurveys/code/xprize/data/IPS-latest-full.csv --intervention_costs /Users/anto/github/coronasurveys/code/xprize/data/fixed_equal_costs.csv --output_file /Users/anto/github/coronasurveys/code/xprize/prescribe0/prescribe0_output.csv
2021-02-10 00:20:01 - main - INFO - Main script - Successfully launched subprocesses.
2021-02-10 00:20:01 - main - INFO - Launching prescriptor [prescribe1/prescribe.py] from 2021-02-10 to 2021-04-30
2021-02-10 00:20:02 - main - INFO - Command: python prescribe.py --start_date 2021-02-10 --end_date 2021-04-30 --interventions_past /Users/anto/github/coronasurveys/code/xprize/data/IPS-latest-full.csv --intervention_costs /Users/anto/github/coronasurveys/code/xprize/data/fixed_equal_costs.csv --output_file /Users/anto/github/coronasurveys/code/xprize/prescribe1/prescribe1_output.csv
2021-02-10 00:20:02 - main - INFO - Main script - Successfully launched subprocesses.
2021-02-10 00:20:02 - main - INFO - Launching prescriptor [prescribe2/prescribe.py] from 2021-02-10 to 2021-04-30
2021-02-10 00:20:03 - main - INFO - Command: python prescribe.py --start_date 2021-02-10 --end_date 2021-04-30 --interventions_past /Users/anto/github/coronasurveys/code/xprize/data/IPS-latest-full.csv --intervention_costs /Users/anto/github/coronasurveys/code/xprize/data/fixed_equal_costs.csv --output_file /Users/anto/github/coronasurveys/code/xprize/prescribe2/prescribe2_output.csv
2021-02-10 00:20:03 - main - INFO - Main script - Successfully launched subprocesses.
2021-02-10 00:20:03 - main - INFO - Launching prescriptor [prescribe3/prescribe.py] from 2021-02-10 to 2021-04-30
2021-02-10 00:20:03 - numexpr.utils - INFO - NumExpr defaulting to 8 threads.
2021-02-10 00:20:03 - main - INFO - Command: python prescribe.py --start_date 2021-02-10 --end_date 2021-04-30 --interventions_past /Users/anto/github/coronasurveys/code/xprize/data/IPS-latest-full.csv --intervention_costs /Users/anto/github/coronasurveys/code/xprize/data/fixed_equal_costs.csv --output_file /Users/anto/github/coronasurveys/code/xprize/prescribe3/prescribe3_output.csv
2021-02-10 00:20:03 - main - INFO - Main script - Successfully launched subprocesses.
2021-02-10 00:20:03 - main - INFO - Launching prescriptor [prescribe4/prescribe.py] from 2021-02-10 to 2021-04-30
2021-02-10 00:20:04 - main - INFO - Command: python prescribe.py --start_date 2021-02-10 --end_date 2021-04-30 --interventions_past /Users/anto/github/coronasurveys/code/xprize/data/IPS-latest-full.csv --intervention_costs /Users/anto/github/coronasurveys/code/xprize/data/fixed_equal_costs.csv --output_file /Users/anto/github/coronasurveys/code/xprize/prescribe4/prescribe4_output.csv
2021-02-10 00:20:04 - main - INFO - Main script - Successfully launched subprocesses.
2021-02-10 00:20:04 - main - INFO - Launching prescriptor [prescribe5/prescribe.py] from 2021-02-10 to 2021-04-30
2021-02-10 00:20:05 - main - INFO - Command: python prescribe.py --start_date 2021-02-10 --end_date 2021-04-30 --interventions_past /Users/anto/github/coronasurveys/code/xprize/data/IPS-latest-full.csv --intervention_costs /Users/anto/github/coronasurveys/code/xprize/data/fixed_equal_costs.csv --output_file /Users/anto/github/coronasurveys/code/xprize/prescribe5/prescribe5_output.csv
2021-02-10 00:20:05 - main - INFO - Main script - Successfully launched subprocesses.
2021-02-10 00:20:05 - main - INFO - Launching prescriptor [prescribe6/prescribe.py] from 2021-02-10 to 2021-04-30
2021-02-10 00:20:06 - main - INFO - Command: python prescribe.py --start_date 2021-02-10 --end_date 2021-04-30 --interventions_past /Users/anto/github/coronasurveys/code/xprize/data/IPS-latest-full.csv --intervention_costs /Users/anto/github/coronasurveys/code/xprize/data/fixed_equal_costs.csv --output_file /Users/anto/github/coronasurveys/code/xprize/prescribe6/prescribe6_output.csv
2021-02-10 00:20:06 - main - INFO - Main script - Successfully launched subprocesses.
2021-02-10 00:20:06 - main - INFO - Launching prescriptor [prescribe7/prescribe.py] from 2021-02-10 to 2021-04-30
2021-02-10 00:20:07 - main - INFO - Command: python prescribe.py --start_date 2021-02-10 --end_date 2021-04-30 --interventions_past /Users/anto/github/coronasurveys/code/xprize/data/IPS-latest-full.csv --intervention_costs /Users/anto/github/coronasurveys/code/xprize/data/fixed_equal_costs.csv --output_file /Users/anto/github/coronasurveys/code/xprize/prescribe7/prescribe7_output.csv
2021-02-10 00:20:07 - main - INFO - Main script - Successfully launched subprocesses.
2021-02-10 00:20:07 - main - INFO - Launching prescriptor [prescribe8/prescribe.py] from 2021-02-10 to 2021-04-30
2021-02-10 00:20:09 - main - INFO - Command: python prescribe.py --start_date 2021-02-10 --end_date 2021-04-30 --interventions_past /Users/anto/github/coronasurveys/code/xprize/data/IPS-latest-full.csv --intervention_costs /Users/anto/github/coronasurveys/code/xprize/data/fixed_equal_costs.csv --output_file /Users/anto/github/coronasurveys/code/xprize/prescribe8/prescribe8_output.csv
2021-02-10 00:20:09 - main - INFO - Main script - Successfully launched subprocesses.
2021-02-10 00:20:09 - main - INFO - Launching prescriptor [prescribe9/prescribe.py] from 2021-02-10 to 2021-04-30
2021-02-10 00:20:10 - main - INFO - Command: python prescribe.py --start_date 2021-02-10 --end_date 2021-04-30 --interventions_past /Users/anto/github/coronasurveys/code/xprize/data/IPS-latest-full.csv --intervention_costs /Users/anto/github/coronasurveys/code/xprize/data/fixed_equal_costs.csv --output_file /Users/anto/github/coronasurveys/code/xprize/prescribe9/prescribe9_output.csv
2021-02-10 00:20:10 - main - INFO - Main script - Successfully launched subprocesses.
2021-02-10 00:20:10 - main - INFO - 
2021-02-10 00:20:10 - main - INFO - ####### Launched CORONASURVEYS MULTI-PRESCRIPTOR RUNNER
2021-02-10 00:20:10 - main - INFO - 
2021-02-10 00:20:11 - main - INFO - 
2021-02-10 00:20:11 - main - INFO - ---------------------------------------------------------------------------------------
2021-02-10 00:20:11 - main - INFO - Prescriptor: prescribe0/prescribe.py - exitcode: 0
2021-02-10 00:20:11 - main - INFO - ---------------------------------------------------------------------------------------
2021-02-10 00:20:11 - main - INFO - 
2021-02-10 00:20:11 - main - INFO - ---------------------------------------------------------------------------------------
2021-02-10 00:20:11 - main - INFO - Prescriptor: prescribe3/prescribe.py - exitcode: 0
2021-02-10 00:20:11 - main - INFO - ---------------------------------------------------------------------------------------
2021-02-10 00:20:12 - main - INFO - 
2021-02-10 00:20:12 - main - INFO - ---------------------------------------------------------------------------------------
2021-02-10 00:20:12 - main - INFO - Prescriptor: prescribe4/prescribe.py - exitcode: 0
2021-02-10 00:20:12 - main - INFO - ---------------------------------------------------------------------------------------
2021-02-10 00:24:37 - main - INFO - 
2021-02-10 00:24:37 - main - INFO - ---------------------------------------------------------------------------------------
2021-02-10 00:24:37 - main - INFO - Prescriptor: prescribe5/prescribe.py - exitcode: 0
2021-02-10 00:24:37 - main - INFO - ---------------------------------------------------------------------------------------
2021-02-10 00:24:39 - main - INFO - 
2021-02-10 00:24:39 - main - INFO - ---------------------------------------------------------------------------------------
2021-02-10 00:24:39 - main - INFO - Prescriptor: prescribe6/prescribe.py - exitcode: 0
2021-02-10 00:24:39 - main - INFO - ---------------------------------------------------------------------------------------
2021-02-10 00:27:17 - prescribe2 - INFO - Successfully executed /Users/anto/github/coronasurveys/code/xprize/prescribe2/prescribe.py
2021-02-10 00:27:17 - prescribe2 - INFO - Duration: 0:07:13.665536 seconds
2021-02-10 00:27:17 - main - INFO - 
2021-02-10 00:27:17 - main - INFO - ---------------------------------------------------------------------------------------
2021-02-10 00:27:17 - main - INFO - Prescriptor: prescribe2/prescribe.py - exitcode: 0
2021-02-10 00:27:17 - main - INFO - ---------------------------------------------------------------------------------------
2021-02-10 00:27:21 - main - INFO - 
2021-02-10 00:27:21 - main - INFO - ---------------------------------------------------------------------------------------
2021-02-10 00:27:21 - main - INFO - Prescriptor: prescribe7/prescribe.py - exitcode: 0
2021-02-10 00:27:21 - main - INFO - ---------------------------------------------------------------------------------------
2021-02-10 00:33:23 - main - INFO - 
2021-02-10 00:33:23 - main - INFO - ---------------------------------------------------------------------------------------
2021-02-10 00:33:23 - main - INFO - Prescriptor: prescribe1/prescribe.py - exitcode: 0
2021-02-10 00:33:23 - main - INFO - ---------------------------------------------------------------------------------------
2021-02-10 00:33:27 - main - INFO - 
2021-02-10 00:33:27 - main - INFO - ---------------------------------------------------------------------------------------
2021-02-10 00:33:27 - main - INFO - Prescriptor: prescribe9/prescribe.py - exitcode: 0
2021-02-10 00:33:27 - main - INFO - ---------------------------------------------------------------------------------------
2021-02-10 00:33:30 - main - INFO - 
2021-02-10 00:33:30 - main - INFO - ---------------------------------------------------------------------------------------
2021-02-10 00:33:30 - main - INFO - Prescriptor: prescribe8/prescribe.py - exitcode: 0
2021-02-10 00:33:30 - main - INFO - ---------------------------------------------------------------------------------------
2021-02-10 00:33:31 - main - INFO - #######   COMPLETED CORONASURVEYS MULTI-PRESCRIPTOR RUNNER  #####################################
2021-02-10 00:33:32 - main - INFO - 
2021-02-10 00:33:32 - main - INFO - 
2021-02-10 00:33:32 - main - INFO - #######  EXECUTING CORONASURVEYS MULTI-PRESCRIPTOR RUNNER  #####################################
2021-02-10 00:33:32 - main - INFO - 
2021-02-10 00:33:32 - main - INFO - Successfully created the directory ./prescriptions
2021-02-10 00:33:32 - main - INFO - 
2021-02-10 00:33:32 - main - INFO - ***************************************************************************************
2021-02-10 00:33:32 - main - INFO - ********* CORONASURVEYS PRESCRIPTIONS *************************************************
2021-02-10 00:33:32 - main - INFO - [
                                "prescribe0/prescribe.py",
                                "prescribe1/prescribe.py",
                                "prescribe2/prescribe.py",
                                "prescribe3/prescribe.py",
                                "prescribe4/prescribe.py",
                                "prescribe5/prescribe.py",
                                "prescribe6/prescribe.py",
                                "prescribe7/prescribe.py",
                                "prescribe8/prescribe.py",
                                "prescribe9/prescribe.py"
]
2021-02-10 00:33:32 - main - INFO - ***************************************************************************************
2021-02-10 00:33:32 - main - INFO - 
2021-02-10 00:33:32 - main - INFO - Launching prescriptor [prescribe0/prescribe.py] from 2021-02-10 to 2021-04-30
2021-02-10 00:33:32 - main - INFO - Command: python prescribe.py --start_date 2021-02-10 --end_date 2021-04-30 --interventions_past /Users/anto/github/coronasurveys/code/xprize/data/IPS-latest-full.csv --intervention_costs /Users/anto/github/coronasurveys/code/xprize/data/uniform_random_costs.csv --output_file /Users/anto/github/coronasurveys/code/xprize/prescribe0/prescribe0_output.csv
2021-02-10 00:33:32 - main - INFO - Main script - Successfully launched subprocesses.
2021-02-10 00:33:32 - main - INFO - Launching prescriptor [prescribe1/prescribe.py] from 2021-02-10 to 2021-04-30
2021-02-10 00:33:33 - main - INFO - Command: python prescribe.py --start_date 2021-02-10 --end_date 2021-04-30 --interventions_past /Users/anto/github/coronasurveys/code/xprize/data/IPS-latest-full.csv --intervention_costs /Users/anto/github/coronasurveys/code/xprize/data/uniform_random_costs.csv --output_file /Users/anto/github/coronasurveys/code/xprize/prescribe1/prescribe1_output.csv
2021-02-10 00:33:33 - main - INFO - Main script - Successfully launched subprocesses.
2021-02-10 00:33:33 - main - INFO - Launching prescriptor [prescribe2/prescribe.py] from 2021-02-10 to 2021-04-30
2021-02-10 00:33:34 - main - INFO - Command: python prescribe.py --start_date 2021-02-10 --end_date 2021-04-30 --interventions_past /Users/anto/github/coronasurveys/code/xprize/data/IPS-latest-full.csv --intervention_costs /Users/anto/github/coronasurveys/code/xprize/data/uniform_random_costs.csv --output_file /Users/anto/github/coronasurveys/code/xprize/prescribe2/prescribe2_output.csv
2021-02-10 00:33:34 - main - INFO - Main script - Successfully launched subprocesses.
2021-02-10 00:33:34 - main - INFO - Launching prescriptor [prescribe3/prescribe.py] from 2021-02-10 to 2021-04-30
2021-02-10 00:33:34 - numexpr.utils - INFO - NumExpr defaulting to 8 threads.
2021-02-10 00:33:34 - main - INFO - Command: python prescribe.py --start_date 2021-02-10 --end_date 2021-04-30 --interventions_past /Users/anto/github/coronasurveys/code/xprize/data/IPS-latest-full.csv --intervention_costs /Users/anto/github/coronasurveys/code/xprize/data/uniform_random_costs.csv --output_file /Users/anto/github/coronasurveys/code/xprize/prescribe3/prescribe3_output.csv
2021-02-10 00:33:34 - main - INFO - Main script - Successfully launched subprocesses.
2021-02-10 00:33:34 - main - INFO - Launching prescriptor [prescribe4/prescribe.py] from 2021-02-10 to 2021-04-30
2021-02-10 00:33:35 - main - INFO - Command: python prescribe.py --start_date 2021-02-10 --end_date 2021-04-30 --interventions_past /Users/anto/github/coronasurveys/code/xprize/data/IPS-latest-full.csv --intervention_costs /Users/anto/github/coronasurveys/code/xprize/data/uniform_random_costs.csv --output_file /Users/anto/github/coronasurveys/code/xprize/prescribe4/prescribe4_output.csv
2021-02-10 00:33:35 - main - INFO - Main script - Successfully launched subprocesses.
2021-02-10 00:33:35 - main - INFO - Launching prescriptor [prescribe5/prescribe.py] from 2021-02-10 to 2021-04-30
2021-02-10 00:33:36 - main - INFO - Command: python prescribe.py --start_date 2021-02-10 --end_date 2021-04-30 --interventions_past /Users/anto/github/coronasurveys/code/xprize/data/IPS-latest-full.csv --intervention_costs /Users/anto/github/coronasurveys/code/xprize/data/uniform_random_costs.csv --output_file /Users/anto/github/coronasurveys/code/xprize/prescribe5/prescribe5_output.csv
2021-02-10 00:33:36 - main - INFO - Main script - Successfully launched subprocesses.
2021-02-10 00:33:36 - main - INFO - Launching prescriptor [prescribe6/prescribe.py] from 2021-02-10 to 2021-04-30
2021-02-10 00:33:37 - main - INFO - Command: python prescribe.py --start_date 2021-02-10 --end_date 2021-04-30 --interventions_past /Users/anto/github/coronasurveys/code/xprize/data/IPS-latest-full.csv --intervention_costs /Users/anto/github/coronasurveys/code/xprize/data/uniform_random_costs.csv --output_file /Users/anto/github/coronasurveys/code/xprize/prescribe6/prescribe6_output.csv
2021-02-10 00:33:37 - main - INFO - Main script - Successfully launched subprocesses.
2021-02-10 00:33:37 - main - INFO - Launching prescriptor [prescribe7/prescribe.py] from 2021-02-10 to 2021-04-30
2021-02-10 00:33:39 - main - INFO - Command: python prescribe.py --start_date 2021-02-10 --end_date 2021-04-30 --interventions_past /Users/anto/github/coronasurveys/code/xprize/data/IPS-latest-full.csv --intervention_costs /Users/anto/github/coronasurveys/code/xprize/data/uniform_random_costs.csv --output_file /Users/anto/github/coronasurveys/code/xprize/prescribe7/prescribe7_output.csv
2021-02-10 00:33:39 - main - INFO - Main script - Successfully launched subprocesses.
2021-02-10 00:33:39 - main - INFO - Launching prescriptor [prescribe8/prescribe.py] from 2021-02-10 to 2021-04-30
2021-02-10 00:33:40 - main - INFO - Command: python prescribe.py --start_date 2021-02-10 --end_date 2021-04-30 --interventions_past /Users/anto/github/coronasurveys/code/xprize/data/IPS-latest-full.csv --intervention_costs /Users/anto/github/coronasurveys/code/xprize/data/uniform_random_costs.csv --output_file /Users/anto/github/coronasurveys/code/xprize/prescribe8/prescribe8_output.csv
2021-02-10 00:33:40 - main - INFO - Main script - Successfully launched subprocesses.
2021-02-10 00:33:40 - main - INFO - Launching prescriptor [prescribe9/prescribe.py] from 2021-02-10 to 2021-04-30
2021-02-10 00:33:42 - main - INFO - Command: python prescribe.py --start_date 2021-02-10 --end_date 2021-04-30 --interventions_past /Users/anto/github/coronasurveys/code/xprize/data/IPS-latest-full.csv --intervention_costs /Users/anto/github/coronasurveys/code/xprize/data/uniform_random_costs.csv --output_file /Users/anto/github/coronasurveys/code/xprize/prescribe9/prescribe9_output.csv
2021-02-10 00:33:42 - main - INFO - Main script - Successfully launched subprocesses.
2021-02-10 00:33:42 - main - INFO - 
2021-02-10 00:33:42 - main - INFO - ####### Launched CORONASURVEYS MULTI-PRESCRIPTOR RUNNER
2021-02-10 00:33:42 - main - INFO - 
2021-02-10 00:33:43 - main - INFO - 
2021-02-10 00:33:43 - main - INFO - ---------------------------------------------------------------------------------------
2021-02-10 00:33:43 - main - INFO - Prescriptor: prescribe0/prescribe.py - exitcode: 0
2021-02-10 00:33:43 - main - INFO - ---------------------------------------------------------------------------------------
2021-02-10 00:33:43 - main - INFO - 
2021-02-10 00:33:43 - main - INFO - ---------------------------------------------------------------------------------------
2021-02-10 00:33:43 - main - INFO - Prescriptor: prescribe3/prescribe.py - exitcode: 0
2021-02-10 00:33:43 - main - INFO - ---------------------------------------------------------------------------------------
2021-02-10 00:33:44 - main - INFO - 
2021-02-10 00:33:44 - main - INFO - ---------------------------------------------------------------------------------------
2021-02-10 00:33:44 - main - INFO - Prescriptor: prescribe4/prescribe.py - exitcode: 0
2021-02-10 00:33:44 - main - INFO - ---------------------------------------------------------------------------------------
2021-02-10 00:38:06 - main - INFO - 
2021-02-10 00:38:06 - main - INFO - ---------------------------------------------------------------------------------------
2021-02-10 00:38:06 - main - INFO - Prescriptor: prescribe5/prescribe.py - exitcode: 0
2021-02-10 00:38:06 - main - INFO - ---------------------------------------------------------------------------------------
2021-02-10 00:38:08 - main - INFO - 
2021-02-10 00:38:08 - main - INFO - ---------------------------------------------------------------------------------------
2021-02-10 00:38:08 - main - INFO - Prescriptor: prescribe6/prescribe.py - exitcode: 0
2021-02-10 00:38:08 - main - INFO - ---------------------------------------------------------------------------------------
2021-02-10 00:40:39 - prescribe2 - INFO - Successfully executed /Users/anto/github/coronasurveys/code/xprize/prescribe2/prescribe.py
2021-02-10 00:40:39 - prescribe2 - INFO - Duration: 0:07:05.155316 seconds
2021-02-10 00:40:40 - main - INFO - 
2021-02-10 00:40:40 - main - INFO - ---------------------------------------------------------------------------------------
2021-02-10 00:40:40 - main - INFO - Prescriptor: prescribe2/prescribe.py - exitcode: 0
2021-02-10 00:40:40 - main - INFO - ---------------------------------------------------------------------------------------
2021-02-10 00:40:44 - main - INFO - 
2021-02-10 00:40:44 - main - INFO - ---------------------------------------------------------------------------------------
2021-02-10 00:40:44 - main - INFO - Prescriptor: prescribe7/prescribe.py - exitcode: 0
2021-02-10 00:40:44 - main - INFO - ---------------------------------------------------------------------------------------
2021-02-10 00:46:46 - main - INFO - 
2021-02-10 00:46:46 - main - INFO - ---------------------------------------------------------------------------------------
2021-02-10 00:46:46 - main - INFO - Prescriptor: prescribe1/prescribe.py - exitcode: 0
2021-02-10 00:46:46 - main - INFO - ---------------------------------------------------------------------------------------
2021-02-10 00:46:50 - main - INFO - 
2021-02-10 00:46:50 - main - INFO - ---------------------------------------------------------------------------------------
2021-02-10 00:46:50 - main - INFO - Prescriptor: prescribe8/prescribe.py - exitcode: 0
2021-02-10 00:46:50 - main - INFO - ---------------------------------------------------------------------------------------
2021-02-10 00:46:54 - main - INFO - 
2021-02-10 00:46:54 - main - INFO - ---------------------------------------------------------------------------------------
2021-02-10 00:46:54 - main - INFO - Prescriptor: prescribe9/prescribe.py - exitcode: 0
2021-02-10 00:46:54 - main - INFO - ---------------------------------------------------------------------------------------
2021-02-10 00:46:55 - main - INFO - #######   COMPLETED CORONASURVEYS MULTI-PRESCRIPTOR RUNNER  #####################################
2021-02-10 11:49:21 - main - INFO - 
2021-02-10 11:49:21 - main - INFO - 
2021-02-10 11:49:21 - main - INFO - #######  EXECUTING CORONASURVEYS MULTI-PRESCRIPTOR RUNNER  #####################################
2021-02-10 11:49:21 - main - INFO - 
2021-02-10 11:49:21 - main - INFO - Successfully created the directory ./prescriptions
2021-02-10 11:49:21 - main - INFO - 
2021-02-10 11:49:21 - main - INFO - ***************************************************************************************
2021-02-10 11:49:21 - main - INFO - ********* CORONASURVEYS PRESCRIPTIONS *************************************************
2021-02-10 11:49:21 - main - INFO - [
                                "prescribe0/prescribe.py",
                                "prescribe1/prescribe.py",
                                "prescribe2/prescribe.py",
                                "prescribe3/prescribe.py",
                                "prescribe4/prescribe.py",
                                "prescribe5/prescribe.py",
                                "prescribe6/prescribe.py",
                                "prescribe7/prescribe.py",
                                "prescribe8/prescribe.py",
                                "prescribe9/prescribe.py"
]
2021-02-10 11:49:21 - main - INFO - ***************************************************************************************
2021-02-10 11:49:21 - main - INFO - 
2021-02-10 11:49:21 - main - INFO - Launching prescriptor [prescribe0/prescribe.py] from 2021-02-10 to 2021-05-10
2021-02-10 11:49:22 - main - INFO - Command: python prescribe.py --start_date 2021-02-10 --end_date 2021-05-10 --interventions_past /Users/anto/github/coronasurveys/code/xprize/data/IPS-latest-full.csv --intervention_costs /Users/anto/github/coronasurveys/code/xprize/data/fixed_equal_costs.csv --output_file /Users/anto/github/coronasurveys/code/xprize/prescribe0/prescribe0_output.csv
2021-02-10 11:49:22 - main - INFO - Main script - Successfully launched subprocesses.
2021-02-10 11:49:22 - main - INFO - Launching prescriptor [prescribe1/prescribe.py] from 2021-02-10 to 2021-05-10
2021-02-10 11:49:22 - main - INFO - Command: python prescribe.py --start_date 2021-02-10 --end_date 2021-05-10 --interventions_past /Users/anto/github/coronasurveys/code/xprize/data/IPS-latest-full.csv --intervention_costs /Users/anto/github/coronasurveys/code/xprize/data/fixed_equal_costs.csv --output_file /Users/anto/github/coronasurveys/code/xprize/prescribe1/prescribe1_output.csv
2021-02-10 11:49:22 - main - INFO - Main script - Successfully launched subprocesses.
2021-02-10 11:49:22 - main - INFO - Launching prescriptor [prescribe2/prescribe.py] from 2021-02-10 to 2021-05-10
2021-02-10 11:49:23 - main - INFO - Command: python prescribe.py --start_date 2021-02-10 --end_date 2021-05-10 --interventions_past /Users/anto/github/coronasurveys/code/xprize/data/IPS-latest-full.csv --intervention_costs /Users/anto/github/coronasurveys/code/xprize/data/fixed_equal_costs.csv --output_file /Users/anto/github/coronasurveys/code/xprize/prescribe2/prescribe2_output.csv
2021-02-10 11:49:23 - main - INFO - Main script - Successfully launched subprocesses.
2021-02-10 11:49:23 - main - INFO - Launching prescriptor [prescribe3/prescribe.py] from 2021-02-10 to 2021-05-10
2021-02-10 11:49:24 - numexpr.utils - INFO - NumExpr defaulting to 8 threads.
2021-02-10 11:49:24 - main - INFO - Command: python prescribe.py --start_date 2021-02-10 --end_date 2021-05-10 --interventions_past /Users/anto/github/coronasurveys/code/xprize/data/IPS-latest-full.csv --intervention_costs /Users/anto/github/coronasurveys/code/xprize/data/fixed_equal_costs.csv --output_file /Users/anto/github/coronasurveys/code/xprize/prescribe3/prescribe3_output.csv
2021-02-10 11:49:24 - main - INFO - Main script - Successfully launched subprocesses.
2021-02-10 11:49:24 - main - INFO - Launching prescriptor [prescribe4/prescribe.py] from 2021-02-10 to 2021-05-10
2021-02-10 11:49:25 - main - INFO - Command: python prescribe.py --start_date 2021-02-10 --end_date 2021-05-10 --interventions_past /Users/anto/github/coronasurveys/code/xprize/data/IPS-latest-full.csv --intervention_costs /Users/anto/github/coronasurveys/code/xprize/data/fixed_equal_costs.csv --output_file /Users/anto/github/coronasurveys/code/xprize/prescribe4/prescribe4_output.csv
2021-02-10 11:49:25 - main - INFO - Main script - Successfully launched subprocesses.
2021-02-10 11:49:25 - main - INFO - Launching prescriptor [prescribe5/prescribe.py] from 2021-02-10 to 2021-05-10
2021-02-10 11:49:26 - main - INFO - Command: python prescribe.py --start_date 2021-02-10 --end_date 2021-05-10 --interventions_past /Users/anto/github/coronasurveys/code/xprize/data/IPS-latest-full.csv --intervention_costs /Users/anto/github/coronasurveys/code/xprize/data/fixed_equal_costs.csv --output_file /Users/anto/github/coronasurveys/code/xprize/prescribe5/prescribe5_output.csv
2021-02-10 11:49:26 - main - INFO - Main script - Successfully launched subprocesses.
2021-02-10 11:49:26 - main - INFO - Launching prescriptor [prescribe6/prescribe.py] from 2021-02-10 to 2021-05-10
2021-02-10 11:49:27 - main - INFO - Command: python prescribe.py --start_date 2021-02-10 --end_date 2021-05-10 --interventions_past /Users/anto/github/coronasurveys/code/xprize/data/IPS-latest-full.csv --intervention_costs /Users/anto/github/coronasurveys/code/xprize/data/fixed_equal_costs.csv --output_file /Users/anto/github/coronasurveys/code/xprize/prescribe6/prescribe6_output.csv
2021-02-10 11:49:27 - main - INFO - Main script - Successfully launched subprocesses.
2021-02-10 11:49:27 - main - INFO - Launching prescriptor [prescribe7/prescribe.py] from 2021-02-10 to 2021-05-10
2021-02-10 11:49:28 - main - INFO - Command: python prescribe.py --start_date 2021-02-10 --end_date 2021-05-10 --interventions_past /Users/anto/github/coronasurveys/code/xprize/data/IPS-latest-full.csv --intervention_costs /Users/anto/github/coronasurveys/code/xprize/data/fixed_equal_costs.csv --output_file /Users/anto/github/coronasurveys/code/xprize/prescribe7/prescribe7_output.csv
2021-02-10 11:49:28 - main - INFO - Main script - Successfully launched subprocesses.
2021-02-10 11:49:28 - main - INFO - Launching prescriptor [prescribe8/prescribe.py] from 2021-02-10 to 2021-05-10
2021-02-10 11:49:30 - main - INFO - Command: python prescribe.py --start_date 2021-02-10 --end_date 2021-05-10 --interventions_past /Users/anto/github/coronasurveys/code/xprize/data/IPS-latest-full.csv --intervention_costs /Users/anto/github/coronasurveys/code/xprize/data/fixed_equal_costs.csv --output_file /Users/anto/github/coronasurveys/code/xprize/prescribe8/prescribe8_output.csv
2021-02-10 11:49:30 - main - INFO - Main script - Successfully launched subprocesses.
2021-02-10 11:49:30 - main - INFO - Launching prescriptor [prescribe9/prescribe.py] from 2021-02-10 to 2021-05-10
2021-02-10 11:49:31 - main - INFO - Command: python prescribe.py --start_date 2021-02-10 --end_date 2021-05-10 --interventions_past /Users/anto/github/coronasurveys/code/xprize/data/IPS-latest-full.csv --intervention_costs /Users/anto/github/coronasurveys/code/xprize/data/fixed_equal_costs.csv --output_file /Users/anto/github/coronasurveys/code/xprize/prescribe9/prescribe9_output.csv
2021-02-10 11:49:31 - main - INFO - Main script - Successfully launched subprocesses.
2021-02-10 11:49:31 - main - INFO - 
2021-02-10 11:49:31 - main - INFO - ####### Launched CORONASURVEYS MULTI-PRESCRIPTOR RUNNER
2021-02-10 11:49:31 - main - INFO - 
2021-02-10 11:49:32 - main - INFO - 
2021-02-10 11:49:32 - main - INFO - ---------------------------------------------------------------------------------------
2021-02-10 11:49:32 - main - INFO - Prescriptor: prescribe0/prescribe.py - exitcode: 0
2021-02-10 11:49:32 - main - INFO - ---------------------------------------------------------------------------------------
2021-02-10 11:49:32 - main - INFO - 
2021-02-10 11:49:32 - main - INFO - ---------------------------------------------------------------------------------------
2021-02-10 11:49:32 - main - INFO - Prescriptor: prescribe3/prescribe.py - exitcode: 0
2021-02-10 11:49:32 - main - INFO - ---------------------------------------------------------------------------------------
2021-02-10 11:49:33 - main - INFO - 
2021-02-10 11:49:33 - main - INFO - ---------------------------------------------------------------------------------------
2021-02-10 11:49:33 - main - INFO - Prescriptor: prescribe4/prescribe.py - exitcode: 0
2021-02-10 11:49:33 - main - INFO - ---------------------------------------------------------------------------------------
2021-02-10 11:54:08 - main - INFO - 
2021-02-10 11:54:08 - main - INFO - ---------------------------------------------------------------------------------------
2021-02-10 11:54:08 - main - INFO - Prescriptor: prescribe5/prescribe.py - exitcode: 0
2021-02-10 11:54:08 - main - INFO - ---------------------------------------------------------------------------------------
2021-02-10 11:54:10 - main - INFO - 
2021-02-10 11:54:10 - main - INFO - ---------------------------------------------------------------------------------------
2021-02-10 11:54:10 - main - INFO - Prescriptor: prescribe6/prescribe.py - exitcode: 0
2021-02-10 11:54:10 - main - INFO - ---------------------------------------------------------------------------------------
2021-02-10 11:56:43 - prescribe2 - INFO - Successfully executed /Users/anto/github/coronasurveys/code/xprize/prescribe2/prescribe.py
2021-02-10 11:56:43 - prescribe2 - INFO - Duration: 0:07:19.927473 seconds
2021-02-10 11:56:44 - main - INFO - 
2021-02-10 11:56:44 - main - INFO - ---------------------------------------------------------------------------------------
2021-02-10 11:56:44 - main - INFO - Prescriptor: prescribe2/prescribe.py - exitcode: 0
2021-02-10 11:56:44 - main - INFO - ---------------------------------------------------------------------------------------
2021-02-10 11:56:50 - main - INFO - 
2021-02-10 11:56:50 - main - INFO - ---------------------------------------------------------------------------------------
2021-02-10 11:56:50 - main - INFO - Prescriptor: prescribe7/prescribe.py - exitcode: 0
2021-02-10 11:56:50 - main - INFO - ---------------------------------------------------------------------------------------
2021-02-10 12:03:08 - main - INFO - 
2021-02-10 12:03:08 - main - INFO - ---------------------------------------------------------------------------------------
2021-02-10 12:03:08 - main - INFO - Prescriptor: prescribe1/prescribe.py - exitcode: 0
2021-02-10 12:03:08 - main - INFO - ---------------------------------------------------------------------------------------
2021-02-10 12:03:16 - main - INFO - 
2021-02-10 12:03:16 - main - INFO - ---------------------------------------------------------------------------------------
2021-02-10 12:03:16 - main - INFO - Prescriptor: prescribe8/prescribe.py - exitcode: 0
2021-02-10 12:03:16 - main - INFO - ---------------------------------------------------------------------------------------
2021-02-10 12:03:21 - main - INFO - 
2021-02-10 12:03:21 - main - INFO - ---------------------------------------------------------------------------------------
2021-02-10 12:03:21 - main - INFO - Prescriptor: prescribe9/prescribe.py - exitcode: 0
2021-02-10 12:03:21 - main - INFO - ---------------------------------------------------------------------------------------
2021-02-10 12:03:22 - main - INFO - #######   COMPLETED CORONASURVEYS MULTI-PRESCRIPTOR RUNNER  #####################################
2021-02-10 12:03:23 - main - INFO - 
2021-02-10 12:03:23 - main - INFO - 
2021-02-10 12:03:23 - main - INFO - #######  EXECUTING CORONASURVEYS MULTI-PRESCRIPTOR RUNNER  #####################################
2021-02-10 12:03:23 - main - INFO - 
2021-02-10 12:03:23 - main - INFO - Successfully created the directory ./prescriptions
2021-02-10 12:03:23 - main - INFO - 
2021-02-10 12:03:23 - main - INFO - ***************************************************************************************
2021-02-10 12:03:23 - main - INFO - ********* CORONASURVEYS PRESCRIPTIONS *************************************************
2021-02-10 12:03:23 - main - INFO - [
                                "prescribe0/prescribe.py",
                                "prescribe1/prescribe.py",
                                "prescribe2/prescribe.py",
                                "prescribe3/prescribe.py",
                                "prescribe4/prescribe.py",
                                "prescribe5/prescribe.py",
                                "prescribe6/prescribe.py",
                                "prescribe7/prescribe.py",
                                "prescribe8/prescribe.py",
                                "prescribe9/prescribe.py"
]
2021-02-10 12:03:23 - main - INFO - ***************************************************************************************
2021-02-10 12:03:23 - main - INFO - 
2021-02-10 12:03:23 - main - INFO - Launching prescriptor [prescribe0/prescribe.py] from 2021-02-10 to 2021-05-10
2021-02-10 12:03:24 - main - INFO - Command: python prescribe.py --start_date 2021-02-10 --end_date 2021-05-10 --interventions_past /Users/anto/github/coronasurveys/code/xprize/data/IPS-latest-full.csv --intervention_costs /Users/anto/github/coronasurveys/code/xprize/data/uniform_random_costs.csv --output_file /Users/anto/github/coronasurveys/code/xprize/prescribe0/prescribe0_output.csv
2021-02-10 12:03:24 - main - INFO - Main script - Successfully launched subprocesses.
2021-02-10 12:03:24 - main - INFO - Launching prescriptor [prescribe1/prescribe.py] from 2021-02-10 to 2021-05-10
2021-02-10 12:03:24 - main - INFO - Command: python prescribe.py --start_date 2021-02-10 --end_date 2021-05-10 --interventions_past /Users/anto/github/coronasurveys/code/xprize/data/IPS-latest-full.csv --intervention_costs /Users/anto/github/coronasurveys/code/xprize/data/uniform_random_costs.csv --output_file /Users/anto/github/coronasurveys/code/xprize/prescribe1/prescribe1_output.csv
2021-02-10 12:03:24 - main - INFO - Main script - Successfully launched subprocesses.
2021-02-10 12:03:24 - main - INFO - Launching prescriptor [prescribe2/prescribe.py] from 2021-02-10 to 2021-05-10
2021-02-10 12:03:25 - main - INFO - Command: python prescribe.py --start_date 2021-02-10 --end_date 2021-05-10 --interventions_past /Users/anto/github/coronasurveys/code/xprize/data/IPS-latest-full.csv --intervention_costs /Users/anto/github/coronasurveys/code/xprize/data/uniform_random_costs.csv --output_file /Users/anto/github/coronasurveys/code/xprize/prescribe2/prescribe2_output.csv
2021-02-10 12:03:25 - main - INFO - Main script - Successfully launched subprocesses.
2021-02-10 12:03:25 - main - INFO - Launching prescriptor [prescribe3/prescribe.py] from 2021-02-10 to 2021-05-10
2021-02-10 12:03:25 - numexpr.utils - INFO - NumExpr defaulting to 8 threads.
2021-02-10 12:03:26 - main - INFO - Command: python prescribe.py --start_date 2021-02-10 --end_date 2021-05-10 --interventions_past /Users/anto/github/coronasurveys/code/xprize/data/IPS-latest-full.csv --intervention_costs /Users/anto/github/coronasurveys/code/xprize/data/uniform_random_costs.csv --output_file /Users/anto/github/coronasurveys/code/xprize/prescribe3/prescribe3_output.csv
2021-02-10 12:03:26 - main - INFO - Main script - Successfully launched subprocesses.
2021-02-10 12:03:26 - main - INFO - Launching prescriptor [prescribe4/prescribe.py] from 2021-02-10 to 2021-05-10
2021-02-10 12:03:27 - main - INFO - Command: python prescribe.py --start_date 2021-02-10 --end_date 2021-05-10 --interventions_past /Users/anto/github/coronasurveys/code/xprize/data/IPS-latest-full.csv --intervention_costs /Users/anto/github/coronasurveys/code/xprize/data/uniform_random_costs.csv --output_file /Users/anto/github/coronasurveys/code/xprize/prescribe4/prescribe4_output.csv
2021-02-10 12:03:27 - main - INFO - Main script - Successfully launched subprocesses.
2021-02-10 12:03:27 - main - INFO - Launching prescriptor [prescribe5/prescribe.py] from 2021-02-10 to 2021-05-10
2021-02-10 12:03:28 - main - INFO - Command: python prescribe.py --start_date 2021-02-10 --end_date 2021-05-10 --interventions_past /Users/anto/github/coronasurveys/code/xprize/data/IPS-latest-full.csv --intervention_costs /Users/anto/github/coronasurveys/code/xprize/data/uniform_random_costs.csv --output_file /Users/anto/github/coronasurveys/code/xprize/prescribe5/prescribe5_output.csv
2021-02-10 12:03:28 - main - INFO - Main script - Successfully launched subprocesses.
2021-02-10 12:03:28 - main - INFO - Launching prescriptor [prescribe6/prescribe.py] from 2021-02-10 to 2021-05-10
2021-02-10 12:03:29 - main - INFO - Command: python prescribe.py --start_date 2021-02-10 --end_date 2021-05-10 --interventions_past /Users/anto/github/coronasurveys/code/xprize/data/IPS-latest-full.csv --intervention_costs /Users/anto/github/coronasurveys/code/xprize/data/uniform_random_costs.csv --output_file /Users/anto/github/coronasurveys/code/xprize/prescribe6/prescribe6_output.csv
2021-02-10 12:03:29 - main - INFO - Main script - Successfully launched subprocesses.
2021-02-10 12:03:29 - main - INFO - Launching prescriptor [prescribe7/prescribe.py] from 2021-02-10 to 2021-05-10
2021-02-10 12:03:30 - main - INFO - Command: python prescribe.py --start_date 2021-02-10 --end_date 2021-05-10 --interventions_past /Users/anto/github/coronasurveys/code/xprize/data/IPS-latest-full.csv --intervention_costs /Users/anto/github/coronasurveys/code/xprize/data/uniform_random_costs.csv --output_file /Users/anto/github/coronasurveys/code/xprize/prescribe7/prescribe7_output.csv
2021-02-10 12:03:30 - main - INFO - Main script - Successfully launched subprocesses.
2021-02-10 12:03:30 - main - INFO - Launching prescriptor [prescribe8/prescribe.py] from 2021-02-10 to 2021-05-10
2021-02-10 12:03:32 - main - INFO - Command: python prescribe.py --start_date 2021-02-10 --end_date 2021-05-10 --interventions_past /Users/anto/github/coronasurveys/code/xprize/data/IPS-latest-full.csv --intervention_costs /Users/anto/github/coronasurveys/code/xprize/data/uniform_random_costs.csv --output_file /Users/anto/github/coronasurveys/code/xprize/prescribe8/prescribe8_output.csv
2021-02-10 12:03:32 - main - INFO - Main script - Successfully launched subprocesses.
2021-02-10 12:03:32 - main - INFO - Launching prescriptor [prescribe9/prescribe.py] from 2021-02-10 to 2021-05-10
2021-02-10 12:03:34 - main - INFO - Command: python prescribe.py --start_date 2021-02-10 --end_date 2021-05-10 --interventions_past /Users/anto/github/coronasurveys/code/xprize/data/IPS-latest-full.csv --intervention_costs /Users/anto/github/coronasurveys/code/xprize/data/uniform_random_costs.csv --output_file /Users/anto/github/coronasurveys/code/xprize/prescribe9/prescribe9_output.csv
2021-02-10 12:03:34 - main - INFO - Main script - Successfully launched subprocesses.
2021-02-10 12:03:34 - main - INFO - 
2021-02-10 12:03:34 - main - INFO - ####### Launched CORONASURVEYS MULTI-PRESCRIPTOR RUNNER
2021-02-10 12:03:34 - main - INFO - 
2021-02-10 12:03:35 - main - INFO - 
2021-02-10 12:03:35 - main - INFO - ---------------------------------------------------------------------------------------
2021-02-10 12:03:35 - main - INFO - Prescriptor: prescribe0/prescribe.py - exitcode: 0
2021-02-10 12:03:35 - main - INFO - ---------------------------------------------------------------------------------------
2021-02-10 12:03:35 - main - INFO - 
2021-02-10 12:03:35 - main - INFO - ---------------------------------------------------------------------------------------
2021-02-10 12:03:35 - main - INFO - Prescriptor: prescribe3/prescribe.py - exitcode: 0
2021-02-10 12:03:35 - main - INFO - ---------------------------------------------------------------------------------------
2021-02-10 12:03:36 - main - INFO - 
2021-02-10 12:03:36 - main - INFO - ---------------------------------------------------------------------------------------
2021-02-10 12:03:36 - main - INFO - Prescriptor: prescribe4/prescribe.py - exitcode: 0
2021-02-10 12:03:36 - main - INFO - ---------------------------------------------------------------------------------------
2021-02-10 12:08:20 - main - INFO - 
2021-02-10 12:08:20 - main - INFO - ---------------------------------------------------------------------------------------
2021-02-10 12:08:20 - main - INFO - Prescriptor: prescribe5/prescribe.py - exitcode: 0
2021-02-10 12:08:20 - main - INFO - ---------------------------------------------------------------------------------------
2021-02-10 12:08:22 - main - INFO - 
2021-02-10 12:08:22 - main - INFO - ---------------------------------------------------------------------------------------
2021-02-10 12:08:22 - main - INFO - Prescriptor: prescribe6/prescribe.py - exitcode: 0
2021-02-10 12:08:22 - main - INFO - ---------------------------------------------------------------------------------------
2021-02-10 12:11:08 - prescribe2 - INFO - Successfully executed /Users/anto/github/coronasurveys/code/xprize/prescribe2/prescribe.py
2021-02-10 12:11:08 - prescribe2 - INFO - Duration: 0:07:42.371594 seconds
2021-02-10 12:11:08 - main - INFO - 
2021-02-10 12:11:08 - main - INFO - ---------------------------------------------------------------------------------------
2021-02-10 12:11:08 - main - INFO - Prescriptor: prescribe2/prescribe.py - exitcode: 0
2021-02-10 12:11:08 - main - INFO - ---------------------------------------------------------------------------------------
2021-02-10 12:11:16 - main - INFO - 
2021-02-10 12:11:16 - main - INFO - ---------------------------------------------------------------------------------------
2021-02-10 12:11:16 - main - INFO - Prescriptor: prescribe7/prescribe.py - exitcode: 0
2021-02-10 12:11:16 - main - INFO - ---------------------------------------------------------------------------------------
2021-02-10 12:17:45 - main - INFO - 
2021-02-10 12:17:45 - main - INFO - ---------------------------------------------------------------------------------------
2021-02-10 12:17:45 - main - INFO - Prescriptor: prescribe1/prescribe.py - exitcode: 0
2021-02-10 12:17:45 - main - INFO - ---------------------------------------------------------------------------------------
2021-02-10 12:17:52 - main - INFO - 
2021-02-10 12:17:52 - main - INFO - ---------------------------------------------------------------------------------------
2021-02-10 12:17:52 - main - INFO - Prescriptor: prescribe8/prescribe.py - exitcode: 0
2021-02-10 12:17:52 - main - INFO - ---------------------------------------------------------------------------------------
2021-02-10 12:17:58 - main - INFO - 
2021-02-10 12:17:58 - main - INFO - ---------------------------------------------------------------------------------------
2021-02-10 12:17:58 - main - INFO - Prescriptor: prescribe9/prescribe.py - exitcode: 0
2021-02-10 12:17:58 - main - INFO - ---------------------------------------------------------------------------------------
2021-02-10 12:17:59 - main - INFO - #######   COMPLETED CORONASURVEYS MULTI-PRESCRIPTOR RUNNER  #####################################
2021-02-10 23:32:54 - main - INFO - 
2021-02-10 23:32:54 - main - INFO - 
2021-02-10 23:32:54 - main - INFO - #######  EXECUTING CORONASURVEYS MULTI-PRESCRIPTOR RUNNER  #####################################
2021-02-10 23:32:54 - main - INFO - 
2021-02-10 23:32:54 - main - INFO - Successfully created the directory ./prescriptions
2021-02-10 23:32:54 - main - INFO - 
2021-02-10 23:32:54 - main - INFO - ***************************************************************************************
2021-02-10 23:32:54 - main - INFO - ********* CORONASURVEYS PRESCRIPTIONS *************************************************
2021-02-10 23:32:54 - main - INFO - [
                                "prescribe0/prescribe.py",
                                "prescribe1/prescribe.py",
                                "prescribe2/prescribe.py",
                                "prescribe3/prescribe.py",
                                "prescribe4/prescribe.py",
                                "prescribe5/prescribe.py",
                                "prescribe6/prescribe.py",
                                "prescribe7/prescribe.py",
                                "prescribe8/prescribe.py",
                                "prescribe9/prescribe.py"
]
2021-02-10 23:32:54 - main - INFO - ***************************************************************************************
2021-02-10 23:32:54 - main - INFO - 
2021-02-10 23:32:54 - main - INFO - Launching prescriptor [prescribe0/prescribe.py] from 2021-02-10 to 2021-05-10
2021-02-10 23:32:55 - main - INFO - Command: python prescribe.py --start_date 2021-02-10 --end_date 2021-05-10 --interventions_past /Users/anto/github/coronasurveys/code/xprize/data/IPS-latest-full.csv --intervention_costs /Users/anto/github/coronasurveys/code/xprize/data/fixed_equal_costs.csv --output_file /Users/anto/github/coronasurveys/code/xprize/prescribe0/prescribe0_output.csv
2021-02-10 23:32:55 - main - INFO - Main script - Successfully launched subprocesses.
2021-02-10 23:32:55 - main - INFO - Launching prescriptor [prescribe1/prescribe.py] from 2021-02-10 to 2021-05-10
2021-02-10 23:32:56 - main - INFO - Command: python prescribe.py --start_date 2021-02-10 --end_date 2021-05-10 --interventions_past /Users/anto/github/coronasurveys/code/xprize/data/IPS-latest-full.csv --intervention_costs /Users/anto/github/coronasurveys/code/xprize/data/fixed_equal_costs.csv --output_file /Users/anto/github/coronasurveys/code/xprize/prescribe1/prescribe1_output.csv
2021-02-10 23:32:56 - main - INFO - Main script - Successfully launched subprocesses.
2021-02-10 23:32:56 - main - INFO - Launching prescriptor [prescribe2/prescribe.py] from 2021-02-10 to 2021-05-10
2021-02-10 23:32:56 - main - INFO - Command: python prescribe.py --start_date 2021-02-10 --end_date 2021-05-10 --interventions_past /Users/anto/github/coronasurveys/code/xprize/data/IPS-latest-full.csv --intervention_costs /Users/anto/github/coronasurveys/code/xprize/data/fixed_equal_costs.csv --output_file /Users/anto/github/coronasurveys/code/xprize/prescribe2/prescribe2_output.csv
2021-02-10 23:32:56 - main - INFO - Main script - Successfully launched subprocesses.
2021-02-10 23:32:56 - main - INFO - Launching prescriptor [prescribe3/prescribe.py] from 2021-02-10 to 2021-05-10
2021-02-10 23:32:57 - numexpr.utils - INFO - NumExpr defaulting to 8 threads.
2021-02-10 23:32:57 - main - INFO - Command: python prescribe.py --start_date 2021-02-10 --end_date 2021-05-10 --interventions_past /Users/anto/github/coronasurveys/code/xprize/data/IPS-latest-full.csv --intervention_costs /Users/anto/github/coronasurveys/code/xprize/data/fixed_equal_costs.csv --output_file /Users/anto/github/coronasurveys/code/xprize/prescribe3/prescribe3_output.csv
2021-02-10 23:32:57 - main - INFO - Main script - Successfully launched subprocesses.
2021-02-10 23:32:57 - main - INFO - Launching prescriptor [prescribe4/prescribe.py] from 2021-02-10 to 2021-05-10
2021-02-10 23:32:58 - main - INFO - Command: python prescribe.py --start_date 2021-02-10 --end_date 2021-05-10 --interventions_past /Users/anto/github/coronasurveys/code/xprize/data/IPS-latest-full.csv --intervention_costs /Users/anto/github/coronasurveys/code/xprize/data/fixed_equal_costs.csv --output_file /Users/anto/github/coronasurveys/code/xprize/prescribe4/prescribe4_output.csv
2021-02-10 23:32:58 - main - INFO - Main script - Successfully launched subprocesses.
2021-02-10 23:32:58 - main - INFO - Launching prescriptor [prescribe5/prescribe.py] from 2021-02-10 to 2021-05-10
2021-02-10 23:32:59 - main - INFO - Command: python prescribe.py --start_date 2021-02-10 --end_date 2021-05-10 --interventions_past /Users/anto/github/coronasurveys/code/xprize/data/IPS-latest-full.csv --intervention_costs /Users/anto/github/coronasurveys/code/xprize/data/fixed_equal_costs.csv --output_file /Users/anto/github/coronasurveys/code/xprize/prescribe5/prescribe5_output.csv
2021-02-10 23:32:59 - main - INFO - Main script - Successfully launched subprocesses.
2021-02-10 23:32:59 - main - INFO - Launching prescriptor [prescribe6/prescribe.py] from 2021-02-10 to 2021-05-10
2021-02-10 23:33:00 - main - INFO - Command: python prescribe.py --start_date 2021-02-10 --end_date 2021-05-10 --interventions_past /Users/anto/github/coronasurveys/code/xprize/data/IPS-latest-full.csv --intervention_costs /Users/anto/github/coronasurveys/code/xprize/data/fixed_equal_costs.csv --output_file /Users/anto/github/coronasurveys/code/xprize/prescribe6/prescribe6_output.csv
2021-02-10 23:33:00 - main - INFO - Main script - Successfully launched subprocesses.
2021-02-10 23:33:00 - main - INFO - Launching prescriptor [prescribe7/prescribe.py] from 2021-02-10 to 2021-05-10
2021-02-10 23:33:01 - main - INFO - Command: python prescribe.py --start_date 2021-02-10 --end_date 2021-05-10 --interventions_past /Users/anto/github/coronasurveys/code/xprize/data/IPS-latest-full.csv --intervention_costs /Users/anto/github/coronasurveys/code/xprize/data/fixed_equal_costs.csv --output_file /Users/anto/github/coronasurveys/code/xprize/prescribe7/prescribe7_output.csv
2021-02-10 23:33:01 - main - INFO - Main script - Successfully launched subprocesses.
2021-02-10 23:33:01 - main - INFO - Launching prescriptor [prescribe8/prescribe.py] from 2021-02-10 to 2021-05-10
2021-02-10 23:33:03 - main - INFO - Command: python prescribe.py --start_date 2021-02-10 --end_date 2021-05-10 --interventions_past /Users/anto/github/coronasurveys/code/xprize/data/IPS-latest-full.csv --intervention_costs /Users/anto/github/coronasurveys/code/xprize/data/fixed_equal_costs.csv --output_file /Users/anto/github/coronasurveys/code/xprize/prescribe8/prescribe8_output.csv
2021-02-10 23:33:03 - main - INFO - Main script - Successfully launched subprocesses.
2021-02-10 23:33:03 - main - INFO - Launching prescriptor [prescribe9/prescribe.py] from 2021-02-10 to 2021-05-10
2021-02-10 23:33:04 - main - INFO - Command: python prescribe.py --start_date 2021-02-10 --end_date 2021-05-10 --interventions_past /Users/anto/github/coronasurveys/code/xprize/data/IPS-latest-full.csv --intervention_costs /Users/anto/github/coronasurveys/code/xprize/data/fixed_equal_costs.csv --output_file /Users/anto/github/coronasurveys/code/xprize/prescribe9/prescribe9_output.csv
2021-02-10 23:33:04 - main - INFO - Main script - Successfully launched subprocesses.
2021-02-10 23:33:04 - main - INFO - 
2021-02-10 23:33:04 - main - INFO - ####### Launched CORONASURVEYS MULTI-PRESCRIPTOR RUNNER
2021-02-10 23:33:04 - main - INFO - 
2021-02-10 23:33:05 - main - INFO - 
2021-02-10 23:33:05 - main - INFO - ---------------------------------------------------------------------------------------
2021-02-10 23:33:05 - main - INFO - Prescriptor: prescribe0/prescribe.py - exitcode: 0
2021-02-10 23:33:05 - main - INFO - ---------------------------------------------------------------------------------------
2021-02-10 23:33:05 - main - INFO - 
2021-02-10 23:33:05 - main - INFO - ---------------------------------------------------------------------------------------
2021-02-10 23:33:05 - main - INFO - Prescriptor: prescribe3/prescribe.py - exitcode: 0
2021-02-10 23:33:05 - main - INFO - ---------------------------------------------------------------------------------------
2021-02-10 23:33:06 - main - INFO - 
2021-02-10 23:33:06 - main - INFO - ---------------------------------------------------------------------------------------
2021-02-10 23:33:06 - main - INFO - Prescriptor: prescribe4/prescribe.py - exitcode: 0
2021-02-10 23:33:06 - main - INFO - ---------------------------------------------------------------------------------------
2021-02-10 23:37:14 - main - INFO - 
2021-02-10 23:37:14 - main - INFO - ---------------------------------------------------------------------------------------
2021-02-10 23:37:14 - main - INFO - Prescriptor: prescribe5/prescribe.py - exitcode: 0
2021-02-10 23:37:14 - main - INFO - ---------------------------------------------------------------------------------------
2021-02-10 23:37:16 - main - INFO - 
2021-02-10 23:37:16 - main - INFO - ---------------------------------------------------------------------------------------
2021-02-10 23:37:16 - main - INFO - Prescriptor: prescribe6/prescribe.py - exitcode: 0
2021-02-10 23:37:16 - main - INFO - ---------------------------------------------------------------------------------------
2021-02-10 23:39:41 - prescribe2 - INFO - Successfully executed /Users/anto/github/coronasurveys/code/xprize/prescribe2/prescribe.py
2021-02-10 23:39:41 - prescribe2 - INFO - Duration: 0:06:44.784522 seconds
2021-02-10 23:39:42 - main - INFO - 
2021-02-10 23:39:42 - main - INFO - ---------------------------------------------------------------------------------------
2021-02-10 23:39:42 - main - INFO - Prescriptor: prescribe2/prescribe.py - exitcode: 0
2021-02-10 23:39:42 - main - INFO - ---------------------------------------------------------------------------------------
2021-02-10 23:39:43 - main - INFO - 
2021-02-10 23:39:43 - main - INFO - ---------------------------------------------------------------------------------------
2021-02-10 23:39:43 - main - INFO - Prescriptor: prescribe7/prescribe.py - exitcode: 0
2021-02-10 23:39:43 - main - INFO - ---------------------------------------------------------------------------------------
2021-02-10 23:45:33 - main - INFO - 
2021-02-10 23:45:33 - main - INFO - ---------------------------------------------------------------------------------------
2021-02-10 23:45:33 - main - INFO - Prescriptor: prescribe1/prescribe.py - exitcode: 0
2021-02-10 23:45:33 - main - INFO - ---------------------------------------------------------------------------------------
2021-02-10 23:45:40 - main - INFO - 
2021-02-10 23:45:40 - main - INFO - ---------------------------------------------------------------------------------------
2021-02-10 23:45:40 - main - INFO - Prescriptor: prescribe9/prescribe.py - exitcode: 0
2021-02-10 23:45:40 - main - INFO - ---------------------------------------------------------------------------------------
2021-02-10 23:45:41 - main - INFO - 
2021-02-10 23:45:41 - main - INFO - ---------------------------------------------------------------------------------------
2021-02-10 23:45:41 - main - INFO - Prescriptor: prescribe8/prescribe.py - exitcode: 0
2021-02-10 23:45:41 - main - INFO - ---------------------------------------------------------------------------------------
2021-02-10 23:45:42 - main - INFO - #######   COMPLETED CORONASURVEYS MULTI-PRESCRIPTOR RUNNER  #####################################
2021-02-10 23:45:43 - main - INFO - 
2021-02-10 23:45:43 - main - INFO - 
2021-02-10 23:45:43 - main - INFO - #######  EXECUTING CORONASURVEYS MULTI-PRESCRIPTOR RUNNER  #####################################
2021-02-10 23:45:43 - main - INFO - 
2021-02-10 23:45:43 - main - INFO - Successfully created the directory ./prescriptions
2021-02-10 23:45:43 - main - INFO - 
2021-02-10 23:45:43 - main - INFO - ***************************************************************************************
2021-02-10 23:45:43 - main - INFO - ********* CORONASURVEYS PRESCRIPTIONS *************************************************
2021-02-10 23:45:43 - main - INFO - [
                                "prescribe0/prescribe.py",
                                "prescribe1/prescribe.py",
                                "prescribe2/prescribe.py",
                                "prescribe3/prescribe.py",
                                "prescribe4/prescribe.py",
                                "prescribe5/prescribe.py",
                                "prescribe6/prescribe.py",
                                "prescribe7/prescribe.py",
                                "prescribe8/prescribe.py",
                                "prescribe9/prescribe.py"
]
2021-02-10 23:45:43 - main - INFO - ***************************************************************************************
2021-02-10 23:45:43 - main - INFO - 
2021-02-10 23:45:43 - main - INFO - Launching prescriptor [prescribe0/prescribe.py] from 2021-02-10 to 2021-05-10
2021-02-10 23:45:43 - main - INFO - Command: python prescribe.py --start_date 2021-02-10 --end_date 2021-05-10 --interventions_past /Users/anto/github/coronasurveys/code/xprize/data/IPS-latest-full.csv --intervention_costs /Users/anto/github/coronasurveys/code/xprize/data/uniform_random_costs.csv --output_file /Users/anto/github/coronasurveys/code/xprize/prescribe0/prescribe0_output.csv
2021-02-10 23:45:43 - main - INFO - Main script - Successfully launched subprocesses.
2021-02-10 23:45:43 - main - INFO - Launching prescriptor [prescribe1/prescribe.py] from 2021-02-10 to 2021-05-10
2021-02-10 23:45:44 - main - INFO - Command: python prescribe.py --start_date 2021-02-10 --end_date 2021-05-10 --interventions_past /Users/anto/github/coronasurveys/code/xprize/data/IPS-latest-full.csv --intervention_costs /Users/anto/github/coronasurveys/code/xprize/data/uniform_random_costs.csv --output_file /Users/anto/github/coronasurveys/code/xprize/prescribe1/prescribe1_output.csv
2021-02-10 23:45:44 - main - INFO - Main script - Successfully launched subprocesses.
2021-02-10 23:45:44 - main - INFO - Launching prescriptor [prescribe2/prescribe.py] from 2021-02-10 to 2021-05-10
2021-02-10 23:45:45 - main - INFO - Command: python prescribe.py --start_date 2021-02-10 --end_date 2021-05-10 --interventions_past /Users/anto/github/coronasurveys/code/xprize/data/IPS-latest-full.csv --intervention_costs /Users/anto/github/coronasurveys/code/xprize/data/uniform_random_costs.csv --output_file /Users/anto/github/coronasurveys/code/xprize/prescribe2/prescribe2_output.csv
2021-02-10 23:45:45 - main - INFO - Main script - Successfully launched subprocesses.
2021-02-10 23:45:45 - main - INFO - Launching prescriptor [prescribe3/prescribe.py] from 2021-02-10 to 2021-05-10
2021-02-10 23:45:45 - numexpr.utils - INFO - NumExpr defaulting to 8 threads.
2021-02-10 23:45:45 - main - INFO - Command: python prescribe.py --start_date 2021-02-10 --end_date 2021-05-10 --interventions_past /Users/anto/github/coronasurveys/code/xprize/data/IPS-latest-full.csv --intervention_costs /Users/anto/github/coronasurveys/code/xprize/data/uniform_random_costs.csv --output_file /Users/anto/github/coronasurveys/code/xprize/prescribe3/prescribe3_output.csv
2021-02-10 23:45:45 - main - INFO - Main script - Successfully launched subprocesses.
2021-02-10 23:45:45 - main - INFO - Launching prescriptor [prescribe4/prescribe.py] from 2021-02-10 to 2021-05-10
2021-02-10 23:45:46 - main - INFO - Command: python prescribe.py --start_date 2021-02-10 --end_date 2021-05-10 --interventions_past /Users/anto/github/coronasurveys/code/xprize/data/IPS-latest-full.csv --intervention_costs /Users/anto/github/coronasurveys/code/xprize/data/uniform_random_costs.csv --output_file /Users/anto/github/coronasurveys/code/xprize/prescribe4/prescribe4_output.csv
2021-02-10 23:45:46 - main - INFO - Main script - Successfully launched subprocesses.
2021-02-10 23:45:46 - main - INFO - Launching prescriptor [prescribe5/prescribe.py] from 2021-02-10 to 2021-05-10
2021-02-10 23:45:47 - main - INFO - Command: python prescribe.py --start_date 2021-02-10 --end_date 2021-05-10 --interventions_past /Users/anto/github/coronasurveys/code/xprize/data/IPS-latest-full.csv --intervention_costs /Users/anto/github/coronasurveys/code/xprize/data/uniform_random_costs.csv --output_file /Users/anto/github/coronasurveys/code/xprize/prescribe5/prescribe5_output.csv
2021-02-10 23:45:47 - main - INFO - Main script - Successfully launched subprocesses.
2021-02-10 23:45:47 - main - INFO - Launching prescriptor [prescribe6/prescribe.py] from 2021-02-10 to 2021-05-10
2021-02-10 23:45:49 - main - INFO - Command: python prescribe.py --start_date 2021-02-10 --end_date 2021-05-10 --interventions_past /Users/anto/github/coronasurveys/code/xprize/data/IPS-latest-full.csv --intervention_costs /Users/anto/github/coronasurveys/code/xprize/data/uniform_random_costs.csv --output_file /Users/anto/github/coronasurveys/code/xprize/prescribe6/prescribe6_output.csv
2021-02-10 23:45:49 - main - INFO - Main script - Successfully launched subprocesses.
2021-02-10 23:45:49 - main - INFO - Launching prescriptor [prescribe7/prescribe.py] from 2021-02-10 to 2021-05-10
2021-02-10 23:45:50 - main - INFO - Command: python prescribe.py --start_date 2021-02-10 --end_date 2021-05-10 --interventions_past /Users/anto/github/coronasurveys/code/xprize/data/IPS-latest-full.csv --intervention_costs /Users/anto/github/coronasurveys/code/xprize/data/uniform_random_costs.csv --output_file /Users/anto/github/coronasurveys/code/xprize/prescribe7/prescribe7_output.csv
2021-02-10 23:45:50 - main - INFO - Main script - Successfully launched subprocesses.
2021-02-10 23:45:50 - main - INFO - Launching prescriptor [prescribe8/prescribe.py] from 2021-02-10 to 2021-05-10
2021-02-10 23:45:52 - main - INFO - Command: python prescribe.py --start_date 2021-02-10 --end_date 2021-05-10 --interventions_past /Users/anto/github/coronasurveys/code/xprize/data/IPS-latest-full.csv --intervention_costs /Users/anto/github/coronasurveys/code/xprize/data/uniform_random_costs.csv --output_file /Users/anto/github/coronasurveys/code/xprize/prescribe8/prescribe8_output.csv
2021-02-10 23:45:52 - main - INFO - Main script - Successfully launched subprocesses.
2021-02-10 23:45:52 - main - INFO - Launching prescriptor [prescribe9/prescribe.py] from 2021-02-10 to 2021-05-10
2021-02-10 23:45:53 - main - INFO - Command: python prescribe.py --start_date 2021-02-10 --end_date 2021-05-10 --interventions_past /Users/anto/github/coronasurveys/code/xprize/data/IPS-latest-full.csv --intervention_costs /Users/anto/github/coronasurveys/code/xprize/data/uniform_random_costs.csv --output_file /Users/anto/github/coronasurveys/code/xprize/prescribe9/prescribe9_output.csv
2021-02-10 23:45:53 - main - INFO - Main script - Successfully launched subprocesses.
2021-02-10 23:45:53 - main - INFO - 
2021-02-10 23:45:53 - main - INFO - ####### Launched CORONASURVEYS MULTI-PRESCRIPTOR RUNNER
2021-02-10 23:45:53 - main - INFO - 
2021-02-10 23:45:54 - main - INFO - 
2021-02-10 23:45:54 - main - INFO - ---------------------------------------------------------------------------------------
2021-02-10 23:45:54 - main - INFO - Prescriptor: prescribe0/prescribe.py - exitcode: 0
2021-02-10 23:45:54 - main - INFO - ---------------------------------------------------------------------------------------
2021-02-10 23:45:54 - main - INFO - 
2021-02-10 23:45:54 - main - INFO - ---------------------------------------------------------------------------------------
2021-02-10 23:45:54 - main - INFO - Prescriptor: prescribe3/prescribe.py - exitcode: 0
2021-02-10 23:45:54 - main - INFO - ---------------------------------------------------------------------------------------
2021-02-10 23:45:55 - main - INFO - 
2021-02-10 23:45:55 - main - INFO - ---------------------------------------------------------------------------------------
2021-02-10 23:45:55 - main - INFO - Prescriptor: prescribe4/prescribe.py - exitcode: 0
2021-02-10 23:45:55 - main - INFO - ---------------------------------------------------------------------------------------
2021-02-10 23:50:02 - main - INFO - 
2021-02-10 23:50:02 - main - INFO - ---------------------------------------------------------------------------------------
2021-02-10 23:50:02 - main - INFO - Prescriptor: prescribe5/prescribe.py - exitcode: 0
2021-02-10 23:50:02 - main - INFO - ---------------------------------------------------------------------------------------
2021-02-10 23:50:05 - main - INFO - 
2021-02-10 23:50:05 - main - INFO - ---------------------------------------------------------------------------------------
2021-02-10 23:50:05 - main - INFO - Prescriptor: prescribe6/prescribe.py - exitcode: 0
2021-02-10 23:50:05 - main - INFO - ---------------------------------------------------------------------------------------
2021-02-10 23:52:29 - prescribe2 - INFO - Successfully executed /Users/anto/github/coronasurveys/code/xprize/prescribe2/prescribe.py
2021-02-10 23:52:29 - prescribe2 - INFO - Duration: 0:06:44.480948 seconds
2021-02-10 23:52:30 - main - INFO - 
2021-02-10 23:52:30 - main - INFO - ---------------------------------------------------------------------------------------
2021-02-10 23:52:30 - main - INFO - Prescriptor: prescribe2/prescribe.py - exitcode: 0
2021-02-10 23:52:30 - main - INFO - ---------------------------------------------------------------------------------------
2021-02-10 23:52:35 - main - INFO - 
2021-02-10 23:52:35 - main - INFO - ---------------------------------------------------------------------------------------
2021-02-10 23:52:35 - main - INFO - Prescriptor: prescribe7/prescribe.py - exitcode: 0
2021-02-10 23:52:35 - main - INFO - ---------------------------------------------------------------------------------------
2021-02-10 23:58:26 - main - INFO - 
2021-02-10 23:58:26 - main - INFO - ---------------------------------------------------------------------------------------
2021-02-10 23:58:26 - main - INFO - Prescriptor: prescribe1/prescribe.py - exitcode: 0
2021-02-10 23:58:26 - main - INFO - ---------------------------------------------------------------------------------------
2021-02-10 23:58:27 - main - INFO - 
2021-02-10 23:58:27 - main - INFO - ---------------------------------------------------------------------------------------
2021-02-10 23:58:27 - main - INFO - Prescriptor: prescribe8/prescribe.py - exitcode: 0
2021-02-10 23:58:27 - main - INFO - ---------------------------------------------------------------------------------------
2021-02-10 23:58:31 - main - INFO - 
2021-02-10 23:58:31 - main - INFO - ---------------------------------------------------------------------------------------
2021-02-10 23:58:31 - main - INFO - Prescriptor: prescribe9/prescribe.py - exitcode: 0
2021-02-10 23:58:31 - main - INFO - ---------------------------------------------------------------------------------------
2021-02-10 23:58:32 - main - INFO - #######   COMPLETED CORONASURVEYS MULTI-PRESCRIPTOR RUNNER  #####################################
