2021-02-08 00:22:55 - main - INFO - 
2021-02-08 00:22:55 - main - INFO - 
2021-02-08 00:22:55 - main - INFO - #######  EXECUTING CORONASURVEYS MULTI-PRESCRIPTOR RUNNER  #####################################
2021-02-08 00:22:55 - main - INFO - 
2021-02-08 00:22:55 - main - INFO - Successfully created the directory ./prescriptions
2021-02-08 00:22:55 - main - INFO - 
2021-02-08 00:22:55 - main - INFO - ***************************************************************************************
2021-02-08 00:22:55 - main - INFO - ********* CORONASURVEYS PRESCRIPTIONS *************************************************
2021-02-08 00:22:55 - main - INFO - [
                                "prescribe0/prescribe.py",
                                "prescribe1/prescribe.py",
                                "prescribe2/prescribe.py",
                                "prescribe3/prescribe.py",
                                "prescribe4/prescribe.py",
                                "prescribe5/prescribe.py",
                                "prescribe6/prescribe.py",
                                "prescribe7/prescribe.py",
                                "prescribe8/prescribe.py",
                                "prescribe9/prescribe.py"
]
2021-02-08 00:22:55 - main - INFO - ***************************************************************************************
2021-02-08 00:22:55 - main - INFO - 
2021-02-08 00:22:55 - main - INFO - Launching prescriptor [prescribe0/prescribe.py] from 2021-02-08 to 2021-02-28
2021-02-08 00:22:56 - main - INFO - Command: python prescribe.py --start_date 2021-02-08 --end_date 2021-02-28 --interventions_past /Users/anto/github/coronasurveys/code/xprize/data/IPS-latest-full.csv --intervention_costs /Users/anto/github/coronasurveys/code/xprize/data/fixed_equal_costs.csv --output_file /Users/anto/github/coronasurveys/code/xprize/prescribe0/prescribe0_output.csv
2021-02-08 00:22:56 - main - INFO - Main script - Successfully launched subprocesses.
2021-02-08 00:22:56 - main - INFO - Launching prescriptor [prescribe1/prescribe.py] from 2021-02-08 to 2021-02-28
2021-02-08 00:22:57 - main - INFO - Command: python prescribe.py --start_date 2021-02-08 --end_date 2021-02-28 --interventions_past /Users/anto/github/coronasurveys/code/xprize/data/IPS-latest-full.csv --intervention_costs /Users/anto/github/coronasurveys/code/xprize/data/fixed_equal_costs.csv --output_file /Users/anto/github/coronasurveys/code/xprize/prescribe1/prescribe1_output.csv
2021-02-08 00:22:57 - main - INFO - Main script - Successfully launched subprocesses.
2021-02-08 00:22:57 - main - INFO - Launching prescriptor [prescribe2/prescribe.py] from 2021-02-08 to 2021-02-28
2021-02-08 00:22:58 - main - INFO - Command: python prescribe.py --start_date 2021-02-08 --end_date 2021-02-28 --interventions_past /Users/anto/github/coronasurveys/code/xprize/data/IPS-latest-full.csv --intervention_costs /Users/anto/github/coronasurveys/code/xprize/data/fixed_equal_costs.csv --output_file /Users/anto/github/coronasurveys/code/xprize/prescribe2/prescribe2_output.csv
2021-02-08 00:22:58 - main - INFO - Main script - Successfully launched subprocesses.
2021-02-08 00:22:58 - main - INFO - Launching prescriptor [prescribe3/prescribe.py] from 2021-02-08 to 2021-02-28
2021-02-08 00:22:59 - numexpr.utils - INFO - NumExpr defaulting to 8 threads.
2021-02-08 00:22:59 - main - INFO - Command: python prescribe.py --start_date 2021-02-08 --end_date 2021-02-28 --interventions_past /Users/anto/github/coronasurveys/code/xprize/data/IPS-latest-full.csv --intervention_costs /Users/anto/github/coronasurveys/code/xprize/data/fixed_equal_costs.csv --output_file /Users/anto/github/coronasurveys/code/xprize/prescribe3/prescribe3_output.csv
2021-02-08 00:22:59 - main - INFO - Main script - Successfully launched subprocesses.
2021-02-08 00:22:59 - main - INFO - Launching prescriptor [prescribe4/prescribe.py] from 2021-02-08 to 2021-02-28
2021-02-08 00:23:00 - main - INFO - Command: python prescribe.py --start_date 2021-02-08 --end_date 2021-02-28 --interventions_past /Users/anto/github/coronasurveys/code/xprize/data/IPS-latest-full.csv --intervention_costs /Users/anto/github/coronasurveys/code/xprize/data/fixed_equal_costs.csv --output_file /Users/anto/github/coronasurveys/code/xprize/prescribe4/prescribe4_output.csv
2021-02-08 00:23:00 - main - INFO - Main script - Successfully launched subprocesses.
2021-02-08 00:23:00 - main - INFO - Launching prescriptor [prescribe5/prescribe.py] from 2021-02-08 to 2021-02-28
2021-02-08 00:23:02 - main - INFO - Command: python prescribe.py --start_date 2021-02-08 --end_date 2021-02-28 --interventions_past /Users/anto/github/coronasurveys/code/xprize/data/IPS-latest-full.csv --intervention_costs /Users/anto/github/coronasurveys/code/xprize/data/fixed_equal_costs.csv --output_file /Users/anto/github/coronasurveys/code/xprize/prescribe5/prescribe5_output.csv
2021-02-08 00:23:02 - main - INFO - Main script - Successfully launched subprocesses.
2021-02-08 00:23:02 - main - INFO - Launching prescriptor [prescribe6/prescribe.py] from 2021-02-08 to 2021-02-28
2021-02-08 00:23:04 - main - INFO - Command: python prescribe.py --start_date 2021-02-08 --end_date 2021-02-28 --interventions_past /Users/anto/github/coronasurveys/code/xprize/data/IPS-latest-full.csv --intervention_costs /Users/anto/github/coronasurveys/code/xprize/data/fixed_equal_costs.csv --output_file /Users/anto/github/coronasurveys/code/xprize/prescribe6/prescribe6_output.csv
2021-02-08 00:23:04 - main - INFO - Main script - Successfully launched subprocesses.
2021-02-08 00:23:04 - main - INFO - Launching prescriptor [prescribe7/prescribe.py] from 2021-02-08 to 2021-02-28
2021-02-08 00:23:05 - main - INFO - Command: python prescribe.py --start_date 2021-02-08 --end_date 2021-02-28 --interventions_past /Users/anto/github/coronasurveys/code/xprize/data/IPS-latest-full.csv --intervention_costs /Users/anto/github/coronasurveys/code/xprize/data/fixed_equal_costs.csv --output_file /Users/anto/github/coronasurveys/code/xprize/prescribe7/prescribe7_output.csv
2021-02-08 00:23:05 - main - INFO - Main script - Successfully launched subprocesses.
2021-02-08 00:23:05 - main - INFO - Launching prescriptor [prescribe8/prescribe.py] from 2021-02-08 to 2021-02-28
2021-02-08 00:23:07 - main - INFO - Command: python prescribe.py --start_date 2021-02-08 --end_date 2021-02-28 --interventions_past /Users/anto/github/coronasurveys/code/xprize/data/IPS-latest-full.csv --intervention_costs /Users/anto/github/coronasurveys/code/xprize/data/fixed_equal_costs.csv --output_file /Users/anto/github/coronasurveys/code/xprize/prescribe8/prescribe8_output.csv
2021-02-08 00:23:07 - main - INFO - Main script - Successfully launched subprocesses.
2021-02-08 00:23:07 - main - INFO - Launching prescriptor [prescribe9/prescribe.py] from 2021-02-08 to 2021-02-28
2021-02-08 00:23:10 - main - INFO - Command: python prescribe.py --start_date 2021-02-08 --end_date 2021-02-28 --interventions_past /Users/anto/github/coronasurveys/code/xprize/data/IPS-latest-full.csv --intervention_costs /Users/anto/github/coronasurveys/code/xprize/data/fixed_equal_costs.csv --output_file /Users/anto/github/coronasurveys/code/xprize/prescribe9/prescribe9_output.csv
2021-02-08 00:23:10 - main - INFO - Main script - Successfully launched subprocesses.
2021-02-08 00:23:10 - main - INFO - 
2021-02-08 00:23:10 - main - INFO - ####### Launched CORONASURVEYS MULTI-PRESCRIPTOR RUNNER
2021-02-08 00:23:10 - main - INFO - 
2021-02-08 00:23:11 - main - INFO - 
2021-02-08 00:23:11 - main - INFO - ---------------------------------------------------------------------------------------
2021-02-08 00:23:11 - main - INFO - Prescriptor: prescribe0/prescribe.py - exitcode: 0
2021-02-08 00:23:11 - main - INFO - ---------------------------------------------------------------------------------------
2021-02-08 00:23:11 - main - INFO - 
2021-02-08 00:23:11 - main - INFO - ---------------------------------------------------------------------------------------
2021-02-08 00:23:11 - main - INFO - Prescriptor: prescribe3/prescribe.py - exitcode: 0
2021-02-08 00:23:11 - main - INFO - ---------------------------------------------------------------------------------------
2021-02-08 00:23:12 - main - INFO - 
2021-02-08 00:23:12 - main - INFO - ---------------------------------------------------------------------------------------
2021-02-08 00:23:12 - main - INFO - Prescriptor: prescribe4/prescribe.py - exitcode: 0
2021-02-08 00:23:12 - main - INFO - ---------------------------------------------------------------------------------------
2021-02-08 00:24:34 - prescribe2 - INFO - Successfully executed /Users/anto/github/coronasurveys/code/xprize/prescribe2/prescribe.py
2021-02-08 00:24:34 - prescribe2 - INFO - Duration: 0:01:34.857338 seconds
2021-02-08 00:24:34 - main - INFO - 
2021-02-08 00:24:34 - main - INFO - ---------------------------------------------------------------------------------------
2021-02-08 00:24:34 - main - INFO - Prescriptor: prescribe2/prescribe.py - exitcode: 0
2021-02-08 00:24:34 - main - INFO - ---------------------------------------------------------------------------------------
2021-02-08 00:24:43 - main - INFO - 
2021-02-08 00:24:43 - main - INFO - ---------------------------------------------------------------------------------------
2021-02-08 00:24:43 - main - INFO - Prescriptor: prescribe7/prescribe.py - exitcode: 0
2021-02-08 00:24:43 - main - INFO - ---------------------------------------------------------------------------------------
2021-02-08 00:28:12 - main - INFO - 
2021-02-08 00:28:12 - main - INFO - ---------------------------------------------------------------------------------------
2021-02-08 00:28:12 - main - INFO - Prescriptor: prescribe5/prescribe.py - exitcode: 0
2021-02-08 00:28:12 - main - INFO - ---------------------------------------------------------------------------------------
2021-02-08 00:28:17 - main - INFO - 
2021-02-08 00:28:17 - main - INFO - ---------------------------------------------------------------------------------------
2021-02-08 00:28:17 - main - INFO - Prescriptor: prescribe6/prescribe.py - exitcode: 0
2021-02-08 00:28:17 - main - INFO - ---------------------------------------------------------------------------------------
2021-02-08 00:31:54 - main - INFO - 
2021-02-08 00:31:54 - main - INFO - ---------------------------------------------------------------------------------------
2021-02-08 00:31:54 - main - INFO - Prescriptor: prescribe1/prescribe.py - exitcode: 0
2021-02-08 00:31:54 - main - INFO - ---------------------------------------------------------------------------------------
2021-02-08 00:31:59 - main - INFO - 
2021-02-08 00:31:59 - main - INFO - ---------------------------------------------------------------------------------------
2021-02-08 00:31:59 - main - INFO - Prescriptor: prescribe8/prescribe.py - exitcode: 0
2021-02-08 00:31:59 - main - INFO - ---------------------------------------------------------------------------------------
2021-02-08 00:32:01 - main - INFO - 
2021-02-08 00:32:01 - main - INFO - ---------------------------------------------------------------------------------------
2021-02-08 00:32:01 - main - INFO - Prescriptor: prescribe9/prescribe.py - exitcode: 0
2021-02-08 00:32:01 - main - INFO - ---------------------------------------------------------------------------------------
2021-02-08 00:32:01 - main - INFO - #######   COMPLETED CORONASURVEYS MULTI-PRESCRIPTOR RUNNER  #####################################
2021-02-08 09:53:40 - main - INFO - 
2021-02-08 09:53:40 - main - INFO - 
2021-02-08 09:53:40 - main - INFO - #######  EXECUTING CORONASURVEYS MULTI-PRESCRIPTOR RUNNER  #####################################
2021-02-08 09:53:40 - main - INFO - 
2021-02-08 09:53:40 - main - INFO - Successfully created the directory ./prescriptions
2021-02-08 09:53:40 - main - INFO - 
2021-02-08 09:53:40 - main - INFO - ***************************************************************************************
2021-02-08 09:53:40 - main - INFO - ********* CORONASURVEYS PRESCRIPTIONS *************************************************
2021-02-08 09:53:40 - main - INFO - [
                                "prescribe0/prescribe.py",
                                "prescribe1/prescribe.py",
                                "prescribe2/prescribe.py",
                                "prescribe3/prescribe.py",
                                "prescribe4/prescribe.py",
                                "prescribe5/prescribe.py",
                                "prescribe6/prescribe.py",
                                "prescribe7/prescribe.py",
                                "prescribe8/prescribe.py",
                                "prescribe9/prescribe.py"
]
2021-02-08 09:53:40 - main - INFO - ***************************************************************************************
2021-02-08 09:53:40 - main - INFO - 
2021-02-08 09:53:40 - main - INFO - Launching prescriptor [prescribe0/prescribe.py] from 2021-02-08 to 2021-02-28
2021-02-08 09:53:40 - main - INFO - Command: python prescribe.py --start_date 2021-02-08 --end_date 2021-02-28 --interventions_past /Users/anto/github/coronasurveys/code/xprize/data/IPS-latest-full.csv --intervention_costs /Users/anto/github/coronasurveys/code/xprize/data/fixed_equal_costs.csv --output_file /Users/anto/github/coronasurveys/code/xprize/prescribe0/prescribe0_output.csv
2021-02-08 09:53:40 - main - INFO - Main script - Successfully launched subprocesses.
2021-02-08 09:53:40 - main - INFO - Launching prescriptor [prescribe1/prescribe.py] from 2021-02-08 to 2021-02-28
2021-02-08 09:53:40 - main - INFO - Command: python prescribe.py --start_date 2021-02-08 --end_date 2021-02-28 --interventions_past /Users/anto/github/coronasurveys/code/xprize/data/IPS-latest-full.csv --intervention_costs /Users/anto/github/coronasurveys/code/xprize/data/fixed_equal_costs.csv --output_file /Users/anto/github/coronasurveys/code/xprize/prescribe1/prescribe1_output.csv
2021-02-08 09:53:40 - main - INFO - Main script - Successfully launched subprocesses.
2021-02-08 09:53:40 - main - INFO - Launching prescriptor [prescribe2/prescribe.py] from 2021-02-08 to 2021-02-28
2021-02-08 09:53:41 - main - INFO - Command: python prescribe.py --start_date 2021-02-08 --end_date 2021-02-28 --interventions_past /Users/anto/github/coronasurveys/code/xprize/data/IPS-latest-full.csv --intervention_costs /Users/anto/github/coronasurveys/code/xprize/data/fixed_equal_costs.csv --output_file /Users/anto/github/coronasurveys/code/xprize/prescribe2/prescribe2_output.csv
2021-02-08 09:53:41 - main - INFO - Main script - Successfully launched subprocesses.
2021-02-08 09:53:41 - main - INFO - Launching prescriptor [prescribe3/prescribe.py] from 2021-02-08 to 2021-02-28
2021-02-08 09:53:41 - main - INFO - Command: python prescribe.py --start_date 2021-02-08 --end_date 2021-02-28 --interventions_past /Users/anto/github/coronasurveys/code/xprize/data/IPS-latest-full.csv --intervention_costs /Users/anto/github/coronasurveys/code/xprize/data/fixed_equal_costs.csv --output_file /Users/anto/github/coronasurveys/code/xprize/prescribe3/prescribe3_output.csv
2021-02-08 09:53:41 - main - INFO - Main script - Successfully launched subprocesses.
2021-02-08 09:53:41 - main - INFO - Launching prescriptor [prescribe4/prescribe.py] from 2021-02-08 to 2021-02-28
2021-02-08 09:53:41 - numexpr.utils - INFO - NumExpr defaulting to 8 threads.
2021-02-08 09:53:41 - main - INFO - Command: python prescribe.py --start_date 2021-02-08 --end_date 2021-02-28 --interventions_past /Users/anto/github/coronasurveys/code/xprize/data/IPS-latest-full.csv --intervention_costs /Users/anto/github/coronasurveys/code/xprize/data/fixed_equal_costs.csv --output_file /Users/anto/github/coronasurveys/code/xprize/prescribe4/prescribe4_output.csv
2021-02-08 09:53:41 - main - INFO - Main script - Successfully launched subprocesses.
2021-02-08 09:53:41 - main - INFO - Launching prescriptor [prescribe5/prescribe.py] from 2021-02-08 to 2021-02-28
2021-02-08 09:53:42 - main - INFO - Command: python prescribe.py --start_date 2021-02-08 --end_date 2021-02-28 --interventions_past /Users/anto/github/coronasurveys/code/xprize/data/IPS-latest-full.csv --intervention_costs /Users/anto/github/coronasurveys/code/xprize/data/fixed_equal_costs.csv --output_file /Users/anto/github/coronasurveys/code/xprize/prescribe5/prescribe5_output.csv
2021-02-08 09:53:42 - main - INFO - Main script - Successfully launched subprocesses.
2021-02-08 09:53:42 - main - INFO - Launching prescriptor [prescribe6/prescribe.py] from 2021-02-08 to 2021-02-28
2021-02-08 09:53:43 - main - INFO - Command: python prescribe.py --start_date 2021-02-08 --end_date 2021-02-28 --interventions_past /Users/anto/github/coronasurveys/code/xprize/data/IPS-latest-full.csv --intervention_costs /Users/anto/github/coronasurveys/code/xprize/data/fixed_equal_costs.csv --output_file /Users/anto/github/coronasurveys/code/xprize/prescribe6/prescribe6_output.csv
2021-02-08 09:53:43 - main - INFO - Main script - Successfully launched subprocesses.
2021-02-08 09:53:43 - main - INFO - Launching prescriptor [prescribe7/prescribe.py] from 2021-02-08 to 2021-02-28
2021-02-08 09:53:43 - main - INFO - Command: python prescribe.py --start_date 2021-02-08 --end_date 2021-02-28 --interventions_past /Users/anto/github/coronasurveys/code/xprize/data/IPS-latest-full.csv --intervention_costs /Users/anto/github/coronasurveys/code/xprize/data/fixed_equal_costs.csv --output_file /Users/anto/github/coronasurveys/code/xprize/prescribe7/prescribe7_output.csv
2021-02-08 09:53:43 - main - INFO - Main script - Successfully launched subprocesses.
2021-02-08 09:53:43 - main - INFO - Launching prescriptor [prescribe8/prescribe.py] from 2021-02-08 to 2021-02-28
2021-02-08 09:53:44 - main - INFO - Command: python prescribe.py --start_date 2021-02-08 --end_date 2021-02-28 --interventions_past /Users/anto/github/coronasurveys/code/xprize/data/IPS-latest-full.csv --intervention_costs /Users/anto/github/coronasurveys/code/xprize/data/fixed_equal_costs.csv --output_file /Users/anto/github/coronasurveys/code/xprize/prescribe8/prescribe8_output.csv
2021-02-08 09:53:44 - main - INFO - Main script - Successfully launched subprocesses.
2021-02-08 09:53:44 - main - INFO - Launching prescriptor [prescribe9/prescribe.py] from 2021-02-08 to 2021-02-28
2021-02-08 09:53:45 - main - INFO - Command: python prescribe.py --start_date 2021-02-08 --end_date 2021-02-28 --interventions_past /Users/anto/github/coronasurveys/code/xprize/data/IPS-latest-full.csv --intervention_costs /Users/anto/github/coronasurveys/code/xprize/data/fixed_equal_costs.csv --output_file /Users/anto/github/coronasurveys/code/xprize/prescribe9/prescribe9_output.csv
2021-02-08 09:53:45 - main - INFO - Main script - Successfully launched subprocesses.
2021-02-08 09:53:45 - main - INFO - 
2021-02-08 09:53:45 - main - INFO - ####### Launched CORONASURVEYS MULTI-PRESCRIPTOR RUNNER
2021-02-08 09:53:45 - main - INFO - 
2021-02-08 09:53:46 - main - INFO - 
2021-02-08 09:53:46 - main - INFO - ---------------------------------------------------------------------------------------
2021-02-08 09:53:46 - main - INFO - Prescriptor: prescribe0/prescribe.py - exitcode: 0
2021-02-08 09:53:46 - main - INFO - ---------------------------------------------------------------------------------------
2021-02-08 09:53:48 - main - INFO - 
2021-02-08 09:53:48 - main - INFO - ---------------------------------------------------------------------------------------
2021-02-08 09:53:48 - main - INFO - Prescriptor: prescribe4/prescribe.py - exitcode: 0
2021-02-08 09:53:48 - main - INFO - ---------------------------------------------------------------------------------------
2021-02-08 09:53:50 - main - INFO - 
2021-02-08 09:53:50 - main - INFO - ---------------------------------------------------------------------------------------
2021-02-08 09:53:50 - main - INFO - Prescriptor: prescribe3/prescribe.py - exitcode: 0
2021-02-08 09:53:50 - main - INFO - ---------------------------------------------------------------------------------------
2021-02-08 09:55:16 - prescribe2 - INFO - Successfully executed /Users/anto/github/coronasurveys/code/xprize/prescribe2/prescribe.py
2021-02-08 09:55:16 - prescribe2 - INFO - Duration: 0:01:34.954223 seconds
2021-02-08 09:55:17 - main - INFO - 
2021-02-08 09:55:17 - main - INFO - ---------------------------------------------------------------------------------------
2021-02-08 09:55:17 - main - INFO - Prescriptor: prescribe2/prescribe.py - exitcode: 0
2021-02-08 09:55:17 - main - INFO - ---------------------------------------------------------------------------------------
2021-02-08 09:55:19 - main - INFO - 
2021-02-08 09:55:19 - main - INFO - ---------------------------------------------------------------------------------------
2021-02-08 09:55:19 - main - INFO - Prescriptor: prescribe7/prescribe.py - exitcode: 0
2021-02-08 09:55:19 - main - INFO - ---------------------------------------------------------------------------------------
2021-02-08 09:57:40 - main - INFO - 
2021-02-08 09:57:40 - main - INFO - ---------------------------------------------------------------------------------------
2021-02-08 09:57:40 - main - INFO - Prescriptor: prescribe5/prescribe.py - exitcode: 0
2021-02-08 09:57:40 - main - INFO - ---------------------------------------------------------------------------------------
2021-02-08 09:57:42 - main - INFO - 
2021-02-08 09:57:42 - main - INFO - ---------------------------------------------------------------------------------------
2021-02-08 09:57:42 - main - INFO - Prescriptor: prescribe6/prescribe.py - exitcode: 0
2021-02-08 09:57:42 - main - INFO - ---------------------------------------------------------------------------------------
2021-02-08 10:00:29 - main - INFO - 
2021-02-08 10:00:29 - main - INFO - ---------------------------------------------------------------------------------------
2021-02-08 10:00:29 - main - INFO - Prescriptor: prescribe8/prescribe.py - exitcode: 0
2021-02-08 10:00:29 - main - INFO - ---------------------------------------------------------------------------------------
2021-02-08 10:00:30 - main - INFO - 
2021-02-08 10:00:30 - main - INFO - ---------------------------------------------------------------------------------------
2021-02-08 10:00:30 - main - INFO - Prescriptor: prescribe1/prescribe.py - exitcode: 0
2021-02-08 10:00:30 - main - INFO - ---------------------------------------------------------------------------------------
2021-02-08 10:00:31 - main - INFO - 
2021-02-08 10:00:31 - main - INFO - ---------------------------------------------------------------------------------------
2021-02-08 10:00:31 - main - INFO - Prescriptor: prescribe9/prescribe.py - exitcode: 0
2021-02-08 10:00:31 - main - INFO - ---------------------------------------------------------------------------------------
2021-02-08 10:00:31 - main - INFO - #######   COMPLETED CORONASURVEYS MULTI-PRESCRIPTOR RUNNER  #####################################
2021-02-08 11:40:27 - main - INFO - 
2021-02-08 11:40:27 - main - INFO - 
2021-02-08 11:40:27 - main - INFO - #######  EXECUTING CORONASURVEYS MULTI-PRESCRIPTOR RUNNER  #####################################
2021-02-08 11:40:27 - main - INFO - 
2021-02-08 11:40:27 - main - INFO - Successfully created the directory ./prescriptions
2021-02-08 11:40:27 - main - INFO - 
2021-02-08 11:40:27 - main - INFO - ***************************************************************************************
2021-02-08 11:40:27 - main - INFO - ********* CORONASURVEYS PRESCRIPTIONS *************************************************
2021-02-08 11:40:27 - main - INFO - [
                                "prescribe0/prescribe.py",
                                "prescribe1/prescribe.py",
                                "prescribe2/prescribe.py",
                                "prescribe3/prescribe.py",
                                "prescribe4/prescribe.py",
                                "prescribe5/prescribe.py",
                                "prescribe6/prescribe.py",
                                "prescribe7/prescribe.py",
                                "prescribe8/prescribe.py",
                                "prescribe9/prescribe.py"
]
2021-02-08 11:40:27 - main - INFO - ***************************************************************************************
2021-02-08 11:40:27 - main - INFO - 
2021-02-08 11:40:27 - main - INFO - Launching prescriptor [prescribe0/prescribe.py] from 2021-02-08 to 2021-02-28
2021-02-08 11:40:28 - main - INFO - Command: python prescribe.py --start_date 2021-02-08 --end_date 2021-02-28 --interventions_past /Users/anto/github/coronasurveys/code/xprize/data/IPS-latest-full.csv --intervention_costs /Users/anto/github/coronasurveys/code/xprize/data/fixed_equal_costs.csv --output_file /Users/anto/github/coronasurveys/code/xprize/prescribe0/prescribe0_output.csv
2021-02-08 11:40:28 - main - INFO - Main script - Successfully launched subprocesses.
2021-02-08 11:40:28 - main - INFO - Launching prescriptor [prescribe1/prescribe.py] from 2021-02-08 to 2021-02-28
2021-02-08 11:40:28 - main - INFO - Command: python prescribe.py --start_date 2021-02-08 --end_date 2021-02-28 --interventions_past /Users/anto/github/coronasurveys/code/xprize/data/IPS-latest-full.csv --intervention_costs /Users/anto/github/coronasurveys/code/xprize/data/fixed_equal_costs.csv --output_file /Users/anto/github/coronasurveys/code/xprize/prescribe1/prescribe1_output.csv
2021-02-08 11:40:28 - main - INFO - Main script - Successfully launched subprocesses.
2021-02-08 11:40:28 - main - INFO - Launching prescriptor [prescribe2/prescribe.py] from 2021-02-08 to 2021-02-28
2021-02-08 11:40:28 - main - INFO - Command: python prescribe.py --start_date 2021-02-08 --end_date 2021-02-28 --interventions_past /Users/anto/github/coronasurveys/code/xprize/data/IPS-latest-full.csv --intervention_costs /Users/anto/github/coronasurveys/code/xprize/data/fixed_equal_costs.csv --output_file /Users/anto/github/coronasurveys/code/xprize/prescribe2/prescribe2_output.csv
2021-02-08 11:40:28 - main - INFO - Main script - Successfully launched subprocesses.
2021-02-08 11:40:28 - main - INFO - Launching prescriptor [prescribe3/prescribe.py] from 2021-02-08 to 2021-02-28
2021-02-08 11:40:29 - numexpr.utils - INFO - NumExpr defaulting to 8 threads.
2021-02-08 11:40:29 - main - INFO - Command: python prescribe.py --start_date 2021-02-08 --end_date 2021-02-28 --interventions_past /Users/anto/github/coronasurveys/code/xprize/data/IPS-latest-full.csv --intervention_costs /Users/anto/github/coronasurveys/code/xprize/data/fixed_equal_costs.csv --output_file /Users/anto/github/coronasurveys/code/xprize/prescribe3/prescribe3_output.csv
2021-02-08 11:40:29 - main - INFO - Main script - Successfully launched subprocesses.
2021-02-08 11:40:29 - main - INFO - Launching prescriptor [prescribe4/prescribe.py] from 2021-02-08 to 2021-02-28
2021-02-08 11:40:30 - main - INFO - Command: python prescribe.py --start_date 2021-02-08 --end_date 2021-02-28 --interventions_past /Users/anto/github/coronasurveys/code/xprize/data/IPS-latest-full.csv --intervention_costs /Users/anto/github/coronasurveys/code/xprize/data/fixed_equal_costs.csv --output_file /Users/anto/github/coronasurveys/code/xprize/prescribe4/prescribe4_output.csv
2021-02-08 11:40:30 - main - INFO - Main script - Successfully launched subprocesses.
2021-02-08 11:40:30 - main - INFO - Launching prescriptor [prescribe5/prescribe.py] from 2021-02-08 to 2021-02-28
2021-02-08 11:40:30 - main - INFO - Command: python prescribe.py --start_date 2021-02-08 --end_date 2021-02-28 --interventions_past /Users/anto/github/coronasurveys/code/xprize/data/IPS-latest-full.csv --intervention_costs /Users/anto/github/coronasurveys/code/xprize/data/fixed_equal_costs.csv --output_file /Users/anto/github/coronasurveys/code/xprize/prescribe5/prescribe5_output.csv
2021-02-08 11:40:30 - main - INFO - Main script - Successfully launched subprocesses.
2021-02-08 11:40:30 - main - INFO - Launching prescriptor [prescribe6/prescribe.py] from 2021-02-08 to 2021-02-28
2021-02-08 11:40:31 - main - INFO - Command: python prescribe.py --start_date 2021-02-08 --end_date 2021-02-28 --interventions_past /Users/anto/github/coronasurveys/code/xprize/data/IPS-latest-full.csv --intervention_costs /Users/anto/github/coronasurveys/code/xprize/data/fixed_equal_costs.csv --output_file /Users/anto/github/coronasurveys/code/xprize/prescribe6/prescribe6_output.csv
2021-02-08 11:40:31 - main - INFO - Main script - Successfully launched subprocesses.
2021-02-08 11:40:31 - main - INFO - Launching prescriptor [prescribe7/prescribe.py] from 2021-02-08 to 2021-02-28
2021-02-08 11:40:32 - main - INFO - Command: python prescribe.py --start_date 2021-02-08 --end_date 2021-02-28 --interventions_past /Users/anto/github/coronasurveys/code/xprize/data/IPS-latest-full.csv --intervention_costs /Users/anto/github/coronasurveys/code/xprize/data/fixed_equal_costs.csv --output_file /Users/anto/github/coronasurveys/code/xprize/prescribe7/prescribe7_output.csv
2021-02-08 11:40:32 - main - INFO - Main script - Successfully launched subprocesses.
2021-02-08 11:40:32 - main - INFO - Launching prescriptor [prescribe8/prescribe.py] from 2021-02-08 to 2021-02-28
2021-02-08 11:40:33 - main - INFO - Command: python prescribe.py --start_date 2021-02-08 --end_date 2021-02-28 --interventions_past /Users/anto/github/coronasurveys/code/xprize/data/IPS-latest-full.csv --intervention_costs /Users/anto/github/coronasurveys/code/xprize/data/fixed_equal_costs.csv --output_file /Users/anto/github/coronasurveys/code/xprize/prescribe8/prescribe8_output.csv
2021-02-08 11:40:33 - main - INFO - Main script - Successfully launched subprocesses.
2021-02-08 11:40:33 - main - INFO - Launching prescriptor [prescribe9/prescribe.py] from 2021-02-08 to 2021-02-28
2021-02-08 11:40:34 - main - INFO - Command: python prescribe.py --start_date 2021-02-08 --end_date 2021-02-28 --interventions_past /Users/anto/github/coronasurveys/code/xprize/data/IPS-latest-full.csv --intervention_costs /Users/anto/github/coronasurveys/code/xprize/data/fixed_equal_costs.csv --output_file /Users/anto/github/coronasurveys/code/xprize/prescribe9/prescribe9_output.csv
2021-02-08 11:40:34 - main - INFO - Main script - Successfully launched subprocesses.
2021-02-08 11:40:34 - main - INFO - 
2021-02-08 11:40:34 - main - INFO - ####### Launched CORONASURVEYS MULTI-PRESCRIPTOR RUNNER
2021-02-08 11:40:34 - main - INFO - 
2021-02-08 11:40:35 - main - INFO - 
2021-02-08 11:40:35 - main - INFO - ---------------------------------------------------------------------------------------
2021-02-08 11:40:35 - main - INFO - Prescriptor: prescribe0/prescribe.py - exitcode: 0
2021-02-08 11:40:35 - main - INFO - ---------------------------------------------------------------------------------------
2021-02-08 11:40:35 - main - INFO - 
2021-02-08 11:40:35 - main - INFO - ---------------------------------------------------------------------------------------
2021-02-08 11:40:35 - main - INFO - Prescriptor: prescribe4/prescribe.py - exitcode: 0
2021-02-08 11:40:35 - main - INFO - ---------------------------------------------------------------------------------------
2021-02-08 11:40:37 - main - INFO - 
2021-02-08 11:40:37 - main - INFO - ---------------------------------------------------------------------------------------
2021-02-08 11:40:37 - main - INFO - Prescriptor: prescribe3/prescribe.py - exitcode: 0
2021-02-08 11:40:37 - main - INFO - ---------------------------------------------------------------------------------------
2021-02-08 11:42:02 - prescribe2 - INFO - Successfully executed /Users/anto/github/coronasurveys/code/xprize/prescribe2/prescribe.py
2021-02-08 11:42:02 - prescribe2 - INFO - Duration: 0:01:33.362596 seconds
2021-02-08 11:42:02 - main - INFO - 
2021-02-08 11:42:02 - main - INFO - ---------------------------------------------------------------------------------------
2021-02-08 11:42:02 - main - INFO - Prescriptor: prescribe2/prescribe.py - exitcode: 0
2021-02-08 11:42:02 - main - INFO - ---------------------------------------------------------------------------------------
2021-02-08 11:42:06 - main - INFO - 
2021-02-08 11:42:06 - main - INFO - ---------------------------------------------------------------------------------------
2021-02-08 11:42:06 - main - INFO - Prescriptor: prescribe7/prescribe.py - exitcode: 0
2021-02-08 11:42:06 - main - INFO - ---------------------------------------------------------------------------------------
2021-02-08 11:44:25 - main - INFO - 
2021-02-08 11:44:25 - main - INFO - ---------------------------------------------------------------------------------------
2021-02-08 11:44:25 - main - INFO - Prescriptor: prescribe5/prescribe.py - exitcode: 0
2021-02-08 11:44:25 - main - INFO - ---------------------------------------------------------------------------------------
2021-02-08 11:44:26 - main - INFO - 
2021-02-08 11:44:26 - main - INFO - ---------------------------------------------------------------------------------------
2021-02-08 11:44:26 - main - INFO - Prescriptor: prescribe6/prescribe.py - exitcode: 0
2021-02-08 11:44:26 - main - INFO - ---------------------------------------------------------------------------------------
2021-02-08 11:47:00 - main - INFO - 
2021-02-08 11:47:00 - main - INFO - ---------------------------------------------------------------------------------------
2021-02-08 11:47:00 - main - INFO - Prescriptor: prescribe1/prescribe.py - exitcode: 0
2021-02-08 11:47:00 - main - INFO - ---------------------------------------------------------------------------------------
2021-02-08 11:47:03 - main - INFO - 
2021-02-08 11:47:03 - main - INFO - ---------------------------------------------------------------------------------------
2021-02-08 11:47:03 - main - INFO - Prescriptor: prescribe9/prescribe.py - exitcode: 0
2021-02-08 11:47:03 - main - INFO - ---------------------------------------------------------------------------------------
2021-02-08 11:47:04 - main - INFO - 
2021-02-08 11:47:04 - main - INFO - ---------------------------------------------------------------------------------------
2021-02-08 11:47:04 - main - INFO - Prescriptor: prescribe8/prescribe.py - exitcode: 0
2021-02-08 11:47:04 - main - INFO - ---------------------------------------------------------------------------------------
2021-02-08 11:47:04 - main - INFO - #######   COMPLETED CORONASURVEYS MULTI-PRESCRIPTOR RUNNER  #####################################
2021-02-08 11:47:05 - main - INFO - 
2021-02-08 11:47:05 - main - INFO - 
2021-02-08 11:47:05 - main - INFO - #######  EXECUTING CORONASURVEYS MULTI-PRESCRIPTOR RUNNER  #####################################
2021-02-08 11:47:05 - main - INFO - 
2021-02-08 11:47:05 - main - INFO - Successfully created the directory ./prescriptions
2021-02-08 11:47:05 - main - INFO - 
2021-02-08 11:47:05 - main - INFO - ***************************************************************************************
2021-02-08 11:47:05 - main - INFO - ********* CORONASURVEYS PRESCRIPTIONS *************************************************
2021-02-08 11:47:05 - main - INFO - [
                                "prescribe0/prescribe.py",
                                "prescribe1/prescribe.py",
                                "prescribe2/prescribe.py",
                                "prescribe3/prescribe.py",
                                "prescribe4/prescribe.py",
                                "prescribe5/prescribe.py",
                                "prescribe6/prescribe.py",
                                "prescribe7/prescribe.py",
                                "prescribe8/prescribe.py",
                                "prescribe9/prescribe.py"
]
2021-02-08 11:47:05 - main - INFO - ***************************************************************************************
2021-02-08 11:47:05 - main - INFO - 
2021-02-08 11:47:05 - main - INFO - Launching prescriptor [prescribe0/prescribe.py] from 2021-02-08 to 2021-02-28
2021-02-08 11:47:05 - main - INFO - Command: python prescribe.py --start_date 2021-02-08 --end_date 2021-02-28 --interventions_past /Users/anto/github/coronasurveys/code/xprize/data/IPS-latest-full.csv --intervention_costs /Users/anto/github/coronasurveys/code/xprize/data/uniform_random_costs.csv --output_file /Users/anto/github/coronasurveys/code/xprize/prescribe0/prescribe0_output.csv
2021-02-08 11:47:05 - main - INFO - Main script - Successfully launched subprocesses.
2021-02-08 11:47:05 - main - INFO - Launching prescriptor [prescribe1/prescribe.py] from 2021-02-08 to 2021-02-28
2021-02-08 11:47:06 - main - INFO - Command: python prescribe.py --start_date 2021-02-08 --end_date 2021-02-28 --interventions_past /Users/anto/github/coronasurveys/code/xprize/data/IPS-latest-full.csv --intervention_costs /Users/anto/github/coronasurveys/code/xprize/data/uniform_random_costs.csv --output_file /Users/anto/github/coronasurveys/code/xprize/prescribe1/prescribe1_output.csv
2021-02-08 11:47:06 - main - INFO - Main script - Successfully launched subprocesses.
2021-02-08 11:47:06 - main - INFO - Launching prescriptor [prescribe2/prescribe.py] from 2021-02-08 to 2021-02-28
2021-02-08 11:47:06 - main - INFO - Command: python prescribe.py --start_date 2021-02-08 --end_date 2021-02-28 --interventions_past /Users/anto/github/coronasurveys/code/xprize/data/IPS-latest-full.csv --intervention_costs /Users/anto/github/coronasurveys/code/xprize/data/uniform_random_costs.csv --output_file /Users/anto/github/coronasurveys/code/xprize/prescribe2/prescribe2_output.csv
2021-02-08 11:47:06 - main - INFO - Main script - Successfully launched subprocesses.
2021-02-08 11:47:06 - main - INFO - Launching prescriptor [prescribe3/prescribe.py] from 2021-02-08 to 2021-02-28
2021-02-08 11:47:07 - numexpr.utils - INFO - NumExpr defaulting to 8 threads.
2021-02-08 11:47:07 - main - INFO - Command: python prescribe.py --start_date 2021-02-08 --end_date 2021-02-28 --interventions_past /Users/anto/github/coronasurveys/code/xprize/data/IPS-latest-full.csv --intervention_costs /Users/anto/github/coronasurveys/code/xprize/data/uniform_random_costs.csv --output_file /Users/anto/github/coronasurveys/code/xprize/prescribe3/prescribe3_output.csv
2021-02-08 11:47:07 - main - INFO - Main script - Successfully launched subprocesses.
2021-02-08 11:47:07 - main - INFO - Launching prescriptor [prescribe4/prescribe.py] from 2021-02-08 to 2021-02-28
2021-02-08 11:47:07 - main - INFO - Command: python prescribe.py --start_date 2021-02-08 --end_date 2021-02-28 --interventions_past /Users/anto/github/coronasurveys/code/xprize/data/IPS-latest-full.csv --intervention_costs /Users/anto/github/coronasurveys/code/xprize/data/uniform_random_costs.csv --output_file /Users/anto/github/coronasurveys/code/xprize/prescribe4/prescribe4_output.csv
2021-02-08 11:47:07 - main - INFO - Main script - Successfully launched subprocesses.
2021-02-08 11:47:07 - main - INFO - Launching prescriptor [prescribe5/prescribe.py] from 2021-02-08 to 2021-02-28
2021-02-08 11:47:08 - main - INFO - Command: python prescribe.py --start_date 2021-02-08 --end_date 2021-02-28 --interventions_past /Users/anto/github/coronasurveys/code/xprize/data/IPS-latest-full.csv --intervention_costs /Users/anto/github/coronasurveys/code/xprize/data/uniform_random_costs.csv --output_file /Users/anto/github/coronasurveys/code/xprize/prescribe5/prescribe5_output.csv
2021-02-08 11:47:08 - main - INFO - Main script - Successfully launched subprocesses.
2021-02-08 11:47:08 - main - INFO - Launching prescriptor [prescribe6/prescribe.py] from 2021-02-08 to 2021-02-28
2021-02-08 11:47:09 - main - INFO - Command: python prescribe.py --start_date 2021-02-08 --end_date 2021-02-28 --interventions_past /Users/anto/github/coronasurveys/code/xprize/data/IPS-latest-full.csv --intervention_costs /Users/anto/github/coronasurveys/code/xprize/data/uniform_random_costs.csv --output_file /Users/anto/github/coronasurveys/code/xprize/prescribe6/prescribe6_output.csv
2021-02-08 11:47:09 - main - INFO - Main script - Successfully launched subprocesses.
2021-02-08 11:47:09 - main - INFO - Launching prescriptor [prescribe7/prescribe.py] from 2021-02-08 to 2021-02-28
2021-02-08 11:47:10 - main - INFO - Command: python prescribe.py --start_date 2021-02-08 --end_date 2021-02-28 --interventions_past /Users/anto/github/coronasurveys/code/xprize/data/IPS-latest-full.csv --intervention_costs /Users/anto/github/coronasurveys/code/xprize/data/uniform_random_costs.csv --output_file /Users/anto/github/coronasurveys/code/xprize/prescribe7/prescribe7_output.csv
2021-02-08 11:47:10 - main - INFO - Main script - Successfully launched subprocesses.
2021-02-08 11:47:10 - main - INFO - Launching prescriptor [prescribe8/prescribe.py] from 2021-02-08 to 2021-02-28
2021-02-08 11:47:11 - main - INFO - Command: python prescribe.py --start_date 2021-02-08 --end_date 2021-02-28 --interventions_past /Users/anto/github/coronasurveys/code/xprize/data/IPS-latest-full.csv --intervention_costs /Users/anto/github/coronasurveys/code/xprize/data/uniform_random_costs.csv --output_file /Users/anto/github/coronasurveys/code/xprize/prescribe8/prescribe8_output.csv
2021-02-08 11:47:11 - main - INFO - Main script - Successfully launched subprocesses.
2021-02-08 11:47:11 - main - INFO - Launching prescriptor [prescribe9/prescribe.py] from 2021-02-08 to 2021-02-28
2021-02-08 11:47:12 - main - INFO - Command: python prescribe.py --start_date 2021-02-08 --end_date 2021-02-28 --interventions_past /Users/anto/github/coronasurveys/code/xprize/data/IPS-latest-full.csv --intervention_costs /Users/anto/github/coronasurveys/code/xprize/data/uniform_random_costs.csv --output_file /Users/anto/github/coronasurveys/code/xprize/prescribe9/prescribe9_output.csv
2021-02-08 11:47:12 - main - INFO - Main script - Successfully launched subprocesses.
2021-02-08 11:47:12 - main - INFO - 
2021-02-08 11:47:12 - main - INFO - ####### Launched CORONASURVEYS MULTI-PRESCRIPTOR RUNNER
2021-02-08 11:47:12 - main - INFO - 
2021-02-08 11:47:13 - main - INFO - 
2021-02-08 11:47:13 - main - INFO - ---------------------------------------------------------------------------------------
2021-02-08 11:47:13 - main - INFO - Prescriptor: prescribe0/prescribe.py - exitcode: 0
2021-02-08 11:47:13 - main - INFO - ---------------------------------------------------------------------------------------
2021-02-08 11:47:13 - main - INFO - 
2021-02-08 11:47:13 - main - INFO - ---------------------------------------------------------------------------------------
2021-02-08 11:47:13 - main - INFO - Prescriptor: prescribe4/prescribe.py - exitcode: 0
2021-02-08 11:47:13 - main - INFO - ---------------------------------------------------------------------------------------
2021-02-08 11:47:15 - main - INFO - 
2021-02-08 11:47:15 - main - INFO - ---------------------------------------------------------------------------------------
2021-02-08 11:47:15 - main - INFO - Prescriptor: prescribe3/prescribe.py - exitcode: 0
2021-02-08 11:47:15 - main - INFO - ---------------------------------------------------------------------------------------
2021-02-08 11:48:40 - prescribe2 - INFO - Successfully executed /Users/anto/github/coronasurveys/code/xprize/prescribe2/prescribe.py
2021-02-08 11:48:40 - prescribe2 - INFO - Duration: 0:01:33.717724 seconds
2021-02-08 11:48:41 - main - INFO - 
2021-02-08 11:48:41 - main - INFO - ---------------------------------------------------------------------------------------
2021-02-08 11:48:41 - main - INFO - Prescriptor: prescribe2/prescribe.py - exitcode: 0
2021-02-08 11:48:41 - main - INFO - ---------------------------------------------------------------------------------------
2021-02-08 11:48:45 - main - INFO - 
2021-02-08 11:48:45 - main - INFO - ---------------------------------------------------------------------------------------
2021-02-08 11:48:45 - main - INFO - Prescriptor: prescribe7/prescribe.py - exitcode: 0
2021-02-08 11:48:45 - main - INFO - ---------------------------------------------------------------------------------------
2021-02-08 11:51:12 - main - INFO - 
2021-02-08 11:51:12 - main - INFO - ---------------------------------------------------------------------------------------
2021-02-08 11:51:12 - main - INFO - Prescriptor: prescribe5/prescribe.py - exitcode: 0
2021-02-08 11:51:12 - main - INFO - ---------------------------------------------------------------------------------------
2021-02-08 11:51:13 - main - INFO - 
2021-02-08 11:51:13 - main - INFO - ---------------------------------------------------------------------------------------
2021-02-08 11:51:13 - main - INFO - Prescriptor: prescribe6/prescribe.py - exitcode: 0
2021-02-08 11:51:13 - main - INFO - ---------------------------------------------------------------------------------------
2021-02-08 11:53:46 - main - INFO - 
2021-02-08 11:53:46 - main - INFO - ---------------------------------------------------------------------------------------
2021-02-08 11:53:46 - main - INFO - Prescriptor: prescribe1/prescribe.py - exitcode: 0
2021-02-08 11:53:46 - main - INFO - ---------------------------------------------------------------------------------------
2021-02-08 11:53:49 - main - INFO - 
2021-02-08 11:53:49 - main - INFO - ---------------------------------------------------------------------------------------
2021-02-08 11:53:49 - main - INFO - Prescriptor: prescribe8/prescribe.py - exitcode: 0
2021-02-08 11:53:49 - main - INFO - ---------------------------------------------------------------------------------------
2021-02-08 11:53:50 - main - INFO - 
2021-02-08 11:53:50 - main - INFO - ---------------------------------------------------------------------------------------
2021-02-08 11:53:50 - main - INFO - Prescriptor: prescribe9/prescribe.py - exitcode: 0
2021-02-08 11:53:50 - main - INFO - ---------------------------------------------------------------------------------------
2021-02-08 11:53:51 - main - INFO - #######   COMPLETED CORONASURVEYS MULTI-PRESCRIPTOR RUNNER  #####################################
