2021-02-11 19:39:41 - main - INFO - 
2021-02-11 19:39:41 - main - INFO - 
2021-02-11 19:39:41 - main - INFO - #######  EXECUTING CORONASURVEYS MULTI-PRESCRIPTOR RUNNER  #####################################
2021-02-11 19:39:41 - main - INFO - 
2021-02-11 19:39:41 - main - INFO - Successfully created the directory ./prescriptions
2021-02-11 19:39:41 - main - INFO - 
2021-02-11 19:39:41 - main - INFO - ***************************************************************************************
2021-02-11 19:39:41 - main - INFO - ********* CORONASURVEYS PRESCRIPTIONS *************************************************
2021-02-11 19:39:41 - main - INFO - [
                                "prescribe0/prescribe.py",
                                "prescribe1/prescribe.py",
                                "prescribe2/prescribe.py",
                                "prescribe3/prescribe.py",
                                "prescribe4/prescribe.py",
                                "prescribe5/prescribe.py",
                                "prescribe6/prescribe.py",
                                "prescribe7/prescribe.py",
                                "prescribe8/prescribe.py",
                                "prescribe9/prescribe.py"
]
2021-02-11 19:39:41 - main - INFO - ***************************************************************************************
2021-02-11 19:39:41 - main - INFO - 
2021-02-11 19:39:41 - main - INFO - Launching prescriptor [prescribe0/prescribe.py] from 2021-02-11 to 2021-05-11
2021-02-11 19:39:42 - main - INFO - Command: python prescribe.py --start_date 2021-02-11 --end_date 2021-05-11 --interventions_past /Users/anto/github/coronasurveys/code/xprize/data/IPS-latest-full.csv --intervention_costs /Users/anto/github/coronasurveys/code/xprize/data/fixed_equal_costs.csv --output_file /Users/anto/github/coronasurveys/code/xprize/prescribe0/prescribe0_output.csv
2021-02-11 19:39:42 - main - INFO - Main script - Successfully launched subprocesses.
2021-02-11 19:39:42 - main - INFO - Launching prescriptor [prescribe1/prescribe.py] from 2021-02-11 to 2021-05-11
2021-02-11 19:39:43 - main - INFO - Command: python prescribe.py --start_date 2021-02-11 --end_date 2021-05-11 --interventions_past /Users/anto/github/coronasurveys/code/xprize/data/IPS-latest-full.csv --intervention_costs /Users/anto/github/coronasurveys/code/xprize/data/fixed_equal_costs.csv --output_file /Users/anto/github/coronasurveys/code/xprize/prescribe1/prescribe1_output.csv
2021-02-11 19:39:43 - main - INFO - Main script - Successfully launched subprocesses.
2021-02-11 19:39:43 - main - INFO - Launching prescriptor [prescribe2/prescribe.py] from 2021-02-11 to 2021-05-11
2021-02-11 19:39:44 - main - INFO - Command: python prescribe.py --start_date 2021-02-11 --end_date 2021-05-11 --interventions_past /Users/anto/github/coronasurveys/code/xprize/data/IPS-latest-full.csv --intervention_costs /Users/anto/github/coronasurveys/code/xprize/data/fixed_equal_costs.csv --output_file /Users/anto/github/coronasurveys/code/xprize/prescribe2/prescribe2_output.csv
2021-02-11 19:39:44 - main - INFO - Main script - Successfully launched subprocesses.
2021-02-11 19:39:44 - main - INFO - Launching prescriptor [prescribe3/prescribe.py] from 2021-02-11 to 2021-05-11
2021-02-11 19:39:45 - numexpr.utils - INFO - NumExpr defaulting to 8 threads.
2021-02-11 19:39:45 - main - INFO - Command: python prescribe.py --start_date 2021-02-11 --end_date 2021-05-11 --interventions_past /Users/anto/github/coronasurveys/code/xprize/data/IPS-latest-full.csv --intervention_costs /Users/anto/github/coronasurveys/code/xprize/data/fixed_equal_costs.csv --output_file /Users/anto/github/coronasurveys/code/xprize/prescribe3/prescribe3_output.csv
2021-02-11 19:39:45 - main - INFO - Main script - Successfully launched subprocesses.
2021-02-11 19:39:45 - main - INFO - Launching prescriptor [prescribe4/prescribe.py] from 2021-02-11 to 2021-05-11
2021-02-11 19:39:47 - main - INFO - Command: python prescribe.py --start_date 2021-02-11 --end_date 2021-05-11 --interventions_past /Users/anto/github/coronasurveys/code/xprize/data/IPS-latest-full.csv --intervention_costs /Users/anto/github/coronasurveys/code/xprize/data/fixed_equal_costs.csv --output_file /Users/anto/github/coronasurveys/code/xprize/prescribe4/prescribe4_output.csv
2021-02-11 19:39:47 - main - INFO - Main script - Successfully launched subprocesses.
2021-02-11 19:39:47 - main - INFO - Launching prescriptor [prescribe5/prescribe.py] from 2021-02-11 to 2021-05-11
2021-02-11 19:39:48 - main - INFO - Command: python prescribe.py --start_date 2021-02-11 --end_date 2021-05-11 --interventions_past /Users/anto/github/coronasurveys/code/xprize/data/IPS-latest-full.csv --intervention_costs /Users/anto/github/coronasurveys/code/xprize/data/fixed_equal_costs.csv --output_file /Users/anto/github/coronasurveys/code/xprize/prescribe5/prescribe5_output.csv
2021-02-11 19:39:48 - main - INFO - Main script - Successfully launched subprocesses.
2021-02-11 19:39:48 - main - INFO - Launching prescriptor [prescribe6/prescribe.py] from 2021-02-11 to 2021-05-11
2021-02-11 19:39:49 - main - INFO - Command: python prescribe.py --start_date 2021-02-11 --end_date 2021-05-11 --interventions_past /Users/anto/github/coronasurveys/code/xprize/data/IPS-latest-full.csv --intervention_costs /Users/anto/github/coronasurveys/code/xprize/data/fixed_equal_costs.csv --output_file /Users/anto/github/coronasurveys/code/xprize/prescribe6/prescribe6_output.csv
2021-02-11 19:39:50 - main - INFO - Main script - Successfully launched subprocesses.
2021-02-11 19:39:50 - main - INFO - Launching prescriptor [prescribe7/prescribe.py] from 2021-02-11 to 2021-05-11
2021-02-11 19:39:51 - main - INFO - Command: python prescribe.py --start_date 2021-02-11 --end_date 2021-05-11 --interventions_past /Users/anto/github/coronasurveys/code/xprize/data/IPS-latest-full.csv --intervention_costs /Users/anto/github/coronasurveys/code/xprize/data/fixed_equal_costs.csv --output_file /Users/anto/github/coronasurveys/code/xprize/prescribe7/prescribe7_output.csv
2021-02-11 19:39:51 - main - INFO - Main script - Successfully launched subprocesses.
2021-02-11 19:39:51 - main - INFO - Launching prescriptor [prescribe8/prescribe.py] from 2021-02-11 to 2021-05-11
2021-02-11 19:39:52 - main - INFO - Command: python prescribe.py --start_date 2021-02-11 --end_date 2021-05-11 --interventions_past /Users/anto/github/coronasurveys/code/xprize/data/IPS-latest-full.csv --intervention_costs /Users/anto/github/coronasurveys/code/xprize/data/fixed_equal_costs.csv --output_file /Users/anto/github/coronasurveys/code/xprize/prescribe8/prescribe8_output.csv
2021-02-11 19:39:52 - main - INFO - Main script - Successfully launched subprocesses.
2021-02-11 19:39:52 - main - INFO - Launching prescriptor [prescribe9/prescribe.py] from 2021-02-11 to 2021-05-11
2021-02-11 19:39:54 - main - INFO - Command: python prescribe.py --start_date 2021-02-11 --end_date 2021-05-11 --interventions_past /Users/anto/github/coronasurveys/code/xprize/data/IPS-latest-full.csv --intervention_costs /Users/anto/github/coronasurveys/code/xprize/data/fixed_equal_costs.csv --output_file /Users/anto/github/coronasurveys/code/xprize/prescribe9/prescribe9_output.csv
2021-02-11 19:39:54 - main - INFO - Main script - Successfully launched subprocesses.
2021-02-11 19:39:54 - main - INFO - 
2021-02-11 19:39:54 - main - INFO - ####### Launched CORONASURVEYS MULTI-PRESCRIPTOR RUNNER
2021-02-11 19:39:54 - main - INFO - 
2021-02-11 19:39:55 - main - INFO - 
2021-02-11 19:39:55 - main - INFO - ---------------------------------------------------------------------------------------
2021-02-11 19:39:55 - main - INFO - Prescriptor: prescribe0/prescribe.py - exitcode: 0
2021-02-11 19:39:55 - main - INFO - ---------------------------------------------------------------------------------------
2021-02-11 19:39:55 - main - INFO - 
2021-02-11 19:39:55 - main - INFO - ---------------------------------------------------------------------------------------
2021-02-11 19:39:55 - main - INFO - Prescriptor: prescribe3/prescribe.py - exitcode: 0
2021-02-11 19:39:55 - main - INFO - ---------------------------------------------------------------------------------------
2021-02-11 19:39:56 - main - INFO - 
2021-02-11 19:39:56 - main - INFO - ---------------------------------------------------------------------------------------
2021-02-11 19:39:56 - main - INFO - Prescriptor: prescribe4/prescribe.py - exitcode: 0
2021-02-11 19:39:56 - main - INFO - ---------------------------------------------------------------------------------------
2021-02-11 19:46:45 - main - INFO - 
2021-02-11 19:46:45 - main - INFO - 
2021-02-11 19:46:45 - main - INFO - #######  EXECUTING CORONASURVEYS MULTI-PRESCRIPTOR RUNNER  #####################################
2021-02-11 19:46:45 - main - INFO - 
2021-02-11 19:46:45 - main - INFO - Successfully created the directory ./prescriptions
2021-02-11 19:46:45 - main - INFO - 
2021-02-11 19:46:45 - main - INFO - ***************************************************************************************
2021-02-11 19:46:45 - main - INFO - ********* CORONASURVEYS PRESCRIPTIONS *************************************************
2021-02-11 19:46:45 - main - INFO - [
                                "prescribe0/prescribe.py",
                                "prescribe1/prescribe.py",
                                "prescribe2/prescribe.py",
                                "prescribe3/prescribe.py",
                                "prescribe4/prescribe.py",
                                "prescribe5/prescribe.py",
                                "prescribe6/prescribe.py",
                                "prescribe7/prescribe.py",
                                "prescribe8/prescribe.py",
                                "prescribe9/prescribe.py"
]
2021-02-11 19:46:45 - main - INFO - ***************************************************************************************
2021-02-11 19:46:45 - main - INFO - 
2021-02-11 19:46:45 - main - INFO - Launching prescriptor [prescribe0/prescribe.py] from 2021-02-11 to 2021-05-11
2021-02-11 19:46:46 - main - INFO - Command: python prescribe.py --start_date 2021-02-11 --end_date 2021-05-11 --interventions_past /Users/anto/github/coronasurveys/code/xprize/data/IPS-latest-full.csv --intervention_costs /Users/anto/github/coronasurveys/code/xprize/data/fixed_equal_costs.csv --output_file /Users/anto/github/coronasurveys/code/xprize/prescribe0/prescribe0_output.csv
2021-02-11 19:46:46 - main - INFO - Main script - Successfully launched subprocesses.
2021-02-11 19:46:46 - main - INFO - Launching prescriptor [prescribe1/prescribe.py] from 2021-02-11 to 2021-05-11
2021-02-11 19:46:47 - main - INFO - Command: python prescribe.py --start_date 2021-02-11 --end_date 2021-05-11 --interventions_past /Users/anto/github/coronasurveys/code/xprize/data/IPS-latest-full.csv --intervention_costs /Users/anto/github/coronasurveys/code/xprize/data/fixed_equal_costs.csv --output_file /Users/anto/github/coronasurveys/code/xprize/prescribe1/prescribe1_output.csv
2021-02-11 19:46:47 - main - INFO - Main script - Successfully launched subprocesses.
2021-02-11 19:46:47 - main - INFO - Launching prescriptor [prescribe2/prescribe.py] from 2021-02-11 to 2021-05-11
2021-02-11 19:46:47 - main - INFO - Command: python prescribe.py --start_date 2021-02-11 --end_date 2021-05-11 --interventions_past /Users/anto/github/coronasurveys/code/xprize/data/IPS-latest-full.csv --intervention_costs /Users/anto/github/coronasurveys/code/xprize/data/fixed_equal_costs.csv --output_file /Users/anto/github/coronasurveys/code/xprize/prescribe2/prescribe2_output.csv
2021-02-11 19:46:47 - main - INFO - Main script - Successfully launched subprocesses.
2021-02-11 19:46:47 - main - INFO - Launching prescriptor [prescribe3/prescribe.py] from 2021-02-11 to 2021-05-11
2021-02-11 19:46:48 - numexpr.utils - INFO - NumExpr defaulting to 8 threads.
2021-02-11 19:46:48 - main - INFO - Command: python prescribe.py --start_date 2021-02-11 --end_date 2021-05-11 --interventions_past /Users/anto/github/coronasurveys/code/xprize/data/IPS-latest-full.csv --intervention_costs /Users/anto/github/coronasurveys/code/xprize/data/fixed_equal_costs.csv --output_file /Users/anto/github/coronasurveys/code/xprize/prescribe3/prescribe3_output.csv
2021-02-11 19:46:48 - main - INFO - Main script - Successfully launched subprocesses.
2021-02-11 19:46:48 - main - INFO - Launching prescriptor [prescribe4/prescribe.py] from 2021-02-11 to 2021-05-11
2021-02-11 19:46:49 - main - INFO - Command: python prescribe.py --start_date 2021-02-11 --end_date 2021-05-11 --interventions_past /Users/anto/github/coronasurveys/code/xprize/data/IPS-latest-full.csv --intervention_costs /Users/anto/github/coronasurveys/code/xprize/data/fixed_equal_costs.csv --output_file /Users/anto/github/coronasurveys/code/xprize/prescribe4/prescribe4_output.csv
2021-02-11 19:46:49 - main - INFO - Main script - Successfully launched subprocesses.
2021-02-11 19:46:49 - main - INFO - Launching prescriptor [prescribe5/prescribe.py] from 2021-02-11 to 2021-05-11
2021-02-11 19:46:50 - main - INFO - Command: python prescribe.py --start_date 2021-02-11 --end_date 2021-05-11 --interventions_past /Users/anto/github/coronasurveys/code/xprize/data/IPS-latest-full.csv --intervention_costs /Users/anto/github/coronasurveys/code/xprize/data/fixed_equal_costs.csv --output_file /Users/anto/github/coronasurveys/code/xprize/prescribe5/prescribe5_output.csv
2021-02-11 19:46:50 - main - INFO - Main script - Successfully launched subprocesses.
2021-02-11 19:46:50 - main - INFO - Launching prescriptor [prescribe6/prescribe.py] from 2021-02-11 to 2021-05-11
2021-02-11 19:46:51 - main - INFO - Command: python prescribe.py --start_date 2021-02-11 --end_date 2021-05-11 --interventions_past /Users/anto/github/coronasurveys/code/xprize/data/IPS-latest-full.csv --intervention_costs /Users/anto/github/coronasurveys/code/xprize/data/fixed_equal_costs.csv --output_file /Users/anto/github/coronasurveys/code/xprize/prescribe6/prescribe6_output.csv
2021-02-11 19:46:51 - main - INFO - Main script - Successfully launched subprocesses.
2021-02-11 19:46:51 - main - INFO - Launching prescriptor [prescribe7/prescribe.py] from 2021-02-11 to 2021-05-11
2021-02-11 19:46:53 - main - INFO - Command: python prescribe.py --start_date 2021-02-11 --end_date 2021-05-11 --interventions_past /Users/anto/github/coronasurveys/code/xprize/data/IPS-latest-full.csv --intervention_costs /Users/anto/github/coronasurveys/code/xprize/data/fixed_equal_costs.csv --output_file /Users/anto/github/coronasurveys/code/xprize/prescribe7/prescribe7_output.csv
2021-02-11 19:46:53 - main - INFO - Main script - Successfully launched subprocesses.
2021-02-11 19:46:53 - main - INFO - Launching prescriptor [prescribe8/prescribe.py] from 2021-02-11 to 2021-05-11
2021-02-11 19:46:54 - main - INFO - Command: python prescribe.py --start_date 2021-02-11 --end_date 2021-05-11 --interventions_past /Users/anto/github/coronasurveys/code/xprize/data/IPS-latest-full.csv --intervention_costs /Users/anto/github/coronasurveys/code/xprize/data/fixed_equal_costs.csv --output_file /Users/anto/github/coronasurveys/code/xprize/prescribe8/prescribe8_output.csv
2021-02-11 19:46:54 - main - INFO - Main script - Successfully launched subprocesses.
2021-02-11 19:46:54 - main - INFO - Launching prescriptor [prescribe9/prescribe.py] from 2021-02-11 to 2021-05-11
2021-02-11 19:46:56 - main - INFO - Command: python prescribe.py --start_date 2021-02-11 --end_date 2021-05-11 --interventions_past /Users/anto/github/coronasurveys/code/xprize/data/IPS-latest-full.csv --intervention_costs /Users/anto/github/coronasurveys/code/xprize/data/fixed_equal_costs.csv --output_file /Users/anto/github/coronasurveys/code/xprize/prescribe9/prescribe9_output.csv
2021-02-11 19:46:56 - main - INFO - Main script - Successfully launched subprocesses.
2021-02-11 19:46:56 - main - INFO - 
2021-02-11 19:46:56 - main - INFO - ####### Launched CORONASURVEYS MULTI-PRESCRIPTOR RUNNER
2021-02-11 19:46:56 - main - INFO - 
2021-02-11 19:46:57 - main - INFO - 
2021-02-11 19:46:57 - main - INFO - ---------------------------------------------------------------------------------------
2021-02-11 19:46:57 - main - INFO - Prescriptor: prescribe0/prescribe.py - exitcode: 0
2021-02-11 19:46:57 - main - INFO - ---------------------------------------------------------------------------------------
2021-02-11 19:46:57 - main - INFO - 
2021-02-11 19:46:57 - main - INFO - ---------------------------------------------------------------------------------------
2021-02-11 19:46:57 - main - INFO - Prescriptor: prescribe3/prescribe.py - exitcode: 0
2021-02-11 19:46:57 - main - INFO - ---------------------------------------------------------------------------------------
2021-02-11 19:46:58 - main - INFO - 
2021-02-11 19:46:58 - main - INFO - ---------------------------------------------------------------------------------------
2021-02-11 19:46:58 - main - INFO - Prescriptor: prescribe4/prescribe.py - exitcode: 0
2021-02-11 19:46:58 - main - INFO - ---------------------------------------------------------------------------------------
2021-02-11 19:51:37 - main - INFO - 
2021-02-11 19:51:37 - main - INFO - ---------------------------------------------------------------------------------------
2021-02-11 19:51:37 - main - INFO - Prescriptor: prescribe5/prescribe.py - exitcode: 0
2021-02-11 19:51:37 - main - INFO - ---------------------------------------------------------------------------------------
2021-02-11 19:51:40 - main - INFO - 
2021-02-11 19:51:40 - main - INFO - ---------------------------------------------------------------------------------------
2021-02-11 19:51:40 - main - INFO - Prescriptor: prescribe6/prescribe.py - exitcode: 0
2021-02-11 19:51:40 - main - INFO - ---------------------------------------------------------------------------------------
2021-02-11 19:54:28 - prescribe2 - INFO - Successfully executed /Users/anto/github/coronasurveys/code/xprize/prescribe2/prescribe.py
2021-02-11 19:54:28 - prescribe2 - INFO - Duration: 0:07:40.579526 seconds
2021-02-11 19:54:29 - main - INFO - 
2021-02-11 19:54:29 - main - INFO - ---------------------------------------------------------------------------------------
2021-02-11 19:54:29 - main - INFO - Prescriptor: prescribe2/prescribe.py - exitcode: 0
2021-02-11 19:54:29 - main - INFO - ---------------------------------------------------------------------------------------
2021-02-11 19:54:34 - main - INFO - 
2021-02-11 19:54:34 - main - INFO - ---------------------------------------------------------------------------------------
2021-02-11 19:54:34 - main - INFO - Prescriptor: prescribe7/prescribe.py - exitcode: 0
2021-02-11 19:54:34 - main - INFO - ---------------------------------------------------------------------------------------
2021-02-11 20:00:35 - main - INFO - 
2021-02-11 20:00:35 - main - INFO - ---------------------------------------------------------------------------------------
2021-02-11 20:00:35 - main - INFO - Prescriptor: prescribe1/prescribe.py - exitcode: 0
2021-02-11 20:00:35 - main - INFO - ---------------------------------------------------------------------------------------
2021-02-11 20:00:41 - main - INFO - 
2021-02-11 20:00:41 - main - INFO - ---------------------------------------------------------------------------------------
2021-02-11 20:00:41 - main - INFO - Prescriptor: prescribe8/prescribe.py - exitcode: 0
2021-02-11 20:00:41 - main - INFO - ---------------------------------------------------------------------------------------
2021-02-11 20:00:44 - main - INFO - 
2021-02-11 20:00:44 - main - INFO - ---------------------------------------------------------------------------------------
2021-02-11 20:00:44 - main - INFO - Prescriptor: prescribe9/prescribe.py - exitcode: 0
2021-02-11 20:00:44 - main - INFO - ---------------------------------------------------------------------------------------
2021-02-11 20:00:45 - main - INFO - #######   COMPLETED CORONASURVEYS MULTI-PRESCRIPTOR RUNNER  #####################################
2021-02-11 20:00:45 - main - INFO - 
2021-02-11 20:00:45 - main - INFO - 
2021-02-11 20:00:45 - main - INFO - #######  EXECUTING CORONASURVEYS MULTI-PRESCRIPTOR RUNNER  #####################################
2021-02-11 20:00:45 - main - INFO - 
2021-02-11 20:00:45 - main - INFO - Successfully created the directory ./prescriptions
2021-02-11 20:00:45 - main - INFO - 
2021-02-11 20:00:45 - main - INFO - ***************************************************************************************
2021-02-11 20:00:45 - main - INFO - ********* CORONASURVEYS PRESCRIPTIONS *************************************************
2021-02-11 20:00:45 - main - INFO - [
                                "prescribe0/prescribe.py",
                                "prescribe1/prescribe.py",
                                "prescribe2/prescribe.py",
                                "prescribe3/prescribe.py",
                                "prescribe4/prescribe.py",
                                "prescribe5/prescribe.py",
                                "prescribe6/prescribe.py",
                                "prescribe7/prescribe.py",
                                "prescribe8/prescribe.py",
                                "prescribe9/prescribe.py"
]
2021-02-11 20:00:45 - main - INFO - ***************************************************************************************
2021-02-11 20:00:45 - main - INFO - 
2021-02-11 20:00:45 - main - INFO - Launching prescriptor [prescribe0/prescribe.py] from 2021-02-11 to 2021-05-11
2021-02-11 20:00:46 - main - INFO - Command: python prescribe.py --start_date 2021-02-11 --end_date 2021-05-11 --interventions_past /Users/anto/github/coronasurveys/code/xprize/data/IPS-latest-full.csv --intervention_costs /Users/anto/github/coronasurveys/code/xprize/data/uniform_random_costs.csv --output_file /Users/anto/github/coronasurveys/code/xprize/prescribe0/prescribe0_output.csv
2021-02-11 20:00:46 - main - INFO - Main script - Successfully launched subprocesses.
2021-02-11 20:00:46 - main - INFO - Launching prescriptor [prescribe1/prescribe.py] from 2021-02-11 to 2021-05-11
2021-02-11 20:00:47 - main - INFO - Command: python prescribe.py --start_date 2021-02-11 --end_date 2021-05-11 --interventions_past /Users/anto/github/coronasurveys/code/xprize/data/IPS-latest-full.csv --intervention_costs /Users/anto/github/coronasurveys/code/xprize/data/uniform_random_costs.csv --output_file /Users/anto/github/coronasurveys/code/xprize/prescribe1/prescribe1_output.csv
2021-02-11 20:00:47 - main - INFO - Main script - Successfully launched subprocesses.
2021-02-11 20:00:47 - main - INFO - Launching prescriptor [prescribe2/prescribe.py] from 2021-02-11 to 2021-05-11
2021-02-11 20:00:47 - main - INFO - Command: python prescribe.py --start_date 2021-02-11 --end_date 2021-05-11 --interventions_past /Users/anto/github/coronasurveys/code/xprize/data/IPS-latest-full.csv --intervention_costs /Users/anto/github/coronasurveys/code/xprize/data/uniform_random_costs.csv --output_file /Users/anto/github/coronasurveys/code/xprize/prescribe2/prescribe2_output.csv
2021-02-11 20:00:47 - main - INFO - Main script - Successfully launched subprocesses.
2021-02-11 20:00:47 - main - INFO - Launching prescriptor [prescribe3/prescribe.py] from 2021-02-11 to 2021-05-11
2021-02-11 20:00:48 - numexpr.utils - INFO - NumExpr defaulting to 8 threads.
2021-02-11 20:00:48 - main - INFO - Command: python prescribe.py --start_date 2021-02-11 --end_date 2021-05-11 --interventions_past /Users/anto/github/coronasurveys/code/xprize/data/IPS-latest-full.csv --intervention_costs /Users/anto/github/coronasurveys/code/xprize/data/uniform_random_costs.csv --output_file /Users/anto/github/coronasurveys/code/xprize/prescribe3/prescribe3_output.csv
2021-02-11 20:00:48 - main - INFO - Main script - Successfully launched subprocesses.
2021-02-11 20:00:48 - main - INFO - Launching prescriptor [prescribe4/prescribe.py] from 2021-02-11 to 2021-05-11
2021-02-11 20:00:49 - main - INFO - Command: python prescribe.py --start_date 2021-02-11 --end_date 2021-05-11 --interventions_past /Users/anto/github/coronasurveys/code/xprize/data/IPS-latest-full.csv --intervention_costs /Users/anto/github/coronasurveys/code/xprize/data/uniform_random_costs.csv --output_file /Users/anto/github/coronasurveys/code/xprize/prescribe4/prescribe4_output.csv
2021-02-11 20:00:49 - main - INFO - Main script - Successfully launched subprocesses.
2021-02-11 20:00:49 - main - INFO - Launching prescriptor [prescribe5/prescribe.py] from 2021-02-11 to 2021-05-11
2021-02-11 20:00:50 - main - INFO - Command: python prescribe.py --start_date 2021-02-11 --end_date 2021-05-11 --interventions_past /Users/anto/github/coronasurveys/code/xprize/data/IPS-latest-full.csv --intervention_costs /Users/anto/github/coronasurveys/code/xprize/data/uniform_random_costs.csv --output_file /Users/anto/github/coronasurveys/code/xprize/prescribe5/prescribe5_output.csv
2021-02-11 20:00:50 - main - INFO - Main script - Successfully launched subprocesses.
2021-02-11 20:00:50 - main - INFO - Launching prescriptor [prescribe6/prescribe.py] from 2021-02-11 to 2021-05-11
2021-02-11 20:00:51 - main - INFO - Command: python prescribe.py --start_date 2021-02-11 --end_date 2021-05-11 --interventions_past /Users/anto/github/coronasurveys/code/xprize/data/IPS-latest-full.csv --intervention_costs /Users/anto/github/coronasurveys/code/xprize/data/uniform_random_costs.csv --output_file /Users/anto/github/coronasurveys/code/xprize/prescribe6/prescribe6_output.csv
2021-02-11 20:00:51 - main - INFO - Main script - Successfully launched subprocesses.
2021-02-11 20:00:51 - main - INFO - Launching prescriptor [prescribe7/prescribe.py] from 2021-02-11 to 2021-05-11
2021-02-11 20:00:53 - main - INFO - Command: python prescribe.py --start_date 2021-02-11 --end_date 2021-05-11 --interventions_past /Users/anto/github/coronasurveys/code/xprize/data/IPS-latest-full.csv --intervention_costs /Users/anto/github/coronasurveys/code/xprize/data/uniform_random_costs.csv --output_file /Users/anto/github/coronasurveys/code/xprize/prescribe7/prescribe7_output.csv
2021-02-11 20:00:53 - main - INFO - Main script - Successfully launched subprocesses.
2021-02-11 20:00:53 - main - INFO - Launching prescriptor [prescribe8/prescribe.py] from 2021-02-11 to 2021-05-11
2021-02-11 20:00:54 - main - INFO - Command: python prescribe.py --start_date 2021-02-11 --end_date 2021-05-11 --interventions_past /Users/anto/github/coronasurveys/code/xprize/data/IPS-latest-full.csv --intervention_costs /Users/anto/github/coronasurveys/code/xprize/data/uniform_random_costs.csv --output_file /Users/anto/github/coronasurveys/code/xprize/prescribe8/prescribe8_output.csv
2021-02-11 20:00:54 - main - INFO - Main script - Successfully launched subprocesses.
2021-02-11 20:00:54 - main - INFO - Launching prescriptor [prescribe9/prescribe.py] from 2021-02-11 to 2021-05-11
2021-02-11 20:00:56 - main - INFO - Command: python prescribe.py --start_date 2021-02-11 --end_date 2021-05-11 --interventions_past /Users/anto/github/coronasurveys/code/xprize/data/IPS-latest-full.csv --intervention_costs /Users/anto/github/coronasurveys/code/xprize/data/uniform_random_costs.csv --output_file /Users/anto/github/coronasurveys/code/xprize/prescribe9/prescribe9_output.csv
2021-02-11 20:00:56 - main - INFO - Main script - Successfully launched subprocesses.
2021-02-11 20:00:56 - main - INFO - 
2021-02-11 20:00:56 - main - INFO - ####### Launched CORONASURVEYS MULTI-PRESCRIPTOR RUNNER
2021-02-11 20:00:56 - main - INFO - 
2021-02-11 20:00:57 - main - INFO - 
2021-02-11 20:00:57 - main - INFO - ---------------------------------------------------------------------------------------
2021-02-11 20:00:57 - main - INFO - Prescriptor: prescribe0/prescribe.py - exitcode: 0
2021-02-11 20:00:57 - main - INFO - ---------------------------------------------------------------------------------------
2021-02-11 20:00:57 - main - INFO - 
2021-02-11 20:00:57 - main - INFO - ---------------------------------------------------------------------------------------
2021-02-11 20:00:57 - main - INFO - Prescriptor: prescribe3/prescribe.py - exitcode: 0
2021-02-11 20:00:57 - main - INFO - ---------------------------------------------------------------------------------------
2021-02-11 20:00:58 - main - INFO - 
2021-02-11 20:00:58 - main - INFO - ---------------------------------------------------------------------------------------
2021-02-11 20:00:58 - main - INFO - Prescriptor: prescribe4/prescribe.py - exitcode: 0
2021-02-11 20:00:58 - main - INFO - ---------------------------------------------------------------------------------------
2021-02-11 20:05:18 - main - INFO - 
2021-02-11 20:05:18 - main - INFO - ---------------------------------------------------------------------------------------
2021-02-11 20:05:18 - main - INFO - Prescriptor: prescribe5/prescribe.py - exitcode: 0
2021-02-11 20:05:18 - main - INFO - ---------------------------------------------------------------------------------------
2021-02-11 20:05:20 - main - INFO - 
2021-02-11 20:05:20 - main - INFO - ---------------------------------------------------------------------------------------
2021-02-11 20:05:20 - main - INFO - Prescriptor: prescribe6/prescribe.py - exitcode: 0
2021-02-11 20:05:20 - main - INFO - ---------------------------------------------------------------------------------------
2021-02-11 20:07:55 - prescribe2 - INFO - Successfully executed /Users/anto/github/coronasurveys/code/xprize/prescribe2/prescribe.py
2021-02-11 20:07:55 - prescribe2 - INFO - Duration: 0:07:07.087141 seconds
2021-02-11 20:07:55 - main - INFO - 
2021-02-11 20:07:55 - main - INFO - ---------------------------------------------------------------------------------------
2021-02-11 20:07:55 - main - INFO - Prescriptor: prescribe2/prescribe.py - exitcode: 0
2021-02-11 20:07:55 - main - INFO - ---------------------------------------------------------------------------------------
2021-02-11 20:07:56 - main - INFO - 
2021-02-11 20:07:56 - main - INFO - ---------------------------------------------------------------------------------------
2021-02-11 20:07:56 - main - INFO - Prescriptor: prescribe7/prescribe.py - exitcode: 0
2021-02-11 20:07:56 - main - INFO - ---------------------------------------------------------------------------------------
2021-02-11 20:13:48 - main - INFO - 
2021-02-11 20:13:48 - main - INFO - ---------------------------------------------------------------------------------------
2021-02-11 20:13:48 - main - INFO - Prescriptor: prescribe1/prescribe.py - exitcode: 0
2021-02-11 20:13:48 - main - INFO - ---------------------------------------------------------------------------------------
2021-02-11 20:13:50 - main - INFO - 
2021-02-11 20:13:50 - main - INFO - ---------------------------------------------------------------------------------------
2021-02-11 20:13:50 - main - INFO - Prescriptor: prescribe8/prescribe.py - exitcode: 0
2021-02-11 20:13:50 - main - INFO - ---------------------------------------------------------------------------------------
2021-02-11 20:13:53 - main - INFO - 
2021-02-11 20:13:53 - main - INFO - ---------------------------------------------------------------------------------------
2021-02-11 20:13:53 - main - INFO - Prescriptor: prescribe9/prescribe.py - exitcode: 0
2021-02-11 20:13:53 - main - INFO - ---------------------------------------------------------------------------------------
2021-02-11 20:13:54 - main - INFO - #######   COMPLETED CORONASURVEYS MULTI-PRESCRIPTOR RUNNER  #####################################
