2021-02-10 00:20:06 - prescribe6 - INFO - 
2021-02-10 00:20:06 - prescribe6 - INFO - 
2021-02-10 00:20:06 - prescribe6 - INFO - =========================================================================
2021-02-10 00:20:06 - prescribe6 - INFO - Command: Rscript --vanilla prescribe.R 2021-02-10 2021-04-30 /Users/anto/github/coronasurveys/code/xprize/data/IPS-latest-full.csv /Users/anto/github/coronasurveys/code/xprize/data/fixed_equal_costs.csv /Users/anto/github/coronasurveys/code/xprize/prescribe6/prescribe6_output.csv /Users/anto/github/coronasurveys/code/xprize/prescribe6
2021-02-10 00:20:06 - prescribe6 - INFO - =========================================================================
2021-02-10 00:20:06 - prescribe6 - INFO - During startup - Warning messages:
2021-02-10 00:20:06 - prescribe6 - INFO - 1: Setting LC_CTYPE failed, using "C"
2021-02-10 00:20:06 - prescribe6 - INFO - 2: Setting LC_COLLATE failed, using "C"
2021-02-10 00:20:06 - prescribe6 - INFO - 3: Setting LC_TIME failed, using "C"
2021-02-10 00:20:06 - prescribe6 - INFO - 4: Setting LC_MESSAGES failed, using "C"
2021-02-10 00:20:06 - prescribe6 - INFO - 5: Setting LC_MONETARY failed, using "C"
2021-02-10 00:20:08 - prescribe6 - INFO - -- Attaching packages --------------------------------------- tidyverse 1.3.0 --
2021-02-10 00:20:08 - prescribe6 - INFO - v ggplot2 3.3.2     v purrr   0.3.4
2021-02-10 00:20:08 - prescribe6 - INFO - v tibble  3.0.4     v dplyr   1.0.2
2021-02-10 00:20:08 - prescribe6 - INFO - v tidyr   1.1.2     v stringr 1.4.0
2021-02-10 00:20:08 - prescribe6 - INFO - v readr   1.3.1     v forcats 0.5.0
2021-02-10 00:20:08 - prescribe6 - INFO - -- Conflicts ------------------------------------------ tidyverse_conflicts() --
2021-02-10 00:20:08 - prescribe6 - INFO - x dplyr::filter() masks stats::filter()
2021-02-10 00:20:08 - prescribe6 - INFO - x dplyr::lag()    masks stats::lag()
2021-02-10 00:24:39 - prescribe6 - INFO - Execution time prescribe6:  4.505625
2021-02-10 00:24:39 - prescribe6 - INFO - Successfully executed /Users/anto/github/coronasurveys/code/xprize/prescribe6/prescribe.py
2021-02-10 00:24:39 - prescribe6 - INFO - =========================================================================
2021-02-10 00:24:39 - prescribe6 - INFO - Duration: 0:04:32.717666 seconds
2021-02-10 00:24:39 - prescribe6 - INFO - =========================================================================
2021-02-10 00:33:38 - prescribe6 - INFO - 
2021-02-10 00:33:38 - prescribe6 - INFO - 
2021-02-10 00:33:38 - prescribe6 - INFO - =========================================================================
2021-02-10 00:33:38 - prescribe6 - INFO - Command: Rscript --vanilla prescribe.R 2021-02-10 2021-04-30 /Users/anto/github/coronasurveys/code/xprize/data/IPS-latest-full.csv /Users/anto/github/coronasurveys/code/xprize/data/uniform_random_costs.csv /Users/anto/github/coronasurveys/code/xprize/prescribe6/prescribe6_output.csv /Users/anto/github/coronasurveys/code/xprize/prescribe6
2021-02-10 00:33:38 - prescribe6 - INFO - =========================================================================
2021-02-10 00:33:38 - prescribe6 - INFO - During startup - Warning messages:
2021-02-10 00:33:38 - prescribe6 - INFO - 1: Setting LC_CTYPE failed, using "C"
2021-02-10 00:33:38 - prescribe6 - INFO - 2: Setting LC_COLLATE failed, using "C"
2021-02-10 00:33:38 - prescribe6 - INFO - 3: Setting LC_TIME failed, using "C"
2021-02-10 00:33:38 - prescribe6 - INFO - 4: Setting LC_MESSAGES failed, using "C"
2021-02-10 00:33:38 - prescribe6 - INFO - 5: Setting LC_MONETARY failed, using "C"
2021-02-10 00:33:39 - prescribe6 - INFO - -- Attaching packages --------------------------------------- tidyverse 1.3.0 --
2021-02-10 00:33:40 - prescribe6 - INFO - v ggplot2 3.3.2     v purrr   0.3.4
2021-02-10 00:33:40 - prescribe6 - INFO - v tibble  3.0.4     v dplyr   1.0.2
2021-02-10 00:33:40 - prescribe6 - INFO - v tidyr   1.1.2     v stringr 1.4.0
2021-02-10 00:33:40 - prescribe6 - INFO - v readr   1.3.1     v forcats 0.5.0
2021-02-10 00:33:40 - prescribe6 - INFO - -- Conflicts ------------------------------------------ tidyverse_conflicts() --
2021-02-10 00:33:40 - prescribe6 - INFO - x dplyr::filter() masks stats::filter()
2021-02-10 00:33:40 - prescribe6 - INFO - x dplyr::lag()    masks stats::lag()
2021-02-10 00:38:08 - prescribe6 - INFO - Execution time prescribe6:  4.464365
2021-02-10 00:38:08 - prescribe6 - INFO - Successfully executed /Users/anto/github/coronasurveys/code/xprize/prescribe6/prescribe.py
2021-02-10 00:38:08 - prescribe6 - INFO - =========================================================================
2021-02-10 00:38:08 - prescribe6 - INFO - Duration: 0:04:30.023038 seconds
2021-02-10 00:38:08 - prescribe6 - INFO - =========================================================================
2021-02-10 11:49:27 - prescribe6 - INFO - 
2021-02-10 11:49:27 - prescribe6 - INFO - 
2021-02-10 11:49:27 - prescribe6 - INFO - =========================================================================
2021-02-10 11:49:27 - prescribe6 - INFO - Command: Rscript --vanilla prescribe.R 2021-02-10 2021-05-10 /Users/anto/github/coronasurveys/code/xprize/data/IPS-latest-full.csv /Users/anto/github/coronasurveys/code/xprize/data/fixed_equal_costs.csv /Users/anto/github/coronasurveys/code/xprize/prescribe6/prescribe6_output.csv /Users/anto/github/coronasurveys/code/xprize/prescribe6
2021-02-10 11:49:27 - prescribe6 - INFO - =========================================================================
2021-02-10 11:49:27 - prescribe6 - INFO - During startup - Warning messages:
2021-02-10 11:49:27 - prescribe6 - INFO - 1: Setting LC_CTYPE failed, using "C"
2021-02-10 11:49:27 - prescribe6 - INFO - 2: Setting LC_COLLATE failed, using "C"
2021-02-10 11:49:27 - prescribe6 - INFO - 3: Setting LC_TIME failed, using "C"
2021-02-10 11:49:27 - prescribe6 - INFO - 4: Setting LC_MESSAGES failed, using "C"
2021-02-10 11:49:27 - prescribe6 - INFO - 5: Setting LC_MONETARY failed, using "C"
2021-02-10 11:49:29 - prescribe6 - INFO - -- Attaching packages --------------------------------------- tidyverse 1.3.0 --
2021-02-10 11:49:29 - prescribe6 - INFO - v ggplot2 3.3.2     v purrr   0.3.4
2021-02-10 11:49:29 - prescribe6 - INFO - v tibble  3.0.4     v dplyr   1.0.2
2021-02-10 11:49:29 - prescribe6 - INFO - v tidyr   1.1.2     v stringr 1.4.0
2021-02-10 11:49:29 - prescribe6 - INFO - v readr   1.3.1     v forcats 0.5.0
2021-02-10 11:49:29 - prescribe6 - INFO - -- Conflicts ------------------------------------------ tidyverse_conflicts() --
2021-02-10 11:49:29 - prescribe6 - INFO - x dplyr::filter() masks stats::filter()
2021-02-10 11:49:29 - prescribe6 - INFO - x dplyr::lag()    masks stats::lag()
2021-02-10 11:54:09 - prescribe6 - INFO - Execution time prescribe6:  4.66797
2021-02-10 11:54:09 - prescribe6 - INFO - Successfully executed /Users/anto/github/coronasurveys/code/xprize/prescribe6/prescribe.py
2021-02-10 11:54:09 - prescribe6 - INFO - =========================================================================
2021-02-10 11:54:09 - prescribe6 - INFO - Duration: 0:04:42.330005 seconds
2021-02-10 11:54:09 - prescribe6 - INFO - =========================================================================
2021-02-10 12:03:29 - prescribe6 - INFO - 
2021-02-10 12:03:29 - prescribe6 - INFO - 
2021-02-10 12:03:29 - prescribe6 - INFO - =========================================================================
2021-02-10 12:03:29 - prescribe6 - INFO - Command: Rscript --vanilla prescribe.R 2021-02-10 2021-05-10 /Users/anto/github/coronasurveys/code/xprize/data/IPS-latest-full.csv /Users/anto/github/coronasurveys/code/xprize/data/uniform_random_costs.csv /Users/anto/github/coronasurveys/code/xprize/prescribe6/prescribe6_output.csv /Users/anto/github/coronasurveys/code/xprize/prescribe6
2021-02-10 12:03:29 - prescribe6 - INFO - =========================================================================
2021-02-10 12:03:29 - prescribe6 - INFO - During startup - Warning messages:
2021-02-10 12:03:29 - prescribe6 - INFO - 1: Setting LC_CTYPE failed, using "C"
2021-02-10 12:03:29 - prescribe6 - INFO - 2: Setting LC_COLLATE failed, using "C"
2021-02-10 12:03:29 - prescribe6 - INFO - 3: Setting LC_TIME failed, using "C"
2021-02-10 12:03:29 - prescribe6 - INFO - 4: Setting LC_MESSAGES failed, using "C"
2021-02-10 12:03:29 - prescribe6 - INFO - 5: Setting LC_MONETARY failed, using "C"
2021-02-10 12:03:31 - prescribe6 - INFO - -- Attaching packages --------------------------------------- tidyverse 1.3.0 --
2021-02-10 12:03:31 - prescribe6 - INFO - v ggplot2 3.3.2     v purrr   0.3.4
2021-02-10 12:03:31 - prescribe6 - INFO - v tibble  3.0.4     v dplyr   1.0.2
2021-02-10 12:03:31 - prescribe6 - INFO - v tidyr   1.1.2     v stringr 1.4.0
2021-02-10 12:03:31 - prescribe6 - INFO - v readr   1.3.1     v forcats 0.5.0
2021-02-10 12:03:31 - prescribe6 - INFO - -- Conflicts ------------------------------------------ tidyverse_conflicts() --
2021-02-10 12:03:31 - prescribe6 - INFO - x dplyr::filter() masks stats::filter()
2021-02-10 12:03:31 - prescribe6 - INFO - x dplyr::lag()    masks stats::lag()
2021-02-10 12:08:22 - prescribe6 - INFO - Execution time prescribe6:  4.851692
2021-02-10 12:08:22 - prescribe6 - INFO - Successfully executed /Users/anto/github/coronasurveys/code/xprize/prescribe6/prescribe.py
2021-02-10 12:08:22 - prescribe6 - INFO - =========================================================================
2021-02-10 12:08:22 - prescribe6 - INFO - Duration: 0:04:53.342125 seconds
2021-02-10 12:08:22 - prescribe6 - INFO - =========================================================================
2021-02-10 23:33:00 - prescribe6 - INFO - 
2021-02-10 23:33:00 - prescribe6 - INFO - 
2021-02-10 23:33:00 - prescribe6 - INFO - =========================================================================
2021-02-10 23:33:00 - prescribe6 - INFO - Command: Rscript --vanilla prescribe.R 2021-02-10 2021-05-10 /Users/anto/github/coronasurveys/code/xprize/data/IPS-latest-full.csv /Users/anto/github/coronasurveys/code/xprize/data/fixed_equal_costs.csv /Users/anto/github/coronasurveys/code/xprize/prescribe6/prescribe6_output.csv /Users/anto/github/coronasurveys/code/xprize/prescribe6
2021-02-10 23:33:00 - prescribe6 - INFO - =========================================================================
2021-02-10 23:33:00 - prescribe6 - INFO - During startup - Warning messages:
2021-02-10 23:33:00 - prescribe6 - INFO - 1: Setting LC_CTYPE failed, using "C"
2021-02-10 23:33:00 - prescribe6 - INFO - 2: Setting LC_COLLATE failed, using "C"
2021-02-10 23:33:00 - prescribe6 - INFO - 3: Setting LC_TIME failed, using "C"
2021-02-10 23:33:00 - prescribe6 - INFO - 4: Setting LC_MESSAGES failed, using "C"
2021-02-10 23:33:00 - prescribe6 - INFO - 5: Setting LC_MONETARY failed, using "C"
2021-02-10 23:33:02 - prescribe6 - INFO - -- Attaching packages --------------------------------------- tidyverse 1.3.0 --
2021-02-10 23:33:02 - prescribe6 - INFO - v ggplot2 3.3.2     v purrr   0.3.4
2021-02-10 23:33:02 - prescribe6 - INFO - v tibble  3.0.4     v dplyr   1.0.2
2021-02-10 23:33:02 - prescribe6 - INFO - v tidyr   1.1.2     v stringr 1.4.0
2021-02-10 23:33:02 - prescribe6 - INFO - v readr   1.3.1     v forcats 0.5.0
2021-02-10 23:33:02 - prescribe6 - INFO - -- Conflicts ------------------------------------------ tidyverse_conflicts() --
2021-02-10 23:33:02 - prescribe6 - INFO - x dplyr::filter() masks stats::filter()
2021-02-10 23:33:02 - prescribe6 - INFO - x dplyr::lag()    masks stats::lag()
2021-02-10 23:37:15 - prescribe6 - INFO - Execution time prescribe6:  4.218676
2021-02-10 23:37:15 - prescribe6 - INFO - Successfully executed /Users/anto/github/coronasurveys/code/xprize/prescribe6/prescribe.py
2021-02-10 23:37:15 - prescribe6 - INFO - =========================================================================
2021-02-10 23:37:15 - prescribe6 - INFO - Duration: 0:04:15.168800 seconds
2021-02-10 23:37:15 - prescribe6 - INFO - =========================================================================
2021-02-10 23:45:49 - prescribe6 - INFO - 
2021-02-10 23:45:49 - prescribe6 - INFO - 
2021-02-10 23:45:49 - prescribe6 - INFO - =========================================================================
2021-02-10 23:45:49 - prescribe6 - INFO - Command: Rscript --vanilla prescribe.R 2021-02-10 2021-05-10 /Users/anto/github/coronasurveys/code/xprize/data/IPS-latest-full.csv /Users/anto/github/coronasurveys/code/xprize/data/uniform_random_costs.csv /Users/anto/github/coronasurveys/code/xprize/prescribe6/prescribe6_output.csv /Users/anto/github/coronasurveys/code/xprize/prescribe6
2021-02-10 23:45:49 - prescribe6 - INFO - =========================================================================
2021-02-10 23:45:49 - prescribe6 - INFO - During startup - Warning messages:
2021-02-10 23:45:49 - prescribe6 - INFO - 1: Setting LC_CTYPE failed, using "C"
2021-02-10 23:45:49 - prescribe6 - INFO - 2: Setting LC_COLLATE failed, using "C"
2021-02-10 23:45:49 - prescribe6 - INFO - 3: Setting LC_TIME failed, using "C"
2021-02-10 23:45:49 - prescribe6 - INFO - 4: Setting LC_MESSAGES failed, using "C"
2021-02-10 23:45:49 - prescribe6 - INFO - 5: Setting LC_MONETARY failed, using "C"
2021-02-10 23:45:51 - prescribe6 - INFO - -- Attaching packages --------------------------------------- tidyverse 1.3.0 --
2021-02-10 23:45:51 - prescribe6 - INFO - v ggplot2 3.3.2     v purrr   0.3.4
2021-02-10 23:45:51 - prescribe6 - INFO - v tibble  3.0.4     v dplyr   1.0.2
2021-02-10 23:45:51 - prescribe6 - INFO - v tidyr   1.1.2     v stringr 1.4.0
2021-02-10 23:45:51 - prescribe6 - INFO - v readr   1.3.1     v forcats 0.5.0
2021-02-10 23:45:51 - prescribe6 - INFO - -- Conflicts ------------------------------------------ tidyverse_conflicts() --
2021-02-10 23:45:51 - prescribe6 - INFO - x dplyr::filter() masks stats::filter()
2021-02-10 23:45:51 - prescribe6 - INFO - x dplyr::lag()    masks stats::lag()
2021-02-10 23:50:05 - prescribe6 - INFO - Execution time prescribe6:  4.231511
2021-02-10 23:50:05 - prescribe6 - INFO - Successfully executed /Users/anto/github/coronasurveys/code/xprize/prescribe6/prescribe.py
2021-02-10 23:50:05 - prescribe6 - INFO - =========================================================================
2021-02-10 23:50:05 - prescribe6 - INFO - Duration: 0:04:16.116640 seconds
2021-02-10 23:50:05 - prescribe6 - INFO - =========================================================================
