2021-02-13 10:51:48 - prescribe6 - INFO - 
2021-02-13 10:51:48 - prescribe6 - INFO - 
2021-02-13 10:51:48 - prescribe6 - INFO - =========================================================================
2021-02-13 10:51:48 - prescribe6 - INFO - Command: Rscript --vanilla prescribe.R 2021-02-13 2021-05-13 /Users/anto/github/coronasurveys/code/xprize/data/IPS-latest-full.csv /Users/anto/github/coronasurveys/code/xprize/data/fixed_equal_costs.csv /Users/anto/github/coronasurveys/code/xprize/prescribe6/prescribe6_output.csv /Users/anto/github/coronasurveys/code/xprize/prescribe6
2021-02-13 10:51:48 - prescribe6 - INFO - =========================================================================
2021-02-13 10:51:48 - prescribe6 - INFO - During startup - Warning messages:
2021-02-13 10:51:48 - prescribe6 - INFO - 1: Setting LC_CTYPE failed, using "C"
2021-02-13 10:51:48 - prescribe6 - INFO - 2: Setting LC_COLLATE failed, using "C"
2021-02-13 10:51:48 - prescribe6 - INFO - 3: Setting LC_TIME failed, using "C"
2021-02-13 10:51:48 - prescribe6 - INFO - 4: Setting LC_MESSAGES failed, using "C"
2021-02-13 10:51:48 - prescribe6 - INFO - 5: Setting LC_MONETARY failed, using "C"
2021-02-13 10:51:50 - prescribe6 - INFO - -- Attaching packages --------------------------------------- tidyverse 1.3.0 --
2021-02-13 10:51:50 - prescribe6 - INFO - v ggplot2 3.3.3     v purrr   0.3.4
2021-02-13 10:51:50 - prescribe6 - INFO - v tibble  3.0.4     v dplyr   1.0.4
2021-02-13 10:51:50 - prescribe6 - INFO - v tidyr   1.1.2     v stringr 1.4.0
2021-02-13 10:51:50 - prescribe6 - INFO - v readr   1.3.1     v forcats 0.5.0
2021-02-13 10:51:50 - prescribe6 - INFO - -- Conflicts ------------------------------------------ tidyverse_conflicts() --
2021-02-13 10:51:50 - prescribe6 - INFO - x dplyr::filter() masks stats::filter()
2021-02-13 10:51:50 - prescribe6 - INFO - x dplyr::lag()    masks stats::lag()
2021-02-13 10:56:12 - prescribe6 - INFO - Execution time prescribe6:  4.365125
2021-02-13 10:56:12 - prescribe6 - INFO - Successfully executed /Users/anto/github/coronasurveys/code/xprize/prescribe6/prescribe.py
2021-02-13 10:56:12 - prescribe6 - INFO - =========================================================================
2021-02-13 10:56:12 - prescribe6 - INFO - Duration: 0:04:24.163786 seconds
2021-02-13 10:56:12 - prescribe6 - INFO - =========================================================================
2021-02-13 11:04:40 - prescribe6 - INFO - 
2021-02-13 11:04:40 - prescribe6 - INFO - 
2021-02-13 11:04:40 - prescribe6 - INFO - =========================================================================
2021-02-13 11:04:40 - prescribe6 - INFO - Command: Rscript --vanilla prescribe.R 2021-02-13 2021-05-13 /Users/anto/github/coronasurveys/code/xprize/data/IPS-latest-full.csv /Users/anto/github/coronasurveys/code/xprize/data/uniform_random_costs.csv /Users/anto/github/coronasurveys/code/xprize/prescribe6/prescribe6_output.csv /Users/anto/github/coronasurveys/code/xprize/prescribe6
2021-02-13 11:04:40 - prescribe6 - INFO - =========================================================================
2021-02-13 11:04:40 - prescribe6 - INFO - During startup - Warning messages:
2021-02-13 11:04:40 - prescribe6 - INFO - 1: Setting LC_CTYPE failed, using "C"
2021-02-13 11:04:40 - prescribe6 - INFO - 2: Setting LC_COLLATE failed, using "C"
2021-02-13 11:04:40 - prescribe6 - INFO - 3: Setting LC_TIME failed, using "C"
2021-02-13 11:04:40 - prescribe6 - INFO - 4: Setting LC_MESSAGES failed, using "C"
2021-02-13 11:04:40 - prescribe6 - INFO - 5: Setting LC_MONETARY failed, using "C"
2021-02-13 11:04:42 - prescribe6 - INFO - -- Attaching packages --------------------------------------- tidyverse 1.3.0 --
2021-02-13 11:04:42 - prescribe6 - INFO - v ggplot2 3.3.3     v purrr   0.3.4
2021-02-13 11:04:42 - prescribe6 - INFO - v tibble  3.0.4     v dplyr   1.0.4
2021-02-13 11:04:42 - prescribe6 - INFO - v tidyr   1.1.2     v stringr 1.4.0
2021-02-13 11:04:42 - prescribe6 - INFO - v readr   1.3.1     v forcats 0.5.0
2021-02-13 11:04:42 - prescribe6 - INFO - -- Conflicts ------------------------------------------ tidyverse_conflicts() --
2021-02-13 11:04:42 - prescribe6 - INFO - x dplyr::filter() masks stats::filter()
2021-02-13 11:04:42 - prescribe6 - INFO - x dplyr::lag()    masks stats::lag()
2021-02-13 11:09:11 - prescribe6 - INFO - Execution time prescribe6:  4.478251
2021-02-13 11:09:11 - prescribe6 - INFO - Successfully executed /Users/anto/github/coronasurveys/code/xprize/prescribe6/prescribe.py
2021-02-13 11:09:11 - prescribe6 - INFO - =========================================================================
2021-02-13 11:09:11 - prescribe6 - INFO - Duration: 0:04:31.180548 seconds
2021-02-13 11:09:11 - prescribe6 - INFO - =========================================================================
