2021-02-07 22:45:53 - prescribe4 - INFO - 
2021-02-07 22:45:53 - prescribe4 - INFO - 
2021-02-07 22:45:53 - prescribe4 - INFO - =========================================================================
2021-02-07 22:45:53 - prescribe4 - INFO - Command: Rscript --vanilla prescribe.R 2021-02-07 2021-02-28 /Users/anto/github/coronasurveys/code/xprize/data/IPS-latest-full.csv /Users/anto/github/coronasurveys/code/xprize/data/fixed_equal_costs.csv /Users/anto/github/coronasurveys/code/xprize/prescribe4/prescribe4_output.csv /Users/anto/github/coronasurveys/code/xprize/prescribe4
2021-02-07 22:45:53 - prescribe4 - INFO - =========================================================================
2021-02-07 22:45:53 - prescribe4 - INFO - During startup - Warning messages:
2021-02-07 22:45:53 - prescribe4 - INFO - 1: Setting LC_CTYPE failed, using "C"
2021-02-07 22:45:53 - prescribe4 - INFO - 2: Setting LC_COLLATE failed, using "C"
2021-02-07 22:45:53 - prescribe4 - INFO - 3: Setting LC_TIME failed, using "C"
2021-02-07 22:45:53 - prescribe4 - INFO - 4: Setting LC_MESSAGES failed, using "C"
2021-02-07 22:45:53 - prescribe4 - INFO - 5: Setting LC_MONETARY failed, using "C"
2021-02-07 22:45:54 - prescribe4 - INFO - -- Attaching packages --------------------------------------- tidyverse 1.3.0 --
2021-02-07 22:45:54 - prescribe4 - INFO - v ggplot2 3.3.2     v purrr   0.3.4
2021-02-07 22:45:54 - prescribe4 - INFO - v tibble  3.0.4     v dplyr   1.0.2
2021-02-07 22:45:54 - prescribe4 - INFO - v tidyr   1.1.2     v stringr 1.4.0
2021-02-07 22:45:54 - prescribe4 - INFO - v readr   1.3.1     v forcats 0.5.0
2021-02-07 22:45:54 - prescribe4 - INFO - Execution halted
2021-02-07 22:45:54 - prescribe4 - INFO - Unexpected error: (<class 'KeyboardInterrupt'>, KeyboardInterrupt(), <traceback object at 0x7f86597b9d70>)
2021-02-07 22:48:03 - prescribe4 - INFO - 
2021-02-07 22:48:03 - prescribe4 - INFO - 
2021-02-07 22:48:03 - prescribe4 - INFO - =========================================================================
2021-02-07 22:48:03 - prescribe4 - INFO - Command: Rscript --vanilla prescribe.R 2021-02-07 2021-02-28 /Users/anto/github/coronasurveys/code/xprize/data/IPS-latest-full.csv /Users/anto/github/coronasurveys/code/xprize/data/fixed_equal_costs.csv /Users/anto/github/coronasurveys/code/xprize/prescribe4/prescribe4_output.csv /Users/anto/github/coronasurveys/code/xprize/prescribe4
2021-02-07 22:48:03 - prescribe4 - INFO - =========================================================================
2021-02-07 22:48:04 - prescribe4 - INFO - During startup - Warning messages:
2021-02-07 22:48:04 - prescribe4 - INFO - 1: Setting LC_CTYPE failed, using "C"
2021-02-07 22:48:04 - prescribe4 - INFO - 2: Setting LC_COLLATE failed, using "C"
2021-02-07 22:48:04 - prescribe4 - INFO - 3: Setting LC_TIME failed, using "C"
2021-02-07 22:48:04 - prescribe4 - INFO - 4: Setting LC_MESSAGES failed, using "C"
2021-02-07 22:48:04 - prescribe4 - INFO - 5: Setting LC_MONETARY failed, using "C"
2021-02-07 22:48:05 - prescribe4 - INFO - -- Attaching packages --------------------------------------- tidyverse 1.3.0 --
2021-02-07 22:48:05 - prescribe4 - INFO - v ggplot2 3.3.2     v purrr   0.3.4
2021-02-07 22:48:05 - prescribe4 - INFO - v tibble  3.0.4     v dplyr   1.0.2
2021-02-07 22:48:05 - prescribe4 - INFO - v tidyr   1.1.2     v stringr 1.4.0
2021-02-07 22:48:05 - prescribe4 - INFO - v readr   1.3.1     v forcats 0.5.0
2021-02-07 22:48:05 - prescribe4 - INFO - -- Conflicts ------------------------------------------ tidyverse_conflicts() --
2021-02-07 22:48:05 - prescribe4 - INFO - x dplyr::filter() masks stats::filter()
2021-02-07 22:48:05 - prescribe4 - INFO - x dplyr::lag()    masks stats::lag()
2021-02-07 22:48:07 - prescribe4 - INFO - Execution time prescribe4:  1.783419
2021-02-07 22:48:07 - prescribe4 - INFO - Successfully executed /Users/anto/github/coronasurveys/code/xprize/prescribe4/prescribe.py
2021-02-07 22:48:07 - prescribe4 - INFO - =========================================================================
2021-02-07 22:48:07 - prescribe4 - INFO - Duration: 0:00:03.419429 seconds
2021-02-07 22:48:07 - prescribe4 - INFO - =========================================================================
2021-02-07 23:25:14 - prescribe4 - INFO - 
2021-02-07 23:25:14 - prescribe4 - INFO - 
2021-02-07 23:25:14 - prescribe4 - INFO - =========================================================================
2021-02-07 23:25:14 - prescribe4 - INFO - Command: Rscript --vanilla prescribe.R 2021-02-07 2021-05-31 /Users/anto/github/coronasurveys/code/xprize/data/IPS-latest-full.csv /Users/anto/github/coronasurveys/code/xprize/data/fixed_equal_costs.csv /Users/anto/github/coronasurveys/code/xprize/prescribe4/prescribe4_output.csv /Users/anto/github/coronasurveys/code/xprize/prescribe4
2021-02-07 23:25:14 - prescribe4 - INFO - =========================================================================
2021-02-07 23:25:14 - prescribe4 - INFO - During startup - Warning messages:
2021-02-07 23:25:14 - prescribe4 - INFO - 1: Setting LC_CTYPE failed, using "C"
2021-02-07 23:25:14 - prescribe4 - INFO - 2: Setting LC_COLLATE failed, using "C"
2021-02-07 23:25:14 - prescribe4 - INFO - 3: Setting LC_TIME failed, using "C"
2021-02-07 23:25:14 - prescribe4 - INFO - 4: Setting LC_MESSAGES failed, using "C"
2021-02-07 23:25:14 - prescribe4 - INFO - 5: Setting LC_MONETARY failed, using "C"
2021-02-07 23:25:15 - prescribe4 - INFO - -- Attaching packages --------------------------------------- tidyverse 1.3.0 --
2021-02-07 23:25:15 - prescribe4 - INFO - v ggplot2 3.3.2     v purrr   0.3.4
2021-02-07 23:25:15 - prescribe4 - INFO - v tibble  3.0.4     v dplyr   1.0.2
2021-02-07 23:25:15 - prescribe4 - INFO - v tidyr   1.1.2     v stringr 1.4.0
2021-02-07 23:25:15 - prescribe4 - INFO - v readr   1.3.1     v forcats 0.5.0
2021-02-07 23:25:16 - prescribe4 - INFO - -- Conflicts ------------------------------------------ tidyverse_conflicts() --
2021-02-07 23:25:16 - prescribe4 - INFO - x dplyr::filter() masks stats::filter()
2021-02-07 23:25:16 - prescribe4 - INFO - x dplyr::lag()    masks stats::lag()
2021-02-07 23:25:18 - prescribe4 - INFO - Execution time prescribe4:  2.035819
2021-02-07 23:25:18 - prescribe4 - INFO - Successfully executed /Users/anto/github/coronasurveys/code/xprize/prescribe4/prescribe.py
2021-02-07 23:25:18 - prescribe4 - INFO - =========================================================================
2021-02-07 23:25:18 - prescribe4 - INFO - Duration: 0:00:03.489639 seconds
2021-02-07 23:25:18 - prescribe4 - INFO - =========================================================================
