2021-02-08 00:23:02 - prescribe5 - INFO - 
2021-02-08 00:23:02 - prescribe5 - INFO - 
2021-02-08 00:23:02 - prescribe5 - INFO - =========================================================================
2021-02-08 00:23:02 - prescribe5 - INFO - Command: Rscript --vanilla prescribe.R 2021-02-08 2021-02-28 /Users/anto/github/coronasurveys/code/xprize/data/IPS-latest-full.csv /Users/anto/github/coronasurveys/code/xprize/data/fixed_equal_costs.csv /Users/anto/github/coronasurveys/code/xprize/prescribe5/prescribe5_output.csv /Users/anto/github/coronasurveys/code/xprize/prescribe5
2021-02-08 00:23:02 - prescribe5 - INFO - =========================================================================
2021-02-08 00:23:02 - prescribe5 - INFO - During startup - Warning messages:
2021-02-08 00:23:02 - prescribe5 - INFO - 1: Setting LC_CTYPE failed, using "C"
2021-02-08 00:23:02 - prescribe5 - INFO - 2: Setting LC_COLLATE failed, using "C"
2021-02-08 00:23:02 - prescribe5 - INFO - 3: Setting LC_TIME failed, using "C"
2021-02-08 00:23:02 - prescribe5 - INFO - 4: Setting LC_MESSAGES failed, using "C"
2021-02-08 00:23:02 - prescribe5 - INFO - 5: Setting LC_MONETARY failed, using "C"
2021-02-08 00:23:04 - prescribe5 - INFO - -- Attaching packages --------------------------------------- tidyverse 1.3.0 --
2021-02-08 00:23:04 - prescribe5 - INFO - v ggplot2 3.3.2     v purrr   0.3.4
2021-02-08 00:23:04 - prescribe5 - INFO - v tibble  3.0.4     v dplyr   1.0.2
2021-02-08 00:23:04 - prescribe5 - INFO - v tidyr   1.1.2     v stringr 1.4.0
2021-02-08 00:23:04 - prescribe5 - INFO - v readr   1.3.1     v forcats 0.5.0
2021-02-08 00:23:04 - prescribe5 - INFO - -- Conflicts ------------------------------------------ tidyverse_conflicts() --
2021-02-08 00:23:04 - prescribe5 - INFO - x dplyr::filter() masks stats::filter()
2021-02-08 00:23:04 - prescribe5 - INFO - x dplyr::lag()    masks stats::lag()
2021-02-08 00:28:12 - prescribe5 - INFO - Execution time prescribe5:  5.136577
2021-02-08 00:28:12 - prescribe5 - INFO - Successfully executed /Users/anto/github/coronasurveys/code/xprize/prescribe5/prescribe.py
2021-02-08 00:28:12 - prescribe5 - INFO - =========================================================================
2021-02-08 00:28:12 - prescribe5 - INFO - Duration: 0:05:10.133718 seconds
2021-02-08 00:28:12 - prescribe5 - INFO - =========================================================================
2021-02-08 09:53:42 - prescribe5 - INFO - 
2021-02-08 09:53:42 - prescribe5 - INFO - 
2021-02-08 09:53:42 - prescribe5 - INFO - =========================================================================
2021-02-08 09:53:42 - prescribe5 - INFO - Command: Rscript --vanilla prescribe.R 2021-02-08 2021-02-28 /Users/anto/github/coronasurveys/code/xprize/data/IPS-latest-full.csv /Users/anto/github/coronasurveys/code/xprize/data/fixed_equal_costs.csv /Users/anto/github/coronasurveys/code/xprize/prescribe5/prescribe5_output.csv /Users/anto/github/coronasurveys/code/xprize/prescribe5
2021-02-08 09:53:42 - prescribe5 - INFO - =========================================================================
2021-02-08 09:53:42 - prescribe5 - INFO - During startup - Warning messages:
2021-02-08 09:53:42 - prescribe5 - INFO - 1: Setting LC_CTYPE failed, using "C"
2021-02-08 09:53:42 - prescribe5 - INFO - 2: Setting LC_COLLATE failed, using "C"
2021-02-08 09:53:42 - prescribe5 - INFO - 3: Setting LC_TIME failed, using "C"
2021-02-08 09:53:42 - prescribe5 - INFO - 4: Setting LC_MESSAGES failed, using "C"
2021-02-08 09:53:42 - prescribe5 - INFO - 5: Setting LC_MONETARY failed, using "C"
2021-02-08 09:53:45 - prescribe5 - INFO - -- Attaching packages --------------------------------------- tidyverse 1.3.0 --
2021-02-08 09:53:45 - prescribe5 - INFO - v ggplot2 3.3.2     v purrr   0.3.4
2021-02-08 09:53:45 - prescribe5 - INFO - v tibble  3.0.4     v dplyr   1.0.2
2021-02-08 09:53:45 - prescribe5 - INFO - v tidyr   1.1.2     v stringr 1.4.0
2021-02-08 09:53:45 - prescribe5 - INFO - v readr   1.3.1     v forcats 0.5.0
2021-02-08 09:53:45 - prescribe5 - INFO - -- Conflicts ------------------------------------------ tidyverse_conflicts() --
2021-02-08 09:53:45 - prescribe5 - INFO - x dplyr::filter() masks stats::filter()
2021-02-08 09:53:45 - prescribe5 - INFO - x dplyr::lag()    masks stats::lag()
2021-02-08 09:57:40 - prescribe5 - INFO - Execution time prescribe5:  3.913207
2021-02-08 09:57:40 - prescribe5 - INFO - Successfully executed /Users/anto/github/coronasurveys/code/xprize/prescribe5/prescribe.py
2021-02-08 09:57:40 - prescribe5 - INFO - =========================================================================
2021-02-08 09:57:40 - prescribe5 - INFO - Duration: 0:03:57.642008 seconds
2021-02-08 09:57:40 - prescribe5 - INFO - =========================================================================
2021-02-08 11:40:30 - prescribe5 - INFO - 
2021-02-08 11:40:30 - prescribe5 - INFO - 
2021-02-08 11:40:30 - prescribe5 - INFO - =========================================================================
2021-02-08 11:40:30 - prescribe5 - INFO - Command: Rscript --vanilla prescribe.R 2021-02-08 2021-02-28 /Users/anto/github/coronasurveys/code/xprize/data/IPS-latest-full.csv /Users/anto/github/coronasurveys/code/xprize/data/fixed_equal_costs.csv /Users/anto/github/coronasurveys/code/xprize/prescribe5/prescribe5_output.csv /Users/anto/github/coronasurveys/code/xprize/prescribe5
2021-02-08 11:40:30 - prescribe5 - INFO - =========================================================================
2021-02-08 11:40:31 - prescribe5 - INFO - During startup - Warning messages:
2021-02-08 11:40:31 - prescribe5 - INFO - 1: Setting LC_CTYPE failed, using "C"
2021-02-08 11:40:31 - prescribe5 - INFO - 2: Setting LC_COLLATE failed, using "C"
2021-02-08 11:40:31 - prescribe5 - INFO - 3: Setting LC_TIME failed, using "C"
2021-02-08 11:40:31 - prescribe5 - INFO - 4: Setting LC_MESSAGES failed, using "C"
2021-02-08 11:40:31 - prescribe5 - INFO - 5: Setting LC_MONETARY failed, using "C"
2021-02-08 11:40:32 - prescribe5 - INFO - -- Attaching packages --------------------------------------- tidyverse 1.3.0 --
2021-02-08 11:40:32 - prescribe5 - INFO - v ggplot2 3.3.2     v purrr   0.3.4
2021-02-08 11:40:32 - prescribe5 - INFO - v tibble  3.0.4     v dplyr   1.0.2
2021-02-08 11:40:32 - prescribe5 - INFO - v tidyr   1.1.2     v stringr 1.4.0
2021-02-08 11:40:32 - prescribe5 - INFO - v readr   1.3.1     v forcats 0.5.0
2021-02-08 11:40:32 - prescribe5 - INFO - -- Conflicts ------------------------------------------ tidyverse_conflicts() --
2021-02-08 11:40:32 - prescribe5 - INFO - x dplyr::filter() masks stats::filter()
2021-02-08 11:40:32 - prescribe5 - INFO - x dplyr::lag()    masks stats::lag()
2021-02-08 11:44:24 - prescribe5 - INFO - Execution time prescribe5:  3.856932
2021-02-08 11:44:24 - prescribe5 - INFO - Successfully executed /Users/anto/github/coronasurveys/code/xprize/prescribe5/prescribe.py
2021-02-08 11:44:24 - prescribe5 - INFO - =========================================================================
2021-02-08 11:44:24 - prescribe5 - INFO - Duration: 0:03:53.577638 seconds
2021-02-08 11:44:24 - prescribe5 - INFO - =========================================================================
2021-02-08 11:47:08 - prescribe5 - INFO - 
2021-02-08 11:47:08 - prescribe5 - INFO - 
2021-02-08 11:47:08 - prescribe5 - INFO - =========================================================================
2021-02-08 11:47:08 - prescribe5 - INFO - Command: Rscript --vanilla prescribe.R 2021-02-08 2021-02-28 /Users/anto/github/coronasurveys/code/xprize/data/IPS-latest-full.csv /Users/anto/github/coronasurveys/code/xprize/data/uniform_random_costs.csv /Users/anto/github/coronasurveys/code/xprize/prescribe5/prescribe5_output.csv /Users/anto/github/coronasurveys/code/xprize/prescribe5
2021-02-08 11:47:08 - prescribe5 - INFO - =========================================================================
2021-02-08 11:47:08 - prescribe5 - INFO - During startup - Warning messages:
2021-02-08 11:47:08 - prescribe5 - INFO - 1: Setting LC_CTYPE failed, using "C"
2021-02-08 11:47:08 - prescribe5 - INFO - 2: Setting LC_COLLATE failed, using "C"
2021-02-08 11:47:08 - prescribe5 - INFO - 3: Setting LC_TIME failed, using "C"
2021-02-08 11:47:08 - prescribe5 - INFO - 4: Setting LC_MESSAGES failed, using "C"
2021-02-08 11:47:08 - prescribe5 - INFO - 5: Setting LC_MONETARY failed, using "C"
2021-02-08 11:47:11 - prescribe5 - INFO - -- Attaching packages --------------------------------------- tidyverse 1.3.0 --
2021-02-08 11:47:11 - prescribe5 - INFO - v ggplot2 3.3.2     v purrr   0.3.4
2021-02-08 11:47:11 - prescribe5 - INFO - v tibble  3.0.4     v dplyr   1.0.2
2021-02-08 11:47:11 - prescribe5 - INFO - v tidyr   1.1.2     v stringr 1.4.0
2021-02-08 11:47:11 - prescribe5 - INFO - v readr   1.3.1     v forcats 0.5.0
2021-02-08 11:47:11 - prescribe5 - INFO - -- Conflicts ------------------------------------------ tidyverse_conflicts() --
2021-02-08 11:47:11 - prescribe5 - INFO - x dplyr::filter() masks stats::filter()
2021-02-08 11:47:11 - prescribe5 - INFO - x dplyr::lag()    masks stats::lag()
2021-02-08 11:51:11 - prescribe5 - INFO - Execution time prescribe5:  4.008601
2021-02-08 11:51:11 - prescribe5 - INFO - Successfully executed /Users/anto/github/coronasurveys/code/xprize/prescribe5/prescribe.py
2021-02-08 11:51:11 - prescribe5 - INFO - =========================================================================
2021-02-08 11:51:11 - prescribe5 - INFO - Duration: 0:04:03.072773 seconds
2021-02-08 11:51:11 - prescribe5 - INFO - =========================================================================
