2021-02-10 00:20:04 - prescribe4 - INFO - 
2021-02-10 00:20:04 - prescribe4 - INFO - 
2021-02-10 00:20:04 - prescribe4 - INFO - =========================================================================
2021-02-10 00:20:04 - prescribe4 - INFO - Command: Rscript --vanilla prescribe.R 2021-02-10 2021-04-30 /Users/anto/github/coronasurveys/code/xprize/data/IPS-latest-full.csv /Users/anto/github/coronasurveys/code/xprize/data/fixed_equal_costs.csv /Users/anto/github/coronasurveys/code/xprize/prescribe4/prescribe4_output.csv /Users/anto/github/coronasurveys/code/xprize/prescribe4
2021-02-10 00:20:04 - prescribe4 - INFO - =========================================================================
2021-02-10 00:20:04 - prescribe4 - INFO - During startup - Warning messages:
2021-02-10 00:20:04 - prescribe4 - INFO - 1: Setting LC_CTYPE failed, using "C"
2021-02-10 00:20:04 - prescribe4 - INFO - 2: Setting LC_COLLATE failed, using "C"
2021-02-10 00:20:04 - prescribe4 - INFO - 3: Setting LC_TIME failed, using "C"
2021-02-10 00:20:04 - prescribe4 - INFO - 4: Setting LC_MESSAGES failed, using "C"
2021-02-10 00:20:04 - prescribe4 - INFO - 5: Setting LC_MONETARY failed, using "C"
2021-02-10 00:20:05 - prescribe4 - INFO - -- Attaching packages --------------------------------------- tidyverse 1.3.0 --
2021-02-10 00:20:05 - prescribe4 - INFO - v ggplot2 3.3.2     v purrr   0.3.4
2021-02-10 00:20:05 - prescribe4 - INFO - v tibble  3.0.4     v dplyr   1.0.2
2021-02-10 00:20:05 - prescribe4 - INFO - v tidyr   1.1.2     v stringr 1.4.0
2021-02-10 00:20:05 - prescribe4 - INFO - v readr   1.3.1     v forcats 0.5.0
2021-02-10 00:20:06 - prescribe4 - INFO - -- Conflicts ------------------------------------------ tidyverse_conflicts() --
2021-02-10 00:20:06 - prescribe4 - INFO - x dplyr::filter() masks stats::filter()
2021-02-10 00:20:06 - prescribe4 - INFO - x dplyr::lag()    masks stats::lag()
2021-02-10 00:20:08 - prescribe4 - INFO - Execution time prescribe4:  2.739945
2021-02-10 00:20:08 - prescribe4 - INFO - Successfully executed /Users/anto/github/coronasurveys/code/xprize/prescribe4/prescribe.py
2021-02-10 00:20:08 - prescribe4 - INFO - =========================================================================
2021-02-10 00:20:08 - prescribe4 - INFO - Duration: 0:00:04.323711 seconds
2021-02-10 00:20:08 - prescribe4 - INFO - =========================================================================
2021-02-10 00:33:35 - prescribe4 - INFO - 
2021-02-10 00:33:35 - prescribe4 - INFO - 
2021-02-10 00:33:35 - prescribe4 - INFO - =========================================================================
2021-02-10 00:33:35 - prescribe4 - INFO - Command: Rscript --vanilla prescribe.R 2021-02-10 2021-04-30 /Users/anto/github/coronasurveys/code/xprize/data/IPS-latest-full.csv /Users/anto/github/coronasurveys/code/xprize/data/uniform_random_costs.csv /Users/anto/github/coronasurveys/code/xprize/prescribe4/prescribe4_output.csv /Users/anto/github/coronasurveys/code/xprize/prescribe4
2021-02-10 00:33:35 - prescribe4 - INFO - =========================================================================
2021-02-10 00:33:35 - prescribe4 - INFO - During startup - Warning messages:
2021-02-10 00:33:35 - prescribe4 - INFO - 1: Setting LC_CTYPE failed, using "C"
2021-02-10 00:33:35 - prescribe4 - INFO - 2: Setting LC_COLLATE failed, using "C"
2021-02-10 00:33:35 - prescribe4 - INFO - 3: Setting LC_TIME failed, using "C"
2021-02-10 00:33:35 - prescribe4 - INFO - 4: Setting LC_MESSAGES failed, using "C"
2021-02-10 00:33:35 - prescribe4 - INFO - 5: Setting LC_MONETARY failed, using "C"
2021-02-10 00:33:37 - prescribe4 - INFO - -- Attaching packages --------------------------------------- tidyverse 1.3.0 --
2021-02-10 00:33:37 - prescribe4 - INFO - v ggplot2 3.3.2     v purrr   0.3.4
2021-02-10 00:33:37 - prescribe4 - INFO - v tibble  3.0.4     v dplyr   1.0.2
2021-02-10 00:33:37 - prescribe4 - INFO - v tidyr   1.1.2     v stringr 1.4.0
2021-02-10 00:33:37 - prescribe4 - INFO - v readr   1.3.1     v forcats 0.5.0
2021-02-10 00:33:37 - prescribe4 - INFO - -- Conflicts ------------------------------------------ tidyverse_conflicts() --
2021-02-10 00:33:37 - prescribe4 - INFO - x dplyr::filter() masks stats::filter()
2021-02-10 00:33:37 - prescribe4 - INFO - x dplyr::lag()    masks stats::lag()
2021-02-10 00:33:40 - prescribe4 - INFO - Execution time prescribe4:  2.458428
2021-02-10 00:33:40 - prescribe4 - INFO - Successfully executed /Users/anto/github/coronasurveys/code/xprize/prescribe4/prescribe.py
2021-02-10 00:33:40 - prescribe4 - INFO - =========================================================================
2021-02-10 00:33:40 - prescribe4 - INFO - Duration: 0:00:04.288444 seconds
2021-02-10 00:33:40 - prescribe4 - INFO - =========================================================================
2021-02-10 11:49:25 - prescribe4 - INFO - 
2021-02-10 11:49:25 - prescribe4 - INFO - 
2021-02-10 11:49:25 - prescribe4 - INFO - =========================================================================
2021-02-10 11:49:25 - prescribe4 - INFO - Command: Rscript --vanilla prescribe.R 2021-02-10 2021-05-10 /Users/anto/github/coronasurveys/code/xprize/data/IPS-latest-full.csv /Users/anto/github/coronasurveys/code/xprize/data/fixed_equal_costs.csv /Users/anto/github/coronasurveys/code/xprize/prescribe4/prescribe4_output.csv /Users/anto/github/coronasurveys/code/xprize/prescribe4
2021-02-10 11:49:25 - prescribe4 - INFO - =========================================================================
2021-02-10 11:49:25 - prescribe4 - INFO - During startup - Warning messages:
2021-02-10 11:49:25 - prescribe4 - INFO - 1: Setting LC_CTYPE failed, using "C"
2021-02-10 11:49:25 - prescribe4 - INFO - 2: Setting LC_COLLATE failed, using "C"
2021-02-10 11:49:25 - prescribe4 - INFO - 3: Setting LC_TIME failed, using "C"
2021-02-10 11:49:25 - prescribe4 - INFO - 4: Setting LC_MESSAGES failed, using "C"
2021-02-10 11:49:25 - prescribe4 - INFO - 5: Setting LC_MONETARY failed, using "C"
2021-02-10 11:49:26 - prescribe4 - INFO - -- Attaching packages --------------------------------------- tidyverse 1.3.0 --
2021-02-10 11:49:26 - prescribe4 - INFO - v ggplot2 3.3.2     v purrr   0.3.4
2021-02-10 11:49:26 - prescribe4 - INFO - v tibble  3.0.4     v dplyr   1.0.2
2021-02-10 11:49:26 - prescribe4 - INFO - v tidyr   1.1.2     v stringr 1.4.0
2021-02-10 11:49:26 - prescribe4 - INFO - v readr   1.3.1     v forcats 0.5.0
2021-02-10 11:49:27 - prescribe4 - INFO - -- Conflicts ------------------------------------------ tidyverse_conflicts() --
2021-02-10 11:49:27 - prescribe4 - INFO - x dplyr::filter() masks stats::filter()
2021-02-10 11:49:27 - prescribe4 - INFO - x dplyr::lag()    masks stats::lag()
2021-02-10 11:49:29 - prescribe4 - INFO - Execution time prescribe4:  2.722609
2021-02-10 11:49:29 - prescribe4 - INFO - Successfully executed /Users/anto/github/coronasurveys/code/xprize/prescribe4/prescribe.py
2021-02-10 11:49:29 - prescribe4 - INFO - =========================================================================
2021-02-10 11:49:29 - prescribe4 - INFO - Duration: 0:00:04.489496 seconds
2021-02-10 11:49:29 - prescribe4 - INFO - =========================================================================
2021-02-10 12:03:27 - prescribe4 - INFO - 
2021-02-10 12:03:27 - prescribe4 - INFO - 
2021-02-10 12:03:27 - prescribe4 - INFO - =========================================================================
2021-02-10 12:03:27 - prescribe4 - INFO - Command: Rscript --vanilla prescribe.R 2021-02-10 2021-05-10 /Users/anto/github/coronasurveys/code/xprize/data/IPS-latest-full.csv /Users/anto/github/coronasurveys/code/xprize/data/uniform_random_costs.csv /Users/anto/github/coronasurveys/code/xprize/prescribe4/prescribe4_output.csv /Users/anto/github/coronasurveys/code/xprize/prescribe4
2021-02-10 12:03:27 - prescribe4 - INFO - =========================================================================
2021-02-10 12:03:27 - prescribe4 - INFO - During startup - Warning messages:
2021-02-10 12:03:27 - prescribe4 - INFO - 1: Setting LC_CTYPE failed, using "C"
2021-02-10 12:03:27 - prescribe4 - INFO - 2: Setting LC_COLLATE failed, using "C"
2021-02-10 12:03:27 - prescribe4 - INFO - 3: Setting LC_TIME failed, using "C"
2021-02-10 12:03:27 - prescribe4 - INFO - 4: Setting LC_MESSAGES failed, using "C"
2021-02-10 12:03:27 - prescribe4 - INFO - 5: Setting LC_MONETARY failed, using "C"
2021-02-10 12:03:28 - prescribe4 - INFO - -- Attaching packages --------------------------------------- tidyverse 1.3.0 --
2021-02-10 12:03:28 - prescribe4 - INFO - v ggplot2 3.3.2     v purrr   0.3.4
2021-02-10 12:03:28 - prescribe4 - INFO - v tibble  3.0.4     v dplyr   1.0.2
2021-02-10 12:03:28 - prescribe4 - INFO - v tidyr   1.1.2     v stringr 1.4.0
2021-02-10 12:03:28 - prescribe4 - INFO - v readr   1.3.1     v forcats 0.5.0
2021-02-10 12:03:28 - prescribe4 - INFO - -- Conflicts ------------------------------------------ tidyverse_conflicts() --
2021-02-10 12:03:28 - prescribe4 - INFO - x dplyr::filter() masks stats::filter()
2021-02-10 12:03:28 - prescribe4 - INFO - x dplyr::lag()    masks stats::lag()
2021-02-10 12:03:31 - prescribe4 - INFO - Execution time prescribe4:  2.597058
2021-02-10 12:03:31 - prescribe4 - INFO - Successfully executed /Users/anto/github/coronasurveys/code/xprize/prescribe4/prescribe.py
2021-02-10 12:03:31 - prescribe4 - INFO - =========================================================================
2021-02-10 12:03:31 - prescribe4 - INFO - Duration: 0:00:04.410245 seconds
2021-02-10 12:03:31 - prescribe4 - INFO - =========================================================================
2021-02-10 23:32:58 - prescribe4 - INFO - 
2021-02-10 23:32:58 - prescribe4 - INFO - 
2021-02-10 23:32:58 - prescribe4 - INFO - =========================================================================
2021-02-10 23:32:58 - prescribe4 - INFO - Command: Rscript --vanilla prescribe.R 2021-02-10 2021-05-10 /Users/anto/github/coronasurveys/code/xprize/data/IPS-latest-full.csv /Users/anto/github/coronasurveys/code/xprize/data/fixed_equal_costs.csv /Users/anto/github/coronasurveys/code/xprize/prescribe4/prescribe4_output.csv /Users/anto/github/coronasurveys/code/xprize/prescribe4
2021-02-10 23:32:58 - prescribe4 - INFO - =========================================================================
2021-02-10 23:32:58 - prescribe4 - INFO - During startup - Warning messages:
2021-02-10 23:32:58 - prescribe4 - INFO - 1: Setting LC_CTYPE failed, using "C"
2021-02-10 23:32:58 - prescribe4 - INFO - 2: Setting LC_COLLATE failed, using "C"
2021-02-10 23:32:58 - prescribe4 - INFO - 3: Setting LC_TIME failed, using "C"
2021-02-10 23:32:58 - prescribe4 - INFO - 4: Setting LC_MESSAGES failed, using "C"
2021-02-10 23:32:58 - prescribe4 - INFO - 5: Setting LC_MONETARY failed, using "C"
2021-02-10 23:33:00 - prescribe4 - INFO - -- Attaching packages --------------------------------------- tidyverse 1.3.0 --
2021-02-10 23:33:00 - prescribe4 - INFO - v ggplot2 3.3.2     v purrr   0.3.4
2021-02-10 23:33:00 - prescribe4 - INFO - v tibble  3.0.4     v dplyr   1.0.2
2021-02-10 23:33:00 - prescribe4 - INFO - v tidyr   1.1.2     v stringr 1.4.0
2021-02-10 23:33:00 - prescribe4 - INFO - v readr   1.3.1     v forcats 0.5.0
2021-02-10 23:33:00 - prescribe4 - INFO - -- Conflicts ------------------------------------------ tidyverse_conflicts() --
2021-02-10 23:33:00 - prescribe4 - INFO - x dplyr::filter() masks stats::filter()
2021-02-10 23:33:00 - prescribe4 - INFO - x dplyr::lag()    masks stats::lag()
2021-02-10 23:33:02 - prescribe4 - INFO - Execution time prescribe4:  2.251665
2021-02-10 23:33:02 - prescribe4 - INFO - Successfully executed /Users/anto/github/coronasurveys/code/xprize/prescribe4/prescribe.py
2021-02-10 23:33:02 - prescribe4 - INFO - =========================================================================
2021-02-10 23:33:02 - prescribe4 - INFO - Duration: 0:00:03.915545 seconds
2021-02-10 23:33:02 - prescribe4 - INFO - =========================================================================
2021-02-10 23:45:46 - prescribe4 - INFO - 
2021-02-10 23:45:46 - prescribe4 - INFO - 
2021-02-10 23:45:46 - prescribe4 - INFO - =========================================================================
2021-02-10 23:45:46 - prescribe4 - INFO - Command: Rscript --vanilla prescribe.R 2021-02-10 2021-05-10 /Users/anto/github/coronasurveys/code/xprize/data/IPS-latest-full.csv /Users/anto/github/coronasurveys/code/xprize/data/uniform_random_costs.csv /Users/anto/github/coronasurveys/code/xprize/prescribe4/prescribe4_output.csv /Users/anto/github/coronasurveys/code/xprize/prescribe4
2021-02-10 23:45:46 - prescribe4 - INFO - =========================================================================
2021-02-10 23:45:46 - prescribe4 - INFO - During startup - Warning messages:
2021-02-10 23:45:46 - prescribe4 - INFO - 1: Setting LC_CTYPE failed, using "C"
2021-02-10 23:45:46 - prescribe4 - INFO - 2: Setting LC_COLLATE failed, using "C"
2021-02-10 23:45:46 - prescribe4 - INFO - 3: Setting LC_TIME failed, using "C"
2021-02-10 23:45:46 - prescribe4 - INFO - 4: Setting LC_MESSAGES failed, using "C"
2021-02-10 23:45:46 - prescribe4 - INFO - 5: Setting LC_MONETARY failed, using "C"
2021-02-10 23:45:48 - prescribe4 - INFO - -- Attaching packages --------------------------------------- tidyverse 1.3.0 --
2021-02-10 23:45:48 - prescribe4 - INFO - v ggplot2 3.3.2     v purrr   0.3.4
2021-02-10 23:45:48 - prescribe4 - INFO - v tibble  3.0.4     v dplyr   1.0.2
2021-02-10 23:45:48 - prescribe4 - INFO - v tidyr   1.1.2     v stringr 1.4.0
2021-02-10 23:45:48 - prescribe4 - INFO - v readr   1.3.1     v forcats 0.5.0
2021-02-10 23:45:48 - prescribe4 - INFO - -- Conflicts ------------------------------------------ tidyverse_conflicts() --
2021-02-10 23:45:48 - prescribe4 - INFO - x dplyr::filter() masks stats::filter()
2021-02-10 23:45:48 - prescribe4 - INFO - x dplyr::lag()    masks stats::lag()
2021-02-10 23:45:51 - prescribe4 - INFO - Execution time prescribe4:  2.587594
2021-02-10 23:45:51 - prescribe4 - INFO - Successfully executed /Users/anto/github/coronasurveys/code/xprize/prescribe4/prescribe.py
2021-02-10 23:45:51 - prescribe4 - INFO - =========================================================================
2021-02-10 23:45:51 - prescribe4 - INFO - Duration: 0:00:04.438657 seconds
2021-02-10 23:45:51 - prescribe4 - INFO - =========================================================================
