2021-02-10 00:20:01 - prescribe0 - INFO - 
2021-02-10 00:20:01 - prescribe0 - INFO - 
2021-02-10 00:20:01 - prescribe0 - INFO - =========================================================================
2021-02-10 00:20:01 - prescribe0 - INFO - Command: Rscript --vanilla prescribe.R 2021-02-10 2021-04-30 /Users/anto/github/coronasurveys/code/xprize/data/IPS-latest-full.csv /Users/anto/github/coronasurveys/code/xprize/data/fixed_equal_costs.csv /Users/anto/github/coronasurveys/code/xprize/prescribe0/prescribe0_output.csv /Users/anto/github/coronasurveys/code/xprize/prescribe0
2021-02-10 00:20:01 - prescribe0 - INFO - =========================================================================
2021-02-10 00:20:01 - prescribe0 - INFO - During startup - Warning messages:
2021-02-10 00:20:01 - prescribe0 - INFO - 1: Setting LC_CTYPE failed, using "C"
2021-02-10 00:20:01 - prescribe0 - INFO - 2: Setting LC_COLLATE failed, using "C"
2021-02-10 00:20:01 - prescribe0 - INFO - 3: Setting LC_TIME failed, using "C"
2021-02-10 00:20:01 - prescribe0 - INFO - 4: Setting LC_MESSAGES failed, using "C"
2021-02-10 00:20:01 - prescribe0 - INFO - 5: Setting LC_MONETARY failed, using "C"
2021-02-10 00:20:02 - prescribe0 - INFO - -- Attaching packages --------------------------------------- tidyverse 1.3.0 --
2021-02-10 00:20:02 - prescribe0 - INFO - v ggplot2 3.3.2     v purrr   0.3.4
2021-02-10 00:20:02 - prescribe0 - INFO - v tibble  3.0.4     v dplyr   1.0.2
2021-02-10 00:20:02 - prescribe0 - INFO - v tidyr   1.1.2     v stringr 1.4.0
2021-02-10 00:20:02 - prescribe0 - INFO - v readr   1.3.1     v forcats 0.5.0
2021-02-10 00:20:02 - prescribe0 - INFO - -- Conflicts ------------------------------------------ tidyverse_conflicts() --
2021-02-10 00:20:02 - prescribe0 - INFO - x dplyr::filter() masks stats::filter()
2021-02-10 00:20:02 - prescribe0 - INFO - x dplyr::lag()    masks stats::lag()
2021-02-10 00:20:04 - prescribe0 - INFO - Execution time prescribe0:  1.411434
2021-02-10 00:20:04 - prescribe0 - INFO - Successfully executed /Users/anto/github/coronasurveys/code/xprize/prescribe0/prescribe.py
2021-02-10 00:20:04 - prescribe0 - INFO - =========================================================================
2021-02-10 00:20:04 - prescribe0 - INFO - Duration: 0:00:02.607523 seconds
2021-02-10 00:20:04 - prescribe0 - INFO - =========================================================================
2021-02-10 00:33:33 - prescribe0 - INFO - 
2021-02-10 00:33:33 - prescribe0 - INFO - 
2021-02-10 00:33:33 - prescribe0 - INFO - =========================================================================
2021-02-10 00:33:33 - prescribe0 - INFO - Command: Rscript --vanilla prescribe.R 2021-02-10 2021-04-30 /Users/anto/github/coronasurveys/code/xprize/data/IPS-latest-full.csv /Users/anto/github/coronasurveys/code/xprize/data/uniform_random_costs.csv /Users/anto/github/coronasurveys/code/xprize/prescribe0/prescribe0_output.csv /Users/anto/github/coronasurveys/code/xprize/prescribe0
2021-02-10 00:33:33 - prescribe0 - INFO - =========================================================================
2021-02-10 00:33:33 - prescribe0 - INFO - During startup - Warning messages:
2021-02-10 00:33:33 - prescribe0 - INFO - 1: Setting LC_CTYPE failed, using "C"
2021-02-10 00:33:33 - prescribe0 - INFO - 2: Setting LC_COLLATE failed, using "C"
2021-02-10 00:33:33 - prescribe0 - INFO - 3: Setting LC_TIME failed, using "C"
2021-02-10 00:33:33 - prescribe0 - INFO - 4: Setting LC_MESSAGES failed, using "C"
2021-02-10 00:33:33 - prescribe0 - INFO - 5: Setting LC_MONETARY failed, using "C"
2021-02-10 00:33:34 - prescribe0 - INFO - -- Attaching packages --------------------------------------- tidyverse 1.3.0 --
2021-02-10 00:33:34 - prescribe0 - INFO - v ggplot2 3.3.2     v purrr   0.3.4
2021-02-10 00:33:34 - prescribe0 - INFO - v tibble  3.0.4     v dplyr   1.0.2
2021-02-10 00:33:34 - prescribe0 - INFO - v tidyr   1.1.2     v stringr 1.4.0
2021-02-10 00:33:34 - prescribe0 - INFO - v readr   1.3.1     v forcats 0.5.0
2021-02-10 00:33:34 - prescribe0 - INFO - -- Conflicts ------------------------------------------ tidyverse_conflicts() --
2021-02-10 00:33:34 - prescribe0 - INFO - x dplyr::filter() masks stats::filter()
2021-02-10 00:33:34 - prescribe0 - INFO - x dplyr::lag()    masks stats::lag()
2021-02-10 00:33:35 - prescribe0 - INFO - Execution time prescribe0:  1.497246
2021-02-10 00:33:35 - prescribe0 - INFO - Successfully executed /Users/anto/github/coronasurveys/code/xprize/prescribe0/prescribe.py
2021-02-10 00:33:35 - prescribe0 - INFO - =========================================================================
2021-02-10 00:33:35 - prescribe0 - INFO - Duration: 0:00:02.956304 seconds
2021-02-10 00:33:35 - prescribe0 - INFO - =========================================================================
2021-02-10 11:49:22 - prescribe0 - INFO - 
2021-02-10 11:49:22 - prescribe0 - INFO - 
2021-02-10 11:49:22 - prescribe0 - INFO - =========================================================================
2021-02-10 11:49:22 - prescribe0 - INFO - Command: Rscript --vanilla prescribe.R 2021-02-10 2021-05-10 /Users/anto/github/coronasurveys/code/xprize/data/IPS-latest-full.csv /Users/anto/github/coronasurveys/code/xprize/data/fixed_equal_costs.csv /Users/anto/github/coronasurveys/code/xprize/prescribe0/prescribe0_output.csv /Users/anto/github/coronasurveys/code/xprize/prescribe0
2021-02-10 11:49:22 - prescribe0 - INFO - =========================================================================
2021-02-10 11:49:22 - prescribe0 - INFO - During startup - Warning messages:
2021-02-10 11:49:22 - prescribe0 - INFO - 1: Setting LC_CTYPE failed, using "C"
2021-02-10 11:49:22 - prescribe0 - INFO - 2: Setting LC_COLLATE failed, using "C"
2021-02-10 11:49:22 - prescribe0 - INFO - 3: Setting LC_TIME failed, using "C"
2021-02-10 11:49:22 - prescribe0 - INFO - 4: Setting LC_MESSAGES failed, using "C"
2021-02-10 11:49:22 - prescribe0 - INFO - 5: Setting LC_MONETARY failed, using "C"
2021-02-10 11:49:23 - prescribe0 - INFO - -- Attaching packages --------------------------------------- tidyverse 1.3.0 --
2021-02-10 11:49:23 - prescribe0 - INFO - v ggplot2 3.3.2     v purrr   0.3.4
2021-02-10 11:49:23 - prescribe0 - INFO - v tibble  3.0.4     v dplyr   1.0.2
2021-02-10 11:49:23 - prescribe0 - INFO - v tidyr   1.1.2     v stringr 1.4.0
2021-02-10 11:49:23 - prescribe0 - INFO - v readr   1.3.1     v forcats 0.5.0
2021-02-10 11:49:23 - prescribe0 - INFO - -- Conflicts ------------------------------------------ tidyverse_conflicts() --
2021-02-10 11:49:23 - prescribe0 - INFO - x dplyr::filter() masks stats::filter()
2021-02-10 11:49:23 - prescribe0 - INFO - x dplyr::lag()    masks stats::lag()
2021-02-10 11:49:24 - prescribe0 - INFO - Execution time prescribe0:  1.436911
2021-02-10 11:49:24 - prescribe0 - INFO - Successfully executed /Users/anto/github/coronasurveys/code/xprize/prescribe0/prescribe.py
2021-02-10 11:49:24 - prescribe0 - INFO - =========================================================================
2021-02-10 11:49:24 - prescribe0 - INFO - Duration: 0:00:02.688666 seconds
2021-02-10 11:49:24 - prescribe0 - INFO - =========================================================================
2021-02-10 12:03:24 - prescribe0 - INFO - 
2021-02-10 12:03:24 - prescribe0 - INFO - 
2021-02-10 12:03:24 - prescribe0 - INFO - =========================================================================
2021-02-10 12:03:24 - prescribe0 - INFO - Command: Rscript --vanilla prescribe.R 2021-02-10 2021-05-10 /Users/anto/github/coronasurveys/code/xprize/data/IPS-latest-full.csv /Users/anto/github/coronasurveys/code/xprize/data/uniform_random_costs.csv /Users/anto/github/coronasurveys/code/xprize/prescribe0/prescribe0_output.csv /Users/anto/github/coronasurveys/code/xprize/prescribe0
2021-02-10 12:03:24 - prescribe0 - INFO - =========================================================================
2021-02-10 12:03:24 - prescribe0 - INFO - During startup - Warning messages:
2021-02-10 12:03:24 - prescribe0 - INFO - 1: Setting LC_CTYPE failed, using "C"
2021-02-10 12:03:24 - prescribe0 - INFO - 2: Setting LC_COLLATE failed, using "C"
2021-02-10 12:03:24 - prescribe0 - INFO - 3: Setting LC_TIME failed, using "C"
2021-02-10 12:03:24 - prescribe0 - INFO - 4: Setting LC_MESSAGES failed, using "C"
2021-02-10 12:03:24 - prescribe0 - INFO - 5: Setting LC_MONETARY failed, using "C"
2021-02-10 12:03:25 - prescribe0 - INFO - -- Attaching packages --------------------------------------- tidyverse 1.3.0 --
2021-02-10 12:03:25 - prescribe0 - INFO - v ggplot2 3.3.2     v purrr   0.3.4
2021-02-10 12:03:25 - prescribe0 - INFO - v tibble  3.0.4     v dplyr   1.0.2
2021-02-10 12:03:25 - prescribe0 - INFO - v tidyr   1.1.2     v stringr 1.4.0
2021-02-10 12:03:25 - prescribe0 - INFO - v readr   1.3.1     v forcats 0.5.0
2021-02-10 12:03:25 - prescribe0 - INFO - -- Conflicts ------------------------------------------ tidyverse_conflicts() --
2021-02-10 12:03:25 - prescribe0 - INFO - x dplyr::filter() masks stats::filter()
2021-02-10 12:03:25 - prescribe0 - INFO - x dplyr::lag()    masks stats::lag()
2021-02-10 12:03:26 - prescribe0 - INFO - Execution time prescribe0:  1.435216
2021-02-10 12:03:26 - prescribe0 - INFO - Successfully executed /Users/anto/github/coronasurveys/code/xprize/prescribe0/prescribe.py
2021-02-10 12:03:26 - prescribe0 - INFO - =========================================================================
2021-02-10 12:03:26 - prescribe0 - INFO - Duration: 0:00:02.902545 seconds
2021-02-10 12:03:26 - prescribe0 - INFO - =========================================================================
2021-02-10 23:32:55 - prescribe0 - INFO - 
2021-02-10 23:32:55 - prescribe0 - INFO - 
2021-02-10 23:32:55 - prescribe0 - INFO - =========================================================================
2021-02-10 23:32:55 - prescribe0 - INFO - Command: Rscript --vanilla prescribe.R 2021-02-10 2021-05-10 /Users/anto/github/coronasurveys/code/xprize/data/IPS-latest-full.csv /Users/anto/github/coronasurveys/code/xprize/data/fixed_equal_costs.csv /Users/anto/github/coronasurveys/code/xprize/prescribe0/prescribe0_output.csv /Users/anto/github/coronasurveys/code/xprize/prescribe0
2021-02-10 23:32:55 - prescribe0 - INFO - =========================================================================
2021-02-10 23:32:55 - prescribe0 - INFO - During startup - Warning messages:
2021-02-10 23:32:55 - prescribe0 - INFO - 1: Setting LC_CTYPE failed, using "C"
2021-02-10 23:32:55 - prescribe0 - INFO - 2: Setting LC_COLLATE failed, using "C"
2021-02-10 23:32:55 - prescribe0 - INFO - 3: Setting LC_TIME failed, using "C"
2021-02-10 23:32:55 - prescribe0 - INFO - 4: Setting LC_MESSAGES failed, using "C"
2021-02-10 23:32:55 - prescribe0 - INFO - 5: Setting LC_MONETARY failed, using "C"
2021-02-10 23:32:56 - prescribe0 - INFO - -- Attaching packages --------------------------------------- tidyverse 1.3.0 --
2021-02-10 23:32:56 - prescribe0 - INFO - v ggplot2 3.3.2     v purrr   0.3.4
2021-02-10 23:32:56 - prescribe0 - INFO - v tibble  3.0.4     v dplyr   1.0.2
2021-02-10 23:32:56 - prescribe0 - INFO - v tidyr   1.1.2     v stringr 1.4.0
2021-02-10 23:32:56 - prescribe0 - INFO - v readr   1.3.1     v forcats 0.5.0
2021-02-10 23:32:56 - prescribe0 - INFO - -- Conflicts ------------------------------------------ tidyverse_conflicts() --
2021-02-10 23:32:56 - prescribe0 - INFO - x dplyr::filter() masks stats::filter()
2021-02-10 23:32:56 - prescribe0 - INFO - x dplyr::lag()    masks stats::lag()
2021-02-10 23:32:58 - prescribe0 - INFO - Execution time prescribe0:  1.541323
2021-02-10 23:32:58 - prescribe0 - INFO - Successfully executed /Users/anto/github/coronasurveys/code/xprize/prescribe0/prescribe.py
2021-02-10 23:32:58 - prescribe0 - INFO - =========================================================================
2021-02-10 23:32:58 - prescribe0 - INFO - Duration: 0:00:03.040797 seconds
2021-02-10 23:32:58 - prescribe0 - INFO - =========================================================================
2021-02-10 23:45:43 - prescribe0 - INFO - 
2021-02-10 23:45:43 - prescribe0 - INFO - 
2021-02-10 23:45:43 - prescribe0 - INFO - =========================================================================
2021-02-10 23:45:43 - prescribe0 - INFO - Command: Rscript --vanilla prescribe.R 2021-02-10 2021-05-10 /Users/anto/github/coronasurveys/code/xprize/data/IPS-latest-full.csv /Users/anto/github/coronasurveys/code/xprize/data/uniform_random_costs.csv /Users/anto/github/coronasurveys/code/xprize/prescribe0/prescribe0_output.csv /Users/anto/github/coronasurveys/code/xprize/prescribe0
2021-02-10 23:45:43 - prescribe0 - INFO - =========================================================================
2021-02-10 23:45:43 - prescribe0 - INFO - During startup - Warning messages:
2021-02-10 23:45:43 - prescribe0 - INFO - 1: Setting LC_CTYPE failed, using "C"
2021-02-10 23:45:43 - prescribe0 - INFO - 2: Setting LC_COLLATE failed, using "C"
2021-02-10 23:45:43 - prescribe0 - INFO - 3: Setting LC_TIME failed, using "C"
2021-02-10 23:45:43 - prescribe0 - INFO - 4: Setting LC_MESSAGES failed, using "C"
2021-02-10 23:45:43 - prescribe0 - INFO - 5: Setting LC_MONETARY failed, using "C"
2021-02-10 23:45:45 - prescribe0 - INFO - -- Attaching packages --------------------------------------- tidyverse 1.3.0 --
2021-02-10 23:45:45 - prescribe0 - INFO - v ggplot2 3.3.2     v purrr   0.3.4
2021-02-10 23:45:45 - prescribe0 - INFO - v tibble  3.0.4     v dplyr   1.0.2
2021-02-10 23:45:45 - prescribe0 - INFO - v tidyr   1.1.2     v stringr 1.4.0
2021-02-10 23:45:45 - prescribe0 - INFO - v readr   1.3.1     v forcats 0.5.0
2021-02-10 23:45:45 - prescribe0 - INFO - -- Conflicts ------------------------------------------ tidyverse_conflicts() --
2021-02-10 23:45:45 - prescribe0 - INFO - x dplyr::filter() masks stats::filter()
2021-02-10 23:45:45 - prescribe0 - INFO - x dplyr::lag()    masks stats::lag()
2021-02-10 23:45:46 - prescribe0 - INFO - Execution time prescribe0:  1.459705
2021-02-10 23:45:46 - prescribe0 - INFO - Successfully executed /Users/anto/github/coronasurveys/code/xprize/prescribe0/prescribe.py
2021-02-10 23:45:46 - prescribe0 - INFO - =========================================================================
2021-02-10 23:45:46 - prescribe0 - INFO - Duration: 0:00:02.931773 seconds
2021-02-10 23:45:46 - prescribe0 - INFO - =========================================================================
