2021-02-10 00:20:03 - prescribe3 - INFO - 
2021-02-10 00:20:03 - prescribe3 - INFO - 
2021-02-10 00:20:03 - prescribe3 - INFO - =========================================================================
2021-02-10 00:20:03 - prescribe3 - INFO - Command: Rscript --vanilla prescribe.R 2021-02-10 2021-04-30 /Users/anto/github/coronasurveys/code/xprize/data/IPS-latest-full.csv /Users/anto/github/coronasurveys/code/xprize/data/fixed_equal_costs.csv /Users/anto/github/coronasurveys/code/xprize/prescribe3/prescribe3_output.csv /Users/anto/github/coronasurveys/code/xprize/prescribe3
2021-02-10 00:20:03 - prescribe3 - INFO - =========================================================================
2021-02-10 00:20:03 - prescribe3 - INFO - During startup - Warning messages:
2021-02-10 00:20:03 - prescribe3 - INFO - 1: Setting LC_CTYPE failed, using "C"
2021-02-10 00:20:03 - prescribe3 - INFO - 2: Setting LC_COLLATE failed, using "C"
2021-02-10 00:20:03 - prescribe3 - INFO - 3: Setting LC_TIME failed, using "C"
2021-02-10 00:20:03 - prescribe3 - INFO - 4: Setting LC_MESSAGES failed, using "C"
2021-02-10 00:20:03 - prescribe3 - INFO - 5: Setting LC_MONETARY failed, using "C"
2021-02-10 00:20:05 - prescribe3 - INFO - -- Attaching packages --------------------------------------- tidyverse 1.3.0 --
2021-02-10 00:20:05 - prescribe3 - INFO - v ggplot2 3.3.2     v purrr   0.3.4
2021-02-10 00:20:05 - prescribe3 - INFO - v tibble  3.0.4     v dplyr   1.0.2
2021-02-10 00:20:05 - prescribe3 - INFO - v tidyr   1.1.2     v stringr 1.4.0
2021-02-10 00:20:05 - prescribe3 - INFO - v readr   1.3.1     v forcats 0.5.0
2021-02-10 00:20:05 - prescribe3 - INFO - -- Conflicts ------------------------------------------ tidyverse_conflicts() --
2021-02-10 00:20:05 - prescribe3 - INFO - x dplyr::filter() masks stats::filter()
2021-02-10 00:20:05 - prescribe3 - INFO - x dplyr::lag()    masks stats::lag()
2021-02-10 00:20:09 - prescribe3 - INFO - Execution time prescribe3:  4.721461
2021-02-10 00:20:09 - prescribe3 - INFO - Successfully executed /Users/anto/github/coronasurveys/code/xprize/prescribe3/prescribe.py
2021-02-10 00:20:09 - prescribe3 - INFO - =========================================================================
2021-02-10 00:20:09 - prescribe3 - INFO - Duration: 0:00:06.186075 seconds
2021-02-10 00:20:09 - prescribe3 - INFO - =========================================================================
2021-02-10 00:33:34 - prescribe3 - INFO - 
2021-02-10 00:33:34 - prescribe3 - INFO - 
2021-02-10 00:33:34 - prescribe3 - INFO - =========================================================================
2021-02-10 00:33:34 - prescribe3 - INFO - Command: Rscript --vanilla prescribe.R 2021-02-10 2021-04-30 /Users/anto/github/coronasurveys/code/xprize/data/IPS-latest-full.csv /Users/anto/github/coronasurveys/code/xprize/data/uniform_random_costs.csv /Users/anto/github/coronasurveys/code/xprize/prescribe3/prescribe3_output.csv /Users/anto/github/coronasurveys/code/xprize/prescribe3
2021-02-10 00:33:34 - prescribe3 - INFO - =========================================================================
2021-02-10 00:33:35 - prescribe3 - INFO - During startup - Warning messages:
2021-02-10 00:33:35 - prescribe3 - INFO - 1: Setting LC_CTYPE failed, using "C"
2021-02-10 00:33:35 - prescribe3 - INFO - 2: Setting LC_COLLATE failed, using "C"
2021-02-10 00:33:35 - prescribe3 - INFO - 3: Setting LC_TIME failed, using "C"
2021-02-10 00:33:35 - prescribe3 - INFO - 4: Setting LC_MESSAGES failed, using "C"
2021-02-10 00:33:35 - prescribe3 - INFO - 5: Setting LC_MONETARY failed, using "C"
2021-02-10 00:33:36 - prescribe3 - INFO - -- Attaching packages --------------------------------------- tidyverse 1.3.0 --
2021-02-10 00:33:36 - prescribe3 - INFO - v ggplot2 3.3.2     v purrr   0.3.4
2021-02-10 00:33:36 - prescribe3 - INFO - v tibble  3.0.4     v dplyr   1.0.2
2021-02-10 00:33:36 - prescribe3 - INFO - v tidyr   1.1.2     v stringr 1.4.0
2021-02-10 00:33:36 - prescribe3 - INFO - v readr   1.3.1     v forcats 0.5.0
2021-02-10 00:33:36 - prescribe3 - INFO - -- Conflicts ------------------------------------------ tidyverse_conflicts() --
2021-02-10 00:33:36 - prescribe3 - INFO - x dplyr::filter() masks stats::filter()
2021-02-10 00:33:36 - prescribe3 - INFO - x dplyr::lag()    masks stats::lag()
2021-02-10 00:33:41 - prescribe3 - INFO - Execution time prescribe3:  4.573059
2021-02-10 00:33:41 - prescribe3 - INFO - Successfully executed /Users/anto/github/coronasurveys/code/xprize/prescribe3/prescribe.py
2021-02-10 00:33:41 - prescribe3 - INFO - =========================================================================
2021-02-10 00:33:41 - prescribe3 - INFO - Duration: 0:00:06.196535 seconds
2021-02-10 00:33:41 - prescribe3 - INFO - =========================================================================
2021-02-10 11:49:24 - prescribe3 - INFO - 
2021-02-10 11:49:24 - prescribe3 - INFO - 
2021-02-10 11:49:24 - prescribe3 - INFO - =========================================================================
2021-02-10 11:49:24 - prescribe3 - INFO - Command: Rscript --vanilla prescribe.R 2021-02-10 2021-05-10 /Users/anto/github/coronasurveys/code/xprize/data/IPS-latest-full.csv /Users/anto/github/coronasurveys/code/xprize/data/fixed_equal_costs.csv /Users/anto/github/coronasurveys/code/xprize/prescribe3/prescribe3_output.csv /Users/anto/github/coronasurveys/code/xprize/prescribe3
2021-02-10 11:49:24 - prescribe3 - INFO - =========================================================================
2021-02-10 11:49:24 - prescribe3 - INFO - During startup - Warning messages:
2021-02-10 11:49:24 - prescribe3 - INFO - 1: Setting LC_CTYPE failed, using "C"
2021-02-10 11:49:24 - prescribe3 - INFO - 2: Setting LC_COLLATE failed, using "C"
2021-02-10 11:49:24 - prescribe3 - INFO - 3: Setting LC_TIME failed, using "C"
2021-02-10 11:49:24 - prescribe3 - INFO - 4: Setting LC_MESSAGES failed, using "C"
2021-02-10 11:49:24 - prescribe3 - INFO - 5: Setting LC_MONETARY failed, using "C"
2021-02-10 11:49:25 - prescribe3 - INFO - -- Attaching packages --------------------------------------- tidyverse 1.3.0 --
2021-02-10 11:49:25 - prescribe3 - INFO - v ggplot2 3.3.2     v purrr   0.3.4
2021-02-10 11:49:25 - prescribe3 - INFO - v tibble  3.0.4     v dplyr   1.0.2
2021-02-10 11:49:25 - prescribe3 - INFO - v tidyr   1.1.2     v stringr 1.4.0
2021-02-10 11:49:25 - prescribe3 - INFO - v readr   1.3.1     v forcats 0.5.0
2021-02-10 11:49:25 - prescribe3 - INFO - -- Conflicts ------------------------------------------ tidyverse_conflicts() --
2021-02-10 11:49:25 - prescribe3 - INFO - x dplyr::filter() masks stats::filter()
2021-02-10 11:49:25 - prescribe3 - INFO - x dplyr::lag()    masks stats::lag()
2021-02-10 11:49:30 - prescribe3 - INFO - Execution time prescribe3:  4.676424
2021-02-10 11:49:30 - prescribe3 - INFO - Successfully executed /Users/anto/github/coronasurveys/code/xprize/prescribe3/prescribe.py
2021-02-10 11:49:30 - prescribe3 - INFO - =========================================================================
2021-02-10 11:49:30 - prescribe3 - INFO - Duration: 0:00:06.234468 seconds
2021-02-10 11:49:30 - prescribe3 - INFO - =========================================================================
2021-02-10 12:03:26 - prescribe3 - INFO - 
2021-02-10 12:03:26 - prescribe3 - INFO - 
2021-02-10 12:03:26 - prescribe3 - INFO - =========================================================================
2021-02-10 12:03:26 - prescribe3 - INFO - Command: Rscript --vanilla prescribe.R 2021-02-10 2021-05-10 /Users/anto/github/coronasurveys/code/xprize/data/IPS-latest-full.csv /Users/anto/github/coronasurveys/code/xprize/data/uniform_random_costs.csv /Users/anto/github/coronasurveys/code/xprize/prescribe3/prescribe3_output.csv /Users/anto/github/coronasurveys/code/xprize/prescribe3
2021-02-10 12:03:26 - prescribe3 - INFO - =========================================================================
2021-02-10 12:03:26 - prescribe3 - INFO - During startup - Warning messages:
2021-02-10 12:03:26 - prescribe3 - INFO - 1: Setting LC_CTYPE failed, using "C"
2021-02-10 12:03:26 - prescribe3 - INFO - 2: Setting LC_COLLATE failed, using "C"
2021-02-10 12:03:26 - prescribe3 - INFO - 3: Setting LC_TIME failed, using "C"
2021-02-10 12:03:26 - prescribe3 - INFO - 4: Setting LC_MESSAGES failed, using "C"
2021-02-10 12:03:26 - prescribe3 - INFO - 5: Setting LC_MONETARY failed, using "C"
2021-02-10 12:03:27 - prescribe3 - INFO - -- Attaching packages --------------------------------------- tidyverse 1.3.0 --
2021-02-10 12:03:27 - prescribe3 - INFO - v ggplot2 3.3.2     v purrr   0.3.4
2021-02-10 12:03:27 - prescribe3 - INFO - v tibble  3.0.4     v dplyr   1.0.2
2021-02-10 12:03:27 - prescribe3 - INFO - v tidyr   1.1.2     v stringr 1.4.0
2021-02-10 12:03:27 - prescribe3 - INFO - v readr   1.3.1     v forcats 0.5.0
2021-02-10 12:03:27 - prescribe3 - INFO - -- Conflicts ------------------------------------------ tidyverse_conflicts() --
2021-02-10 12:03:27 - prescribe3 - INFO - x dplyr::filter() masks stats::filter()
2021-02-10 12:03:27 - prescribe3 - INFO - x dplyr::lag()    masks stats::lag()
2021-02-10 12:03:32 - prescribe3 - INFO - Execution time prescribe3:  4.78649
2021-02-10 12:03:32 - prescribe3 - INFO - Successfully executed /Users/anto/github/coronasurveys/code/xprize/prescribe3/prescribe.py
2021-02-10 12:03:32 - prescribe3 - INFO - =========================================================================
2021-02-10 12:03:32 - prescribe3 - INFO - Duration: 0:00:06.447783 seconds
2021-02-10 12:03:32 - prescribe3 - INFO - =========================================================================
2021-02-10 23:32:57 - prescribe3 - INFO - 
2021-02-10 23:32:57 - prescribe3 - INFO - 
2021-02-10 23:32:57 - prescribe3 - INFO - =========================================================================
2021-02-10 23:32:57 - prescribe3 - INFO - Command: Rscript --vanilla prescribe.R 2021-02-10 2021-05-10 /Users/anto/github/coronasurveys/code/xprize/data/IPS-latest-full.csv /Users/anto/github/coronasurveys/code/xprize/data/fixed_equal_costs.csv /Users/anto/github/coronasurveys/code/xprize/prescribe3/prescribe3_output.csv /Users/anto/github/coronasurveys/code/xprize/prescribe3
2021-02-10 23:32:57 - prescribe3 - INFO - =========================================================================
2021-02-10 23:32:57 - prescribe3 - INFO - During startup - Warning messages:
2021-02-10 23:32:57 - prescribe3 - INFO - 1: Setting LC_CTYPE failed, using "C"
2021-02-10 23:32:57 - prescribe3 - INFO - 2: Setting LC_COLLATE failed, using "C"
2021-02-10 23:32:57 - prescribe3 - INFO - 3: Setting LC_TIME failed, using "C"
2021-02-10 23:32:57 - prescribe3 - INFO - 4: Setting LC_MESSAGES failed, using "C"
2021-02-10 23:32:57 - prescribe3 - INFO - 5: Setting LC_MONETARY failed, using "C"
2021-02-10 23:32:59 - prescribe3 - INFO - -- Attaching packages --------------------------------------- tidyverse 1.3.0 --
2021-02-10 23:32:59 - prescribe3 - INFO - v ggplot2 3.3.2     v purrr   0.3.4
2021-02-10 23:32:59 - prescribe3 - INFO - v tibble  3.0.4     v dplyr   1.0.2
2021-02-10 23:32:59 - prescribe3 - INFO - v tidyr   1.1.2     v stringr 1.4.0
2021-02-10 23:32:59 - prescribe3 - INFO - v readr   1.3.1     v forcats 0.5.0
2021-02-10 23:32:59 - prescribe3 - INFO - -- Conflicts ------------------------------------------ tidyverse_conflicts() --
2021-02-10 23:32:59 - prescribe3 - INFO - x dplyr::filter() masks stats::filter()
2021-02-10 23:32:59 - prescribe3 - INFO - x dplyr::lag()    masks stats::lag()
2021-02-10 23:33:03 - prescribe3 - INFO - Execution time prescribe3:  4.234472
2021-02-10 23:33:03 - prescribe3 - INFO - Successfully executed /Users/anto/github/coronasurveys/code/xprize/prescribe3/prescribe.py
2021-02-10 23:33:03 - prescribe3 - INFO - =========================================================================
2021-02-10 23:33:03 - prescribe3 - INFO - Duration: 0:00:05.777956 seconds
2021-02-10 23:33:03 - prescribe3 - INFO - =========================================================================
2021-02-10 23:45:45 - prescribe3 - INFO - 
2021-02-10 23:45:45 - prescribe3 - INFO - 
2021-02-10 23:45:45 - prescribe3 - INFO - =========================================================================
2021-02-10 23:45:45 - prescribe3 - INFO - Command: Rscript --vanilla prescribe.R 2021-02-10 2021-05-10 /Users/anto/github/coronasurveys/code/xprize/data/IPS-latest-full.csv /Users/anto/github/coronasurveys/code/xprize/data/uniform_random_costs.csv /Users/anto/github/coronasurveys/code/xprize/prescribe3/prescribe3_output.csv /Users/anto/github/coronasurveys/code/xprize/prescribe3
2021-02-10 23:45:45 - prescribe3 - INFO - =========================================================================
2021-02-10 23:45:46 - prescribe3 - INFO - During startup - Warning messages:
2021-02-10 23:45:46 - prescribe3 - INFO - 1: Setting LC_CTYPE failed, using "C"
2021-02-10 23:45:46 - prescribe3 - INFO - 2: Setting LC_COLLATE failed, using "C"
2021-02-10 23:45:46 - prescribe3 - INFO - 3: Setting LC_TIME failed, using "C"
2021-02-10 23:45:46 - prescribe3 - INFO - 4: Setting LC_MESSAGES failed, using "C"
2021-02-10 23:45:46 - prescribe3 - INFO - 5: Setting LC_MONETARY failed, using "C"
2021-02-10 23:45:47 - prescribe3 - INFO - -- Attaching packages --------------------------------------- tidyverse 1.3.0 --
2021-02-10 23:45:47 - prescribe3 - INFO - v ggplot2 3.3.2     v purrr   0.3.4
2021-02-10 23:45:47 - prescribe3 - INFO - v tibble  3.0.4     v dplyr   1.0.2
2021-02-10 23:45:47 - prescribe3 - INFO - v tidyr   1.1.2     v stringr 1.4.0
2021-02-10 23:45:47 - prescribe3 - INFO - v readr   1.3.1     v forcats 0.5.0
2021-02-10 23:45:47 - prescribe3 - INFO - -- Conflicts ------------------------------------------ tidyverse_conflicts() --
2021-02-10 23:45:47 - prescribe3 - INFO - x dplyr::filter() masks stats::filter()
2021-02-10 23:45:47 - prescribe3 - INFO - x dplyr::lag()    masks stats::lag()
2021-02-10 23:45:52 - prescribe3 - INFO - Execution time prescribe3:  4.698451
2021-02-10 23:45:52 - prescribe3 - INFO - Successfully executed /Users/anto/github/coronasurveys/code/xprize/prescribe3/prescribe.py
2021-02-10 23:45:52 - prescribe3 - INFO - =========================================================================
2021-02-10 23:45:52 - prescribe3 - INFO - Duration: 0:00:06.298306 seconds
2021-02-10 23:45:52 - prescribe3 - INFO - =========================================================================
