2021-02-08 00:22:56 - prescribe0 - INFO - 
2021-02-08 00:22:56 - prescribe0 - INFO - 
2021-02-08 00:22:56 - prescribe0 - INFO - =========================================================================
2021-02-08 00:22:56 - prescribe0 - INFO - Command: Rscript --vanilla prescribe.R 2021-02-08 2021-02-28 /Users/anto/github/coronasurveys/code/xprize/data/IPS-latest-full.csv /Users/anto/github/coronasurveys/code/xprize/data/fixed_equal_costs.csv /Users/anto/github/coronasurveys/code/xprize/prescribe0/prescribe0_output.csv /Users/anto/github/coronasurveys/code/xprize/prescribe0
2021-02-08 00:22:56 - prescribe0 - INFO - =========================================================================
2021-02-08 00:22:57 - prescribe0 - INFO - During startup - Warning messages:
2021-02-08 00:22:57 - prescribe0 - INFO - 1: Setting LC_CTYPE failed, using "C"
2021-02-08 00:22:57 - prescribe0 - INFO - 2: Setting LC_COLLATE failed, using "C"
2021-02-08 00:22:57 - prescribe0 - INFO - 3: Setting LC_TIME failed, using "C"
2021-02-08 00:22:57 - prescribe0 - INFO - 4: Setting LC_MESSAGES failed, using "C"
2021-02-08 00:22:57 - prescribe0 - INFO - 5: Setting LC_MONETARY failed, using "C"
2021-02-08 00:22:58 - prescribe0 - INFO - -- Attaching packages --------------------------------------- tidyverse 1.3.0 --
2021-02-08 00:22:58 - prescribe0 - INFO - v ggplot2 3.3.2     v purrr   0.3.4
2021-02-08 00:22:58 - prescribe0 - INFO - v tibble  3.0.4     v dplyr   1.0.2
2021-02-08 00:22:58 - prescribe0 - INFO - v tidyr   1.1.2     v stringr 1.4.0
2021-02-08 00:22:58 - prescribe0 - INFO - v readr   1.3.1     v forcats 0.5.0
2021-02-08 00:22:58 - prescribe0 - INFO - -- Conflicts ------------------------------------------ tidyverse_conflicts() --
2021-02-08 00:22:58 - prescribe0 - INFO - x dplyr::filter() masks stats::filter()
2021-02-08 00:22:58 - prescribe0 - INFO - x dplyr::lag()    masks stats::lag()
2021-02-08 00:22:59 - prescribe0 - INFO - Execution time prescribe0:  1.160595
2021-02-08 00:22:59 - prescribe0 - INFO - Successfully executed /Users/anto/github/coronasurveys/code/xprize/prescribe0/prescribe.py
2021-02-08 00:22:59 - prescribe0 - INFO - =========================================================================
2021-02-08 00:22:59 - prescribe0 - INFO - Duration: 0:00:02.713857 seconds
2021-02-08 00:22:59 - prescribe0 - INFO - =========================================================================
2021-02-08 09:53:40 - prescribe0 - INFO - 
2021-02-08 09:53:40 - prescribe0 - INFO - 
2021-02-08 09:53:40 - prescribe0 - INFO - =========================================================================
2021-02-08 09:53:40 - prescribe0 - INFO - Command: Rscript --vanilla prescribe.R 2021-02-08 2021-02-28 /Users/anto/github/coronasurveys/code/xprize/data/IPS-latest-full.csv /Users/anto/github/coronasurveys/code/xprize/data/fixed_equal_costs.csv /Users/anto/github/coronasurveys/code/xprize/prescribe0/prescribe0_output.csv /Users/anto/github/coronasurveys/code/xprize/prescribe0
2021-02-08 09:53:40 - prescribe0 - INFO - =========================================================================
2021-02-08 09:53:40 - prescribe0 - INFO - During startup - Warning messages:
2021-02-08 09:53:40 - prescribe0 - INFO - 1: Setting LC_CTYPE failed, using "C"
2021-02-08 09:53:40 - prescribe0 - INFO - 2: Setting LC_COLLATE failed, using "C"
2021-02-08 09:53:40 - prescribe0 - INFO - 3: Setting LC_TIME failed, using "C"
2021-02-08 09:53:40 - prescribe0 - INFO - 4: Setting LC_MESSAGES failed, using "C"
2021-02-08 09:53:40 - prescribe0 - INFO - 5: Setting LC_MONETARY failed, using "C"
2021-02-08 09:53:42 - prescribe0 - INFO - -- Attaching packages --------------------------------------- tidyverse 1.3.0 --
2021-02-08 09:53:42 - prescribe0 - INFO - v ggplot2 3.3.2     v purrr   0.3.4
2021-02-08 09:53:42 - prescribe0 - INFO - v tibble  3.0.4     v dplyr   1.0.2
2021-02-08 09:53:42 - prescribe0 - INFO - v tidyr   1.1.2     v stringr 1.4.0
2021-02-08 09:53:42 - prescribe0 - INFO - v readr   1.3.1     v forcats 0.5.0
2021-02-08 09:53:42 - prescribe0 - INFO - -- Conflicts ------------------------------------------ tidyverse_conflicts() --
2021-02-08 09:53:42 - prescribe0 - INFO - x dplyr::filter() masks stats::filter()
2021-02-08 09:53:42 - prescribe0 - INFO - x dplyr::lag()    masks stats::lag()
2021-02-08 09:53:44 - prescribe0 - INFO - Execution time prescribe0:  2.652454
2021-02-08 09:53:44 - prescribe0 - INFO - Successfully executed /Users/anto/github/coronasurveys/code/xprize/prescribe0/prescribe.py
2021-02-08 09:53:44 - prescribe0 - INFO - =========================================================================
2021-02-08 09:53:44 - prescribe0 - INFO - Duration: 0:00:04.255312 seconds
2021-02-08 09:53:44 - prescribe0 - INFO - =========================================================================
2021-02-08 11:40:28 - prescribe0 - INFO - 
2021-02-08 11:40:28 - prescribe0 - INFO - 
2021-02-08 11:40:28 - prescribe0 - INFO - =========================================================================
2021-02-08 11:40:28 - prescribe0 - INFO - Command: Rscript --vanilla prescribe.R 2021-02-08 2021-02-28 /Users/anto/github/coronasurveys/code/xprize/data/IPS-latest-full.csv /Users/anto/github/coronasurveys/code/xprize/data/fixed_equal_costs.csv /Users/anto/github/coronasurveys/code/xprize/prescribe0/prescribe0_output.csv /Users/anto/github/coronasurveys/code/xprize/prescribe0
2021-02-08 11:40:28 - prescribe0 - INFO - =========================================================================
2021-02-08 11:40:28 - prescribe0 - INFO - During startup - Warning messages:
2021-02-08 11:40:28 - prescribe0 - INFO - 1: Setting LC_CTYPE failed, using "C"
2021-02-08 11:40:28 - prescribe0 - INFO - 2: Setting LC_COLLATE failed, using "C"
2021-02-08 11:40:28 - prescribe0 - INFO - 3: Setting LC_TIME failed, using "C"
2021-02-08 11:40:28 - prescribe0 - INFO - 4: Setting LC_MESSAGES failed, using "C"
2021-02-08 11:40:28 - prescribe0 - INFO - 5: Setting LC_MONETARY failed, using "C"
2021-02-08 11:40:29 - prescribe0 - INFO - -- Attaching packages --------------------------------------- tidyverse 1.3.0 --
2021-02-08 11:40:29 - prescribe0 - INFO - v ggplot2 3.3.2     v purrr   0.3.4
2021-02-08 11:40:29 - prescribe0 - INFO - v tibble  3.0.4     v dplyr   1.0.2
2021-02-08 11:40:29 - prescribe0 - INFO - v tidyr   1.1.2     v stringr 1.4.0
2021-02-08 11:40:29 - prescribe0 - INFO - v readr   1.3.1     v forcats 0.5.0
2021-02-08 11:40:29 - prescribe0 - INFO - -- Conflicts ------------------------------------------ tidyverse_conflicts() --
2021-02-08 11:40:29 - prescribe0 - INFO - x dplyr::filter() masks stats::filter()
2021-02-08 11:40:29 - prescribe0 - INFO - x dplyr::lag()    masks stats::lag()
2021-02-08 11:40:31 - prescribe0 - INFO - Execution time prescribe0:  1.836888
2021-02-08 11:40:31 - prescribe0 - INFO - Successfully executed /Users/anto/github/coronasurveys/code/xprize/prescribe0/prescribe.py
2021-02-08 11:40:31 - prescribe0 - INFO - =========================================================================
2021-02-08 11:40:31 - prescribe0 - INFO - Duration: 0:00:03.424869 seconds
2021-02-08 11:40:31 - prescribe0 - INFO - =========================================================================
2021-02-08 11:47:05 - prescribe0 - INFO - 
2021-02-08 11:47:05 - prescribe0 - INFO - 
2021-02-08 11:47:05 - prescribe0 - INFO - =========================================================================
2021-02-08 11:47:05 - prescribe0 - INFO - Command: Rscript --vanilla prescribe.R 2021-02-08 2021-02-28 /Users/anto/github/coronasurveys/code/xprize/data/IPS-latest-full.csv /Users/anto/github/coronasurveys/code/xprize/data/uniform_random_costs.csv /Users/anto/github/coronasurveys/code/xprize/prescribe0/prescribe0_output.csv /Users/anto/github/coronasurveys/code/xprize/prescribe0
2021-02-08 11:47:05 - prescribe0 - INFO - =========================================================================
2021-02-08 11:47:06 - prescribe0 - INFO - During startup - Warning messages:
2021-02-08 11:47:06 - prescribe0 - INFO - 1: Setting LC_CTYPE failed, using "C"
2021-02-08 11:47:06 - prescribe0 - INFO - 2: Setting LC_COLLATE failed, using "C"
2021-02-08 11:47:06 - prescribe0 - INFO - 3: Setting LC_TIME failed, using "C"
2021-02-08 11:47:06 - prescribe0 - INFO - 4: Setting LC_MESSAGES failed, using "C"
2021-02-08 11:47:06 - prescribe0 - INFO - 5: Setting LC_MONETARY failed, using "C"
2021-02-08 11:47:07 - prescribe0 - INFO - -- Attaching packages --------------------------------------- tidyverse 1.3.0 --
2021-02-08 11:47:07 - prescribe0 - INFO - v ggplot2 3.3.2     v purrr   0.3.4
2021-02-08 11:47:07 - prescribe0 - INFO - v tibble  3.0.4     v dplyr   1.0.2
2021-02-08 11:47:07 - prescribe0 - INFO - v tidyr   1.1.2     v stringr 1.4.0
2021-02-08 11:47:07 - prescribe0 - INFO - v readr   1.3.1     v forcats 0.5.0
2021-02-08 11:47:07 - prescribe0 - INFO - -- Conflicts ------------------------------------------ tidyverse_conflicts() --
2021-02-08 11:47:07 - prescribe0 - INFO - x dplyr::filter() masks stats::filter()
2021-02-08 11:47:07 - prescribe0 - INFO - x dplyr::lag()    masks stats::lag()
2021-02-08 11:47:09 - prescribe0 - INFO - Execution time prescribe0:  1.825086
2021-02-08 11:47:09 - prescribe0 - INFO - Successfully executed /Users/anto/github/coronasurveys/code/xprize/prescribe0/prescribe.py
2021-02-08 11:47:09 - prescribe0 - INFO - =========================================================================
2021-02-08 11:47:09 - prescribe0 - INFO - Duration: 0:00:03.539053 seconds
2021-02-08 11:47:09 - prescribe0 - INFO - =========================================================================
