2021-02-07 22:48:08 - prescribe6 - INFO - 
2021-02-07 22:48:08 - prescribe6 - INFO - 
2021-02-07 22:48:08 - prescribe6 - INFO - =========================================================================
2021-02-07 22:48:08 - prescribe6 - INFO - Command: Rscript --vanilla prescribe.R 2021-02-07 2021-02-28 /Users/anto/github/coronasurveys/code/xprize/data/IPS-latest-full.csv /Users/anto/github/coronasurveys/code/xprize/data/fixed_equal_costs.csv /Users/anto/github/coronasurveys/code/xprize/prescribe6/prescribe6_output.csv /Users/anto/github/coronasurveys/code/xprize/prescribe6
2021-02-07 22:48:08 - prescribe6 - INFO - =========================================================================
2021-02-07 22:48:09 - prescribe6 - INFO - During startup - Warning messages:
2021-02-07 22:48:09 - prescribe6 - INFO - 1: Setting LC_CTYPE failed, using "C"
2021-02-07 22:48:09 - prescribe6 - INFO - 2: Setting LC_COLLATE failed, using "C"
2021-02-07 22:48:09 - prescribe6 - INFO - 3: Setting LC_TIME failed, using "C"
2021-02-07 22:48:09 - prescribe6 - INFO - 4: Setting LC_MESSAGES failed, using "C"
2021-02-07 22:48:09 - prescribe6 - INFO - 5: Setting LC_MONETARY failed, using "C"
2021-02-07 22:48:10 - prescribe6 - INFO - -- Attaching packages --------------------------------------- tidyverse 1.3.0 --
2021-02-07 22:48:10 - prescribe6 - INFO - v ggplot2 3.3.2     v purrr   0.3.4
2021-02-07 22:48:10 - prescribe6 - INFO - v tibble  3.0.4     v dplyr   1.0.2
2021-02-07 22:48:10 - prescribe6 - INFO - v tidyr   1.1.2     v stringr 1.4.0
2021-02-07 22:48:10 - prescribe6 - INFO - v readr   1.3.1     v forcats 0.5.0
2021-02-07 22:48:10 - prescribe6 - INFO - -- Conflicts ------------------------------------------ tidyverse_conflicts() --
2021-02-07 22:48:10 - prescribe6 - INFO - x dplyr::filter() masks stats::filter()
2021-02-07 22:48:10 - prescribe6 - INFO - x dplyr::lag()    masks stats::lag()
2021-02-07 22:51:53 - prescribe6 - INFO - Execution time prescribe6:  3.714735
2021-02-07 22:51:53 - prescribe6 - INFO - Successfully executed /Users/anto/github/coronasurveys/code/xprize/prescribe6/prescribe.py
2021-02-07 22:51:53 - prescribe6 - INFO - =========================================================================
2021-02-07 22:51:53 - prescribe6 - INFO - Duration: 0:03:44.391251 seconds
2021-02-07 22:51:53 - prescribe6 - INFO - =========================================================================
2021-02-07 23:25:18 - prescribe6 - INFO - 
2021-02-07 23:25:18 - prescribe6 - INFO - 
2021-02-07 23:25:18 - prescribe6 - INFO - =========================================================================
2021-02-07 23:25:18 - prescribe6 - INFO - Command: Rscript --vanilla prescribe.R 2021-02-07 2021-05-31 /Users/anto/github/coronasurveys/code/xprize/data/IPS-latest-full.csv /Users/anto/github/coronasurveys/code/xprize/data/fixed_equal_costs.csv /Users/anto/github/coronasurveys/code/xprize/prescribe6/prescribe6_output.csv /Users/anto/github/coronasurveys/code/xprize/prescribe6
2021-02-07 23:25:18 - prescribe6 - INFO - =========================================================================
2021-02-07 23:25:18 - prescribe6 - INFO - During startup - Warning messages:
2021-02-07 23:25:18 - prescribe6 - INFO - 1: Setting LC_CTYPE failed, using "C"
2021-02-07 23:25:18 - prescribe6 - INFO - 2: Setting LC_COLLATE failed, using "C"
2021-02-07 23:25:18 - prescribe6 - INFO - 3: Setting LC_TIME failed, using "C"
2021-02-07 23:25:18 - prescribe6 - INFO - 4: Setting LC_MESSAGES failed, using "C"
2021-02-07 23:25:18 - prescribe6 - INFO - 5: Setting LC_MONETARY failed, using "C"
2021-02-07 23:25:20 - prescribe6 - INFO - -- Attaching packages --------------------------------------- tidyverse 1.3.0 --
2021-02-07 23:25:20 - prescribe6 - INFO - v ggplot2 3.3.2     v purrr   0.3.4
2021-02-07 23:25:20 - prescribe6 - INFO - v tibble  3.0.4     v dplyr   1.0.2
2021-02-07 23:25:20 - prescribe6 - INFO - v tidyr   1.1.2     v stringr 1.4.0
2021-02-07 23:25:20 - prescribe6 - INFO - v readr   1.3.1     v forcats 0.5.0
2021-02-07 23:25:20 - prescribe6 - INFO - -- Conflicts ------------------------------------------ tidyverse_conflicts() --
2021-02-07 23:25:20 - prescribe6 - INFO - x dplyr::filter() masks stats::filter()
2021-02-07 23:25:20 - prescribe6 - INFO - x dplyr::lag()    masks stats::lag()
2021-02-07 23:30:01 - prescribe6 - INFO - Execution time prescribe6:  4.697438
2021-02-07 23:30:02 - prescribe6 - INFO - Successfully executed /Users/anto/github/coronasurveys/code/xprize/prescribe6/prescribe.py
2021-02-07 23:30:02 - prescribe6 - INFO - =========================================================================
2021-02-07 23:30:02 - prescribe6 - INFO - Duration: 0:04:43.428249 seconds
2021-02-07 23:30:02 - prescribe6 - INFO - =========================================================================
