2021-02-09 10:18:25 - prescribe6 - INFO - 
2021-02-09 10:18:25 - prescribe6 - INFO - 
2021-02-09 10:18:25 - prescribe6 - INFO - =========================================================================
2021-02-09 10:18:25 - prescribe6 - INFO - Command: Rscript --vanilla prescribe.R 2021-02-09 2021-02-28 /Users/anto/github/coronasurveys/code/xprize/data/IPS-latest-full.csv /Users/anto/github/coronasurveys/code/xprize/data/fixed_equal_costs.csv /Users/anto/github/coronasurveys/code/xprize/prescribe6/prescribe6_output.csv /Users/anto/github/coronasurveys/code/xprize/prescribe6
2021-02-09 10:18:25 - prescribe6 - INFO - =========================================================================
2021-02-09 10:18:25 - prescribe6 - INFO - During startup - Warning messages:
2021-02-09 10:18:25 - prescribe6 - INFO - 1: Setting LC_CTYPE failed, using "C"
2021-02-09 10:18:25 - prescribe6 - INFO - 2: Setting LC_COLLATE failed, using "C"
2021-02-09 10:18:25 - prescribe6 - INFO - 3: Setting LC_TIME failed, using "C"
2021-02-09 10:18:25 - prescribe6 - INFO - 4: Setting LC_MESSAGES failed, using "C"
2021-02-09 10:18:25 - prescribe6 - INFO - 5: Setting LC_MONETARY failed, using "C"
2021-02-09 10:18:27 - prescribe6 - INFO - -- Attaching packages --------------------------------------- tidyverse 1.3.0 --
2021-02-09 10:18:27 - prescribe6 - INFO - v ggplot2 3.3.2     v purrr   0.3.4
2021-02-09 10:18:27 - prescribe6 - INFO - v tibble  3.0.4     v dplyr   1.0.2
2021-02-09 10:18:27 - prescribe6 - INFO - v tidyr   1.1.2     v stringr 1.4.0
2021-02-09 10:18:27 - prescribe6 - INFO - v readr   1.3.1     v forcats 0.5.0
2021-02-09 10:18:27 - prescribe6 - INFO - -- Conflicts ------------------------------------------ tidyverse_conflicts() --
2021-02-09 10:18:27 - prescribe6 - INFO - x dplyr::filter() masks stats::filter()
2021-02-09 10:18:27 - prescribe6 - INFO - x dplyr::lag()    masks stats::lag()
2021-02-09 10:22:01 - prescribe6 - INFO - Execution time prescribe6:  3.574312
2021-02-09 10:22:01 - prescribe6 - INFO - Successfully executed /Users/anto/github/coronasurveys/code/xprize/prescribe6/prescribe.py
2021-02-09 10:22:01 - prescribe6 - INFO - =========================================================================
2021-02-09 10:22:01 - prescribe6 - INFO - Duration: 0:03:36.810985 seconds
2021-02-09 10:22:01 - prescribe6 - INFO - =========================================================================
2021-02-09 10:24:44 - prescribe6 - INFO - 
2021-02-09 10:24:44 - prescribe6 - INFO - 
2021-02-09 10:24:44 - prescribe6 - INFO - =========================================================================
2021-02-09 10:24:44 - prescribe6 - INFO - Command: Rscript --vanilla prescribe.R 2021-02-09 2021-02-28 /Users/anto/github/coronasurveys/code/xprize/data/IPS-latest-full.csv /Users/anto/github/coronasurveys/code/xprize/data/uniform_random_costs.csv /Users/anto/github/coronasurveys/code/xprize/prescribe6/prescribe6_output.csv /Users/anto/github/coronasurveys/code/xprize/prescribe6
2021-02-09 10:24:44 - prescribe6 - INFO - =========================================================================
2021-02-09 10:24:44 - prescribe6 - INFO - During startup - Warning messages:
2021-02-09 10:24:44 - prescribe6 - INFO - 1: Setting LC_CTYPE failed, using "C"
2021-02-09 10:24:44 - prescribe6 - INFO - 2: Setting LC_COLLATE failed, using "C"
2021-02-09 10:24:44 - prescribe6 - INFO - 3: Setting LC_TIME failed, using "C"
2021-02-09 10:24:44 - prescribe6 - INFO - 4: Setting LC_MESSAGES failed, using "C"
2021-02-09 10:24:44 - prescribe6 - INFO - 5: Setting LC_MONETARY failed, using "C"
2021-02-09 10:24:46 - prescribe6 - INFO - -- Attaching packages --------------------------------------- tidyverse 1.3.0 --
2021-02-09 10:24:46 - prescribe6 - INFO - v ggplot2 3.3.2     v purrr   0.3.4
2021-02-09 10:24:46 - prescribe6 - INFO - v tibble  3.0.4     v dplyr   1.0.2
2021-02-09 10:24:46 - prescribe6 - INFO - v tidyr   1.1.2     v stringr 1.4.0
2021-02-09 10:24:46 - prescribe6 - INFO - v readr   1.3.1     v forcats 0.5.0
2021-02-09 10:24:46 - prescribe6 - INFO - -- Conflicts ------------------------------------------ tidyverse_conflicts() --
2021-02-09 10:24:46 - prescribe6 - INFO - x dplyr::filter() masks stats::filter()
2021-02-09 10:24:46 - prescribe6 - INFO - x dplyr::lag()    masks stats::lag()
2021-02-09 10:28:25 - prescribe6 - INFO - Execution time prescribe6:  3.639233
2021-02-09 10:28:25 - prescribe6 - INFO - Successfully executed /Users/anto/github/coronasurveys/code/xprize/prescribe6/prescribe.py
2021-02-09 10:28:25 - prescribe6 - INFO - =========================================================================
2021-02-09 10:28:25 - prescribe6 - INFO - Duration: 0:03:40.675066 seconds
2021-02-09 10:28:25 - prescribe6 - INFO - =========================================================================
2021-02-09 20:28:18 - prescribe6 - INFO - 
2021-02-09 20:28:18 - prescribe6 - INFO - 
2021-02-09 20:28:18 - prescribe6 - INFO - =========================================================================
2021-02-09 20:28:18 - prescribe6 - INFO - Command: Rscript --vanilla prescribe.R 2021-02-09 2021-04-30 /Users/anto/github/coronasurveys/code/xprize/data/IPS-latest-full.csv /Users/anto/github/coronasurveys/code/xprize/data/fixed_equal_costs.csv /Users/anto/github/coronasurveys/code/xprize/prescribe6/prescribe6_output.csv /Users/anto/github/coronasurveys/code/xprize/prescribe6
2021-02-09 20:28:18 - prescribe6 - INFO - =========================================================================
2021-02-09 20:28:19 - prescribe6 - INFO - During startup - Warning messages:
2021-02-09 20:28:19 - prescribe6 - INFO - 1: Setting LC_CTYPE failed, using "C"
2021-02-09 20:28:19 - prescribe6 - INFO - 2: Setting LC_COLLATE failed, using "C"
2021-02-09 20:28:19 - prescribe6 - INFO - 3: Setting LC_TIME failed, using "C"
2021-02-09 20:28:19 - prescribe6 - INFO - 4: Setting LC_MESSAGES failed, using "C"
2021-02-09 20:28:19 - prescribe6 - INFO - 5: Setting LC_MONETARY failed, using "C"
2021-02-09 20:28:20 - prescribe6 - INFO - -- Attaching packages --------------------------------------- tidyverse 1.3.0 --
2021-02-09 20:28:20 - prescribe6 - INFO - v ggplot2 3.3.2     v purrr   0.3.4
2021-02-09 20:28:20 - prescribe6 - INFO - v tibble  3.0.4     v dplyr   1.0.2
2021-02-09 20:28:20 - prescribe6 - INFO - v tidyr   1.1.2     v stringr 1.4.0
2021-02-09 20:28:20 - prescribe6 - INFO - v readr   1.3.1     v forcats 0.5.0
2021-02-09 20:28:21 - prescribe6 - INFO - -- Conflicts ------------------------------------------ tidyverse_conflicts() --
2021-02-09 20:28:21 - prescribe6 - INFO - x dplyr::filter() masks stats::filter()
2021-02-09 20:28:21 - prescribe6 - INFO - x dplyr::lag()    masks stats::lag()
2021-02-09 20:32:57 - prescribe6 - INFO - Execution time prescribe6:  4.600109
2021-02-09 20:32:57 - prescribe6 - INFO - Successfully executed /Users/anto/github/coronasurveys/code/xprize/prescribe6/prescribe.py
2021-02-09 20:32:57 - prescribe6 - INFO - =========================================================================
2021-02-09 20:32:57 - prescribe6 - INFO - Duration: 0:04:38.134663 seconds
2021-02-09 20:32:57 - prescribe6 - INFO - =========================================================================
2021-02-09 20:41:56 - prescribe6 - INFO - 
2021-02-09 20:41:56 - prescribe6 - INFO - 
2021-02-09 20:41:56 - prescribe6 - INFO - =========================================================================
2021-02-09 20:41:56 - prescribe6 - INFO - Command: Rscript --vanilla prescribe.R 2021-02-09 2021-04-30 /Users/anto/github/coronasurveys/code/xprize/data/IPS-latest-full.csv /Users/anto/github/coronasurveys/code/xprize/data/uniform_random_costs.csv /Users/anto/github/coronasurveys/code/xprize/prescribe6/prescribe6_output.csv /Users/anto/github/coronasurveys/code/xprize/prescribe6
2021-02-09 20:41:56 - prescribe6 - INFO - =========================================================================
2021-02-09 20:41:56 - prescribe6 - INFO - During startup - Warning messages:
2021-02-09 20:41:56 - prescribe6 - INFO - 1: Setting LC_CTYPE failed, using "C"
2021-02-09 20:41:56 - prescribe6 - INFO - 2: Setting LC_COLLATE failed, using "C"
2021-02-09 20:41:56 - prescribe6 - INFO - 3: Setting LC_TIME failed, using "C"
2021-02-09 20:41:56 - prescribe6 - INFO - 4: Setting LC_MESSAGES failed, using "C"
2021-02-09 20:41:56 - prescribe6 - INFO - 5: Setting LC_MONETARY failed, using "C"
2021-02-09 20:41:58 - prescribe6 - INFO - -- Attaching packages --------------------------------------- tidyverse 1.3.0 --
2021-02-09 20:41:58 - prescribe6 - INFO - v ggplot2 3.3.2     v purrr   0.3.4
2021-02-09 20:41:58 - prescribe6 - INFO - v tibble  3.0.4     v dplyr   1.0.2
2021-02-09 20:41:58 - prescribe6 - INFO - v tidyr   1.1.2     v stringr 1.4.0
2021-02-09 20:41:58 - prescribe6 - INFO - v readr   1.3.1     v forcats 0.5.0
2021-02-09 20:41:58 - prescribe6 - INFO - -- Conflicts ------------------------------------------ tidyverse_conflicts() --
2021-02-09 20:41:58 - prescribe6 - INFO - x dplyr::filter() masks stats::filter()
2021-02-09 20:41:58 - prescribe6 - INFO - x dplyr::lag()    masks stats::lag()
2021-02-09 20:46:30 - prescribe6 - INFO - Execution time prescribe6:  4.527032
2021-02-09 20:46:30 - prescribe6 - INFO - Successfully executed /Users/anto/github/coronasurveys/code/xprize/prescribe6/prescribe.py
2021-02-09 20:46:30 - prescribe6 - INFO - =========================================================================
2021-02-09 20:46:30 - prescribe6 - INFO - Duration: 0:04:33.654321 seconds
2021-02-09 20:46:30 - prescribe6 - INFO - =========================================================================
