2021-02-07 22:45:51 - prescribe3 - INFO - 
2021-02-07 22:45:51 - prescribe3 - INFO - 
2021-02-07 22:45:51 - prescribe3 - INFO - =========================================================================
2021-02-07 22:45:51 - prescribe3 - INFO - Command: Rscript --vanilla prescribe.R 2021-02-07 2021-02-28 /Users/anto/github/coronasurveys/code/xprize/data/IPS-latest-full.csv /Users/anto/github/coronasurveys/code/xprize/data/fixed_equal_costs.csv /Users/anto/github/coronasurveys/code/xprize/prescribe3/prescribe3_output.csv /Users/anto/github/coronasurveys/code/xprize/prescribe3
2021-02-07 22:45:51 - prescribe3 - INFO - =========================================================================
2021-02-07 22:45:51 - prescribe3 - INFO - During startup - Warning messages:
2021-02-07 22:45:51 - prescribe3 - INFO - 1: Setting LC_CTYPE failed, using "C"
2021-02-07 22:45:51 - prescribe3 - INFO - 2: Setting LC_COLLATE failed, using "C"
2021-02-07 22:45:51 - prescribe3 - INFO - 3: Setting LC_TIME failed, using "C"
2021-02-07 22:45:51 - prescribe3 - INFO - 4: Setting LC_MESSAGES failed, using "C"
2021-02-07 22:45:51 - prescribe3 - INFO - 5: Setting LC_MONETARY failed, using "C"
2021-02-07 22:45:52 - prescribe3 - INFO - -- Attaching packages --------------------------------------- tidyverse 1.3.0 --
2021-02-07 22:45:52 - prescribe3 - INFO - v ggplot2 3.3.2     v purrr   0.3.4
2021-02-07 22:45:52 - prescribe3 - INFO - v tibble  3.0.4     v dplyr   1.0.2
2021-02-07 22:45:52 - prescribe3 - INFO - v tidyr   1.1.2     v stringr 1.4.0
2021-02-07 22:45:52 - prescribe3 - INFO - v readr   1.3.1     v forcats 0.5.0
2021-02-07 22:45:52 - prescribe3 - INFO - -- Conflicts ------------------------------------------ tidyverse_conflicts() --
2021-02-07 22:45:52 - prescribe3 - INFO - x dplyr::filter() masks stats::filter()
2021-02-07 22:45:52 - prescribe3 - INFO - x dplyr::lag()    masks stats::lag()
2021-02-07 22:45:54 - prescribe3 - INFO - Execution halted
2021-02-07 22:45:54 - prescribe3 - INFO - Unexpected error: (<class 'KeyboardInterrupt'>, KeyboardInterrupt(), <traceback object at 0x7fe4eb8b9e60>)
2021-02-07 22:48:02 - prescribe3 - INFO - 
2021-02-07 22:48:02 - prescribe3 - INFO - 
2021-02-07 22:48:02 - prescribe3 - INFO - =========================================================================
2021-02-07 22:48:02 - prescribe3 - INFO - Command: Rscript --vanilla prescribe.R 2021-02-07 2021-02-28 /Users/anto/github/coronasurveys/code/xprize/data/IPS-latest-full.csv /Users/anto/github/coronasurveys/code/xprize/data/fixed_equal_costs.csv /Users/anto/github/coronasurveys/code/xprize/prescribe3/prescribe3_output.csv /Users/anto/github/coronasurveys/code/xprize/prescribe3
2021-02-07 22:48:02 - prescribe3 - INFO - =========================================================================
2021-02-07 22:48:02 - prescribe3 - INFO - During startup - Warning messages:
2021-02-07 22:48:02 - prescribe3 - INFO - 1: Setting LC_CTYPE failed, using "C"
2021-02-07 22:48:02 - prescribe3 - INFO - 2: Setting LC_COLLATE failed, using "C"
2021-02-07 22:48:02 - prescribe3 - INFO - 3: Setting LC_TIME failed, using "C"
2021-02-07 22:48:02 - prescribe3 - INFO - 4: Setting LC_MESSAGES failed, using "C"
2021-02-07 22:48:02 - prescribe3 - INFO - 5: Setting LC_MONETARY failed, using "C"
2021-02-07 22:48:03 - prescribe3 - INFO - -- Attaching packages --------------------------------------- tidyverse 1.3.0 --
2021-02-07 22:48:03 - prescribe3 - INFO - v ggplot2 3.3.2     v purrr   0.3.4
2021-02-07 22:48:03 - prescribe3 - INFO - v tibble  3.0.4     v dplyr   1.0.2
2021-02-07 22:48:03 - prescribe3 - INFO - v tidyr   1.1.2     v stringr 1.4.0
2021-02-07 22:48:03 - prescribe3 - INFO - v readr   1.3.1     v forcats 0.5.0
2021-02-07 22:48:03 - prescribe3 - INFO - -- Conflicts ------------------------------------------ tidyverse_conflicts() --
2021-02-07 22:48:03 - prescribe3 - INFO - x dplyr::filter() masks stats::filter()
2021-02-07 22:48:03 - prescribe3 - INFO - x dplyr::lag()    masks stats::lag()
2021-02-07 22:48:06 - prescribe3 - INFO - Execution time prescribe3:  3.205425
2021-02-07 22:48:06 - prescribe3 - INFO - Successfully executed /Users/anto/github/coronasurveys/code/xprize/prescribe3/prescribe.py
2021-02-07 22:48:06 - prescribe3 - INFO - =========================================================================
2021-02-07 22:48:06 - prescribe3 - INFO - Duration: 0:00:04.370519 seconds
2021-02-07 22:48:06 - prescribe3 - INFO - =========================================================================
2021-02-07 23:25:13 - prescribe3 - INFO - 
2021-02-07 23:25:13 - prescribe3 - INFO - 
2021-02-07 23:25:13 - prescribe3 - INFO - =========================================================================
2021-02-07 23:25:13 - prescribe3 - INFO - Command: Rscript --vanilla prescribe.R 2021-02-07 2021-05-31 /Users/anto/github/coronasurveys/code/xprize/data/IPS-latest-full.csv /Users/anto/github/coronasurveys/code/xprize/data/fixed_equal_costs.csv /Users/anto/github/coronasurveys/code/xprize/prescribe3/prescribe3_output.csv /Users/anto/github/coronasurveys/code/xprize/prescribe3
2021-02-07 23:25:13 - prescribe3 - INFO - =========================================================================
2021-02-07 23:25:13 - prescribe3 - INFO - During startup - Warning messages:
2021-02-07 23:25:13 - prescribe3 - INFO - 1: Setting LC_CTYPE failed, using "C"
2021-02-07 23:25:13 - prescribe3 - INFO - 2: Setting LC_COLLATE failed, using "C"
2021-02-07 23:25:13 - prescribe3 - INFO - 3: Setting LC_TIME failed, using "C"
2021-02-07 23:25:13 - prescribe3 - INFO - 4: Setting LC_MESSAGES failed, using "C"
2021-02-07 23:25:13 - prescribe3 - INFO - 5: Setting LC_MONETARY failed, using "C"
2021-02-07 23:25:14 - prescribe3 - INFO - -- Attaching packages --------------------------------------- tidyverse 1.3.0 --
2021-02-07 23:25:14 - prescribe3 - INFO - v ggplot2 3.3.2     v purrr   0.3.4
2021-02-07 23:25:14 - prescribe3 - INFO - v tibble  3.0.4     v dplyr   1.0.2
2021-02-07 23:25:14 - prescribe3 - INFO - v tidyr   1.1.2     v stringr 1.4.0
2021-02-07 23:25:14 - prescribe3 - INFO - v readr   1.3.1     v forcats 0.5.0
2021-02-07 23:25:14 - prescribe3 - INFO - -- Conflicts ------------------------------------------ tidyverse_conflicts() --
2021-02-07 23:25:14 - prescribe3 - INFO - x dplyr::filter() masks stats::filter()
2021-02-07 23:25:14 - prescribe3 - INFO - x dplyr::lag()    masks stats::lag()
2021-02-07 23:25:17 - prescribe3 - INFO - Execution time prescribe3:  3.42478
2021-02-07 23:25:17 - prescribe3 - INFO - Successfully executed /Users/anto/github/coronasurveys/code/xprize/prescribe3/prescribe.py
2021-02-07 23:25:17 - prescribe3 - INFO - =========================================================================
2021-02-07 23:25:17 - prescribe3 - INFO - Duration: 0:00:04.728974 seconds
2021-02-07 23:25:17 - prescribe3 - INFO - =========================================================================
