2021-02-08 00:22:59 - prescribe3 - INFO - 
2021-02-08 00:22:59 - prescribe3 - INFO - 
2021-02-08 00:22:59 - prescribe3 - INFO - =========================================================================
2021-02-08 00:22:59 - prescribe3 - INFO - Command: Rscript --vanilla prescribe.R 2021-02-08 2021-02-28 /Users/anto/github/coronasurveys/code/xprize/data/IPS-latest-full.csv /Users/anto/github/coronasurveys/code/xprize/data/fixed_equal_costs.csv /Users/anto/github/coronasurveys/code/xprize/prescribe3/prescribe3_output.csv /Users/anto/github/coronasurveys/code/xprize/prescribe3
2021-02-08 00:22:59 - prescribe3 - INFO - =========================================================================
2021-02-08 00:23:00 - prescribe3 - INFO - During startup - Warning messages:
2021-02-08 00:23:00 - prescribe3 - INFO - 1: Setting LC_CTYPE failed, using "C"
2021-02-08 00:23:00 - prescribe3 - INFO - 2: Setting LC_COLLATE failed, using "C"
2021-02-08 00:23:00 - prescribe3 - INFO - 3: Setting LC_TIME failed, using "C"
2021-02-08 00:23:00 - prescribe3 - INFO - 4: Setting LC_MESSAGES failed, using "C"
2021-02-08 00:23:00 - prescribe3 - INFO - 5: Setting LC_MONETARY failed, using "C"
2021-02-08 00:23:01 - prescribe3 - INFO - -- Attaching packages --------------------------------------- tidyverse 1.3.0 --
2021-02-08 00:23:01 - prescribe3 - INFO - v ggplot2 3.3.2     v purrr   0.3.4
2021-02-08 00:23:01 - prescribe3 - INFO - v tibble  3.0.4     v dplyr   1.0.2
2021-02-08 00:23:01 - prescribe3 - INFO - v tidyr   1.1.2     v stringr 1.4.0
2021-02-08 00:23:01 - prescribe3 - INFO - v readr   1.3.1     v forcats 0.5.0
2021-02-08 00:23:01 - prescribe3 - INFO - -- Conflicts ------------------------------------------ tidyverse_conflicts() --
2021-02-08 00:23:01 - prescribe3 - INFO - x dplyr::filter() masks stats::filter()
2021-02-08 00:23:01 - prescribe3 - INFO - x dplyr::lag()    masks stats::lag()
2021-02-08 00:23:04 - prescribe3 - INFO - Execution time prescribe3:  3.453691
2021-02-08 00:23:04 - prescribe3 - INFO - Successfully executed /Users/anto/github/coronasurveys/code/xprize/prescribe3/prescribe.py
2021-02-08 00:23:04 - prescribe3 - INFO - =========================================================================
2021-02-08 00:23:04 - prescribe3 - INFO - Duration: 0:00:04.842101 seconds
2021-02-08 00:23:04 - prescribe3 - INFO - =========================================================================
2021-02-08 09:53:41 - prescribe3 - INFO - 
2021-02-08 09:53:41 - prescribe3 - INFO - 
2021-02-08 09:53:41 - prescribe3 - INFO - =========================================================================
2021-02-08 09:53:41 - prescribe3 - INFO - Command: Rscript --vanilla prescribe.R 2021-02-08 2021-02-28 /Users/anto/github/coronasurveys/code/xprize/data/IPS-latest-full.csv /Users/anto/github/coronasurveys/code/xprize/data/fixed_equal_costs.csv /Users/anto/github/coronasurveys/code/xprize/prescribe3/prescribe3_output.csv /Users/anto/github/coronasurveys/code/xprize/prescribe3
2021-02-08 09:53:41 - prescribe3 - INFO - =========================================================================
2021-02-08 09:53:41 - prescribe3 - INFO - During startup - Warning messages:
2021-02-08 09:53:41 - prescribe3 - INFO - 1: Setting LC_CTYPE failed, using "C"
2021-02-08 09:53:41 - prescribe3 - INFO - 2: Setting LC_COLLATE failed, using "C"
2021-02-08 09:53:41 - prescribe3 - INFO - 3: Setting LC_TIME failed, using "C"
2021-02-08 09:53:41 - prescribe3 - INFO - 4: Setting LC_MESSAGES failed, using "C"
2021-02-08 09:53:41 - prescribe3 - INFO - 5: Setting LC_MONETARY failed, using "C"
2021-02-08 09:53:43 - prescribe3 - INFO - -- Attaching packages --------------------------------------- tidyverse 1.3.0 --
2021-02-08 09:53:43 - prescribe3 - INFO - v ggplot2 3.3.2     v purrr   0.3.4
2021-02-08 09:53:43 - prescribe3 - INFO - v tibble  3.0.4     v dplyr   1.0.2
2021-02-08 09:53:43 - prescribe3 - INFO - v tidyr   1.1.2     v stringr 1.4.0
2021-02-08 09:53:43 - prescribe3 - INFO - v readr   1.3.1     v forcats 0.5.0
2021-02-08 09:53:43 - prescribe3 - INFO - -- Conflicts ------------------------------------------ tidyverse_conflicts() --
2021-02-08 09:53:43 - prescribe3 - INFO - x dplyr::filter() masks stats::filter()
2021-02-08 09:53:43 - prescribe3 - INFO - x dplyr::lag()    masks stats::lag()
2021-02-08 09:53:49 - prescribe3 - INFO - Execution time prescribe3:  5.643575
2021-02-08 09:53:49 - prescribe3 - INFO - Successfully executed /Users/anto/github/coronasurveys/code/xprize/prescribe3/prescribe.py
2021-02-08 09:53:49 - prescribe3 - INFO - =========================================================================
2021-02-08 09:53:49 - prescribe3 - INFO - Duration: 0:00:08.030953 seconds
2021-02-08 09:53:49 - prescribe3 - INFO - =========================================================================
2021-02-08 11:40:29 - prescribe3 - INFO - 
2021-02-08 11:40:29 - prescribe3 - INFO - 
2021-02-08 11:40:29 - prescribe3 - INFO - =========================================================================
2021-02-08 11:40:29 - prescribe3 - INFO - Command: Rscript --vanilla prescribe.R 2021-02-08 2021-02-28 /Users/anto/github/coronasurveys/code/xprize/data/IPS-latest-full.csv /Users/anto/github/coronasurveys/code/xprize/data/fixed_equal_costs.csv /Users/anto/github/coronasurveys/code/xprize/prescribe3/prescribe3_output.csv /Users/anto/github/coronasurveys/code/xprize/prescribe3
2021-02-08 11:40:29 - prescribe3 - INFO - =========================================================================
2021-02-08 11:40:29 - prescribe3 - INFO - During startup - Warning messages:
2021-02-08 11:40:29 - prescribe3 - INFO - 1: Setting LC_CTYPE failed, using "C"
2021-02-08 11:40:29 - prescribe3 - INFO - 2: Setting LC_COLLATE failed, using "C"
2021-02-08 11:40:29 - prescribe3 - INFO - 3: Setting LC_TIME failed, using "C"
2021-02-08 11:40:29 - prescribe3 - INFO - 4: Setting LC_MESSAGES failed, using "C"
2021-02-08 11:40:29 - prescribe3 - INFO - 5: Setting LC_MONETARY failed, using "C"
2021-02-08 11:40:31 - prescribe3 - INFO - -- Attaching packages --------------------------------------- tidyverse 1.3.0 --
2021-02-08 11:40:31 - prescribe3 - INFO - v ggplot2 3.3.2     v purrr   0.3.4
2021-02-08 11:40:31 - prescribe3 - INFO - v tibble  3.0.4     v dplyr   1.0.2
2021-02-08 11:40:31 - prescribe3 - INFO - v tidyr   1.1.2     v stringr 1.4.0
2021-02-08 11:40:31 - prescribe3 - INFO - v readr   1.3.1     v forcats 0.5.0
2021-02-08 11:40:31 - prescribe3 - INFO - -- Conflicts ------------------------------------------ tidyverse_conflicts() --
2021-02-08 11:40:31 - prescribe3 - INFO - x dplyr::filter() masks stats::filter()
2021-02-08 11:40:31 - prescribe3 - INFO - x dplyr::lag()    masks stats::lag()
2021-02-08 11:40:36 - prescribe3 - INFO - Execution time prescribe3:  5.540498
2021-02-08 11:40:36 - prescribe3 - INFO - Successfully executed /Users/anto/github/coronasurveys/code/xprize/prescribe3/prescribe.py
2021-02-08 11:40:36 - prescribe3 - INFO - =========================================================================
2021-02-08 11:40:36 - prescribe3 - INFO - Duration: 0:00:07.368040 seconds
2021-02-08 11:40:36 - prescribe3 - INFO - =========================================================================
2021-02-08 11:47:07 - prescribe3 - INFO - 
2021-02-08 11:47:07 - prescribe3 - INFO - 
2021-02-08 11:47:07 - prescribe3 - INFO - =========================================================================
2021-02-08 11:47:07 - prescribe3 - INFO - Command: Rscript --vanilla prescribe.R 2021-02-08 2021-02-28 /Users/anto/github/coronasurveys/code/xprize/data/IPS-latest-full.csv /Users/anto/github/coronasurveys/code/xprize/data/uniform_random_costs.csv /Users/anto/github/coronasurveys/code/xprize/prescribe3/prescribe3_output.csv /Users/anto/github/coronasurveys/code/xprize/prescribe3
2021-02-08 11:47:07 - prescribe3 - INFO - =========================================================================
2021-02-08 11:47:07 - prescribe3 - INFO - During startup - Warning messages:
2021-02-08 11:47:07 - prescribe3 - INFO - 1: Setting LC_CTYPE failed, using "C"
2021-02-08 11:47:07 - prescribe3 - INFO - 2: Setting LC_COLLATE failed, using "C"
2021-02-08 11:47:07 - prescribe3 - INFO - 3: Setting LC_TIME failed, using "C"
2021-02-08 11:47:07 - prescribe3 - INFO - 4: Setting LC_MESSAGES failed, using "C"
2021-02-08 11:47:07 - prescribe3 - INFO - 5: Setting LC_MONETARY failed, using "C"
2021-02-08 11:47:09 - prescribe3 - INFO - -- Attaching packages --------------------------------------- tidyverse 1.3.0 --
2021-02-08 11:47:09 - prescribe3 - INFO - v ggplot2 3.3.2     v purrr   0.3.4
2021-02-08 11:47:09 - prescribe3 - INFO - v tibble  3.0.4     v dplyr   1.0.2
2021-02-08 11:47:09 - prescribe3 - INFO - v tidyr   1.1.2     v stringr 1.4.0
2021-02-08 11:47:09 - prescribe3 - INFO - v readr   1.3.1     v forcats 0.5.0
2021-02-08 11:47:09 - prescribe3 - INFO - -- Conflicts ------------------------------------------ tidyverse_conflicts() --
2021-02-08 11:47:09 - prescribe3 - INFO - x dplyr::filter() masks stats::filter()
2021-02-08 11:47:09 - prescribe3 - INFO - x dplyr::lag()    masks stats::lag()
2021-02-08 11:47:15 - prescribe3 - INFO - Execution time prescribe3:  5.811799
2021-02-08 11:47:15 - prescribe3 - INFO - Successfully executed /Users/anto/github/coronasurveys/code/xprize/prescribe3/prescribe.py
2021-02-08 11:47:15 - prescribe3 - INFO - =========================================================================
2021-02-08 11:47:15 - prescribe3 - INFO - Duration: 0:00:07.622555 seconds
2021-02-08 11:47:15 - prescribe3 - INFO - =========================================================================
