2021-02-09 10:18:24 - prescribe5 - INFO - 
2021-02-09 10:18:24 - prescribe5 - INFO - 
2021-02-09 10:18:24 - prescribe5 - INFO - =========================================================================
2021-02-09 10:18:24 - prescribe5 - INFO - Command: Rscript --vanilla prescribe.R 2021-02-09 2021-02-28 /Users/anto/github/coronasurveys/code/xprize/data/IPS-latest-full.csv /Users/anto/github/coronasurveys/code/xprize/data/fixed_equal_costs.csv /Users/anto/github/coronasurveys/code/xprize/prescribe5/prescribe5_output.csv /Users/anto/github/coronasurveys/code/xprize/prescribe5
2021-02-09 10:18:24 - prescribe5 - INFO - =========================================================================
2021-02-09 10:18:24 - prescribe5 - INFO - During startup - Warning messages:
2021-02-09 10:18:24 - prescribe5 - INFO - 1: Setting LC_CTYPE failed, using "C"
2021-02-09 10:18:24 - prescribe5 - INFO - 2: Setting LC_COLLATE failed, using "C"
2021-02-09 10:18:24 - prescribe5 - INFO - 3: Setting LC_TIME failed, using "C"
2021-02-09 10:18:24 - prescribe5 - INFO - 4: Setting LC_MESSAGES failed, using "C"
2021-02-09 10:18:24 - prescribe5 - INFO - 5: Setting LC_MONETARY failed, using "C"
2021-02-09 10:18:26 - prescribe5 - INFO - -- Attaching packages --------------------------------------- tidyverse 1.3.0 --
2021-02-09 10:18:26 - prescribe5 - INFO - v ggplot2 3.3.2     v purrr   0.3.4
2021-02-09 10:18:26 - prescribe5 - INFO - v tibble  3.0.4     v dplyr   1.0.2
2021-02-09 10:18:26 - prescribe5 - INFO - v tidyr   1.1.2     v stringr 1.4.0
2021-02-09 10:18:26 - prescribe5 - INFO - v readr   1.3.1     v forcats 0.5.0
2021-02-09 10:18:26 - prescribe5 - INFO - -- Conflicts ------------------------------------------ tidyverse_conflicts() --
2021-02-09 10:18:26 - prescribe5 - INFO - x dplyr::filter() masks stats::filter()
2021-02-09 10:18:26 - prescribe5 - INFO - x dplyr::lag()    masks stats::lag()
2021-02-09 10:22:02 - prescribe5 - INFO - Execution time prescribe5:  3.596854
2021-02-09 10:22:02 - prescribe5 - INFO - Successfully executed /Users/anto/github/coronasurveys/code/xprize/prescribe5/prescribe.py
2021-02-09 10:22:02 - prescribe5 - INFO - =========================================================================
2021-02-09 10:22:02 - prescribe5 - INFO - Duration: 0:03:37.910142 seconds
2021-02-09 10:22:02 - prescribe5 - INFO - =========================================================================
2021-02-09 10:24:43 - prescribe5 - INFO - 
2021-02-09 10:24:43 - prescribe5 - INFO - 
2021-02-09 10:24:43 - prescribe5 - INFO - =========================================================================
2021-02-09 10:24:43 - prescribe5 - INFO - Command: Rscript --vanilla prescribe.R 2021-02-09 2021-02-28 /Users/anto/github/coronasurveys/code/xprize/data/IPS-latest-full.csv /Users/anto/github/coronasurveys/code/xprize/data/uniform_random_costs.csv /Users/anto/github/coronasurveys/code/xprize/prescribe5/prescribe5_output.csv /Users/anto/github/coronasurveys/code/xprize/prescribe5
2021-02-09 10:24:43 - prescribe5 - INFO - =========================================================================
2021-02-09 10:24:43 - prescribe5 - INFO - During startup - Warning messages:
2021-02-09 10:24:43 - prescribe5 - INFO - 1: Setting LC_CTYPE failed, using "C"
2021-02-09 10:24:43 - prescribe5 - INFO - 2: Setting LC_COLLATE failed, using "C"
2021-02-09 10:24:43 - prescribe5 - INFO - 3: Setting LC_TIME failed, using "C"
2021-02-09 10:24:43 - prescribe5 - INFO - 4: Setting LC_MESSAGES failed, using "C"
2021-02-09 10:24:43 - prescribe5 - INFO - 5: Setting LC_MONETARY failed, using "C"
2021-02-09 10:24:45 - prescribe5 - INFO - -- Attaching packages --------------------------------------- tidyverse 1.3.0 --
2021-02-09 10:24:45 - prescribe5 - INFO - v ggplot2 3.3.2     v purrr   0.3.4
2021-02-09 10:24:45 - prescribe5 - INFO - v tibble  3.0.4     v dplyr   1.0.2
2021-02-09 10:24:45 - prescribe5 - INFO - v tidyr   1.1.2     v stringr 1.4.0
2021-02-09 10:24:45 - prescribe5 - INFO - v readr   1.3.1     v forcats 0.5.0
2021-02-09 10:24:45 - prescribe5 - INFO - -- Conflicts ------------------------------------------ tidyverse_conflicts() --
2021-02-09 10:24:45 - prescribe5 - INFO - x dplyr::filter() masks stats::filter()
2021-02-09 10:24:45 - prescribe5 - INFO - x dplyr::lag()    masks stats::lag()
2021-02-09 10:28:24 - prescribe5 - INFO - Execution time prescribe5:  3.650826
2021-02-09 10:28:24 - prescribe5 - INFO - Successfully executed /Users/anto/github/coronasurveys/code/xprize/prescribe5/prescribe.py
2021-02-09 10:28:24 - prescribe5 - INFO - =========================================================================
2021-02-09 10:28:24 - prescribe5 - INFO - Duration: 0:03:41.181847 seconds
2021-02-09 10:28:24 - prescribe5 - INFO - =========================================================================
2021-02-09 20:28:17 - prescribe5 - INFO - 
2021-02-09 20:28:17 - prescribe5 - INFO - 
2021-02-09 20:28:17 - prescribe5 - INFO - =========================================================================
2021-02-09 20:28:17 - prescribe5 - INFO - Command: Rscript --vanilla prescribe.R 2021-02-09 2021-04-30 /Users/anto/github/coronasurveys/code/xprize/data/IPS-latest-full.csv /Users/anto/github/coronasurveys/code/xprize/data/fixed_equal_costs.csv /Users/anto/github/coronasurveys/code/xprize/prescribe5/prescribe5_output.csv /Users/anto/github/coronasurveys/code/xprize/prescribe5
2021-02-09 20:28:17 - prescribe5 - INFO - =========================================================================
2021-02-09 20:28:18 - prescribe5 - INFO - During startup - Warning messages:
2021-02-09 20:28:18 - prescribe5 - INFO - 1: Setting LC_CTYPE failed, using "C"
2021-02-09 20:28:18 - prescribe5 - INFO - 2: Setting LC_COLLATE failed, using "C"
2021-02-09 20:28:18 - prescribe5 - INFO - 3: Setting LC_TIME failed, using "C"
2021-02-09 20:28:18 - prescribe5 - INFO - 4: Setting LC_MESSAGES failed, using "C"
2021-02-09 20:28:18 - prescribe5 - INFO - 5: Setting LC_MONETARY failed, using "C"
2021-02-09 20:28:19 - prescribe5 - INFO - -- Attaching packages --------------------------------------- tidyverse 1.3.0 --
2021-02-09 20:28:19 - prescribe5 - INFO - v ggplot2 3.3.2     v purrr   0.3.4
2021-02-09 20:28:19 - prescribe5 - INFO - v tibble  3.0.4     v dplyr   1.0.2
2021-02-09 20:28:19 - prescribe5 - INFO - v tidyr   1.1.2     v stringr 1.4.0
2021-02-09 20:28:19 - prescribe5 - INFO - v readr   1.3.1     v forcats 0.5.0
2021-02-09 20:28:19 - prescribe5 - INFO - -- Conflicts ------------------------------------------ tidyverse_conflicts() --
2021-02-09 20:28:19 - prescribe5 - INFO - x dplyr::filter() masks stats::filter()
2021-02-09 20:28:19 - prescribe5 - INFO - x dplyr::lag()    masks stats::lag()
2021-02-09 20:32:52 - prescribe5 - INFO - Execution time prescribe5:  4.54395
2021-02-09 20:32:52 - prescribe5 - INFO - Successfully executed /Users/anto/github/coronasurveys/code/xprize/prescribe5/prescribe.py
2021-02-09 20:32:52 - prescribe5 - INFO - =========================================================================
2021-02-09 20:32:52 - prescribe5 - INFO - Duration: 0:04:34.578468 seconds
2021-02-09 20:32:52 - prescribe5 - INFO - =========================================================================
2021-02-09 20:41:55 - prescribe5 - INFO - 
2021-02-09 20:41:55 - prescribe5 - INFO - 
2021-02-09 20:41:55 - prescribe5 - INFO - =========================================================================
2021-02-09 20:41:55 - prescribe5 - INFO - Command: Rscript --vanilla prescribe.R 2021-02-09 2021-04-30 /Users/anto/github/coronasurveys/code/xprize/data/IPS-latest-full.csv /Users/anto/github/coronasurveys/code/xprize/data/uniform_random_costs.csv /Users/anto/github/coronasurveys/code/xprize/prescribe5/prescribe5_output.csv /Users/anto/github/coronasurveys/code/xprize/prescribe5
2021-02-09 20:41:55 - prescribe5 - INFO - =========================================================================
2021-02-09 20:41:55 - prescribe5 - INFO - During startup - Warning messages:
2021-02-09 20:41:55 - prescribe5 - INFO - 1: Setting LC_CTYPE failed, using "C"
2021-02-09 20:41:55 - prescribe5 - INFO - 2: Setting LC_COLLATE failed, using "C"
2021-02-09 20:41:55 - prescribe5 - INFO - 3: Setting LC_TIME failed, using "C"
2021-02-09 20:41:55 - prescribe5 - INFO - 4: Setting LC_MESSAGES failed, using "C"
2021-02-09 20:41:55 - prescribe5 - INFO - 5: Setting LC_MONETARY failed, using "C"
2021-02-09 20:41:57 - prescribe5 - INFO - -- Attaching packages --------------------------------------- tidyverse 1.3.0 --
2021-02-09 20:41:57 - prescribe5 - INFO - v ggplot2 3.3.2     v purrr   0.3.4
2021-02-09 20:41:57 - prescribe5 - INFO - v tibble  3.0.4     v dplyr   1.0.2
2021-02-09 20:41:57 - prescribe5 - INFO - v tidyr   1.1.2     v stringr 1.4.0
2021-02-09 20:41:57 - prescribe5 - INFO - v readr   1.3.1     v forcats 0.5.0
2021-02-09 20:41:57 - prescribe5 - INFO - -- Conflicts ------------------------------------------ tidyverse_conflicts() --
2021-02-09 20:41:57 - prescribe5 - INFO - x dplyr::filter() masks stats::filter()
2021-02-09 20:41:57 - prescribe5 - INFO - x dplyr::lag()    masks stats::lag()
2021-02-09 20:46:28 - prescribe5 - INFO - Execution time prescribe5:  4.515828
2021-02-09 20:46:28 - prescribe5 - INFO - Successfully executed /Users/anto/github/coronasurveys/code/xprize/prescribe5/prescribe.py
2021-02-09 20:46:28 - prescribe5 - INFO - =========================================================================
2021-02-09 20:46:28 - prescribe5 - INFO - Duration: 0:04:32.906325 seconds
2021-02-09 20:46:28 - prescribe5 - INFO - =========================================================================
