2021-02-11 19:39:48 - prescribe5 - INFO - 
2021-02-11 19:39:48 - prescribe5 - INFO - 
2021-02-11 19:39:48 - prescribe5 - INFO - =========================================================================
2021-02-11 19:39:48 - prescribe5 - INFO - Command: Rscript --vanilla prescribe.R 2021-02-11 2021-05-11 /Users/anto/github/coronasurveys/code/xprize/data/IPS-latest-full.csv /Users/anto/github/coronasurveys/code/xprize/data/fixed_equal_costs.csv /Users/anto/github/coronasurveys/code/xprize/prescribe5/prescribe5_output.csv /Users/anto/github/coronasurveys/code/xprize/prescribe5
2021-02-11 19:39:48 - prescribe5 - INFO - =========================================================================
2021-02-11 19:39:48 - prescribe5 - INFO - During startup - Warning messages:
2021-02-11 19:39:48 - prescribe5 - INFO - 1: Setting LC_CTYPE failed, using "C"
2021-02-11 19:39:48 - prescribe5 - INFO - 2: Setting LC_COLLATE failed, using "C"
2021-02-11 19:39:48 - prescribe5 - INFO - 3: Setting LC_TIME failed, using "C"
2021-02-11 19:39:48 - prescribe5 - INFO - 4: Setting LC_MESSAGES failed, using "C"
2021-02-11 19:39:48 - prescribe5 - INFO - 5: Setting LC_MONETARY failed, using "C"
2021-02-11 19:39:50 - prescribe5 - INFO - -- Attaching packages --------------------------------------- tidyverse 1.3.0 --
2021-02-11 19:39:50 - prescribe5 - INFO - v ggplot2 3.3.3     v purrr   0.3.4
2021-02-11 19:39:50 - prescribe5 - INFO - v tibble  3.0.4     v dplyr   1.0.4
2021-02-11 19:39:50 - prescribe5 - INFO - v tidyr   1.1.2     v stringr 1.4.0
2021-02-11 19:39:50 - prescribe5 - INFO - v readr   1.3.1     v forcats 0.5.0
2021-02-11 19:39:50 - prescribe5 - INFO - -- Conflicts ------------------------------------------ tidyverse_conflicts() --
2021-02-11 19:39:50 - prescribe5 - INFO - x dplyr::filter() masks stats::filter()
2021-02-11 19:39:50 - prescribe5 - INFO - x dplyr::lag()    masks stats::lag()
2021-02-11 19:46:50 - prescribe5 - INFO - 
2021-02-11 19:46:50 - prescribe5 - INFO - 
2021-02-11 19:46:50 - prescribe5 - INFO - =========================================================================
2021-02-11 19:46:50 - prescribe5 - INFO - Command: Rscript --vanilla prescribe.R 2021-02-11 2021-05-11 /Users/anto/github/coronasurveys/code/xprize/data/IPS-latest-full.csv /Users/anto/github/coronasurveys/code/xprize/data/fixed_equal_costs.csv /Users/anto/github/coronasurveys/code/xprize/prescribe5/prescribe5_output.csv /Users/anto/github/coronasurveys/code/xprize/prescribe5
2021-02-11 19:46:50 - prescribe5 - INFO - =========================================================================
2021-02-11 19:46:50 - prescribe5 - INFO - During startup - Warning messages:
2021-02-11 19:46:50 - prescribe5 - INFO - 1: Setting LC_CTYPE failed, using "C"
2021-02-11 19:46:50 - prescribe5 - INFO - 2: Setting LC_COLLATE failed, using "C"
2021-02-11 19:46:50 - prescribe5 - INFO - 3: Setting LC_TIME failed, using "C"
2021-02-11 19:46:50 - prescribe5 - INFO - 4: Setting LC_MESSAGES failed, using "C"
2021-02-11 19:46:50 - prescribe5 - INFO - 5: Setting LC_MONETARY failed, using "C"
2021-02-11 19:46:52 - prescribe5 - INFO - -- Attaching packages --------------------------------------- tidyverse 1.3.0 --
2021-02-11 19:46:52 - prescribe5 - INFO - v ggplot2 3.3.3     v purrr   0.3.4
2021-02-11 19:46:52 - prescribe5 - INFO - v tibble  3.0.4     v dplyr   1.0.4
2021-02-11 19:46:52 - prescribe5 - INFO - v tidyr   1.1.2     v stringr 1.4.0
2021-02-11 19:46:52 - prescribe5 - INFO - v readr   1.3.1     v forcats 0.5.0
2021-02-11 19:46:52 - prescribe5 - INFO - -- Conflicts ------------------------------------------ tidyverse_conflicts() --
2021-02-11 19:46:52 - prescribe5 - INFO - x dplyr::filter() masks stats::filter()
2021-02-11 19:46:52 - prescribe5 - INFO - x dplyr::lag()    masks stats::lag()
2021-02-11 19:51:37 - prescribe5 - INFO - Execution time prescribe5:  4.738865
2021-02-11 19:51:37 - prescribe5 - INFO - Successfully executed /Users/anto/github/coronasurveys/code/xprize/prescribe5/prescribe.py
2021-02-11 19:51:37 - prescribe5 - INFO - =========================================================================
2021-02-11 19:51:37 - prescribe5 - INFO - Duration: 0:04:46.924298 seconds
2021-02-11 19:51:37 - prescribe5 - INFO - =========================================================================
2021-02-11 20:00:50 - prescribe5 - INFO - 
2021-02-11 20:00:50 - prescribe5 - INFO - 
2021-02-11 20:00:50 - prescribe5 - INFO - =========================================================================
2021-02-11 20:00:50 - prescribe5 - INFO - Command: Rscript --vanilla prescribe.R 2021-02-11 2021-05-11 /Users/anto/github/coronasurveys/code/xprize/data/IPS-latest-full.csv /Users/anto/github/coronasurveys/code/xprize/data/uniform_random_costs.csv /Users/anto/github/coronasurveys/code/xprize/prescribe5/prescribe5_output.csv /Users/anto/github/coronasurveys/code/xprize/prescribe5
2021-02-11 20:00:50 - prescribe5 - INFO - =========================================================================
2021-02-11 20:00:50 - prescribe5 - INFO - During startup - Warning messages:
2021-02-11 20:00:50 - prescribe5 - INFO - 1: Setting LC_CTYPE failed, using "C"
2021-02-11 20:00:50 - prescribe5 - INFO - 2: Setting LC_COLLATE failed, using "C"
2021-02-11 20:00:50 - prescribe5 - INFO - 3: Setting LC_TIME failed, using "C"
2021-02-11 20:00:50 - prescribe5 - INFO - 4: Setting LC_MESSAGES failed, using "C"
2021-02-11 20:00:50 - prescribe5 - INFO - 5: Setting LC_MONETARY failed, using "C"
2021-02-11 20:00:52 - prescribe5 - INFO - -- Attaching packages --------------------------------------- tidyverse 1.3.0 --
2021-02-11 20:00:52 - prescribe5 - INFO - v ggplot2 3.3.3     v purrr   0.3.4
2021-02-11 20:00:52 - prescribe5 - INFO - v tibble  3.0.4     v dplyr   1.0.4
2021-02-11 20:00:52 - prescribe5 - INFO - v tidyr   1.1.2     v stringr 1.4.0
2021-02-11 20:00:52 - prescribe5 - INFO - v readr   1.3.1     v forcats 0.5.0
2021-02-11 20:00:52 - prescribe5 - INFO - -- Conflicts ------------------------------------------ tidyverse_conflicts() --
2021-02-11 20:00:52 - prescribe5 - INFO - x dplyr::filter() masks stats::filter()
2021-02-11 20:00:52 - prescribe5 - INFO - x dplyr::lag()    masks stats::lag()
2021-02-11 20:05:17 - prescribe5 - INFO - Execution time prescribe5:  4.411423
2021-02-11 20:05:17 - prescribe5 - INFO - Successfully executed /Users/anto/github/coronasurveys/code/xprize/prescribe5/prescribe.py
2021-02-11 20:05:17 - prescribe5 - INFO - =========================================================================
2021-02-11 20:05:17 - prescribe5 - INFO - Duration: 0:04:26.634493 seconds
2021-02-11 20:05:17 - prescribe5 - INFO - =========================================================================
