2021-02-13 10:51:44 - prescribe3 - INFO - 
2021-02-13 10:51:44 - prescribe3 - INFO - 
2021-02-13 10:51:44 - prescribe3 - INFO - =========================================================================
2021-02-13 10:51:44 - prescribe3 - INFO - Command: Rscript --vanilla prescribe.R 2021-02-13 2021-05-13 /Users/anto/github/coronasurveys/code/xprize/data/IPS-latest-full.csv /Users/anto/github/coronasurveys/code/xprize/data/fixed_equal_costs.csv /Users/anto/github/coronasurveys/code/xprize/prescribe3/prescribe3_output.csv /Users/anto/github/coronasurveys/code/xprize/prescribe3
2021-02-13 10:51:44 - prescribe3 - INFO - =========================================================================
2021-02-13 10:51:45 - prescribe3 - INFO - During startup - Warning messages:
2021-02-13 10:51:45 - prescribe3 - INFO - 1: Setting LC_CTYPE failed, using "C"
2021-02-13 10:51:45 - prescribe3 - INFO - 2: Setting LC_COLLATE failed, using "C"
2021-02-13 10:51:45 - prescribe3 - INFO - 3: Setting LC_TIME failed, using "C"
2021-02-13 10:51:45 - prescribe3 - INFO - 4: Setting LC_MESSAGES failed, using "C"
2021-02-13 10:51:45 - prescribe3 - INFO - 5: Setting LC_MONETARY failed, using "C"
2021-02-13 10:51:46 - prescribe3 - INFO - -- Attaching packages --------------------------------------- tidyverse 1.3.0 --
2021-02-13 10:51:46 - prescribe3 - INFO - v ggplot2 3.3.3     v purrr   0.3.4
2021-02-13 10:51:46 - prescribe3 - INFO - v tibble  3.0.4     v dplyr   1.0.4
2021-02-13 10:51:46 - prescribe3 - INFO - v tidyr   1.1.2     v stringr 1.4.0
2021-02-13 10:51:46 - prescribe3 - INFO - v readr   1.3.1     v forcats 0.5.0
2021-02-13 10:51:46 - prescribe3 - INFO - -- Conflicts ------------------------------------------ tidyverse_conflicts() --
2021-02-13 10:51:46 - prescribe3 - INFO - x dplyr::filter() masks stats::filter()
2021-02-13 10:51:46 - prescribe3 - INFO - x dplyr::lag()    masks stats::lag()
2021-02-13 10:51:51 - prescribe3 - INFO - Execution time prescribe3:  4.681211
2021-02-13 10:51:51 - prescribe3 - INFO - Successfully executed /Users/anto/github/coronasurveys/code/xprize/prescribe3/prescribe.py
2021-02-13 10:51:51 - prescribe3 - INFO - =========================================================================
2021-02-13 10:51:51 - prescribe3 - INFO - Duration: 0:00:06.115920 seconds
2021-02-13 10:51:51 - prescribe3 - INFO - =========================================================================
2021-02-13 11:04:36 - prescribe3 - INFO - 
2021-02-13 11:04:36 - prescribe3 - INFO - 
2021-02-13 11:04:36 - prescribe3 - INFO - =========================================================================
2021-02-13 11:04:36 - prescribe3 - INFO - Command: Rscript --vanilla prescribe.R 2021-02-13 2021-05-13 /Users/anto/github/coronasurveys/code/xprize/data/IPS-latest-full.csv /Users/anto/github/coronasurveys/code/xprize/data/uniform_random_costs.csv /Users/anto/github/coronasurveys/code/xprize/prescribe3/prescribe3_output.csv /Users/anto/github/coronasurveys/code/xprize/prescribe3
2021-02-13 11:04:36 - prescribe3 - INFO - =========================================================================
2021-02-13 11:04:36 - prescribe3 - INFO - During startup - Warning messages:
2021-02-13 11:04:36 - prescribe3 - INFO - 1: Setting LC_CTYPE failed, using "C"
2021-02-13 11:04:36 - prescribe3 - INFO - 2: Setting LC_COLLATE failed, using "C"
2021-02-13 11:04:36 - prescribe3 - INFO - 3: Setting LC_TIME failed, using "C"
2021-02-13 11:04:36 - prescribe3 - INFO - 4: Setting LC_MESSAGES failed, using "C"
2021-02-13 11:04:36 - prescribe3 - INFO - 5: Setting LC_MONETARY failed, using "C"
2021-02-13 11:04:38 - prescribe3 - INFO - -- Attaching packages --------------------------------------- tidyverse 1.3.0 --
2021-02-13 11:04:38 - prescribe3 - INFO - v ggplot2 3.3.3     v purrr   0.3.4
2021-02-13 11:04:38 - prescribe3 - INFO - v tibble  3.0.4     v dplyr   1.0.4
2021-02-13 11:04:38 - prescribe3 - INFO - v tidyr   1.1.2     v stringr 1.4.0
2021-02-13 11:04:38 - prescribe3 - INFO - v readr   1.3.1     v forcats 0.5.0
2021-02-13 11:04:38 - prescribe3 - INFO - -- Conflicts ------------------------------------------ tidyverse_conflicts() --
2021-02-13 11:04:38 - prescribe3 - INFO - x dplyr::filter() masks stats::filter()
2021-02-13 11:04:38 - prescribe3 - INFO - x dplyr::lag()    masks stats::lag()
2021-02-13 11:04:43 - prescribe3 - INFO - Execution time prescribe3:  5.327572
2021-02-13 11:04:43 - prescribe3 - INFO - Successfully executed /Users/anto/github/coronasurveys/code/xprize/prescribe3/prescribe.py
2021-02-13 11:04:43 - prescribe3 - INFO - =========================================================================
2021-02-13 11:04:43 - prescribe3 - INFO - Duration: 0:00:07.456598 seconds
2021-02-13 11:04:43 - prescribe3 - INFO - =========================================================================
