2021-02-11 19:39:50 - prescribe6 - INFO - 
2021-02-11 19:39:50 - prescribe6 - INFO - 
2021-02-11 19:39:50 - prescribe6 - INFO - =========================================================================
2021-02-11 19:39:50 - prescribe6 - INFO - Command: Rscript --vanilla prescribe.R 2021-02-11 2021-05-11 /Users/anto/github/coronasurveys/code/xprize/data/IPS-latest-full.csv /Users/anto/github/coronasurveys/code/xprize/data/fixed_equal_costs.csv /Users/anto/github/coronasurveys/code/xprize/prescribe6/prescribe6_output.csv /Users/anto/github/coronasurveys/code/xprize/prescribe6
2021-02-11 19:39:50 - prescribe6 - INFO - =========================================================================
2021-02-11 19:39:50 - prescribe6 - INFO - During startup - Warning messages:
2021-02-11 19:39:50 - prescribe6 - INFO - 1: Setting LC_CTYPE failed, using "C"
2021-02-11 19:39:50 - prescribe6 - INFO - 2: Setting LC_COLLATE failed, using "C"
2021-02-11 19:39:50 - prescribe6 - INFO - 3: Setting LC_TIME failed, using "C"
2021-02-11 19:39:50 - prescribe6 - INFO - 4: Setting LC_MESSAGES failed, using "C"
2021-02-11 19:39:50 - prescribe6 - INFO - 5: Setting LC_MONETARY failed, using "C"
2021-02-11 19:39:52 - prescribe6 - INFO - -- Attaching packages --------------------------------------- tidyverse 1.3.0 --
2021-02-11 19:39:52 - prescribe6 - INFO - v ggplot2 3.3.3     v purrr   0.3.4
2021-02-11 19:39:52 - prescribe6 - INFO - v tibble  3.0.4     v dplyr   1.0.4
2021-02-11 19:39:52 - prescribe6 - INFO - v tidyr   1.1.2     v stringr 1.4.0
2021-02-11 19:39:52 - prescribe6 - INFO - v readr   1.3.1     v forcats 0.5.0
2021-02-11 19:39:52 - prescribe6 - INFO - -- Conflicts ------------------------------------------ tidyverse_conflicts() --
2021-02-11 19:39:52 - prescribe6 - INFO - x dplyr::filter() masks stats::filter()
2021-02-11 19:39:52 - prescribe6 - INFO - x dplyr::lag()    masks stats::lag()
2021-02-11 19:46:51 - prescribe6 - INFO - 
2021-02-11 19:46:51 - prescribe6 - INFO - 
2021-02-11 19:46:51 - prescribe6 - INFO - =========================================================================
2021-02-11 19:46:51 - prescribe6 - INFO - Command: Rscript --vanilla prescribe.R 2021-02-11 2021-05-11 /Users/anto/github/coronasurveys/code/xprize/data/IPS-latest-full.csv /Users/anto/github/coronasurveys/code/xprize/data/fixed_equal_costs.csv /Users/anto/github/coronasurveys/code/xprize/prescribe6/prescribe6_output.csv /Users/anto/github/coronasurveys/code/xprize/prescribe6
2021-02-11 19:46:51 - prescribe6 - INFO - =========================================================================
2021-02-11 19:46:51 - prescribe6 - INFO - During startup - Warning messages:
2021-02-11 19:46:51 - prescribe6 - INFO - 1: Setting LC_CTYPE failed, using "C"
2021-02-11 19:46:51 - prescribe6 - INFO - 2: Setting LC_COLLATE failed, using "C"
2021-02-11 19:46:51 - prescribe6 - INFO - 3: Setting LC_TIME failed, using "C"
2021-02-11 19:46:51 - prescribe6 - INFO - 4: Setting LC_MESSAGES failed, using "C"
2021-02-11 19:46:51 - prescribe6 - INFO - 5: Setting LC_MONETARY failed, using "C"
2021-02-11 19:46:53 - prescribe6 - INFO - -- Attaching packages --------------------------------------- tidyverse 1.3.0 --
2021-02-11 19:46:53 - prescribe6 - INFO - v ggplot2 3.3.3     v purrr   0.3.4
2021-02-11 19:46:53 - prescribe6 - INFO - v tibble  3.0.4     v dplyr   1.0.4
2021-02-11 19:46:53 - prescribe6 - INFO - v tidyr   1.1.2     v stringr 1.4.0
2021-02-11 19:46:53 - prescribe6 - INFO - v readr   1.3.1     v forcats 0.5.0
2021-02-11 19:46:54 - prescribe6 - INFO - -- Conflicts ------------------------------------------ tidyverse_conflicts() --
2021-02-11 19:46:54 - prescribe6 - INFO - x dplyr::filter() masks stats::filter()
2021-02-11 19:46:54 - prescribe6 - INFO - x dplyr::lag()    masks stats::lag()
2021-02-11 19:51:40 - prescribe6 - INFO - Execution time prescribe6:  4.775441
2021-02-11 19:51:40 - prescribe6 - INFO - Successfully executed /Users/anto/github/coronasurveys/code/xprize/prescribe6/prescribe.py
2021-02-11 19:51:40 - prescribe6 - INFO - =========================================================================
2021-02-11 19:51:40 - prescribe6 - INFO - Duration: 0:04:49.068159 seconds
2021-02-11 19:51:40 - prescribe6 - INFO - =========================================================================
2021-02-11 20:00:51 - prescribe6 - INFO - 
2021-02-11 20:00:51 - prescribe6 - INFO - 
2021-02-11 20:00:51 - prescribe6 - INFO - =========================================================================
2021-02-11 20:00:51 - prescribe6 - INFO - Command: Rscript --vanilla prescribe.R 2021-02-11 2021-05-11 /Users/anto/github/coronasurveys/code/xprize/data/IPS-latest-full.csv /Users/anto/github/coronasurveys/code/xprize/data/uniform_random_costs.csv /Users/anto/github/coronasurveys/code/xprize/prescribe6/prescribe6_output.csv /Users/anto/github/coronasurveys/code/xprize/prescribe6
2021-02-11 20:00:51 - prescribe6 - INFO - =========================================================================
2021-02-11 20:00:52 - prescribe6 - INFO - During startup - Warning messages:
2021-02-11 20:00:52 - prescribe6 - INFO - 1: Setting LC_CTYPE failed, using "C"
2021-02-11 20:00:52 - prescribe6 - INFO - 2: Setting LC_COLLATE failed, using "C"
2021-02-11 20:00:52 - prescribe6 - INFO - 3: Setting LC_TIME failed, using "C"
2021-02-11 20:00:52 - prescribe6 - INFO - 4: Setting LC_MESSAGES failed, using "C"
2021-02-11 20:00:52 - prescribe6 - INFO - 5: Setting LC_MONETARY failed, using "C"
2021-02-11 20:00:53 - prescribe6 - INFO - -- Attaching packages --------------------------------------- tidyverse 1.3.0 --
2021-02-11 20:00:53 - prescribe6 - INFO - v ggplot2 3.3.3     v purrr   0.3.4
2021-02-11 20:00:53 - prescribe6 - INFO - v tibble  3.0.4     v dplyr   1.0.4
2021-02-11 20:00:53 - prescribe6 - INFO - v tidyr   1.1.2     v stringr 1.4.0
2021-02-11 20:00:53 - prescribe6 - INFO - v readr   1.3.1     v forcats 0.5.0
2021-02-11 20:00:53 - prescribe6 - INFO - -- Conflicts ------------------------------------------ tidyverse_conflicts() --
2021-02-11 20:00:53 - prescribe6 - INFO - x dplyr::filter() masks stats::filter()
2021-02-11 20:00:53 - prescribe6 - INFO - x dplyr::lag()    masks stats::lag()
2021-02-11 20:05:19 - prescribe6 - INFO - Execution time prescribe6:  4.431589
2021-02-11 20:05:19 - prescribe6 - INFO - Successfully executed /Users/anto/github/coronasurveys/code/xprize/prescribe6/prescribe.py
2021-02-11 20:05:19 - prescribe6 - INFO - =========================================================================
2021-02-11 20:05:19 - prescribe6 - INFO - Duration: 0:04:28.011936 seconds
2021-02-11 20:05:19 - prescribe6 - INFO - =========================================================================
