2021-02-08 00:23:01 - prescribe4 - INFO - 
2021-02-08 00:23:01 - prescribe4 - INFO - 
2021-02-08 00:23:01 - prescribe4 - INFO - =========================================================================
2021-02-08 00:23:01 - prescribe4 - INFO - Command: Rscript --vanilla prescribe.R 2021-02-08 2021-02-28 /Users/anto/github/coronasurveys/code/xprize/data/IPS-latest-full.csv /Users/anto/github/coronasurveys/code/xprize/data/fixed_equal_costs.csv /Users/anto/github/coronasurveys/code/xprize/prescribe4/prescribe4_output.csv /Users/anto/github/coronasurveys/code/xprize/prescribe4
2021-02-08 00:23:01 - prescribe4 - INFO - =========================================================================
2021-02-08 00:23:01 - prescribe4 - INFO - During startup - Warning messages:
2021-02-08 00:23:01 - prescribe4 - INFO - 1: Setting LC_CTYPE failed, using "C"
2021-02-08 00:23:01 - prescribe4 - INFO - 2: Setting LC_COLLATE failed, using "C"
2021-02-08 00:23:01 - prescribe4 - INFO - 3: Setting LC_TIME failed, using "C"
2021-02-08 00:23:01 - prescribe4 - INFO - 4: Setting LC_MESSAGES failed, using "C"
2021-02-08 00:23:01 - prescribe4 - INFO - 5: Setting LC_MONETARY failed, using "C"
2021-02-08 00:23:02 - prescribe4 - INFO - -- Attaching packages --------------------------------------- tidyverse 1.3.0 --
2021-02-08 00:23:02 - prescribe4 - INFO - v ggplot2 3.3.2     v purrr   0.3.4
2021-02-08 00:23:02 - prescribe4 - INFO - v tibble  3.0.4     v dplyr   1.0.2
2021-02-08 00:23:02 - prescribe4 - INFO - v tidyr   1.1.2     v stringr 1.4.0
2021-02-08 00:23:02 - prescribe4 - INFO - v readr   1.3.1     v forcats 0.5.0
2021-02-08 00:23:02 - prescribe4 - INFO - -- Conflicts ------------------------------------------ tidyverse_conflicts() --
2021-02-08 00:23:02 - prescribe4 - INFO - x dplyr::filter() masks stats::filter()
2021-02-08 00:23:02 - prescribe4 - INFO - x dplyr::lag()    masks stats::lag()
2021-02-08 00:23:04 - prescribe4 - INFO - Execution time prescribe4:  1.957727
2021-02-08 00:23:04 - prescribe4 - INFO - Successfully executed /Users/anto/github/coronasurveys/code/xprize/prescribe4/prescribe.py
2021-02-08 00:23:04 - prescribe4 - INFO - =========================================================================
2021-02-08 00:23:04 - prescribe4 - INFO - Duration: 0:00:03.528700 seconds
2021-02-08 00:23:04 - prescribe4 - INFO - =========================================================================
2021-02-08 09:53:42 - prescribe4 - INFO - 
2021-02-08 09:53:42 - prescribe4 - INFO - 
2021-02-08 09:53:42 - prescribe4 - INFO - =========================================================================
2021-02-08 09:53:42 - prescribe4 - INFO - Command: Rscript --vanilla prescribe.R 2021-02-08 2021-02-28 /Users/anto/github/coronasurveys/code/xprize/data/IPS-latest-full.csv /Users/anto/github/coronasurveys/code/xprize/data/fixed_equal_costs.csv /Users/anto/github/coronasurveys/code/xprize/prescribe4/prescribe4_output.csv /Users/anto/github/coronasurveys/code/xprize/prescribe4
2021-02-08 09:53:42 - prescribe4 - INFO - =========================================================================
2021-02-08 09:53:42 - prescribe4 - INFO - During startup - Warning messages:
2021-02-08 09:53:42 - prescribe4 - INFO - 1: Setting LC_CTYPE failed, using "C"
2021-02-08 09:53:42 - prescribe4 - INFO - 2: Setting LC_COLLATE failed, using "C"
2021-02-08 09:53:42 - prescribe4 - INFO - 3: Setting LC_TIME failed, using "C"
2021-02-08 09:53:42 - prescribe4 - INFO - 4: Setting LC_MESSAGES failed, using "C"
2021-02-08 09:53:42 - prescribe4 - INFO - 5: Setting LC_MONETARY failed, using "C"
2021-02-08 09:53:44 - prescribe4 - INFO - -- Attaching packages --------------------------------------- tidyverse 1.3.0 --
2021-02-08 09:53:44 - prescribe4 - INFO - v ggplot2 3.3.2     v purrr   0.3.4
2021-02-08 09:53:44 - prescribe4 - INFO - v tibble  3.0.4     v dplyr   1.0.2
2021-02-08 09:53:44 - prescribe4 - INFO - v tidyr   1.1.2     v stringr 1.4.0
2021-02-08 09:53:44 - prescribe4 - INFO - v readr   1.3.1     v forcats 0.5.0
2021-02-08 09:53:44 - prescribe4 - INFO - -- Conflicts ------------------------------------------ tidyverse_conflicts() --
2021-02-08 09:53:44 - prescribe4 - INFO - x dplyr::filter() masks stats::filter()
2021-02-08 09:53:44 - prescribe4 - INFO - x dplyr::lag()    masks stats::lag()
2021-02-08 09:53:47 - prescribe4 - INFO - Execution time prescribe4:  2.945432
2021-02-08 09:53:47 - prescribe4 - INFO - Successfully executed /Users/anto/github/coronasurveys/code/xprize/prescribe4/prescribe.py
2021-02-08 09:53:47 - prescribe4 - INFO - =========================================================================
2021-02-08 09:53:47 - prescribe4 - INFO - Duration: 0:00:05.640524 seconds
2021-02-08 09:53:47 - prescribe4 - INFO - =========================================================================
2021-02-08 11:40:30 - prescribe4 - INFO - 
2021-02-08 11:40:30 - prescribe4 - INFO - 
2021-02-08 11:40:30 - prescribe4 - INFO - =========================================================================
2021-02-08 11:40:30 - prescribe4 - INFO - Command: Rscript --vanilla prescribe.R 2021-02-08 2021-02-28 /Users/anto/github/coronasurveys/code/xprize/data/IPS-latest-full.csv /Users/anto/github/coronasurveys/code/xprize/data/fixed_equal_costs.csv /Users/anto/github/coronasurveys/code/xprize/prescribe4/prescribe4_output.csv /Users/anto/github/coronasurveys/code/xprize/prescribe4
2021-02-08 11:40:30 - prescribe4 - INFO - =========================================================================
2021-02-08 11:40:30 - prescribe4 - INFO - During startup - Warning messages:
2021-02-08 11:40:30 - prescribe4 - INFO - 1: Setting LC_CTYPE failed, using "C"
2021-02-08 11:40:30 - prescribe4 - INFO - 2: Setting LC_COLLATE failed, using "C"
2021-02-08 11:40:30 - prescribe4 - INFO - 3: Setting LC_TIME failed, using "C"
2021-02-08 11:40:30 - prescribe4 - INFO - 4: Setting LC_MESSAGES failed, using "C"
2021-02-08 11:40:30 - prescribe4 - INFO - 5: Setting LC_MONETARY failed, using "C"
2021-02-08 11:40:32 - prescribe4 - INFO - -- Attaching packages --------------------------------------- tidyverse 1.3.0 --
2021-02-08 11:40:32 - prescribe4 - INFO - v ggplot2 3.3.2     v purrr   0.3.4
2021-02-08 11:40:32 - prescribe4 - INFO - v tibble  3.0.4     v dplyr   1.0.2
2021-02-08 11:40:32 - prescribe4 - INFO - v tidyr   1.1.2     v stringr 1.4.0
2021-02-08 11:40:32 - prescribe4 - INFO - v readr   1.3.1     v forcats 0.5.0
2021-02-08 11:40:32 - prescribe4 - INFO - -- Conflicts ------------------------------------------ tidyverse_conflicts() --
2021-02-08 11:40:32 - prescribe4 - INFO - x dplyr::filter() masks stats::filter()
2021-02-08 11:40:32 - prescribe4 - INFO - x dplyr::lag()    masks stats::lag()
2021-02-08 11:40:35 - prescribe4 - INFO - Execution time prescribe4:  3.002808
2021-02-08 11:40:35 - prescribe4 - INFO - Successfully executed /Users/anto/github/coronasurveys/code/xprize/prescribe4/prescribe.py
2021-02-08 11:40:35 - prescribe4 - INFO - =========================================================================
2021-02-08 11:40:35 - prescribe4 - INFO - Duration: 0:00:05.023930 seconds
2021-02-08 11:40:35 - prescribe4 - INFO - =========================================================================
2021-02-08 11:47:08 - prescribe4 - INFO - 
2021-02-08 11:47:08 - prescribe4 - INFO - 
2021-02-08 11:47:08 - prescribe4 - INFO - =========================================================================
2021-02-08 11:47:08 - prescribe4 - INFO - Command: Rscript --vanilla prescribe.R 2021-02-08 2021-02-28 /Users/anto/github/coronasurveys/code/xprize/data/IPS-latest-full.csv /Users/anto/github/coronasurveys/code/xprize/data/uniform_random_costs.csv /Users/anto/github/coronasurveys/code/xprize/prescribe4/prescribe4_output.csv /Users/anto/github/coronasurveys/code/xprize/prescribe4
2021-02-08 11:47:08 - prescribe4 - INFO - =========================================================================
2021-02-08 11:47:08 - prescribe4 - INFO - During startup - Warning messages:
2021-02-08 11:47:08 - prescribe4 - INFO - 1: Setting LC_CTYPE failed, using "C"
2021-02-08 11:47:08 - prescribe4 - INFO - 2: Setting LC_COLLATE failed, using "C"
2021-02-08 11:47:08 - prescribe4 - INFO - 3: Setting LC_TIME failed, using "C"
2021-02-08 11:47:08 - prescribe4 - INFO - 4: Setting LC_MESSAGES failed, using "C"
2021-02-08 11:47:08 - prescribe4 - INFO - 5: Setting LC_MONETARY failed, using "C"
2021-02-08 11:47:09 - prescribe4 - INFO - -- Attaching packages --------------------------------------- tidyverse 1.3.0 --
2021-02-08 11:47:09 - prescribe4 - INFO - v ggplot2 3.3.2     v purrr   0.3.4
2021-02-08 11:47:09 - prescribe4 - INFO - v tibble  3.0.4     v dplyr   1.0.2
2021-02-08 11:47:09 - prescribe4 - INFO - v tidyr   1.1.2     v stringr 1.4.0
2021-02-08 11:47:09 - prescribe4 - INFO - v readr   1.3.1     v forcats 0.5.0
2021-02-08 11:47:10 - prescribe4 - INFO - -- Conflicts ------------------------------------------ tidyverse_conflicts() --
2021-02-08 11:47:10 - prescribe4 - INFO - x dplyr::filter() masks stats::filter()
2021-02-08 11:47:10 - prescribe4 - INFO - x dplyr::lag()    masks stats::lag()
2021-02-08 11:47:13 - prescribe4 - INFO - Execution time prescribe4:  3.137627
2021-02-08 11:47:13 - prescribe4 - INFO - Successfully executed /Users/anto/github/coronasurveys/code/xprize/prescribe4/prescribe.py
2021-02-08 11:47:13 - prescribe4 - INFO - =========================================================================
2021-02-08 11:47:13 - prescribe4 - INFO - Duration: 0:00:05.309593 seconds
2021-02-08 11:47:13 - prescribe4 - INFO - =========================================================================
