2021-02-09 10:18:21 - prescribe0 - INFO - 
2021-02-09 10:18:21 - prescribe0 - INFO - 
2021-02-09 10:18:21 - prescribe0 - INFO - =========================================================================
2021-02-09 10:18:21 - prescribe0 - INFO - Command: Rscript --vanilla prescribe.R 2021-02-09 2021-02-28 /Users/anto/github/coronasurveys/code/xprize/data/IPS-latest-full.csv /Users/anto/github/coronasurveys/code/xprize/data/fixed_equal_costs.csv /Users/anto/github/coronasurveys/code/xprize/prescribe0/prescribe0_output.csv /Users/anto/github/coronasurveys/code/xprize/prescribe0
2021-02-09 10:18:21 - prescribe0 - INFO - =========================================================================
2021-02-09 10:18:21 - prescribe0 - INFO - During startup - Warning messages:
2021-02-09 10:18:21 - prescribe0 - INFO - 1: Setting LC_CTYPE failed, using "C"
2021-02-09 10:18:21 - prescribe0 - INFO - 2: Setting LC_COLLATE failed, using "C"
2021-02-09 10:18:21 - prescribe0 - INFO - 3: Setting LC_TIME failed, using "C"
2021-02-09 10:18:21 - prescribe0 - INFO - 4: Setting LC_MESSAGES failed, using "C"
2021-02-09 10:18:21 - prescribe0 - INFO - 5: Setting LC_MONETARY failed, using "C"
2021-02-09 10:18:22 - prescribe0 - INFO - -- Attaching packages --------------------------------------- tidyverse 1.3.0 --
2021-02-09 10:18:22 - prescribe0 - INFO - v ggplot2 3.3.2     v purrr   0.3.4
2021-02-09 10:18:22 - prescribe0 - INFO - v tibble  3.0.4     v dplyr   1.0.2
2021-02-09 10:18:22 - prescribe0 - INFO - v tidyr   1.1.2     v stringr 1.4.0
2021-02-09 10:18:22 - prescribe0 - INFO - v readr   1.3.1     v forcats 0.5.0
2021-02-09 10:18:23 - prescribe0 - INFO - -- Conflicts ------------------------------------------ tidyverse_conflicts() --
2021-02-09 10:18:23 - prescribe0 - INFO - x dplyr::filter() masks stats::filter()
2021-02-09 10:18:23 - prescribe0 - INFO - x dplyr::lag()    masks stats::lag()
2021-02-09 10:18:24 - prescribe0 - INFO - Execution time prescribe0:  1.687337
2021-02-09 10:18:24 - prescribe0 - INFO - Successfully executed /Users/anto/github/coronasurveys/code/xprize/prescribe0/prescribe.py
2021-02-09 10:18:24 - prescribe0 - INFO - =========================================================================
2021-02-09 10:18:24 - prescribe0 - INFO - Duration: 0:00:02.951865 seconds
2021-02-09 10:18:24 - prescribe0 - INFO - =========================================================================
2021-02-09 10:24:41 - prescribe0 - INFO - 
2021-02-09 10:24:41 - prescribe0 - INFO - 
2021-02-09 10:24:41 - prescribe0 - INFO - =========================================================================
2021-02-09 10:24:41 - prescribe0 - INFO - Command: Rscript --vanilla prescribe.R 2021-02-09 2021-02-28 /Users/anto/github/coronasurveys/code/xprize/data/IPS-latest-full.csv /Users/anto/github/coronasurveys/code/xprize/data/uniform_random_costs.csv /Users/anto/github/coronasurveys/code/xprize/prescribe0/prescribe0_output.csv /Users/anto/github/coronasurveys/code/xprize/prescribe0
2021-02-09 10:24:41 - prescribe0 - INFO - =========================================================================
2021-02-09 10:24:41 - prescribe0 - INFO - During startup - Warning messages:
2021-02-09 10:24:41 - prescribe0 - INFO - 1: Setting LC_CTYPE failed, using "C"
2021-02-09 10:24:41 - prescribe0 - INFO - 2: Setting LC_COLLATE failed, using "C"
2021-02-09 10:24:41 - prescribe0 - INFO - 3: Setting LC_TIME failed, using "C"
2021-02-09 10:24:41 - prescribe0 - INFO - 4: Setting LC_MESSAGES failed, using "C"
2021-02-09 10:24:41 - prescribe0 - INFO - 5: Setting LC_MONETARY failed, using "C"
2021-02-09 10:24:42 - prescribe0 - INFO - -- Attaching packages --------------------------------------- tidyverse 1.3.0 --
2021-02-09 10:24:42 - prescribe0 - INFO - v ggplot2 3.3.2     v purrr   0.3.4
2021-02-09 10:24:42 - prescribe0 - INFO - v tibble  3.0.4     v dplyr   1.0.2
2021-02-09 10:24:42 - prescribe0 - INFO - v tidyr   1.1.2     v stringr 1.4.0
2021-02-09 10:24:42 - prescribe0 - INFO - v readr   1.3.1     v forcats 0.5.0
2021-02-09 10:24:42 - prescribe0 - INFO - -- Conflicts ------------------------------------------ tidyverse_conflicts() --
2021-02-09 10:24:42 - prescribe0 - INFO - x dplyr::filter() masks stats::filter()
2021-02-09 10:24:42 - prescribe0 - INFO - x dplyr::lag()    masks stats::lag()
2021-02-09 10:24:44 - prescribe0 - INFO - Execution time prescribe0:  1.810446
2021-02-09 10:24:44 - prescribe0 - INFO - Successfully executed /Users/anto/github/coronasurveys/code/xprize/prescribe0/prescribe.py
2021-02-09 10:24:44 - prescribe0 - INFO - =========================================================================
2021-02-09 10:24:44 - prescribe0 - INFO - Duration: 0:00:03.471503 seconds
2021-02-09 10:24:44 - prescribe0 - INFO - =========================================================================
2021-02-09 20:28:14 - prescribe0 - INFO - 
2021-02-09 20:28:14 - prescribe0 - INFO - 
2021-02-09 20:28:14 - prescribe0 - INFO - =========================================================================
2021-02-09 20:28:14 - prescribe0 - INFO - Command: Rscript --vanilla prescribe.R 2021-02-09 2021-04-30 /Users/anto/github/coronasurveys/code/xprize/data/IPS-latest-full.csv /Users/anto/github/coronasurveys/code/xprize/data/fixed_equal_costs.csv /Users/anto/github/coronasurveys/code/xprize/prescribe0/prescribe0_output.csv /Users/anto/github/coronasurveys/code/xprize/prescribe0
2021-02-09 20:28:14 - prescribe0 - INFO - =========================================================================
2021-02-09 20:28:14 - prescribe0 - INFO - During startup - Warning messages:
2021-02-09 20:28:14 - prescribe0 - INFO - 1: Setting LC_CTYPE failed, using "C"
2021-02-09 20:28:14 - prescribe0 - INFO - 2: Setting LC_COLLATE failed, using "C"
2021-02-09 20:28:14 - prescribe0 - INFO - 3: Setting LC_TIME failed, using "C"
2021-02-09 20:28:14 - prescribe0 - INFO - 4: Setting LC_MESSAGES failed, using "C"
2021-02-09 20:28:14 - prescribe0 - INFO - 5: Setting LC_MONETARY failed, using "C"
2021-02-09 20:28:15 - prescribe0 - INFO - -- Attaching packages --------------------------------------- tidyverse 1.3.0 --
2021-02-09 20:28:15 - prescribe0 - INFO - v ggplot2 3.3.2     v purrr   0.3.4
2021-02-09 20:28:15 - prescribe0 - INFO - v tibble  3.0.4     v dplyr   1.0.2
2021-02-09 20:28:15 - prescribe0 - INFO - v tidyr   1.1.2     v stringr 1.4.0
2021-02-09 20:28:15 - prescribe0 - INFO - v readr   1.3.1     v forcats 0.5.0
2021-02-09 20:28:15 - prescribe0 - INFO - -- Conflicts ------------------------------------------ tidyverse_conflicts() --
2021-02-09 20:28:15 - prescribe0 - INFO - x dplyr::filter() masks stats::filter()
2021-02-09 20:28:15 - prescribe0 - INFO - x dplyr::lag()    masks stats::lag()
2021-02-09 20:28:16 - prescribe0 - INFO - Execution time prescribe0:  1.370699
2021-02-09 20:28:16 - prescribe0 - INFO - Successfully executed /Users/anto/github/coronasurveys/code/xprize/prescribe0/prescribe.py
2021-02-09 20:28:16 - prescribe0 - INFO - =========================================================================
2021-02-09 20:28:16 - prescribe0 - INFO - Duration: 0:00:02.542731 seconds
2021-02-09 20:28:16 - prescribe0 - INFO - =========================================================================
2021-02-09 20:41:51 - prescribe0 - INFO - 
2021-02-09 20:41:51 - prescribe0 - INFO - 
2021-02-09 20:41:51 - prescribe0 - INFO - =========================================================================
2021-02-09 20:41:51 - prescribe0 - INFO - Command: Rscript --vanilla prescribe.R 2021-02-09 2021-04-30 /Users/anto/github/coronasurveys/code/xprize/data/IPS-latest-full.csv /Users/anto/github/coronasurveys/code/xprize/data/uniform_random_costs.csv /Users/anto/github/coronasurveys/code/xprize/prescribe0/prescribe0_output.csv /Users/anto/github/coronasurveys/code/xprize/prescribe0
2021-02-09 20:41:51 - prescribe0 - INFO - =========================================================================
2021-02-09 20:41:51 - prescribe0 - INFO - During startup - Warning messages:
2021-02-09 20:41:51 - prescribe0 - INFO - 1: Setting LC_CTYPE failed, using "C"
2021-02-09 20:41:51 - prescribe0 - INFO - 2: Setting LC_COLLATE failed, using "C"
2021-02-09 20:41:51 - prescribe0 - INFO - 3: Setting LC_TIME failed, using "C"
2021-02-09 20:41:51 - prescribe0 - INFO - 4: Setting LC_MESSAGES failed, using "C"
2021-02-09 20:41:51 - prescribe0 - INFO - 5: Setting LC_MONETARY failed, using "C"
2021-02-09 20:41:52 - prescribe0 - INFO - -- Attaching packages --------------------------------------- tidyverse 1.3.0 --
2021-02-09 20:41:52 - prescribe0 - INFO - v ggplot2 3.3.2     v purrr   0.3.4
2021-02-09 20:41:52 - prescribe0 - INFO - v tibble  3.0.4     v dplyr   1.0.2
2021-02-09 20:41:52 - prescribe0 - INFO - v tidyr   1.1.2     v stringr 1.4.0
2021-02-09 20:41:52 - prescribe0 - INFO - v readr   1.3.1     v forcats 0.5.0
2021-02-09 20:41:52 - prescribe0 - INFO - -- Conflicts ------------------------------------------ tidyverse_conflicts() --
2021-02-09 20:41:52 - prescribe0 - INFO - x dplyr::filter() masks stats::filter()
2021-02-09 20:41:52 - prescribe0 - INFO - x dplyr::lag()    masks stats::lag()
2021-02-09 20:41:54 - prescribe0 - INFO - Execution time prescribe0:  1.504293
2021-02-09 20:41:54 - prescribe0 - INFO - Successfully executed /Users/anto/github/coronasurveys/code/xprize/prescribe0/prescribe.py
2021-02-09 20:41:54 - prescribe0 - INFO - =========================================================================
2021-02-09 20:41:54 - prescribe0 - INFO - Duration: 0:00:02.984366 seconds
2021-02-09 20:41:54 - prescribe0 - INFO - =========================================================================
