2021-02-09 10:18:23 - prescribe4 - INFO - 
2021-02-09 10:18:23 - prescribe4 - INFO - 
2021-02-09 10:18:23 - prescribe4 - INFO - =========================================================================
2021-02-09 10:18:23 - prescribe4 - INFO - Command: Rscript --vanilla prescribe.R 2021-02-09 2021-02-28 /Users/anto/github/coronasurveys/code/xprize/data/IPS-latest-full.csv /Users/anto/github/coronasurveys/code/xprize/data/fixed_equal_costs.csv /Users/anto/github/coronasurveys/code/xprize/prescribe4/prescribe4_output.csv /Users/anto/github/coronasurveys/code/xprize/prescribe4
2021-02-09 10:18:23 - prescribe4 - INFO - =========================================================================
2021-02-09 10:18:24 - prescribe4 - INFO - During startup - Warning messages:
2021-02-09 10:18:24 - prescribe4 - INFO - 1: Setting LC_CTYPE failed, using "C"
2021-02-09 10:18:24 - prescribe4 - INFO - 2: Setting LC_COLLATE failed, using "C"
2021-02-09 10:18:24 - prescribe4 - INFO - 3: Setting LC_TIME failed, using "C"
2021-02-09 10:18:24 - prescribe4 - INFO - 4: Setting LC_MESSAGES failed, using "C"
2021-02-09 10:18:24 - prescribe4 - INFO - 5: Setting LC_MONETARY failed, using "C"
2021-02-09 10:18:25 - prescribe4 - INFO - -- Attaching packages --------------------------------------- tidyverse 1.3.0 --
2021-02-09 10:18:25 - prescribe4 - INFO - v ggplot2 3.3.2     v purrr   0.3.4
2021-02-09 10:18:25 - prescribe4 - INFO - v tibble  3.0.4     v dplyr   1.0.2
2021-02-09 10:18:25 - prescribe4 - INFO - v tidyr   1.1.2     v stringr 1.4.0
2021-02-09 10:18:25 - prescribe4 - INFO - v readr   1.3.1     v forcats 0.5.0
2021-02-09 10:18:25 - prescribe4 - INFO - -- Conflicts ------------------------------------------ tidyverse_conflicts() --
2021-02-09 10:18:25 - prescribe4 - INFO - x dplyr::filter() masks stats::filter()
2021-02-09 10:18:25 - prescribe4 - INFO - x dplyr::lag()    masks stats::lag()
2021-02-09 10:18:28 - prescribe4 - INFO - Execution time prescribe4:  2.817292
2021-02-09 10:18:28 - prescribe4 - INFO - Successfully executed /Users/anto/github/coronasurveys/code/xprize/prescribe4/prescribe.py
2021-02-09 10:18:28 - prescribe4 - INFO - =========================================================================
2021-02-09 10:18:28 - prescribe4 - INFO - Duration: 0:00:04.739947 seconds
2021-02-09 10:18:28 - prescribe4 - INFO - =========================================================================
2021-02-09 10:24:43 - prescribe4 - INFO - 
2021-02-09 10:24:43 - prescribe4 - INFO - 
2021-02-09 10:24:43 - prescribe4 - INFO - =========================================================================
2021-02-09 10:24:43 - prescribe4 - INFO - Command: Rscript --vanilla prescribe.R 2021-02-09 2021-02-28 /Users/anto/github/coronasurveys/code/xprize/data/IPS-latest-full.csv /Users/anto/github/coronasurveys/code/xprize/data/uniform_random_costs.csv /Users/anto/github/coronasurveys/code/xprize/prescribe4/prescribe4_output.csv /Users/anto/github/coronasurveys/code/xprize/prescribe4
2021-02-09 10:24:43 - prescribe4 - INFO - =========================================================================
2021-02-09 10:24:43 - prescribe4 - INFO - During startup - Warning messages:
2021-02-09 10:24:43 - prescribe4 - INFO - 1: Setting LC_CTYPE failed, using "C"
2021-02-09 10:24:43 - prescribe4 - INFO - 2: Setting LC_COLLATE failed, using "C"
2021-02-09 10:24:43 - prescribe4 - INFO - 3: Setting LC_TIME failed, using "C"
2021-02-09 10:24:43 - prescribe4 - INFO - 4: Setting LC_MESSAGES failed, using "C"
2021-02-09 10:24:43 - prescribe4 - INFO - 5: Setting LC_MONETARY failed, using "C"
2021-02-09 10:24:44 - prescribe4 - INFO - -- Attaching packages --------------------------------------- tidyverse 1.3.0 --
2021-02-09 10:24:44 - prescribe4 - INFO - v ggplot2 3.3.2     v purrr   0.3.4
2021-02-09 10:24:44 - prescribe4 - INFO - v tibble  3.0.4     v dplyr   1.0.2
2021-02-09 10:24:44 - prescribe4 - INFO - v tidyr   1.1.2     v stringr 1.4.0
2021-02-09 10:24:44 - prescribe4 - INFO - v readr   1.3.1     v forcats 0.5.0
2021-02-09 10:24:45 - prescribe4 - INFO - -- Conflicts ------------------------------------------ tidyverse_conflicts() --
2021-02-09 10:24:45 - prescribe4 - INFO - x dplyr::filter() masks stats::filter()
2021-02-09 10:24:45 - prescribe4 - INFO - x dplyr::lag()    masks stats::lag()
2021-02-09 10:24:47 - prescribe4 - INFO - Execution time prescribe4:  2.681441
2021-02-09 10:24:47 - prescribe4 - INFO - Successfully executed /Users/anto/github/coronasurveys/code/xprize/prescribe4/prescribe.py
2021-02-09 10:24:47 - prescribe4 - INFO - =========================================================================
2021-02-09 10:24:47 - prescribe4 - INFO - Duration: 0:00:04.662047 seconds
2021-02-09 10:24:47 - prescribe4 - INFO - =========================================================================
2021-02-09 20:28:17 - prescribe4 - INFO - 
2021-02-09 20:28:17 - prescribe4 - INFO - 
2021-02-09 20:28:17 - prescribe4 - INFO - =========================================================================
2021-02-09 20:28:17 - prescribe4 - INFO - Command: Rscript --vanilla prescribe.R 2021-02-09 2021-04-30 /Users/anto/github/coronasurveys/code/xprize/data/IPS-latest-full.csv /Users/anto/github/coronasurveys/code/xprize/data/fixed_equal_costs.csv /Users/anto/github/coronasurveys/code/xprize/prescribe4/prescribe4_output.csv /Users/anto/github/coronasurveys/code/xprize/prescribe4
2021-02-09 20:28:17 - prescribe4 - INFO - =========================================================================
2021-02-09 20:28:17 - prescribe4 - INFO - During startup - Warning messages:
2021-02-09 20:28:17 - prescribe4 - INFO - 1: Setting LC_CTYPE failed, using "C"
2021-02-09 20:28:17 - prescribe4 - INFO - 2: Setting LC_COLLATE failed, using "C"
2021-02-09 20:28:17 - prescribe4 - INFO - 3: Setting LC_TIME failed, using "C"
2021-02-09 20:28:17 - prescribe4 - INFO - 4: Setting LC_MESSAGES failed, using "C"
2021-02-09 20:28:17 - prescribe4 - INFO - 5: Setting LC_MONETARY failed, using "C"
2021-02-09 20:28:18 - prescribe4 - INFO - -- Attaching packages --------------------------------------- tidyverse 1.3.0 --
2021-02-09 20:28:18 - prescribe4 - INFO - v ggplot2 3.3.2     v purrr   0.3.4
2021-02-09 20:28:18 - prescribe4 - INFO - v tibble  3.0.4     v dplyr   1.0.2
2021-02-09 20:28:18 - prescribe4 - INFO - v tidyr   1.1.2     v stringr 1.4.0
2021-02-09 20:28:18 - prescribe4 - INFO - v readr   1.3.1     v forcats 0.5.0
2021-02-09 20:28:18 - prescribe4 - INFO - -- Conflicts ------------------------------------------ tidyverse_conflicts() --
2021-02-09 20:28:18 - prescribe4 - INFO - x dplyr::filter() masks stats::filter()
2021-02-09 20:28:18 - prescribe4 - INFO - x dplyr::lag()    masks stats::lag()
2021-02-09 20:28:21 - prescribe4 - INFO - Execution time prescribe4:  2.328528
2021-02-09 20:28:21 - prescribe4 - INFO - Successfully executed /Users/anto/github/coronasurveys/code/xprize/prescribe4/prescribe.py
2021-02-09 20:28:21 - prescribe4 - INFO - =========================================================================
2021-02-09 20:28:21 - prescribe4 - INFO - Duration: 0:00:03.928373 seconds
2021-02-09 20:28:21 - prescribe4 - INFO - =========================================================================
2021-02-09 20:41:54 - prescribe4 - INFO - 
2021-02-09 20:41:54 - prescribe4 - INFO - 
2021-02-09 20:41:54 - prescribe4 - INFO - =========================================================================
2021-02-09 20:41:54 - prescribe4 - INFO - Command: Rscript --vanilla prescribe.R 2021-02-09 2021-04-30 /Users/anto/github/coronasurveys/code/xprize/data/IPS-latest-full.csv /Users/anto/github/coronasurveys/code/xprize/data/uniform_random_costs.csv /Users/anto/github/coronasurveys/code/xprize/prescribe4/prescribe4_output.csv /Users/anto/github/coronasurveys/code/xprize/prescribe4
2021-02-09 20:41:54 - prescribe4 - INFO - =========================================================================
2021-02-09 20:41:54 - prescribe4 - INFO - During startup - Warning messages:
2021-02-09 20:41:54 - prescribe4 - INFO - 1: Setting LC_CTYPE failed, using "C"
2021-02-09 20:41:54 - prescribe4 - INFO - 2: Setting LC_COLLATE failed, using "C"
2021-02-09 20:41:54 - prescribe4 - INFO - 3: Setting LC_TIME failed, using "C"
2021-02-09 20:41:54 - prescribe4 - INFO - 4: Setting LC_MESSAGES failed, using "C"
2021-02-09 20:41:54 - prescribe4 - INFO - 5: Setting LC_MONETARY failed, using "C"
2021-02-09 20:41:55 - prescribe4 - INFO - -- Attaching packages --------------------------------------- tidyverse 1.3.0 --
2021-02-09 20:41:55 - prescribe4 - INFO - v ggplot2 3.3.2     v purrr   0.3.4
2021-02-09 20:41:55 - prescribe4 - INFO - v tibble  3.0.4     v dplyr   1.0.2
2021-02-09 20:41:55 - prescribe4 - INFO - v tidyr   1.1.2     v stringr 1.4.0
2021-02-09 20:41:55 - prescribe4 - INFO - v readr   1.3.1     v forcats 0.5.0
2021-02-09 20:41:55 - prescribe4 - INFO - -- Conflicts ------------------------------------------ tidyverse_conflicts() --
2021-02-09 20:41:55 - prescribe4 - INFO - x dplyr::filter() masks stats::filter()
2021-02-09 20:41:55 - prescribe4 - INFO - x dplyr::lag()    masks stats::lag()
2021-02-09 20:41:58 - prescribe4 - INFO - Execution time prescribe4:  2.359618
2021-02-09 20:41:58 - prescribe4 - INFO - Successfully executed /Users/anto/github/coronasurveys/code/xprize/prescribe4/prescribe.py
2021-02-09 20:41:58 - prescribe4 - INFO - =========================================================================
2021-02-09 20:41:58 - prescribe4 - INFO - Duration: 0:00:04.194297 seconds
2021-02-09 20:41:58 - prescribe4 - INFO - =========================================================================
