2021-02-08 00:23:04 - prescribe6 - INFO - 
2021-02-08 00:23:04 - prescribe6 - INFO - 
2021-02-08 00:23:04 - prescribe6 - INFO - =========================================================================
2021-02-08 00:23:04 - prescribe6 - INFO - Command: Rscript --vanilla prescribe.R 2021-02-08 2021-02-28 /Users/anto/github/coronasurveys/code/xprize/data/IPS-latest-full.csv /Users/anto/github/coronasurveys/code/xprize/data/fixed_equal_costs.csv /Users/anto/github/coronasurveys/code/xprize/prescribe6/prescribe6_output.csv /Users/anto/github/coronasurveys/code/xprize/prescribe6
2021-02-08 00:23:04 - prescribe6 - INFO - =========================================================================
2021-02-08 00:23:04 - prescribe6 - INFO - During startup - Warning messages:
2021-02-08 00:23:04 - prescribe6 - INFO - 1: Setting LC_CTYPE failed, using "C"
2021-02-08 00:23:04 - prescribe6 - INFO - 2: Setting LC_COLLATE failed, using "C"
2021-02-08 00:23:04 - prescribe6 - INFO - 3: Setting LC_TIME failed, using "C"
2021-02-08 00:23:04 - prescribe6 - INFO - 4: Setting LC_MESSAGES failed, using "C"
2021-02-08 00:23:04 - prescribe6 - INFO - 5: Setting LC_MONETARY failed, using "C"
2021-02-08 00:23:05 - prescribe6 - INFO - -- Attaching packages --------------------------------------- tidyverse 1.3.0 --
2021-02-08 00:23:05 - prescribe6 - INFO - v ggplot2 3.3.2     v purrr   0.3.4
2021-02-08 00:23:05 - prescribe6 - INFO - v tibble  3.0.4     v dplyr   1.0.2
2021-02-08 00:23:05 - prescribe6 - INFO - v tidyr   1.1.2     v stringr 1.4.0
2021-02-08 00:23:05 - prescribe6 - INFO - v readr   1.3.1     v forcats 0.5.0
2021-02-08 00:23:05 - prescribe6 - INFO - -- Conflicts ------------------------------------------ tidyverse_conflicts() --
2021-02-08 00:23:05 - prescribe6 - INFO - x dplyr::filter() masks stats::filter()
2021-02-08 00:23:05 - prescribe6 - INFO - x dplyr::lag()    masks stats::lag()
2021-02-08 00:28:17 - prescribe6 - INFO - Execution time prescribe6:  5.184247
2021-02-08 00:28:17 - prescribe6 - INFO - Successfully executed /Users/anto/github/coronasurveys/code/xprize/prescribe6/prescribe.py
2021-02-08 00:28:17 - prescribe6 - INFO - =========================================================================
2021-02-08 00:28:17 - prescribe6 - INFO - Duration: 0:05:12.898662 seconds
2021-02-08 00:28:17 - prescribe6 - INFO - =========================================================================
2021-02-08 09:53:43 - prescribe6 - INFO - 
2021-02-08 09:53:43 - prescribe6 - INFO - 
2021-02-08 09:53:43 - prescribe6 - INFO - =========================================================================
2021-02-08 09:53:43 - prescribe6 - INFO - Command: Rscript --vanilla prescribe.R 2021-02-08 2021-02-28 /Users/anto/github/coronasurveys/code/xprize/data/IPS-latest-full.csv /Users/anto/github/coronasurveys/code/xprize/data/fixed_equal_costs.csv /Users/anto/github/coronasurveys/code/xprize/prescribe6/prescribe6_output.csv /Users/anto/github/coronasurveys/code/xprize/prescribe6
2021-02-08 09:53:43 - prescribe6 - INFO - =========================================================================
2021-02-08 09:53:43 - prescribe6 - INFO - During startup - Warning messages:
2021-02-08 09:53:43 - prescribe6 - INFO - 1: Setting LC_CTYPE failed, using "C"
2021-02-08 09:53:43 - prescribe6 - INFO - 2: Setting LC_COLLATE failed, using "C"
2021-02-08 09:53:43 - prescribe6 - INFO - 3: Setting LC_TIME failed, using "C"
2021-02-08 09:53:43 - prescribe6 - INFO - 4: Setting LC_MESSAGES failed, using "C"
2021-02-08 09:53:43 - prescribe6 - INFO - 5: Setting LC_MONETARY failed, using "C"
2021-02-08 09:53:45 - prescribe6 - INFO - -- Attaching packages --------------------------------------- tidyverse 1.3.0 --
2021-02-08 09:53:45 - prescribe6 - INFO - v ggplot2 3.3.2     v purrr   0.3.4
2021-02-08 09:53:45 - prescribe6 - INFO - v tibble  3.0.4     v dplyr   1.0.2
2021-02-08 09:53:45 - prescribe6 - INFO - v tidyr   1.1.2     v stringr 1.4.0
2021-02-08 09:53:45 - prescribe6 - INFO - v readr   1.3.1     v forcats 0.5.0
2021-02-08 09:53:46 - prescribe6 - INFO - -- Conflicts ------------------------------------------ tidyverse_conflicts() --
2021-02-08 09:53:46 - prescribe6 - INFO - x dplyr::filter() masks stats::filter()
2021-02-08 09:53:46 - prescribe6 - INFO - x dplyr::lag()    masks stats::lag()
2021-02-08 09:57:42 - prescribe6 - INFO - Execution time prescribe6:  3.940391
2021-02-08 09:57:42 - prescribe6 - INFO - Successfully executed /Users/anto/github/coronasurveys/code/xprize/prescribe6/prescribe.py
2021-02-08 09:57:42 - prescribe6 - INFO - =========================================================================
2021-02-08 09:57:42 - prescribe6 - INFO - Duration: 0:03:59.272514 seconds
2021-02-08 09:57:42 - prescribe6 - INFO - =========================================================================
2021-02-08 11:40:31 - prescribe6 - INFO - 
2021-02-08 11:40:31 - prescribe6 - INFO - 
2021-02-08 11:40:31 - prescribe6 - INFO - =========================================================================
2021-02-08 11:40:31 - prescribe6 - INFO - Command: Rscript --vanilla prescribe.R 2021-02-08 2021-02-28 /Users/anto/github/coronasurveys/code/xprize/data/IPS-latest-full.csv /Users/anto/github/coronasurveys/code/xprize/data/fixed_equal_costs.csv /Users/anto/github/coronasurveys/code/xprize/prescribe6/prescribe6_output.csv /Users/anto/github/coronasurveys/code/xprize/prescribe6
2021-02-08 11:40:31 - prescribe6 - INFO - =========================================================================
2021-02-08 11:40:31 - prescribe6 - INFO - During startup - Warning messages:
2021-02-08 11:40:31 - prescribe6 - INFO - 1: Setting LC_CTYPE failed, using "C"
2021-02-08 11:40:31 - prescribe6 - INFO - 2: Setting LC_COLLATE failed, using "C"
2021-02-08 11:40:31 - prescribe6 - INFO - 3: Setting LC_TIME failed, using "C"
2021-02-08 11:40:31 - prescribe6 - INFO - 4: Setting LC_MESSAGES failed, using "C"
2021-02-08 11:40:31 - prescribe6 - INFO - 5: Setting LC_MONETARY failed, using "C"
2021-02-08 11:40:33 - prescribe6 - INFO - -- Attaching packages --------------------------------------- tidyverse 1.3.0 --
2021-02-08 11:40:33 - prescribe6 - INFO - v ggplot2 3.3.2     v purrr   0.3.4
2021-02-08 11:40:33 - prescribe6 - INFO - v tibble  3.0.4     v dplyr   1.0.2
2021-02-08 11:40:33 - prescribe6 - INFO - v tidyr   1.1.2     v stringr 1.4.0
2021-02-08 11:40:33 - prescribe6 - INFO - v readr   1.3.1     v forcats 0.5.0
2021-02-08 11:40:34 - prescribe6 - INFO - -- Conflicts ------------------------------------------ tidyverse_conflicts() --
2021-02-08 11:40:34 - prescribe6 - INFO - x dplyr::filter() masks stats::filter()
2021-02-08 11:40:34 - prescribe6 - INFO - x dplyr::lag()    masks stats::lag()
2021-02-08 11:44:24 - prescribe6 - INFO - Execution time prescribe6:  3.841703
2021-02-08 11:44:24 - prescribe6 - INFO - Successfully executed /Users/anto/github/coronasurveys/code/xprize/prescribe6/prescribe.py
2021-02-08 11:44:24 - prescribe6 - INFO - =========================================================================
2021-02-08 11:44:24 - prescribe6 - INFO - Duration: 0:03:53.074495 seconds
2021-02-08 11:44:24 - prescribe6 - INFO - =========================================================================
2021-02-08 11:47:09 - prescribe6 - INFO - 
2021-02-08 11:47:09 - prescribe6 - INFO - 
2021-02-08 11:47:09 - prescribe6 - INFO - =========================================================================
2021-02-08 11:47:09 - prescribe6 - INFO - Command: Rscript --vanilla prescribe.R 2021-02-08 2021-02-28 /Users/anto/github/coronasurveys/code/xprize/data/IPS-latest-full.csv /Users/anto/github/coronasurveys/code/xprize/data/uniform_random_costs.csv /Users/anto/github/coronasurveys/code/xprize/prescribe6/prescribe6_output.csv /Users/anto/github/coronasurveys/code/xprize/prescribe6
2021-02-08 11:47:09 - prescribe6 - INFO - =========================================================================
2021-02-08 11:47:09 - prescribe6 - INFO - During startup - Warning messages:
2021-02-08 11:47:09 - prescribe6 - INFO - 1: Setting LC_CTYPE failed, using "C"
2021-02-08 11:47:09 - prescribe6 - INFO - 2: Setting LC_COLLATE failed, using "C"
2021-02-08 11:47:09 - prescribe6 - INFO - 3: Setting LC_TIME failed, using "C"
2021-02-08 11:47:09 - prescribe6 - INFO - 4: Setting LC_MESSAGES failed, using "C"
2021-02-08 11:47:09 - prescribe6 - INFO - 5: Setting LC_MONETARY failed, using "C"
2021-02-08 11:47:12 - prescribe6 - INFO - -- Attaching packages --------------------------------------- tidyverse 1.3.0 --
2021-02-08 11:47:12 - prescribe6 - INFO - v ggplot2 3.3.2     v purrr   0.3.4
2021-02-08 11:47:12 - prescribe6 - INFO - v tibble  3.0.4     v dplyr   1.0.2
2021-02-08 11:47:12 - prescribe6 - INFO - v tidyr   1.1.2     v stringr 1.4.0
2021-02-08 11:47:12 - prescribe6 - INFO - v readr   1.3.1     v forcats 0.5.0
2021-02-08 11:47:12 - prescribe6 - INFO - -- Conflicts ------------------------------------------ tidyverse_conflicts() --
2021-02-08 11:47:12 - prescribe6 - INFO - x dplyr::filter() masks stats::filter()
2021-02-08 11:47:12 - prescribe6 - INFO - x dplyr::lag()    masks stats::lag()
2021-02-08 11:51:12 - prescribe6 - INFO - Execution time prescribe6:  4.009594
2021-02-08 11:51:12 - prescribe6 - INFO - Successfully executed /Users/anto/github/coronasurveys/code/xprize/prescribe6/prescribe.py
2021-02-08 11:51:12 - prescribe6 - INFO - =========================================================================
2021-02-08 11:51:12 - prescribe6 - INFO - Duration: 0:04:03.325417 seconds
2021-02-08 11:51:12 - prescribe6 - INFO - =========================================================================
